This file contains any messages produced by compilers while
running configure, to aid debugging if configure makes a mistake.

It was created by configure, which was
generated by GNU Autoconf 2.61.  Invocation command line was

  $ ./configure --target=arm-openwrt-linux --host=arm-openwrt-linux --build=i686-linux-gnu --program-prefix= --program-suffix= --prefix=/usr --exec-prefix=/usr --bindir=/usr/bin --sbindir=/usr/sbin --libexecdir=/usr/lib --sysconfdir=/etc --datadir=/usr/share --localstatedir=/var --mandir=/usr/man --infodir=/usr/info --disable-nls ac_cv_path_PPPD=/usr/sbin/pppd --enable-plugin=/home/igarashi/cortina/staging_dir/target-arm_uClibc-0.9.32_eabi/usr/include/

## --------- ##
## Platform. ##
## --------- ##

hostname = igarashi-VirtualBox
uname -m = i686
uname -r = 2.6.38-16-generic
uname -s = Linux
uname -v = #67-Ubuntu SMP Thu Sep 6 18:00:43 UTC 2012

/usr/bin/uname -p = unknown
/bin/uname -X     = unknown

/bin/arch              = unknown
/usr/bin/arch -k       = unknown
/usr/convex/getsysinfo = unknown
/usr/bin/hostinfo      = unknown
/bin/machine           = unknown
/usr/bin/oslevel       = unknown
/bin/universe          = unknown

PATH: /home/igarashi/cortina/staging_dir/target-arm_uClibc-0.9.32_eabi/host/bin
PATH: /home/igarashi/cortina/staging_dir/toolchain-arm_gcc-4.5.1+l_uClibc-0.9.32_eabi/bin
PATH: /home/igarashi/cortina/staging_dir/host/bin
PATH: /home/igarashi/cortina/staging_dir/toolchain-arm_gcc-4.5.1+l_uClibc-0.9.32_eabi/bin
PATH: /home/igarashi/cortina/staging_dir/host/bin
PATH: /home/igarashi/cortina/staging_dir/toolchain-arm_gcc-4.5.1+l_uClibc-0.9.32_eabi/bin
PATH: /home/igarashi/cortina/staging_dir/host/bin
PATH: /usr/local/sbin
PATH: /usr/local/bin
PATH: /usr/sbin
PATH: /usr/bin
PATH: /sbin
PATH: /bin
PATH: /usr/games


## ----------- ##
## Core tests. ##
## ----------- ##

configure:1607: loading site script /home/igarashi/cortina/include/site/arm-openwrt-linux-uclibcgnueabi
| #!/bin/sh
| 
| . $TOPDIR/include/site/arm-linux
| . $TOPDIR/include/site/linux-uclibc
| 
configure:1719: checking for arm-openwrt-linux-gcc
configure:1746: result: arm-openwrt-linux-uclibcgnueabi-gcc
configure:2024: checking for C compiler version
configure:2031: arm-openwrt-linux-uclibcgnueabi-gcc --version >&5
arm-openwrt-linux-uclibcgnueabi-gcc (GCC) 4.5.2 20101126 (Linaro) [release 4.5-2010.12-0]
Copyright (C) 2010 Free Software Foundation, Inc.
This is free software; see the source for copying conditions.  There is NO
warranty; not even for MERCHANTABILITY or FITNESS FOR A PARTICULAR PURPOSE.

configure:2034: $? = 0
configure:2041: arm-openwrt-linux-uclibcgnueabi-gcc -v >&5
Using built-in specs.
COLLECT_GCC=arm-openwrt-linux-uclibcgnueabi-gcc
COLLECT_LTO_WRAPPER=/home/igarashi/cortina/staging_dir/toolchain-arm_gcc-4.5.1+l_uClibc-0.9.32_eabi/libexec/gcc/arm-openwrt-linux-uclibcgnueabi/4.5.2/lto-wrapper
Target: arm-openwrt-linux-uclibcgnueabi
Configured with: /home/igarashi/cortina/build_dir/toolchain-arm_gcc-4.5.1+l_uClibc-0.9.32_eabi/gcc-linaro-4.5-2010.12-0/configure --prefix=/home/igarashi/cortina/staging_dir/toolchain-arm_gcc-4.5.1+l_uClibc-0.9.32_eabi --build=i686-linux-gnu --host=i686-linux-gnu --target=arm-openwrt-linux-uclibcgnueabi --with-gnu-ld --enable-target-optspace --disable-libgomp --disable-libmudflap --disable-multilib --disable-nls --with-gmp=/home/igarashi/cortina/staging_dir/host --with-mpfr=/home/igarashi/cortina/staging_dir/host --disable-decimal-float --with-gmp=/home/igarashi/cortina/staging_dir/host --with-mpc=/home/igarashi/cortina/staging_dir/host --with-mpfr=/home/igarashi/cortina/staging_dir/host --disable-decimal-float --disable-libssp --disable-__cxa_atexit --enable-languages=c,c++ --enable-shared --enable-threads --with-slibdir=/home/igarashi/cortina/staging_dir/toolchain-arm_gcc-4.5.1+l_uClibc-0.9.32_eabi/lib --enable-lto --with-libelf=/home/igarashi/cortina/staging_dir/host --enable-tls
Thread model: posix
gcc version 4.5.2 20101126 (Linaro) [release 4.5-2010.12-0] (GCC) 
configure:2044: $? = 0
configure:2051: arm-openwrt-linux-uclibcgnueabi-gcc -V >&5
arm-openwrt-linux-uclibcgnueabi-gcc: '-V' option must have argument
configure:2054: $? = 1
configure:2077: checking for C compiler default output file name
configure:2104: arm-openwrt-linux-uclibcgnueabi-gcc -O -pipe -march=armv7-a -mtune=cortex-a9 -funit-at-a-time -mfpu=neon -ftree-vectorize -mfloat-abi=softfp -fhonour-copts -I/home/igarashi/cortina/build_dir/target-arm_uClibc-0.9.32_eabi/rp-pppoe-3.10/src/libevent  -I/home/igarashi/cortina/staging_dir/target-arm_uClibc-0.9.32_eabi/usr/include -I/home/igarashi/cortina/staging_dir/target-arm_uClibc-0.9.32_eabi/include -I/home/igarashi/cortina/staging_dir/toolchain-arm_gcc-4.5.1+l_uClibc-0.9.32_eabi/usr/include -I/home/igarashi/cortina/staging_dir/toolchain-arm_gcc-4.5.1+l_uClibc-0.9.32_eabi/include  -L/home/igarashi/cortina/staging_dir/target-arm_uClibc-0.9.32_eabi/usr/lib -L/home/igarashi/cortina/staging_dir/target-arm_uClibc-0.9.32_eabi/lib -L/home/igarashi/cortina/staging_dir/toolchain-arm_gcc-4.5.1+l_uClibc-0.9.32_eabi/usr/lib -L/home/igarashi/cortina/staging_dir/toolchain-arm_gcc-4.5.1+l_uClibc-0.9.32_eabi/lib  conftest.c  >&5
configure:2107: $? = 0
configure:2145: result: a.out
configure:2162: checking whether the C compiler works
configure:2192: result: yes
configure:2199: checking whether we are cross compiling
configure:2201: result: yes
configure:2204: checking for suffix of executables
configure:2211: arm-openwrt-linux-uclibcgnueabi-gcc -o conftest -O -pipe -march=armv7-a -mtune=cortex-a9 -funit-at-a-time -mfpu=neon -ftree-vectorize -mfloat-abi=softfp -fhonour-copts -I/home/igarashi/cortina/build_dir/target-arm_uClibc-0.9.32_eabi/rp-pppoe-3.10/src/libevent  -I/home/igarashi/cortina/staging_dir/target-arm_uClibc-0.9.32_eabi/usr/include -I/home/igarashi/cortina/staging_dir/target-arm_uClibc-0.9.32_eabi/include -I/home/igarashi/cortina/staging_dir/toolchain-arm_gcc-4.5.1+l_uClibc-0.9.32_eabi/usr/include -I/home/igarashi/cortina/staging_dir/toolchain-arm_gcc-4.5.1+l_uClibc-0.9.32_eabi/include  -L/home/igarashi/cortina/staging_dir/target-arm_uClibc-0.9.32_eabi/usr/lib -L/home/igarashi/cortina/staging_dir/target-arm_uClibc-0.9.32_eabi/lib -L/home/igarashi/cortina/staging_dir/toolchain-arm_gcc-4.5.1+l_uClibc-0.9.32_eabi/usr/lib -L/home/igarashi/cortina/staging_dir/toolchain-arm_gcc-4.5.1+l_uClibc-0.9.32_eabi/lib  conftest.c  >&5
configure:2214: $? = 0
configure:2238: result: 
configure:2244: checking for suffix of object files
configure:2270: arm-openwrt-linux-uclibcgnueabi-gcc -c -O -pipe -march=armv7-a -mtune=cortex-a9 -funit-at-a-time -mfpu=neon -ftree-vectorize -mfloat-abi=softfp -fhonour-copts -I/home/igarashi/cortina/build_dir/target-arm_uClibc-0.9.32_eabi/rp-pppoe-3.10/src/libevent  -I/home/igarashi/cortina/staging_dir/target-arm_uClibc-0.9.32_eabi/usr/include -I/home/igarashi/cortina/staging_dir/target-arm_uClibc-0.9.32_eabi/include -I/home/igarashi/cortina/staging_dir/toolchain-arm_gcc-4.5.1+l_uClibc-0.9.32_eabi/usr/include -I/home/igarashi/cortina/staging_dir/toolchain-arm_gcc-4.5.1+l_uClibc-0.9.32_eabi/include  conftest.c >&5
configure:2273: $? = 0
configure:2296: result: o
configure:2300: checking whether we are using the GNU C compiler
configure:2329: arm-openwrt-linux-uclibcgnueabi-gcc -c -O -pipe -march=armv7-a -mtune=cortex-a9 -funit-at-a-time -mfpu=neon -ftree-vectorize -mfloat-abi=softfp -fhonour-copts -I/home/igarashi/cortina/build_dir/target-arm_uClibc-0.9.32_eabi/rp-pppoe-3.10/src/libevent  -I/home/igarashi/cortina/staging_dir/target-arm_uClibc-0.9.32_eabi/usr/include -I/home/igarashi/cortina/staging_dir/target-arm_uClibc-0.9.32_eabi/include -I/home/igarashi/cortina/staging_dir/toolchain-arm_gcc-4.5.1+l_uClibc-0.9.32_eabi/usr/include -I/home/igarashi/cortina/staging_dir/toolchain-arm_gcc-4.5.1+l_uClibc-0.9.32_eabi/include  conftest.c >&5
configure:2335: $? = 0
configure:2352: result: yes
configure:2357: checking whether arm-openwrt-linux-uclibcgnueabi-gcc accepts -g
configure:2387: arm-openwrt-linux-uclibcgnueabi-gcc -c -g -I/home/igarashi/cortina/staging_dir/target-arm_uClibc-0.9.32_eabi/usr/include -I/home/igarashi/cortina/staging_dir/target-arm_uClibc-0.9.32_eabi/include -I/home/igarashi/cortina/staging_dir/toolchain-arm_gcc-4.5.1+l_uClibc-0.9.32_eabi/usr/include -I/home/igarashi/cortina/staging_dir/toolchain-arm_gcc-4.5.1+l_uClibc-0.9.32_eabi/include  conftest.c >&5
cc1: note: someone does not honour COPTS correctly, passed 0 times
configure:2393: $? = 0
configure: failed program was:
| /* confdefs.h.  */
| #define PACKAGE_NAME ""
| #define PACKAGE_TARNAME ""
| #define PACKAGE_VERSION ""
| #define PACKAGE_STRING ""
| #define PACKAGE_BUGREPORT ""
| /* end confdefs.h.  */
| 
| int
| main ()
| {
| 
|   ;
|   return 0;
| }
configure:2425: arm-openwrt-linux-uclibcgnueabi-gcc -c  -I/home/igarashi/cortina/staging_dir/target-arm_uClibc-0.9.32_eabi/usr/include -I/home/igarashi/cortina/staging_dir/target-arm_uClibc-0.9.32_eabi/include -I/home/igarashi/cortina/staging_dir/toolchain-arm_gcc-4.5.1+l_uClibc-0.9.32_eabi/usr/include -I/home/igarashi/cortina/staging_dir/toolchain-arm_gcc-4.5.1+l_uClibc-0.9.32_eabi/include  conftest.c >&5
cc1: note: someone does not honour COPTS correctly, passed 0 times
configure:2431: $? = 0
configure: failed program was:
| /* confdefs.h.  */
| #define PACKAGE_NAME ""
| #define PACKAGE_TARNAME ""
| #define PACKAGE_VERSION ""
| #define PACKAGE_STRING ""
| #define PACKAGE_BUGREPORT ""
| /* end confdefs.h.  */
| 
| int
| main ()
| {
| 
|   ;
|   return 0;
| }
configure:2464: arm-openwrt-linux-uclibcgnueabi-gcc -c -g -I/home/igarashi/cortina/staging_dir/target-arm_uClibc-0.9.32_eabi/usr/include -I/home/igarashi/cortina/staging_dir/target-arm_uClibc-0.9.32_eabi/include -I/home/igarashi/cortina/staging_dir/toolchain-arm_gcc-4.5.1+l_uClibc-0.9.32_eabi/usr/include -I/home/igarashi/cortina/staging_dir/toolchain-arm_gcc-4.5.1+l_uClibc-0.9.32_eabi/include  conftest.c >&5
cc1: note: someone does not honour COPTS correctly, passed 0 times
configure:2470: $? = 0
configure:2492: result: yes
configure:2509: checking for arm-openwrt-linux-uclibcgnueabi-gcc option to accept ISO C89
configure:2583: arm-openwrt-linux-uclibcgnueabi-gcc  -c -O -pipe -march=armv7-a -mtune=cortex-a9 -funit-at-a-time -mfpu=neon -ftree-vectorize -mfloat-abi=softfp -fhonour-copts -I/home/igarashi/cortina/build_dir/target-arm_uClibc-0.9.32_eabi/rp-pppoe-3.10/src/libevent  -I/home/igarashi/cortina/staging_dir/target-arm_uClibc-0.9.32_eabi/usr/include -I/home/igarashi/cortina/staging_dir/target-arm_uClibc-0.9.32_eabi/include -I/home/igarashi/cortina/staging_dir/toolchain-arm_gcc-4.5.1+l_uClibc-0.9.32_eabi/usr/include -I/home/igarashi/cortina/staging_dir/toolchain-arm_gcc-4.5.1+l_uClibc-0.9.32_eabi/include  conftest.c >&5
configure:2589: $? = 0
configure:2612: result: none needed
configure:2633: checking for arm-openwrt-linux-ranlib
configure:2660: result: arm-openwrt-linux-uclibcgnueabi-ranlib
configure:2734: checking how to run the C preprocessor
configure:2774: arm-openwrt-linux-uclibcgnueabi-gcc -E -I/home/igarashi/cortina/staging_dir/target-arm_uClibc-0.9.32_eabi/usr/include -I/home/igarashi/cortina/staging_dir/target-arm_uClibc-0.9.32_eabi/include -I/home/igarashi/cortina/staging_dir/toolchain-arm_gcc-4.5.1+l_uClibc-0.9.32_eabi/usr/include -I/home/igarashi/cortina/staging_dir/toolchain-arm_gcc-4.5.1+l_uClibc-0.9.32_eabi/include  conftest.c
configure:2780: $? = 0
configure:2811: arm-openwrt-linux-uclibcgnueabi-gcc -E -I/home/igarashi/cortina/staging_dir/target-arm_uClibc-0.9.32_eabi/usr/include -I/home/igarashi/cortina/staging_dir/target-arm_uClibc-0.9.32_eabi/include -I/home/igarashi/cortina/staging_dir/toolchain-arm_gcc-4.5.1+l_uClibc-0.9.32_eabi/usr/include -I/home/igarashi/cortina/staging_dir/toolchain-arm_gcc-4.5.1+l_uClibc-0.9.32_eabi/include  conftest.c
conftest.c:8:28: fatal error: ac_nonexistent.h: No such file or directory
compilation terminated.
configure:2817: $? = 1
configure: failed program was:
| /* confdefs.h.  */
| #define PACKAGE_NAME ""
| #define PACKAGE_TARNAME ""
| #define PACKAGE_VERSION ""
| #define PACKAGE_STRING ""
| #define PACKAGE_BUGREPORT ""
| /* end confdefs.h.  */
| #include <ac_nonexistent.h>
configure:2850: result: arm-openwrt-linux-uclibcgnueabi-gcc -E
configure:2879: arm-openwrt-linux-uclibcgnueabi-gcc -E -I/home/igarashi/cortina/staging_dir/target-arm_uClibc-0.9.32_eabi/usr/include -I/home/igarashi/cortina/staging_dir/target-arm_uClibc-0.9.32_eabi/include -I/home/igarashi/cortina/staging_dir/toolchain-arm_gcc-4.5.1+l_uClibc-0.9.32_eabi/usr/include -I/home/igarashi/cortina/staging_dir/toolchain-arm_gcc-4.5.1+l_uClibc-0.9.32_eabi/include  conftest.c
configure:2885: $? = 0
configure:2916: arm-openwrt-linux-uclibcgnueabi-gcc -E -I/home/igarashi/cortina/staging_dir/target-arm_uClibc-0.9.32_eabi/usr/include -I/home/igarashi/cortina/staging_dir/target-arm_uClibc-0.9.32_eabi/include -I/home/igarashi/cortina/staging_dir/toolchain-arm_gcc-4.5.1+l_uClibc-0.9.32_eabi/usr/include -I/home/igarashi/cortina/staging_dir/toolchain-arm_gcc-4.5.1+l_uClibc-0.9.32_eabi/include  conftest.c
conftest.c:8:28: fatal error: ac_nonexistent.h: No such file or directory
compilation terminated.
configure:2922: $? = 1
configure: failed program was:
| /* confdefs.h.  */
| #define PACKAGE_NAME ""
| #define PACKAGE_TARNAME ""
| #define PACKAGE_VERSION ""
| #define PACKAGE_STRING ""
| #define PACKAGE_BUGREPORT ""
| /* end confdefs.h.  */
| #include <ac_nonexistent.h>
configure:2960: checking for grep that handles long lines and -e
configure:3034: result: /bin/grep
configure:3039: checking for egrep
configure:3117: result: /bin/grep -E
configure:3122: checking for ANSI C header files
configure:3152: arm-openwrt-linux-uclibcgnueabi-gcc -c -O -pipe -march=armv7-a -mtune=cortex-a9 -funit-at-a-time -mfpu=neon -ftree-vectorize -mfloat-abi=softfp -fhonour-copts -I/home/igarashi/cortina/build_dir/target-arm_uClibc-0.9.32_eabi/rp-pppoe-3.10/src/libevent  -I/home/igarashi/cortina/staging_dir/target-arm_uClibc-0.9.32_eabi/usr/include -I/home/igarashi/cortina/staging_dir/target-arm_uClibc-0.9.32_eabi/include -I/home/igarashi/cortina/staging_dir/toolchain-arm_gcc-4.5.1+l_uClibc-0.9.32_eabi/usr/include -I/home/igarashi/cortina/staging_dir/toolchain-arm_gcc-4.5.1+l_uClibc-0.9.32_eabi/include  conftest.c >&5
configure:3158: $? = 0
configure:3286: result: yes
configure:3296: checking for sys/wait.h that is POSIX.1 compatible
configure:3332: arm-openwrt-linux-uclibcgnueabi-gcc -c -O -pipe -march=armv7-a -mtune=cortex-a9 -funit-at-a-time -mfpu=neon -ftree-vectorize -mfloat-abi=softfp -fhonour-copts -I/home/igarashi/cortina/build_dir/target-arm_uClibc-0.9.32_eabi/rp-pppoe-3.10/src/libevent  -I/home/igarashi/cortina/staging_dir/target-arm_uClibc-0.9.32_eabi/usr/include -I/home/igarashi/cortina/staging_dir/target-arm_uClibc-0.9.32_eabi/include -I/home/igarashi/cortina/staging_dir/toolchain-arm_gcc-4.5.1+l_uClibc-0.9.32_eabi/usr/include -I/home/igarashi/cortina/staging_dir/toolchain-arm_gcc-4.5.1+l_uClibc-0.9.32_eabi/include  conftest.c >&5
configure:3338: $? = 0
configure:3353: result: yes
configure:3377: checking for sys/types.h
configure:3398: arm-openwrt-linux-uclibcgnueabi-gcc -c -O -pipe -march=armv7-a -mtune=cortex-a9 -funit-at-a-time -mfpu=neon -ftree-vectorize -mfloat-abi=softfp -fhonour-copts -I/home/igarashi/cortina/build_dir/target-arm_uClibc-0.9.32_eabi/rp-pppoe-3.10/src/libevent  -I/home/igarashi/cortina/staging_dir/target-arm_uClibc-0.9.32_eabi/usr/include -I/home/igarashi/cortina/staging_dir/target-arm_uClibc-0.9.32_eabi/include -I/home/igarashi/cortina/staging_dir/toolchain-arm_gcc-4.5.1+l_uClibc-0.9.32_eabi/usr/include -I/home/igarashi/cortina/staging_dir/toolchain-arm_gcc-4.5.1+l_uClibc-0.9.32_eabi/include  conftest.c >&5
configure:3404: $? = 0
configure:3420: result: yes
configure:3377: checking for sys/stat.h
configure:3398: arm-openwrt-linux-uclibcgnueabi-gcc -c -O -pipe -march=armv7-a -mtune=cortex-a9 -funit-at-a-time -mfpu=neon -ftree-vectorize -mfloat-abi=softfp -fhonour-copts -I/home/igarashi/cortina/build_dir/target-arm_uClibc-0.9.32_eabi/rp-pppoe-3.10/src/libevent  -I/home/igarashi/cortina/staging_dir/target-arm_uClibc-0.9.32_eabi/usr/include -I/home/igarashi/cortina/staging_dir/target-arm_uClibc-0.9.32_eabi/include -I/home/igarashi/cortina/staging_dir/toolchain-arm_gcc-4.5.1+l_uClibc-0.9.32_eabi/usr/include -I/home/igarashi/cortina/staging_dir/toolchain-arm_gcc-4.5.1+l_uClibc-0.9.32_eabi/include  conftest.c >&5
configure:3404: $? = 0
configure:3420: result: yes
configure:3377: checking for stdlib.h
configure:3398: arm-openwrt-linux-uclibcgnueabi-gcc -c -O -pipe -march=armv7-a -mtune=cortex-a9 -funit-at-a-time -mfpu=neon -ftree-vectorize -mfloat-abi=softfp -fhonour-copts -I/home/igarashi/cortina/build_dir/target-arm_uClibc-0.9.32_eabi/rp-pppoe-3.10/src/libevent  -I/home/igarashi/cortina/staging_dir/target-arm_uClibc-0.9.32_eabi/usr/include -I/home/igarashi/cortina/staging_dir/target-arm_uClibc-0.9.32_eabi/include -I/home/igarashi/cortina/staging_dir/toolchain-arm_gcc-4.5.1+l_uClibc-0.9.32_eabi/usr/include -I/home/igarashi/cortina/staging_dir/toolchain-arm_gcc-4.5.1+l_uClibc-0.9.32_eabi/include  conftest.c >&5
configure:3404: $? = 0
configure:3420: result: yes
configure:3377: checking for string.h
configure:3398: arm-openwrt-linux-uclibcgnueabi-gcc -c -O -pipe -march=armv7-a -mtune=cortex-a9 -funit-at-a-time -mfpu=neon -ftree-vectorize -mfloat-abi=softfp -fhonour-copts -I/home/igarashi/cortina/build_dir/target-arm_uClibc-0.9.32_eabi/rp-pppoe-3.10/src/libevent  -I/home/igarashi/cortina/staging_dir/target-arm_uClibc-0.9.32_eabi/usr/include -I/home/igarashi/cortina/staging_dir/target-arm_uClibc-0.9.32_eabi/include -I/home/igarashi/cortina/staging_dir/toolchain-arm_gcc-4.5.1+l_uClibc-0.9.32_eabi/usr/include -I/home/igarashi/cortina/staging_dir/toolchain-arm_gcc-4.5.1+l_uClibc-0.9.32_eabi/include  conftest.c >&5
configure:3404: $? = 0
configure:3420: result: yes
configure:3377: checking for memory.h
configure:3398: arm-openwrt-linux-uclibcgnueabi-gcc -c -O -pipe -march=armv7-a -mtune=cortex-a9 -funit-at-a-time -mfpu=neon -ftree-vectorize -mfloat-abi=softfp -fhonour-copts -I/home/igarashi/cortina/build_dir/target-arm_uClibc-0.9.32_eabi/rp-pppoe-3.10/src/libevent  -I/home/igarashi/cortina/staging_dir/target-arm_uClibc-0.9.32_eabi/usr/include -I/home/igarashi/cortina/staging_dir/target-arm_uClibc-0.9.32_eabi/include -I/home/igarashi/cortina/staging_dir/toolchain-arm_gcc-4.5.1+l_uClibc-0.9.32_eabi/usr/include -I/home/igarashi/cortina/staging_dir/toolchain-arm_gcc-4.5.1+l_uClibc-0.9.32_eabi/include  conftest.c >&5
configure:3404: $? = 0
configure:3420: result: yes
configure:3377: checking for strings.h
configure:3398: arm-openwrt-linux-uclibcgnueabi-gcc -c -O -pipe -march=armv7-a -mtune=cortex-a9 -funit-at-a-time -mfpu=neon -ftree-vectorize -mfloat-abi=softfp -fhonour-copts -I/home/igarashi/cortina/build_dir/target-arm_uClibc-0.9.32_eabi/rp-pppoe-3.10/src/libevent  -I/home/igarashi/cortina/staging_dir/target-arm_uClibc-0.9.32_eabi/usr/include -I/home/igarashi/cortina/staging_dir/target-arm_uClibc-0.9.32_eabi/include -I/home/igarashi/cortina/staging_dir/toolchain-arm_gcc-4.5.1+l_uClibc-0.9.32_eabi/usr/include -I/home/igarashi/cortina/staging_dir/toolchain-arm_gcc-4.5.1+l_uClibc-0.9.32_eabi/include  conftest.c >&5
configure:3404: $? = 0
configure:3420: result: yes
configure:3377: checking for inttypes.h
configure:3398: arm-openwrt-linux-uclibcgnueabi-gcc -c -O -pipe -march=armv7-a -mtune=cortex-a9 -funit-at-a-time -mfpu=neon -ftree-vectorize -mfloat-abi=softfp -fhonour-copts -I/home/igarashi/cortina/build_dir/target-arm_uClibc-0.9.32_eabi/rp-pppoe-3.10/src/libevent  -I/home/igarashi/cortina/staging_dir/target-arm_uClibc-0.9.32_eabi/usr/include -I/home/igarashi/cortina/staging_dir/target-arm_uClibc-0.9.32_eabi/include -I/home/igarashi/cortina/staging_dir/toolchain-arm_gcc-4.5.1+l_uClibc-0.9.32_eabi/usr/include -I/home/igarashi/cortina/staging_dir/toolchain-arm_gcc-4.5.1+l_uClibc-0.9.32_eabi/include  conftest.c >&5
configure:3404: $? = 0
configure:3420: result: yes
configure:3377: checking for stdint.h
configure:3398: arm-openwrt-linux-uclibcgnueabi-gcc -c -O -pipe -march=armv7-a -mtune=cortex-a9 -funit-at-a-time -mfpu=neon -ftree-vectorize -mfloat-abi=softfp -fhonour-copts -I/home/igarashi/cortina/build_dir/target-arm_uClibc-0.9.32_eabi/rp-pppoe-3.10/src/libevent  -I/home/igarashi/cortina/staging_dir/target-arm_uClibc-0.9.32_eabi/usr/include -I/home/igarashi/cortina/staging_dir/target-arm_uClibc-0.9.32_eabi/include -I/home/igarashi/cortina/staging_dir/toolchain-arm_gcc-4.5.1+l_uClibc-0.9.32_eabi/usr/include -I/home/igarashi/cortina/staging_dir/toolchain-arm_gcc-4.5.1+l_uClibc-0.9.32_eabi/include  conftest.c >&5
configure:3404: $? = 0
configure:3420: result: yes
configure:3377: checking for unistd.h
configure:3398: arm-openwrt-linux-uclibcgnueabi-gcc -c -O -pipe -march=armv7-a -mtune=cortex-a9 -funit-at-a-time -mfpu=neon -ftree-vectorize -mfloat-abi=softfp -fhonour-copts -I/home/igarashi/cortina/build_dir/target-arm_uClibc-0.9.32_eabi/rp-pppoe-3.10/src/libevent  -I/home/igarashi/cortina/staging_dir/target-arm_uClibc-0.9.32_eabi/usr/include -I/home/igarashi/cortina/staging_dir/target-arm_uClibc-0.9.32_eabi/include -I/home/igarashi/cortina/staging_dir/toolchain-arm_gcc-4.5.1+l_uClibc-0.9.32_eabi/usr/include -I/home/igarashi/cortina/staging_dir/toolchain-arm_gcc-4.5.1+l_uClibc-0.9.32_eabi/include  conftest.c >&5
configure:3404: $? = 0
configure:3420: result: yes
configure:3473: checking fcntl.h usability
configure:3490: arm-openwrt-linux-uclibcgnueabi-gcc -c -O -pipe -march=armv7-a -mtune=cortex-a9 -funit-at-a-time -mfpu=neon -ftree-vectorize -mfloat-abi=softfp -fhonour-copts -I/home/igarashi/cortina/build_dir/target-arm_uClibc-0.9.32_eabi/rp-pppoe-3.10/src/libevent  -I/home/igarashi/cortina/staging_dir/target-arm_uClibc-0.9.32_eabi/usr/include -I/home/igarashi/cortina/staging_dir/target-arm_uClibc-0.9.32_eabi/include -I/home/igarashi/cortina/staging_dir/toolchain-arm_gcc-4.5.1+l_uClibc-0.9.32_eabi/usr/include -I/home/igarashi/cortina/staging_dir/toolchain-arm_gcc-4.5.1+l_uClibc-0.9.32_eabi/include  conftest.c >&5
configure:3496: $? = 0
configure:3510: result: yes
configure:3514: checking fcntl.h presence
configure:3529: arm-openwrt-linux-uclibcgnueabi-gcc -E -I/home/igarashi/cortina/staging_dir/target-arm_uClibc-0.9.32_eabi/usr/include -I/home/igarashi/cortina/staging_dir/target-arm_uClibc-0.9.32_eabi/include -I/home/igarashi/cortina/staging_dir/toolchain-arm_gcc-4.5.1+l_uClibc-0.9.32_eabi/usr/include -I/home/igarashi/cortina/staging_dir/toolchain-arm_gcc-4.5.1+l_uClibc-0.9.32_eabi/include  conftest.c
configure:3535: $? = 0
configure:3549: result: yes
configure:3577: checking for fcntl.h
configure:3585: result: yes
configure:3473: checking sys/dlpi.h usability
configure:3490: arm-openwrt-linux-uclibcgnueabi-gcc -c -O -pipe -march=armv7-a -mtune=cortex-a9 -funit-at-a-time -mfpu=neon -ftree-vectorize -mfloat-abi=softfp -fhonour-copts -I/home/igarashi/cortina/build_dir/target-arm_uClibc-0.9.32_eabi/rp-pppoe-3.10/src/libevent  -I/home/igarashi/cortina/staging_dir/target-arm_uClibc-0.9.32_eabi/usr/include -I/home/igarashi/cortina/staging_dir/target-arm_uClibc-0.9.32_eabi/include -I/home/igarashi/cortina/staging_dir/toolchain-arm_gcc-4.5.1+l_uClibc-0.9.32_eabi/usr/include -I/home/igarashi/cortina/staging_dir/toolchain-arm_gcc-4.5.1+l_uClibc-0.9.32_eabi/include  conftest.c >&5
conftest.c:53:22: fatal error: sys/dlpi.h: No such file or directory
compilation terminated.
configure:3496: $? = 1
configure: failed program was:
| /* confdefs.h.  */
| #define PACKAGE_NAME ""
| #define PACKAGE_TARNAME ""
| #define PACKAGE_VERSION ""
| #define PACKAGE_STRING ""
| #define PACKAGE_BUGREPORT ""
| #define STDC_HEADERS 1
| #define HAVE_SYS_WAIT_H 1
| #define HAVE_SYS_TYPES_H 1
| #define HAVE_SYS_STAT_H 1
| #define HAVE_STDLIB_H 1
| #define HAVE_STRING_H 1
| #define HAVE_MEMORY_H 1
| #define HAVE_STRINGS_H 1
| #define HAVE_INTTYPES_H 1
| #define HAVE_STDINT_H 1
| #define HAVE_UNISTD_H 1
| #define HAVE_FCNTL_H 1
| /* end confdefs.h.  */
| #include <stdio.h>
| #ifdef HAVE_SYS_TYPES_H
| # include <sys/types.h>
| #endif
| #ifdef HAVE_SYS_STAT_H
| # include <sys/stat.h>
| #endif
| #ifdef STDC_HEADERS
| # include <stdlib.h>
| # include <stddef.h>
| #else
| # ifdef HAVE_STDLIB_H
| #  include <stdlib.h>
| # endif
| #endif
| #ifdef HAVE_STRING_H
| # if !defined STDC_HEADERS && defined HAVE_MEMORY_H
| #  include <memory.h>
| # endif
| # include <string.h>
| #endif
| #ifdef HAVE_STRINGS_H
| # include <strings.h>
| #endif
| #ifdef HAVE_INTTYPES_H
| # include <inttypes.h>
| #endif
| #ifdef HAVE_STDINT_H
| # include <stdint.h>
| #endif
| #ifdef HAVE_UNISTD_H
| # include <unistd.h>
| #endif
| #include <sys/dlpi.h>
configure:3510: result: no
configure:3514: checking sys/dlpi.h presence
configure:3529: arm-openwrt-linux-uclibcgnueabi-gcc -E -I/home/igarashi/cortina/staging_dir/target-arm_uClibc-0.9.32_eabi/usr/include -I/home/igarashi/cortina/staging_dir/target-arm_uClibc-0.9.32_eabi/include -I/home/igarashi/cortina/staging_dir/toolchain-arm_gcc-4.5.1+l_uClibc-0.9.32_eabi/usr/include -I/home/igarashi/cortina/staging_dir/toolchain-arm_gcc-4.5.1+l_uClibc-0.9.32_eabi/include  conftest.c
conftest.c:20:22: fatal error: sys/dlpi.h: No such file or directory
compilation terminated.
configure:3535: $? = 1
configure: failed program was:
| /* confdefs.h.  */
| #define PACKAGE_NAME ""
| #define PACKAGE_TARNAME ""
| #define PACKAGE_VERSION ""
| #define PACKAGE_STRING ""
| #define PACKAGE_BUGREPORT ""
| #define STDC_HEADERS 1
| #define HAVE_SYS_WAIT_H 1
| #define HAVE_SYS_TYPES_H 1
| #define HAVE_SYS_STAT_H 1
| #define HAVE_STDLIB_H 1
| #define HAVE_STRING_H 1
| #define HAVE_MEMORY_H 1
| #define HAVE_STRINGS_H 1
| #define HAVE_INTTYPES_H 1
| #define HAVE_STDINT_H 1
| #define HAVE_UNISTD_H 1
| #define HAVE_FCNTL_H 1
| /* end confdefs.h.  */
| #include <sys/dlpi.h>
configure:3549: result: no
configure:3577: checking for sys/dlpi.h
configure:3585: result: no
configure:3473: checking sys/ioctl.h usability
configure:3490: arm-openwrt-linux-uclibcgnueabi-gcc -c -O -pipe -march=armv7-a -mtune=cortex-a9 -funit-at-a-time -mfpu=neon -ftree-vectorize -mfloat-abi=softfp -fhonour-copts -I/home/igarashi/cortina/build_dir/target-arm_uClibc-0.9.32_eabi/rp-pppoe-3.10/src/libevent  -I/home/igarashi/cortina/staging_dir/target-arm_uClibc-0.9.32_eabi/usr/include -I/home/igarashi/cortina/staging_dir/target-arm_uClibc-0.9.32_eabi/include -I/home/igarashi/cortina/staging_dir/toolchain-arm_gcc-4.5.1+l_uClibc-0.9.32_eabi/usr/include -I/home/igarashi/cortina/staging_dir/toolchain-arm_gcc-4.5.1+l_uClibc-0.9.32_eabi/include  conftest.c >&5
configure:3496: $? = 0
configure:3510: result: yes
configure:3514: checking sys/ioctl.h presence
configure:3529: arm-openwrt-linux-uclibcgnueabi-gcc -E -I/home/igarashi/cortina/staging_dir/target-arm_uClibc-0.9.32_eabi/usr/include -I/home/igarashi/cortina/staging_dir/target-arm_uClibc-0.9.32_eabi/include -I/home/igarashi/cortina/staging_dir/toolchain-arm_gcc-4.5.1+l_uClibc-0.9.32_eabi/usr/include -I/home/igarashi/cortina/staging_dir/toolchain-arm_gcc-4.5.1+l_uClibc-0.9.32_eabi/include  conftest.c
configure:3535: $? = 0
configure:3549: result: yes
configure:3577: checking for sys/ioctl.h
configure:3585: result: yes
configure:3473: checking sys/time.h usability
configure:3490: arm-openwrt-linux-uclibcgnueabi-gcc -c -O -pipe -march=armv7-a -mtune=cortex-a9 -funit-at-a-time -mfpu=neon -ftree-vectorize -mfloat-abi=softfp -fhonour-copts -I/home/igarashi/cortina/build_dir/target-arm_uClibc-0.9.32_eabi/rp-pppoe-3.10/src/libevent  -I/home/igarashi/cortina/staging_dir/target-arm_uClibc-0.9.32_eabi/usr/include -I/home/igarashi/cortina/staging_dir/target-arm_uClibc-0.9.32_eabi/include -I/home/igarashi/cortina/staging_dir/toolchain-arm_gcc-4.5.1+l_uClibc-0.9.32_eabi/usr/include -I/home/igarashi/cortina/staging_dir/toolchain-arm_gcc-4.5.1+l_uClibc-0.9.32_eabi/include  conftest.c >&5
configure:3496: $? = 0
configure:3510: result: yes
configure:3514: checking sys/time.h presence
configure:3529: arm-openwrt-linux-uclibcgnueabi-gcc -E -I/home/igarashi/cortina/staging_dir/target-arm_uClibc-0.9.32_eabi/usr/include -I/home/igarashi/cortina/staging_dir/target-arm_uClibc-0.9.32_eabi/include -I/home/igarashi/cortina/staging_dir/toolchain-arm_gcc-4.5.1+l_uClibc-0.9.32_eabi/usr/include -I/home/igarashi/cortina/staging_dir/toolchain-arm_gcc-4.5.1+l_uClibc-0.9.32_eabi/include  conftest.c
configure:3535: $? = 0
configure:3549: result: yes
configure:3577: checking for sys/time.h
configure:3585: result: yes
configure:3473: checking syslog.h usability
configure:3490: arm-openwrt-linux-uclibcgnueabi-gcc -c -O -pipe -march=armv7-a -mtune=cortex-a9 -funit-at-a-time -mfpu=neon -ftree-vectorize -mfloat-abi=softfp -fhonour-copts -I/home/igarashi/cortina/build_dir/target-arm_uClibc-0.9.32_eabi/rp-pppoe-3.10/src/libevent  -I/home/igarashi/cortina/staging_dir/target-arm_uClibc-0.9.32_eabi/usr/include -I/home/igarashi/cortina/staging_dir/target-arm_uClibc-0.9.32_eabi/include -I/home/igarashi/cortina/staging_dir/toolchain-arm_gcc-4.5.1+l_uClibc-0.9.32_eabi/usr/include -I/home/igarashi/cortina/staging_dir/toolchain-arm_gcc-4.5.1+l_uClibc-0.9.32_eabi/include  conftest.c >&5
configure:3496: $? = 0
configure:3510: result: yes
configure:3514: checking syslog.h presence
configure:3529: arm-openwrt-linux-uclibcgnueabi-gcc -E -I/home/igarashi/cortina/staging_dir/target-arm_uClibc-0.9.32_eabi/usr/include -I/home/igarashi/cortina/staging_dir/target-arm_uClibc-0.9.32_eabi/include -I/home/igarashi/cortina/staging_dir/toolchain-arm_gcc-4.5.1+l_uClibc-0.9.32_eabi/usr/include -I/home/igarashi/cortina/staging_dir/toolchain-arm_gcc-4.5.1+l_uClibc-0.9.32_eabi/include  conftest.c
configure:3535: $? = 0
configure:3549: result: yes
configure:3577: checking for syslog.h
configure:3585: result: yes
configure:3463: checking for unistd.h
configure:3469: result: yes
configure:3473: checking net/if_arp.h usability
configure:3490: arm-openwrt-linux-uclibcgnueabi-gcc -c -O -pipe -march=armv7-a -mtune=cortex-a9 -funit-at-a-time -mfpu=neon -ftree-vectorize -mfloat-abi=softfp -fhonour-copts -I/home/igarashi/cortina/build_dir/target-arm_uClibc-0.9.32_eabi/rp-pppoe-3.10/src/libevent  -I/home/igarashi/cortina/staging_dir/target-arm_uClibc-0.9.32_eabi/usr/include -I/home/igarashi/cortina/staging_dir/target-arm_uClibc-0.9.32_eabi/include -I/home/igarashi/cortina/staging_dir/toolchain-arm_gcc-4.5.1+l_uClibc-0.9.32_eabi/usr/include -I/home/igarashi/cortina/staging_dir/toolchain-arm_gcc-4.5.1+l_uClibc-0.9.32_eabi/include  conftest.c >&5
configure:3496: $? = 0
configure:3510: result: yes
configure:3514: checking net/if_arp.h presence
configure:3529: arm-openwrt-linux-uclibcgnueabi-gcc -E -I/home/igarashi/cortina/staging_dir/target-arm_uClibc-0.9.32_eabi/usr/include -I/home/igarashi/cortina/staging_dir/target-arm_uClibc-0.9.32_eabi/include -I/home/igarashi/cortina/staging_dir/toolchain-arm_gcc-4.5.1+l_uClibc-0.9.32_eabi/usr/include -I/home/igarashi/cortina/staging_dir/toolchain-arm_gcc-4.5.1+l_uClibc-0.9.32_eabi/include  conftest.c
configure:3535: $? = 0
configure:3549: result: yes
configure:3577: checking for net/if_arp.h
configure:3585: result: yes
configure:3473: checking netinet/if_ether.h usability
configure:3490: arm-openwrt-linux-uclibcgnueabi-gcc -c -O -pipe -march=armv7-a -mtune=cortex-a9 -funit-at-a-time -mfpu=neon -ftree-vectorize -mfloat-abi=softfp -fhonour-copts -I/home/igarashi/cortina/build_dir/target-arm_uClibc-0.9.32_eabi/rp-pppoe-3.10/src/libevent  -I/home/igarashi/cortina/staging_dir/target-arm_uClibc-0.9.32_eabi/usr/include -I/home/igarashi/cortina/staging_dir/target-arm_uClibc-0.9.32_eabi/include -I/home/igarashi/cortina/staging_dir/toolchain-arm_gcc-4.5.1+l_uClibc-0.9.32_eabi/usr/include -I/home/igarashi/cortina/staging_dir/toolchain-arm_gcc-4.5.1+l_uClibc-0.9.32_eabi/include  conftest.c >&5
configure:3496: $? = 0
configure:3510: result: yes
configure:3514: checking netinet/if_ether.h presence
configure:3529: arm-openwrt-linux-uclibcgnueabi-gcc -E -I/home/igarashi/cortina/staging_dir/target-arm_uClibc-0.9.32_eabi/usr/include -I/home/igarashi/cortina/staging_dir/target-arm_uClibc-0.9.32_eabi/include -I/home/igarashi/cortina/staging_dir/toolchain-arm_gcc-4.5.1+l_uClibc-0.9.32_eabi/usr/include -I/home/igarashi/cortina/staging_dir/toolchain-arm_gcc-4.5.1+l_uClibc-0.9.32_eabi/include  conftest.c
configure:3535: $? = 0
configure:3549: result: yes
configure:3577: checking for netinet/if_ether.h
configure:3585: result: yes
configure:3473: checking getopt.h usability
configure:3490: arm-openwrt-linux-uclibcgnueabi-gcc -c -O -pipe -march=armv7-a -mtune=cortex-a9 -funit-at-a-time -mfpu=neon -ftree-vectorize -mfloat-abi=softfp -fhonour-copts -I/home/igarashi/cortina/build_dir/target-arm_uClibc-0.9.32_eabi/rp-pppoe-3.10/src/libevent  -I/home/igarashi/cortina/staging_dir/target-arm_uClibc-0.9.32_eabi/usr/include -I/home/igarashi/cortina/staging_dir/target-arm_uClibc-0.9.32_eabi/include -I/home/igarashi/cortina/staging_dir/toolchain-arm_gcc-4.5.1+l_uClibc-0.9.32_eabi/usr/include -I/home/igarashi/cortina/staging_dir/toolchain-arm_gcc-4.5.1+l_uClibc-0.9.32_eabi/include  conftest.c >&5
configure:3496: $? = 0
configure:3510: result: yes
configure:3514: checking getopt.h presence
configure:3529: arm-openwrt-linux-uclibcgnueabi-gcc -E -I/home/igarashi/cortina/staging_dir/target-arm_uClibc-0.9.32_eabi/usr/include -I/home/igarashi/cortina/staging_dir/target-arm_uClibc-0.9.32_eabi/include -I/home/igarashi/cortina/staging_dir/toolchain-arm_gcc-4.5.1+l_uClibc-0.9.32_eabi/usr/include -I/home/igarashi/cortina/staging_dir/toolchain-arm_gcc-4.5.1+l_uClibc-0.9.32_eabi/include  conftest.c
configure:3535: $? = 0
configure:3549: result: yes
configure:3577: checking for getopt.h
configure:3585: result: yes
configure:3473: checking sys/uio.h usability
configure:3490: arm-openwrt-linux-uclibcgnueabi-gcc -c -O -pipe -march=armv7-a -mtune=cortex-a9 -funit-at-a-time -mfpu=neon -ftree-vectorize -mfloat-abi=softfp -fhonour-copts -I/home/igarashi/cortina/build_dir/target-arm_uClibc-0.9.32_eabi/rp-pppoe-3.10/src/libevent  -I/home/igarashi/cortina/staging_dir/target-arm_uClibc-0.9.32_eabi/usr/include -I/home/igarashi/cortina/staging_dir/target-arm_uClibc-0.9.32_eabi/include -I/home/igarashi/cortina/staging_dir/toolchain-arm_gcc-4.5.1+l_uClibc-0.9.32_eabi/usr/include -I/home/igarashi/cortina/staging_dir/toolchain-arm_gcc-4.5.1+l_uClibc-0.9.32_eabi/include  conftest.c >&5
configure:3496: $? = 0
configure:3510: result: yes
configure:3514: checking sys/uio.h presence
configure:3529: arm-openwrt-linux-uclibcgnueabi-gcc -E -I/home/igarashi/cortina/staging_dir/target-arm_uClibc-0.9.32_eabi/usr/include -I/home/igarashi/cortina/staging_dir/target-arm_uClibc-0.9.32_eabi/include -I/home/igarashi/cortina/staging_dir/toolchain-arm_gcc-4.5.1+l_uClibc-0.9.32_eabi/usr/include -I/home/igarashi/cortina/staging_dir/toolchain-arm_gcc-4.5.1+l_uClibc-0.9.32_eabi/include  conftest.c
configure:3535: $? = 0
configure:3549: result: yes
configure:3577: checking for sys/uio.h
configure:3585: result: yes
configure:3473: checking sys/param.h usability
configure:3490: arm-openwrt-linux-uclibcgnueabi-gcc -c -O -pipe -march=armv7-a -mtune=cortex-a9 -funit-at-a-time -mfpu=neon -ftree-vectorize -mfloat-abi=softfp -fhonour-copts -I/home/igarashi/cortina/build_dir/target-arm_uClibc-0.9.32_eabi/rp-pppoe-3.10/src/libevent  -I/home/igarashi/cortina/staging_dir/target-arm_uClibc-0.9.32_eabi/usr/include -I/home/igarashi/cortina/staging_dir/target-arm_uClibc-0.9.32_eabi/include -I/home/igarashi/cortina/staging_dir/toolchain-arm_gcc-4.5.1+l_uClibc-0.9.32_eabi/usr/include -I/home/igarashi/cortina/staging_dir/toolchain-arm_gcc-4.5.1+l_uClibc-0.9.32_eabi/include  conftest.c >&5
configure:3496: $? = 0
configure:3510: result: yes
configure:3514: checking sys/param.h presence
configure:3529: arm-openwrt-linux-uclibcgnueabi-gcc -E -I/home/igarashi/cortina/staging_dir/target-arm_uClibc-0.9.32_eabi/usr/include -I/home/igarashi/cortina/staging_dir/target-arm_uClibc-0.9.32_eabi/include -I/home/igarashi/cortina/staging_dir/toolchain-arm_gcc-4.5.1+l_uClibc-0.9.32_eabi/usr/include -I/home/igarashi/cortina/staging_dir/toolchain-arm_gcc-4.5.1+l_uClibc-0.9.32_eabi/include  conftest.c
configure:3535: $? = 0
configure:3549: result: yes
configure:3577: checking for sys/param.h
configure:3585: result: yes
configure:3463: checking for fcntl.h
configure:3469: result: yes
configure:3473: checking net/bpf.h usability
configure:3490: arm-openwrt-linux-uclibcgnueabi-gcc -c -O -pipe -march=armv7-a -mtune=cortex-a9 -funit-at-a-time -mfpu=neon -ftree-vectorize -mfloat-abi=softfp -fhonour-copts -I/home/igarashi/cortina/build_dir/target-arm_uClibc-0.9.32_eabi/rp-pppoe-3.10/src/libevent  -I/home/igarashi/cortina/staging_dir/target-arm_uClibc-0.9.32_eabi/usr/include -I/home/igarashi/cortina/staging_dir/target-arm_uClibc-0.9.32_eabi/include -I/home/igarashi/cortina/staging_dir/toolchain-arm_gcc-4.5.1+l_uClibc-0.9.32_eabi/usr/include -I/home/igarashi/cortina/staging_dir/toolchain-arm_gcc-4.5.1+l_uClibc-0.9.32_eabi/include  conftest.c >&5
conftest.c:63:21: fatal error: net/bpf.h: No such file or directory
compilation terminated.
configure:3496: $? = 1
configure: failed program was:
| /* confdefs.h.  */
| #define PACKAGE_NAME ""
| #define PACKAGE_TARNAME ""
| #define PACKAGE_VERSION ""
| #define PACKAGE_STRING ""
| #define PACKAGE_BUGREPORT ""
| #define STDC_HEADERS 1
| #define HAVE_SYS_WAIT_H 1
| #define HAVE_SYS_TYPES_H 1
| #define HAVE_SYS_STAT_H 1
| #define HAVE_STDLIB_H 1
| #define HAVE_STRING_H 1
| #define HAVE_MEMORY_H 1
| #define HAVE_STRINGS_H 1
| #define HAVE_INTTYPES_H 1
| #define HAVE_STDINT_H 1
| #define HAVE_UNISTD_H 1
| #define HAVE_FCNTL_H 1
| #define HAVE_SYS_IOCTL_H 1
| #define HAVE_SYS_TIME_H 1
| #define HAVE_SYSLOG_H 1
| #define HAVE_UNISTD_H 1
| #define HAVE_NET_IF_ARP_H 1
| #define HAVE_NETINET_IF_ETHER_H 1
| #define HAVE_GETOPT_H 1
| #define HAVE_SYS_UIO_H 1
| #define HAVE_SYS_PARAM_H 1
| #define HAVE_FCNTL_H 1
| /* end confdefs.h.  */
| #include <stdio.h>
| #ifdef HAVE_SYS_TYPES_H
| # include <sys/types.h>
| #endif
| #ifdef HAVE_SYS_STAT_H
| # include <sys/stat.h>
| #endif
| #ifdef STDC_HEADERS
| # include <stdlib.h>
| # include <stddef.h>
| #else
| # ifdef HAVE_STDLIB_H
| #  include <stdlib.h>
| # endif
| #endif
| #ifdef HAVE_STRING_H
| # if !defined STDC_HEADERS && defined HAVE_MEMORY_H
| #  include <memory.h>
| # endif
| # include <string.h>
| #endif
| #ifdef HAVE_STRINGS_H
| # include <strings.h>
| #endif
| #ifdef HAVE_INTTYPES_H
| # include <inttypes.h>
| #endif
| #ifdef HAVE_STDINT_H
| # include <stdint.h>
| #endif
| #ifdef HAVE_UNISTD_H
| # include <unistd.h>
| #endif
| #include <net/bpf.h>
configure:3510: result: no
configure:3514: checking net/bpf.h presence
configure:3529: arm-openwrt-linux-uclibcgnueabi-gcc -E -I/home/igarashi/cortina/staging_dir/target-arm_uClibc-0.9.32_eabi/usr/include -I/home/igarashi/cortina/staging_dir/target-arm_uClibc-0.9.32_eabi/include -I/home/igarashi/cortina/staging_dir/toolchain-arm_gcc-4.5.1+l_uClibc-0.9.32_eabi/usr/include -I/home/igarashi/cortina/staging_dir/toolchain-arm_gcc-4.5.1+l_uClibc-0.9.32_eabi/include  conftest.c
conftest.c:30:21: fatal error: net/bpf.h: No such file or directory
compilation terminated.
configure:3535: $? = 1
configure: failed program was:
| /* confdefs.h.  */
| #define PACKAGE_NAME ""
| #define PACKAGE_TARNAME ""
| #define PACKAGE_VERSION ""
| #define PACKAGE_STRING ""
| #define PACKAGE_BUGREPORT ""
| #define STDC_HEADERS 1
| #define HAVE_SYS_WAIT_H 1
| #define HAVE_SYS_TYPES_H 1
| #define HAVE_SYS_STAT_H 1
| #define HAVE_STDLIB_H 1
| #define HAVE_STRING_H 1
| #define HAVE_MEMORY_H 1
| #define HAVE_STRINGS_H 1
| #define HAVE_INTTYPES_H 1
| #define HAVE_STDINT_H 1
| #define HAVE_UNISTD_H 1
| #define HAVE_FCNTL_H 1
| #define HAVE_SYS_IOCTL_H 1
| #define HAVE_SYS_TIME_H 1
| #define HAVE_SYSLOG_H 1
| #define HAVE_UNISTD_H 1
| #define HAVE_NET_IF_ARP_H 1
| #define HAVE_NETINET_IF_ETHER_H 1
| #define HAVE_GETOPT_H 1
| #define HAVE_SYS_UIO_H 1
| #define HAVE_SYS_PARAM_H 1
| #define HAVE_FCNTL_H 1
| /* end confdefs.h.  */
| #include <net/bpf.h>
configure:3549: result: no
configure:3577: checking for net/bpf.h
configure:3585: result: no
configure:3473: checking netpacket/packet.h usability
configure:3490: arm-openwrt-linux-uclibcgnueabi-gcc -c -O -pipe -march=armv7-a -mtune=cortex-a9 -funit-at-a-time -mfpu=neon -ftree-vectorize -mfloat-abi=softfp -fhonour-copts -I/home/igarashi/cortina/build_dir/target-arm_uClibc-0.9.32_eabi/rp-pppoe-3.10/src/libevent  -I/home/igarashi/cortina/staging_dir/target-arm_uClibc-0.9.32_eabi/usr/include -I/home/igarashi/cortina/staging_dir/target-arm_uClibc-0.9.32_eabi/include -I/home/igarashi/cortina/staging_dir/toolchain-arm_gcc-4.5.1+l_uClibc-0.9.32_eabi/usr/include -I/home/igarashi/cortina/staging_dir/toolchain-arm_gcc-4.5.1+l_uClibc-0.9.32_eabi/include  conftest.c >&5
configure:3496: $? = 0
configure:3510: result: yes
configure:3514: checking netpacket/packet.h presence
configure:3529: arm-openwrt-linux-uclibcgnueabi-gcc -E -I/home/igarashi/cortina/staging_dir/target-arm_uClibc-0.9.32_eabi/usr/include -I/home/igarashi/cortina/staging_dir/target-arm_uClibc-0.9.32_eabi/include -I/home/igarashi/cortina/staging_dir/toolchain-arm_gcc-4.5.1+l_uClibc-0.9.32_eabi/usr/include -I/home/igarashi/cortina/staging_dir/toolchain-arm_gcc-4.5.1+l_uClibc-0.9.32_eabi/include  conftest.c
configure:3535: $? = 0
configure:3549: result: yes
configure:3577: checking for netpacket/packet.h
configure:3585: result: yes
configure:3473: checking net/ethernet.h usability
configure:3490: arm-openwrt-linux-uclibcgnueabi-gcc -c -O -pipe -march=armv7-a -mtune=cortex-a9 -funit-at-a-time -mfpu=neon -ftree-vectorize -mfloat-abi=softfp -fhonour-copts -I/home/igarashi/cortina/build_dir/target-arm_uClibc-0.9.32_eabi/rp-pppoe-3.10/src/libevent  -I/home/igarashi/cortina/staging_dir/target-arm_uClibc-0.9.32_eabi/usr/include -I/home/igarashi/cortina/staging_dir/target-arm_uClibc-0.9.32_eabi/include -I/home/igarashi/cortina/staging_dir/toolchain-arm_gcc-4.5.1+l_uClibc-0.9.32_eabi/usr/include -I/home/igarashi/cortina/staging_dir/toolchain-arm_gcc-4.5.1+l_uClibc-0.9.32_eabi/include  conftest.c >&5
configure:3496: $? = 0
configure:3510: result: yes
configure:3514: checking net/ethernet.h presence
configure:3529: arm-openwrt-linux-uclibcgnueabi-gcc -E -I/home/igarashi/cortina/staging_dir/target-arm_uClibc-0.9.32_eabi/usr/include -I/home/igarashi/cortina/staging_dir/target-arm_uClibc-0.9.32_eabi/include -I/home/igarashi/cortina/staging_dir/toolchain-arm_gcc-4.5.1+l_uClibc-0.9.32_eabi/usr/include -I/home/igarashi/cortina/staging_dir/toolchain-arm_gcc-4.5.1+l_uClibc-0.9.32_eabi/include  conftest.c
configure:3535: $? = 0
configure:3549: result: yes
configure:3577: checking for net/ethernet.h
configure:3585: result: yes
configure:3473: checking asm/types.h usability
configure:3490: arm-openwrt-linux-uclibcgnueabi-gcc -c -O -pipe -march=armv7-a -mtune=cortex-a9 -funit-at-a-time -mfpu=neon -ftree-vectorize -mfloat-abi=softfp -fhonour-copts -I/home/igarashi/cortina/build_dir/target-arm_uClibc-0.9.32_eabi/rp-pppoe-3.10/src/libevent  -I/home/igarashi/cortina/staging_dir/target-arm_uClibc-0.9.32_eabi/usr/include -I/home/igarashi/cortina/staging_dir/target-arm_uClibc-0.9.32_eabi/include -I/home/igarashi/cortina/staging_dir/toolchain-arm_gcc-4.5.1+l_uClibc-0.9.32_eabi/usr/include -I/home/igarashi/cortina/staging_dir/toolchain-arm_gcc-4.5.1+l_uClibc-0.9.32_eabi/include  conftest.c >&5
configure:3496: $? = 0
configure:3510: result: yes
configure:3514: checking asm/types.h presence
configure:3529: arm-openwrt-linux-uclibcgnueabi-gcc -E -I/home/igarashi/cortina/staging_dir/target-arm_uClibc-0.9.32_eabi/usr/include -I/home/igarashi/cortina/staging_dir/target-arm_uClibc-0.9.32_eabi/include -I/home/igarashi/cortina/staging_dir/toolchain-arm_gcc-4.5.1+l_uClibc-0.9.32_eabi/usr/include -I/home/igarashi/cortina/staging_dir/toolchain-arm_gcc-4.5.1+l_uClibc-0.9.32_eabi/include  conftest.c
configure:3535: $? = 0
configure:3549: result: yes
configure:3577: checking for asm/types.h
configure:3585: result: yes
configure:3473: checking linux/if_packet.h usability
configure:3490: arm-openwrt-linux-uclibcgnueabi-gcc -c -O -pipe -march=armv7-a -mtune=cortex-a9 -funit-at-a-time -mfpu=neon -ftree-vectorize -mfloat-abi=softfp -fhonour-copts -I/home/igarashi/cortina/build_dir/target-arm_uClibc-0.9.32_eabi/rp-pppoe-3.10/src/libevent  -I/home/igarashi/cortina/staging_dir/target-arm_uClibc-0.9.32_eabi/usr/include -I/home/igarashi/cortina/staging_dir/target-arm_uClibc-0.9.32_eabi/include -I/home/igarashi/cortina/staging_dir/toolchain-arm_gcc-4.5.1+l_uClibc-0.9.32_eabi/usr/include -I/home/igarashi/cortina/staging_dir/toolchain-arm_gcc-4.5.1+l_uClibc-0.9.32_eabi/include  conftest.c >&5
configure:3496: $? = 0
configure:3510: result: yes
configure:3514: checking linux/if_packet.h presence
configure:3529: arm-openwrt-linux-uclibcgnueabi-gcc -E -I/home/igarashi/cortina/staging_dir/target-arm_uClibc-0.9.32_eabi/usr/include -I/home/igarashi/cortina/staging_dir/target-arm_uClibc-0.9.32_eabi/include -I/home/igarashi/cortina/staging_dir/toolchain-arm_gcc-4.5.1+l_uClibc-0.9.32_eabi/usr/include -I/home/igarashi/cortina/staging_dir/toolchain-arm_gcc-4.5.1+l_uClibc-0.9.32_eabi/include  conftest.c
configure:3535: $? = 0
configure:3549: result: yes
configure:3577: checking for linux/if_packet.h
configure:3585: result: yes
configure:3473: checking linux/if_ether.h usability
configure:3490: arm-openwrt-linux-uclibcgnueabi-gcc -c -O -pipe -march=armv7-a -mtune=cortex-a9 -funit-at-a-time -mfpu=neon -ftree-vectorize -mfloat-abi=softfp -fhonour-copts -I/home/igarashi/cortina/build_dir/target-arm_uClibc-0.9.32_eabi/rp-pppoe-3.10/src/libevent  -I/home/igarashi/cortina/staging_dir/target-arm_uClibc-0.9.32_eabi/usr/include -I/home/igarashi/cortina/staging_dir/target-arm_uClibc-0.9.32_eabi/include -I/home/igarashi/cortina/staging_dir/toolchain-arm_gcc-4.5.1+l_uClibc-0.9.32_eabi/usr/include -I/home/igarashi/cortina/staging_dir/toolchain-arm_gcc-4.5.1+l_uClibc-0.9.32_eabi/include  conftest.c >&5
configure:3496: $? = 0
configure:3510: result: yes
configure:3514: checking linux/if_ether.h presence
configure:3529: arm-openwrt-linux-uclibcgnueabi-gcc -E -I/home/igarashi/cortina/staging_dir/target-arm_uClibc-0.9.32_eabi/usr/include -I/home/igarashi/cortina/staging_dir/target-arm_uClibc-0.9.32_eabi/include -I/home/igarashi/cortina/staging_dir/toolchain-arm_gcc-4.5.1+l_uClibc-0.9.32_eabi/usr/include -I/home/igarashi/cortina/staging_dir/toolchain-arm_gcc-4.5.1+l_uClibc-0.9.32_eabi/include  conftest.c
configure:3535: $? = 0
configure:3549: result: yes
configure:3577: checking for linux/if_ether.h
configure:3585: result: yes
configure:3473: checking sys/socket.h usability
configure:3490: arm-openwrt-linux-uclibcgnueabi-gcc -c -O -pipe -march=armv7-a -mtune=cortex-a9 -funit-at-a-time -mfpu=neon -ftree-vectorize -mfloat-abi=softfp -fhonour-copts -I/home/igarashi/cortina/build_dir/target-arm_uClibc-0.9.32_eabi/rp-pppoe-3.10/src/libevent  -I/home/igarashi/cortina/staging_dir/target-arm_uClibc-0.9.32_eabi/usr/include -I/home/igarashi/cortina/staging_dir/target-arm_uClibc-0.9.32_eabi/include -I/home/igarashi/cortina/staging_dir/toolchain-arm_gcc-4.5.1+l_uClibc-0.9.32_eabi/usr/include -I/home/igarashi/cortina/staging_dir/toolchain-arm_gcc-4.5.1+l_uClibc-0.9.32_eabi/include  conftest.c >&5
configure:3496: $? = 0
configure:3510: result: yes
configure:3514: checking sys/socket.h presence
configure:3529: arm-openwrt-linux-uclibcgnueabi-gcc -E -I/home/igarashi/cortina/staging_dir/target-arm_uClibc-0.9.32_eabi/usr/include -I/home/igarashi/cortina/staging_dir/target-arm_uClibc-0.9.32_eabi/include -I/home/igarashi/cortina/staging_dir/toolchain-arm_gcc-4.5.1+l_uClibc-0.9.32_eabi/usr/include -I/home/igarashi/cortina/staging_dir/toolchain-arm_gcc-4.5.1+l_uClibc-0.9.32_eabi/include  conftest.c
configure:3535: $? = 0
configure:3549: result: yes
configure:3577: checking for sys/socket.h
configure:3585: result: yes
configure:3473: checking sys/cdefs.h usability
configure:3490: arm-openwrt-linux-uclibcgnueabi-gcc -c -O -pipe -march=armv7-a -mtune=cortex-a9 -funit-at-a-time -mfpu=neon -ftree-vectorize -mfloat-abi=softfp -fhonour-copts -I/home/igarashi/cortina/build_dir/target-arm_uClibc-0.9.32_eabi/rp-pppoe-3.10/src/libevent  -I/home/igarashi/cortina/staging_dir/target-arm_uClibc-0.9.32_eabi/usr/include -I/home/igarashi/cortina/staging_dir/target-arm_uClibc-0.9.32_eabi/include -I/home/igarashi/cortina/staging_dir/toolchain-arm_gcc-4.5.1+l_uClibc-0.9.32_eabi/usr/include -I/home/igarashi/cortina/staging_dir/toolchain-arm_gcc-4.5.1+l_uClibc-0.9.32_eabi/include  conftest.c >&5
configure:3496: $? = 0
configure:3510: result: yes
configure:3514: checking sys/cdefs.h presence
configure:3529: arm-openwrt-linux-uclibcgnueabi-gcc -E -I/home/igarashi/cortina/staging_dir/target-arm_uClibc-0.9.32_eabi/usr/include -I/home/igarashi/cortina/staging_dir/target-arm_uClibc-0.9.32_eabi/include -I/home/igarashi/cortina/staging_dir/toolchain-arm_gcc-4.5.1+l_uClibc-0.9.32_eabi/usr/include -I/home/igarashi/cortina/staging_dir/toolchain-arm_gcc-4.5.1+l_uClibc-0.9.32_eabi/include  conftest.c
configure:3535: $? = 0
configure:3549: result: yes
configure:3577: checking for sys/cdefs.h
configure:3585: result: yes
configure:3473: checking net/if.h usability
configure:3490: arm-openwrt-linux-uclibcgnueabi-gcc -c -O -pipe -march=armv7-a -mtune=cortex-a9 -funit-at-a-time -mfpu=neon -ftree-vectorize -mfloat-abi=softfp -fhonour-copts -I/home/igarashi/cortina/build_dir/target-arm_uClibc-0.9.32_eabi/rp-pppoe-3.10/src/libevent  -I/home/igarashi/cortina/staging_dir/target-arm_uClibc-0.9.32_eabi/usr/include -I/home/igarashi/cortina/staging_dir/target-arm_uClibc-0.9.32_eabi/include -I/home/igarashi/cortina/staging_dir/toolchain-arm_gcc-4.5.1+l_uClibc-0.9.32_eabi/usr/include -I/home/igarashi/cortina/staging_dir/toolchain-arm_gcc-4.5.1+l_uClibc-0.9.32_eabi/include  conftest.c >&5
configure:3496: $? = 0
configure:3510: result: yes
configure:3514: checking net/if.h presence
configure:3529: arm-openwrt-linux-uclibcgnueabi-gcc -E -I/home/igarashi/cortina/staging_dir/target-arm_uClibc-0.9.32_eabi/usr/include -I/home/igarashi/cortina/staging_dir/target-arm_uClibc-0.9.32_eabi/include -I/home/igarashi/cortina/staging_dir/toolchain-arm_gcc-4.5.1+l_uClibc-0.9.32_eabi/usr/include -I/home/igarashi/cortina/staging_dir/toolchain-arm_gcc-4.5.1+l_uClibc-0.9.32_eabi/include  conftest.c
configure:3535: $? = 0
configure:3549: result: yes
configure:3577: checking for net/if.h
configure:3585: result: yes
configure:3473: checking net/if_dl.h usability
configure:3490: arm-openwrt-linux-uclibcgnueabi-gcc -c -O -pipe -march=armv7-a -mtune=cortex-a9 -funit-at-a-time -mfpu=neon -ftree-vectorize -mfloat-abi=softfp -fhonour-copts -I/home/igarashi/cortina/build_dir/target-arm_uClibc-0.9.32_eabi/rp-pppoe-3.10/src/libevent  -I/home/igarashi/cortina/staging_dir/target-arm_uClibc-0.9.32_eabi/usr/include -I/home/igarashi/cortina/staging_dir/target-arm_uClibc-0.9.32_eabi/include -I/home/igarashi/cortina/staging_dir/toolchain-arm_gcc-4.5.1+l_uClibc-0.9.32_eabi/usr/include -I/home/igarashi/cortina/staging_dir/toolchain-arm_gcc-4.5.1+l_uClibc-0.9.32_eabi/include  conftest.c >&5
conftest.c:71:23: fatal error: net/if_dl.h: No such file or directory
compilation terminated.
configure:3496: $? = 1
configure: failed program was:
| /* confdefs.h.  */
| #define PACKAGE_NAME ""
| #define PACKAGE_TARNAME ""
| #define PACKAGE_VERSION ""
| #define PACKAGE_STRING ""
| #define PACKAGE_BUGREPORT ""
| #define STDC_HEADERS 1
| #define HAVE_SYS_WAIT_H 1
| #define HAVE_SYS_TYPES_H 1
| #define HAVE_SYS_STAT_H 1
| #define HAVE_STDLIB_H 1
| #define HAVE_STRING_H 1
| #define HAVE_MEMORY_H 1
| #define HAVE_STRINGS_H 1
| #define HAVE_INTTYPES_H 1
| #define HAVE_STDINT_H 1
| #define HAVE_UNISTD_H 1
| #define HAVE_FCNTL_H 1
| #define HAVE_SYS_IOCTL_H 1
| #define HAVE_SYS_TIME_H 1
| #define HAVE_SYSLOG_H 1
| #define HAVE_UNISTD_H 1
| #define HAVE_NET_IF_ARP_H 1
| #define HAVE_NETINET_IF_ETHER_H 1
| #define HAVE_GETOPT_H 1
| #define HAVE_SYS_UIO_H 1
| #define HAVE_SYS_PARAM_H 1
| #define HAVE_FCNTL_H 1
| #define HAVE_NETPACKET_PACKET_H 1
| #define HAVE_NET_ETHERNET_H 1
| #define HAVE_ASM_TYPES_H 1
| #define HAVE_LINUX_IF_PACKET_H 1
| #define HAVE_LINUX_IF_ETHER_H 1
| #define HAVE_SYS_SOCKET_H 1
| #define HAVE_SYS_CDEFS_H 1
| #define HAVE_NET_IF_H 1
| /* end confdefs.h.  */
| #include <stdio.h>
| #ifdef HAVE_SYS_TYPES_H
| # include <sys/types.h>
| #endif
| #ifdef HAVE_SYS_STAT_H
| # include <sys/stat.h>
| #endif
| #ifdef STDC_HEADERS
| # include <stdlib.h>
| # include <stddef.h>
| #else
| # ifdef HAVE_STDLIB_H
| #  include <stdlib.h>
| # endif
| #endif
| #ifdef HAVE_STRING_H
| # if !defined STDC_HEADERS && defined HAVE_MEMORY_H
| #  include <memory.h>
| # endif
| # include <string.h>
| #endif
| #ifdef HAVE_STRINGS_H
| # include <strings.h>
| #endif
| #ifdef HAVE_INTTYPES_H
| # include <inttypes.h>
| #endif
| #ifdef HAVE_STDINT_H
| # include <stdint.h>
| #endif
| #ifdef HAVE_UNISTD_H
| # include <unistd.h>
| #endif
| #include <net/if_dl.h>
configure:3510: result: no
configure:3514: checking net/if_dl.h presence
configure:3529: arm-openwrt-linux-uclibcgnueabi-gcc -E -I/home/igarashi/cortina/staging_dir/target-arm_uClibc-0.9.32_eabi/usr/include -I/home/igarashi/cortina/staging_dir/target-arm_uClibc-0.9.32_eabi/include -I/home/igarashi/cortina/staging_dir/toolchain-arm_gcc-4.5.1+l_uClibc-0.9.32_eabi/usr/include -I/home/igarashi/cortina/staging_dir/toolchain-arm_gcc-4.5.1+l_uClibc-0.9.32_eabi/include  conftest.c
conftest.c:38:23: fatal error: net/if_dl.h: No such file or directory
compilation terminated.
configure:3535: $? = 1
configure: failed program was:
| /* confdefs.h.  */
| #define PACKAGE_NAME ""
| #define PACKAGE_TARNAME ""
| #define PACKAGE_VERSION ""
| #define PACKAGE_STRING ""
| #define PACKAGE_BUGREPORT ""
| #define STDC_HEADERS 1
| #define HAVE_SYS_WAIT_H 1
| #define HAVE_SYS_TYPES_H 1
| #define HAVE_SYS_STAT_H 1
| #define HAVE_STDLIB_H 1
| #define HAVE_STRING_H 1
| #define HAVE_MEMORY_H 1
| #define HAVE_STRINGS_H 1
| #define HAVE_INTTYPES_H 1
| #define HAVE_STDINT_H 1
| #define HAVE_UNISTD_H 1
| #define HAVE_FCNTL_H 1
| #define HAVE_SYS_IOCTL_H 1
| #define HAVE_SYS_TIME_H 1
| #define HAVE_SYSLOG_H 1
| #define HAVE_UNISTD_H 1
| #define HAVE_NET_IF_ARP_H 1
| #define HAVE_NETINET_IF_ETHER_H 1
| #define HAVE_GETOPT_H 1
| #define HAVE_SYS_UIO_H 1
| #define HAVE_SYS_PARAM_H 1
| #define HAVE_FCNTL_H 1
| #define HAVE_NETPACKET_PACKET_H 1
| #define HAVE_NET_ETHERNET_H 1
| #define HAVE_ASM_TYPES_H 1
| #define HAVE_LINUX_IF_PACKET_H 1
| #define HAVE_LINUX_IF_ETHER_H 1
| #define HAVE_SYS_SOCKET_H 1
| #define HAVE_SYS_CDEFS_H 1
| #define HAVE_NET_IF_H 1
| /* end confdefs.h.  */
| #include <net/if_dl.h>
configure:3549: result: no
configure:3577: checking for net/if_dl.h
configure:3585: result: no
configure:3473: checking net/if_ether.h usability
configure:3490: arm-openwrt-linux-uclibcgnueabi-gcc -c -O -pipe -march=armv7-a -mtune=cortex-a9 -funit-at-a-time -mfpu=neon -ftree-vectorize -mfloat-abi=softfp -fhonour-copts -I/home/igarashi/cortina/build_dir/target-arm_uClibc-0.9.32_eabi/rp-pppoe-3.10/src/libevent  -I/home/igarashi/cortina/staging_dir/target-arm_uClibc-0.9.32_eabi/usr/include -I/home/igarashi/cortina/staging_dir/target-arm_uClibc-0.9.32_eabi/include -I/home/igarashi/cortina/staging_dir/toolchain-arm_gcc-4.5.1+l_uClibc-0.9.32_eabi/usr/include -I/home/igarashi/cortina/staging_dir/toolchain-arm_gcc-4.5.1+l_uClibc-0.9.32_eabi/include  conftest.c >&5
conftest.c:71:26: fatal error: net/if_ether.h: No such file or directory
compilation terminated.
configure:3496: $? = 1
configure: failed program was:
| /* confdefs.h.  */
| #define PACKAGE_NAME ""
| #define PACKAGE_TARNAME ""
| #define PACKAGE_VERSION ""
| #define PACKAGE_STRING ""
| #define PACKAGE_BUGREPORT ""
| #define STDC_HEADERS 1
| #define HAVE_SYS_WAIT_H 1
| #define HAVE_SYS_TYPES_H 1
| #define HAVE_SYS_STAT_H 1
| #define HAVE_STDLIB_H 1
| #define HAVE_STRING_H 1
| #define HAVE_MEMORY_H 1
| #define HAVE_STRINGS_H 1
| #define HAVE_INTTYPES_H 1
| #define HAVE_STDINT_H 1
| #define HAVE_UNISTD_H 1
| #define HAVE_FCNTL_H 1
| #define HAVE_SYS_IOCTL_H 1
| #define HAVE_SYS_TIME_H 1
| #define HAVE_SYSLOG_H 1
| #define HAVE_UNISTD_H 1
| #define HAVE_NET_IF_ARP_H 1
| #define HAVE_NETINET_IF_ETHER_H 1
| #define HAVE_GETOPT_H 1
| #define HAVE_SYS_UIO_H 1
| #define HAVE_SYS_PARAM_H 1
| #define HAVE_FCNTL_H 1
| #define HAVE_NETPACKET_PACKET_H 1
| #define HAVE_NET_ETHERNET_H 1
| #define HAVE_ASM_TYPES_H 1
| #define HAVE_LINUX_IF_PACKET_H 1
| #define HAVE_LINUX_IF_ETHER_H 1
| #define HAVE_SYS_SOCKET_H 1
| #define HAVE_SYS_CDEFS_H 1
| #define HAVE_NET_IF_H 1
| /* end confdefs.h.  */
| #include <stdio.h>
| #ifdef HAVE_SYS_TYPES_H
| # include <sys/types.h>
| #endif
| #ifdef HAVE_SYS_STAT_H
| # include <sys/stat.h>
| #endif
| #ifdef STDC_HEADERS
| # include <stdlib.h>
| # include <stddef.h>
| #else
| # ifdef HAVE_STDLIB_H
| #  include <stdlib.h>
| # endif
| #endif
| #ifdef HAVE_STRING_H
| # if !defined STDC_HEADERS && defined HAVE_MEMORY_H
| #  include <memory.h>
| # endif
| # include <string.h>
| #endif
| #ifdef HAVE_STRINGS_H
| # include <strings.h>
| #endif
| #ifdef HAVE_INTTYPES_H
| # include <inttypes.h>
| #endif
| #ifdef HAVE_STDINT_H
| # include <stdint.h>
| #endif
| #ifdef HAVE_UNISTD_H
| # include <unistd.h>
| #endif
| #include <net/if_ether.h>
configure:3510: result: no
configure:3514: checking net/if_ether.h presence
configure:3529: arm-openwrt-linux-uclibcgnueabi-gcc -E -I/home/igarashi/cortina/staging_dir/target-arm_uClibc-0.9.32_eabi/usr/include -I/home/igarashi/cortina/staging_dir/target-arm_uClibc-0.9.32_eabi/include -I/home/igarashi/cortina/staging_dir/toolchain-arm_gcc-4.5.1+l_uClibc-0.9.32_eabi/usr/include -I/home/igarashi/cortina/staging_dir/toolchain-arm_gcc-4.5.1+l_uClibc-0.9.32_eabi/include  conftest.c
conftest.c:38:26: fatal error: net/if_ether.h: No such file or directory
compilation terminated.
configure:3535: $? = 1
configure: failed program was:
| /* confdefs.h.  */
| #define PACKAGE_NAME ""
| #define PACKAGE_TARNAME ""
| #define PACKAGE_VERSION ""
| #define PACKAGE_STRING ""
| #define PACKAGE_BUGREPORT ""
| #define STDC_HEADERS 1
| #define HAVE_SYS_WAIT_H 1
| #define HAVE_SYS_TYPES_H 1
| #define HAVE_SYS_STAT_H 1
| #define HAVE_STDLIB_H 1
| #define HAVE_STRING_H 1
| #define HAVE_MEMORY_H 1
| #define HAVE_STRINGS_H 1
| #define HAVE_INTTYPES_H 1
| #define HAVE_STDINT_H 1
| #define HAVE_UNISTD_H 1
| #define HAVE_FCNTL_H 1
| #define HAVE_SYS_IOCTL_H 1
| #define HAVE_SYS_TIME_H 1
| #define HAVE_SYSLOG_H 1
| #define HAVE_UNISTD_H 1
| #define HAVE_NET_IF_ARP_H 1
| #define HAVE_NETINET_IF_ETHER_H 1
| #define HAVE_GETOPT_H 1
| #define HAVE_SYS_UIO_H 1
| #define HAVE_SYS_PARAM_H 1
| #define HAVE_FCNTL_H 1
| #define HAVE_NETPACKET_PACKET_H 1
| #define HAVE_NET_ETHERNET_H 1
| #define HAVE_ASM_TYPES_H 1
| #define HAVE_LINUX_IF_PACKET_H 1
| #define HAVE_LINUX_IF_ETHER_H 1
| #define HAVE_SYS_SOCKET_H 1
| #define HAVE_SYS_CDEFS_H 1
| #define HAVE_NET_IF_H 1
| /* end confdefs.h.  */
| #include <net/if_ether.h>
configure:3549: result: no
configure:3577: checking for net/if_ether.h
configure:3585: result: no
configure:3473: checking net/if_types.h usability
configure:3490: arm-openwrt-linux-uclibcgnueabi-gcc -c -O -pipe -march=armv7-a -mtune=cortex-a9 -funit-at-a-time -mfpu=neon -ftree-vectorize -mfloat-abi=softfp -fhonour-copts -I/home/igarashi/cortina/build_dir/target-arm_uClibc-0.9.32_eabi/rp-pppoe-3.10/src/libevent  -I/home/igarashi/cortina/staging_dir/target-arm_uClibc-0.9.32_eabi/usr/include -I/home/igarashi/cortina/staging_dir/target-arm_uClibc-0.9.32_eabi/include -I/home/igarashi/cortina/staging_dir/toolchain-arm_gcc-4.5.1+l_uClibc-0.9.32_eabi/usr/include -I/home/igarashi/cortina/staging_dir/toolchain-arm_gcc-4.5.1+l_uClibc-0.9.32_eabi/include  conftest.c >&5
conftest.c:71:26: fatal error: net/if_types.h: No such file or directory
compilation terminated.
configure:3496: $? = 1
configure: failed program was:
| /* confdefs.h.  */
| #define PACKAGE_NAME ""
| #define PACKAGE_TARNAME ""
| #define PACKAGE_VERSION ""
| #define PACKAGE_STRING ""
| #define PACKAGE_BUGREPORT ""
| #define STDC_HEADERS 1
| #define HAVE_SYS_WAIT_H 1
| #define HAVE_SYS_TYPES_H 1
| #define HAVE_SYS_STAT_H 1
| #define HAVE_STDLIB_H 1
| #define HAVE_STRING_H 1
| #define HAVE_MEMORY_H 1
| #define HAVE_STRINGS_H 1
| #define HAVE_INTTYPES_H 1
| #define HAVE_STDINT_H 1
| #define HAVE_UNISTD_H 1
| #define HAVE_FCNTL_H 1
| #define HAVE_SYS_IOCTL_H 1
| #define HAVE_SYS_TIME_H 1
| #define HAVE_SYSLOG_H 1
| #define HAVE_UNISTD_H 1
| #define HAVE_NET_IF_ARP_H 1
| #define HAVE_NETINET_IF_ETHER_H 1
| #define HAVE_GETOPT_H 1
| #define HAVE_SYS_UIO_H 1
| #define HAVE_SYS_PARAM_H 1
| #define HAVE_FCNTL_H 1
| #define HAVE_NETPACKET_PACKET_H 1
| #define HAVE_NET_ETHERNET_H 1
| #define HAVE_ASM_TYPES_H 1
| #define HAVE_LINUX_IF_PACKET_H 1
| #define HAVE_LINUX_IF_ETHER_H 1
| #define HAVE_SYS_SOCKET_H 1
| #define HAVE_SYS_CDEFS_H 1
| #define HAVE_NET_IF_H 1
| /* end confdefs.h.  */
| #include <stdio.h>
| #ifdef HAVE_SYS_TYPES_H
| # include <sys/types.h>
| #endif
| #ifdef HAVE_SYS_STAT_H
| # include <sys/stat.h>
| #endif
| #ifdef STDC_HEADERS
| # include <stdlib.h>
| # include <stddef.h>
| #else
| # ifdef HAVE_STDLIB_H
| #  include <stdlib.h>
| # endif
| #endif
| #ifdef HAVE_STRING_H
| # if !defined STDC_HEADERS && defined HAVE_MEMORY_H
| #  include <memory.h>
| # endif
| # include <string.h>
| #endif
| #ifdef HAVE_STRINGS_H
| # include <strings.h>
| #endif
| #ifdef HAVE_INTTYPES_H
| # include <inttypes.h>
| #endif
| #ifdef HAVE_STDINT_H
| # include <stdint.h>
| #endif
| #ifdef HAVE_UNISTD_H
| # include <unistd.h>
| #endif
| #include <net/if_types.h>
configure:3510: result: no
configure:3514: checking net/if_types.h presence
configure:3529: arm-openwrt-linux-uclibcgnueabi-gcc -E -I/home/igarashi/cortina/staging_dir/target-arm_uClibc-0.9.32_eabi/usr/include -I/home/igarashi/cortina/staging_dir/target-arm_uClibc-0.9.32_eabi/include -I/home/igarashi/cortina/staging_dir/toolchain-arm_gcc-4.5.1+l_uClibc-0.9.32_eabi/usr/include -I/home/igarashi/cortina/staging_dir/toolchain-arm_gcc-4.5.1+l_uClibc-0.9.32_eabi/include  conftest.c
conftest.c:38:26: fatal error: net/if_types.h: No such file or directory
compilation terminated.
configure:3535: $? = 1
configure: failed program was:
| /* confdefs.h.  */
| #define PACKAGE_NAME ""
| #define PACKAGE_TARNAME ""
| #define PACKAGE_VERSION ""
| #define PACKAGE_STRING ""
| #define PACKAGE_BUGREPORT ""
| #define STDC_HEADERS 1
| #define HAVE_SYS_WAIT_H 1
| #define HAVE_SYS_TYPES_H 1
| #define HAVE_SYS_STAT_H 1
| #define HAVE_STDLIB_H 1
| #define HAVE_STRING_H 1
| #define HAVE_MEMORY_H 1
| #define HAVE_STRINGS_H 1
| #define HAVE_INTTYPES_H 1
| #define HAVE_STDINT_H 1
| #define HAVE_UNISTD_H 1
| #define HAVE_FCNTL_H 1
| #define HAVE_SYS_IOCTL_H 1
| #define HAVE_SYS_TIME_H 1
| #define HAVE_SYSLOG_H 1
| #define HAVE_UNISTD_H 1
| #define HAVE_NET_IF_ARP_H 1
| #define HAVE_NETINET_IF_ETHER_H 1
| #define HAVE_GETOPT_H 1
| #define HAVE_SYS_UIO_H 1
| #define HAVE_SYS_PARAM_H 1
| #define HAVE_FCNTL_H 1
| #define HAVE_NETPACKET_PACKET_H 1
| #define HAVE_NET_ETHERNET_H 1
| #define HAVE_ASM_TYPES_H 1
| #define HAVE_LINUX_IF_PACKET_H 1
| #define HAVE_LINUX_IF_ETHER_H 1
| #define HAVE_SYS_SOCKET_H 1
| #define HAVE_SYS_CDEFS_H 1
| #define HAVE_NET_IF_H 1
| /* end confdefs.h.  */
| #include <net/if_types.h>
configure:3549: result: no
configure:3577: checking for net/if_types.h
configure:3585: result: no
configure:3463: checking for netinet/if_ether.h
configure:3469: result: yes
configure:3463: checking for net/if_types.h
configure:3469: result: no
configure:3463: checking for net/if_dl.h
configure:3469: result: no
configure:3602: checking for linux/if.h
configure:3623: arm-openwrt-linux-uclibcgnueabi-gcc -c -O -pipe -march=armv7-a -mtune=cortex-a9 -funit-at-a-time -mfpu=neon -ftree-vectorize -mfloat-abi=softfp -fhonour-copts -I/home/igarashi/cortina/build_dir/target-arm_uClibc-0.9.32_eabi/rp-pppoe-3.10/src/libevent  -I/home/igarashi/cortina/staging_dir/target-arm_uClibc-0.9.32_eabi/usr/include -I/home/igarashi/cortina/staging_dir/target-arm_uClibc-0.9.32_eabi/include -I/home/igarashi/cortina/staging_dir/toolchain-arm_gcc-4.5.1+l_uClibc-0.9.32_eabi/usr/include -I/home/igarashi/cortina/staging_dir/toolchain-arm_gcc-4.5.1+l_uClibc-0.9.32_eabi/include  conftest.c >&5
configure:3629: $? = 0
configure:3645: result: yes
configure:3660: checking for linux/if_pppox.h
configure:3686: arm-openwrt-linux-uclibcgnueabi-gcc -c -O -pipe -march=armv7-a -mtune=cortex-a9 -funit-at-a-time -mfpu=neon -ftree-vectorize -mfloat-abi=softfp -fhonour-copts -I/home/igarashi/cortina/build_dir/target-arm_uClibc-0.9.32_eabi/rp-pppoe-3.10/src/libevent  -I/home/igarashi/cortina/staging_dir/target-arm_uClibc-0.9.32_eabi/usr/include -I/home/igarashi/cortina/staging_dir/target-arm_uClibc-0.9.32_eabi/include -I/home/igarashi/cortina/staging_dir/toolchain-arm_gcc-4.5.1+l_uClibc-0.9.32_eabi/usr/include -I/home/igarashi/cortina/staging_dir/toolchain-arm_gcc-4.5.1+l_uClibc-0.9.32_eabi/include  conftest.c >&5
configure:3692: $? = 0
configure:3708: result: yes
configure:3720: checking for an ANSI C-conforming const
configure:3795: arm-openwrt-linux-uclibcgnueabi-gcc -c -O -pipe -march=armv7-a -mtune=cortex-a9 -funit-at-a-time -mfpu=neon -ftree-vectorize -mfloat-abi=softfp -fhonour-copts -I/home/igarashi/cortina/build_dir/target-arm_uClibc-0.9.32_eabi/rp-pppoe-3.10/src/libevent  -I/home/igarashi/cortina/staging_dir/target-arm_uClibc-0.9.32_eabi/usr/include -I/home/igarashi/cortina/staging_dir/target-arm_uClibc-0.9.32_eabi/include -I/home/igarashi/cortina/staging_dir/toolchain-arm_gcc-4.5.1+l_uClibc-0.9.32_eabi/usr/include -I/home/igarashi/cortina/staging_dir/toolchain-arm_gcc-4.5.1+l_uClibc-0.9.32_eabi/include  conftest.c >&5
configure:3801: $? = 0
configure:3816: result: yes
configure:3826: checking for pid_t
configure:3856: arm-openwrt-linux-uclibcgnueabi-gcc -c -O -pipe -march=armv7-a -mtune=cortex-a9 -funit-at-a-time -mfpu=neon -ftree-vectorize -mfloat-abi=softfp -fhonour-copts -I/home/igarashi/cortina/build_dir/target-arm_uClibc-0.9.32_eabi/rp-pppoe-3.10/src/libevent  -I/home/igarashi/cortina/staging_dir/target-arm_uClibc-0.9.32_eabi/usr/include -I/home/igarashi/cortina/staging_dir/target-arm_uClibc-0.9.32_eabi/include -I/home/igarashi/cortina/staging_dir/toolchain-arm_gcc-4.5.1+l_uClibc-0.9.32_eabi/usr/include -I/home/igarashi/cortina/staging_dir/toolchain-arm_gcc-4.5.1+l_uClibc-0.9.32_eabi/include  conftest.c >&5
configure:3862: $? = 0
configure:3877: result: yes
configure:3889: checking whether time.h and sys/time.h may both be included
configure:3919: arm-openwrt-linux-uclibcgnueabi-gcc -c -O -pipe -march=armv7-a -mtune=cortex-a9 -funit-at-a-time -mfpu=neon -ftree-vectorize -mfloat-abi=softfp -fhonour-copts -I/home/igarashi/cortina/build_dir/target-arm_uClibc-0.9.32_eabi/rp-pppoe-3.10/src/libevent  -I/home/igarashi/cortina/staging_dir/target-arm_uClibc-0.9.32_eabi/usr/include -I/home/igarashi/cortina/staging_dir/target-arm_uClibc-0.9.32_eabi/include -I/home/igarashi/cortina/staging_dir/toolchain-arm_gcc-4.5.1+l_uClibc-0.9.32_eabi/usr/include -I/home/igarashi/cortina/staging_dir/toolchain-arm_gcc-4.5.1+l_uClibc-0.9.32_eabi/include  conftest.c >&5
configure:3925: $? = 0
configure:3940: result: yes
configure:3950: checking whether struct tm is in sys/time.h or time.h
configure:3980: arm-openwrt-linux-uclibcgnueabi-gcc -c -O -pipe -march=armv7-a -mtune=cortex-a9 -funit-at-a-time -mfpu=neon -ftree-vectorize -mfloat-abi=softfp -fhonour-copts -I/home/igarashi/cortina/build_dir/target-arm_uClibc-0.9.32_eabi/rp-pppoe-3.10/src/libevent  -I/home/igarashi/cortina/staging_dir/target-arm_uClibc-0.9.32_eabi/usr/include -I/home/igarashi/cortina/staging_dir/target-arm_uClibc-0.9.32_eabi/include -I/home/igarashi/cortina/staging_dir/toolchain-arm_gcc-4.5.1+l_uClibc-0.9.32_eabi/usr/include -I/home/igarashi/cortina/staging_dir/toolchain-arm_gcc-4.5.1+l_uClibc-0.9.32_eabi/include  conftest.c >&5
configure:3986: $? = 0
configure:4001: result: time.h
configure:4012: checking for struct sockaddr_ll
configure:4038: arm-openwrt-linux-uclibcgnueabi-gcc -c -O -pipe -march=armv7-a -mtune=cortex-a9 -funit-at-a-time -mfpu=neon -ftree-vectorize -mfloat-abi=softfp -fhonour-copts -I/home/igarashi/cortina/build_dir/target-arm_uClibc-0.9.32_eabi/rp-pppoe-3.10/src/libevent  -I/home/igarashi/cortina/staging_dir/target-arm_uClibc-0.9.32_eabi/usr/include -I/home/igarashi/cortina/staging_dir/target-arm_uClibc-0.9.32_eabi/include -I/home/igarashi/cortina/staging_dir/toolchain-arm_gcc-4.5.1+l_uClibc-0.9.32_eabi/usr/include -I/home/igarashi/cortina/staging_dir/toolchain-arm_gcc-4.5.1+l_uClibc-0.9.32_eabi/include  conftest.c >&5
configure:4044: $? = 0
configure:4058: result: yes
configure:4068: checking for N_HDLC line discipline
configure:4091: arm-openwrt-linux-uclibcgnueabi-gcc -c -O -pipe -march=armv7-a -mtune=cortex-a9 -funit-at-a-time -mfpu=neon -ftree-vectorize -mfloat-abi=softfp -fhonour-copts -I/home/igarashi/cortina/build_dir/target-arm_uClibc-0.9.32_eabi/rp-pppoe-3.10/src/libevent  -I/home/igarashi/cortina/staging_dir/target-arm_uClibc-0.9.32_eabi/usr/include -I/home/igarashi/cortina/staging_dir/target-arm_uClibc-0.9.32_eabi/include -I/home/igarashi/cortina/staging_dir/toolchain-arm_gcc-4.5.1+l_uClibc-0.9.32_eabi/usr/include -I/home/igarashi/cortina/staging_dir/toolchain-arm_gcc-4.5.1+l_uClibc-0.9.32_eabi/include  conftest.c >&5
conftest.c: In function 'main':
conftest.c:47:9: error: 'N_HDLC' undeclared (first use in this function)
conftest.c:47:9: note: each undeclared identifier is reported only once for each function it appears in
configure:4097: $? = 1
configure: failed program was:
| /* confdefs.h.  */
| #define PACKAGE_NAME ""
| #define PACKAGE_TARNAME ""
| #define PACKAGE_VERSION ""
| #define PACKAGE_STRING ""
| #define PACKAGE_BUGREPORT ""
| #define STDC_HEADERS 1
| #define HAVE_SYS_WAIT_H 1
| #define HAVE_SYS_TYPES_H 1
| #define HAVE_SYS_STAT_H 1
| #define HAVE_STDLIB_H 1
| #define HAVE_STRING_H 1
| #define HAVE_MEMORY_H 1
| #define HAVE_STRINGS_H 1
| #define HAVE_INTTYPES_H 1
| #define HAVE_STDINT_H 1
| #define HAVE_UNISTD_H 1
| #define HAVE_FCNTL_H 1
| #define HAVE_SYS_IOCTL_H 1
| #define HAVE_SYS_TIME_H 1
| #define HAVE_SYSLOG_H 1
| #define HAVE_UNISTD_H 1
| #define HAVE_NET_IF_ARP_H 1
| #define HAVE_NETINET_IF_ETHER_H 1
| #define HAVE_GETOPT_H 1
| #define HAVE_SYS_UIO_H 1
| #define HAVE_SYS_PARAM_H 1
| #define HAVE_FCNTL_H 1
| #define HAVE_NETPACKET_PACKET_H 1
| #define HAVE_NET_ETHERNET_H 1
| #define HAVE_ASM_TYPES_H 1
| #define HAVE_LINUX_IF_PACKET_H 1
| #define HAVE_LINUX_IF_ETHER_H 1
| #define HAVE_SYS_SOCKET_H 1
| #define HAVE_SYS_CDEFS_H 1
| #define HAVE_NET_IF_H 1
| #define HAVE_NETINET_IF_ETHER_H 1
| #define HAVE_LINUX_IF_H 1
| #define HAVE_LINUX_IF_PPPOX_H 1
| #define TIME_WITH_SYS_TIME 1
| #define HAVE_STRUCT_SOCKADDR_LL 1
| /* end confdefs.h.  */
| #include <linux/termios.h>
| int
| main ()
| {
| int x = N_HDLC;
|   ;
|   return 0;
| }
configure:4111: result: no
configure:4209: checking for working memcmp
configure:4290: result: yes
configure:4299: checking for function prototypes
configure:4302: result: yes
configure:4319: checking whether setvbuf arguments are reversed
configure:4476: result: no
configure:4486: checking return type of signal handlers
configure:4514: arm-openwrt-linux-uclibcgnueabi-gcc -c -O -pipe -march=armv7-a -mtune=cortex-a9 -funit-at-a-time -mfpu=neon -ftree-vectorize -mfloat-abi=softfp -fhonour-copts -I/home/igarashi/cortina/build_dir/target-arm_uClibc-0.9.32_eabi/rp-pppoe-3.10/src/libevent  -I/home/igarashi/cortina/staging_dir/target-arm_uClibc-0.9.32_eabi/usr/include -I/home/igarashi/cortina/staging_dir/target-arm_uClibc-0.9.32_eabi/include -I/home/igarashi/cortina/staging_dir/toolchain-arm_gcc-4.5.1+l_uClibc-0.9.32_eabi/usr/include -I/home/igarashi/cortina/staging_dir/toolchain-arm_gcc-4.5.1+l_uClibc-0.9.32_eabi/include  conftest.c >&5
conftest.c: In function 'main':
conftest.c:53:1: error: void value not ignored as it ought to be
configure:4520: $? = 1
configure: failed program was:
| /* confdefs.h.  */
| #define PACKAGE_NAME ""
| #define PACKAGE_TARNAME ""
| #define PACKAGE_VERSION ""
| #define PACKAGE_STRING ""
| #define PACKAGE_BUGREPORT ""
| #define STDC_HEADERS 1
| #define HAVE_SYS_WAIT_H 1
| #define HAVE_SYS_TYPES_H 1
| #define HAVE_SYS_STAT_H 1
| #define HAVE_STDLIB_H 1
| #define HAVE_STRING_H 1
| #define HAVE_MEMORY_H 1
| #define HAVE_STRINGS_H 1
| #define HAVE_INTTYPES_H 1
| #define HAVE_STDINT_H 1
| #define HAVE_UNISTD_H 1
| #define HAVE_FCNTL_H 1
| #define HAVE_SYS_IOCTL_H 1
| #define HAVE_SYS_TIME_H 1
| #define HAVE_SYSLOG_H 1
| #define HAVE_UNISTD_H 1
| #define HAVE_NET_IF_ARP_H 1
| #define HAVE_NETINET_IF_ETHER_H 1
| #define HAVE_GETOPT_H 1
| #define HAVE_SYS_UIO_H 1
| #define HAVE_SYS_PARAM_H 1
| #define HAVE_FCNTL_H 1
| #define HAVE_NETPACKET_PACKET_H 1
| #define HAVE_NET_ETHERNET_H 1
| #define HAVE_ASM_TYPES_H 1
| #define HAVE_LINUX_IF_PACKET_H 1
| #define HAVE_LINUX_IF_ETHER_H 1
| #define HAVE_SYS_SOCKET_H 1
| #define HAVE_SYS_CDEFS_H 1
| #define HAVE_NET_IF_H 1
| #define HAVE_NETINET_IF_ETHER_H 1
| #define HAVE_LINUX_IF_H 1
| #define HAVE_LINUX_IF_PPPOX_H 1
| #define TIME_WITH_SYS_TIME 1
| #define HAVE_STRUCT_SOCKADDR_LL 1
| #define HAVE_LINUX_KERNEL_PPPOE 1
| #define DEBUGGING_ENABLED 1
| #define PROTOTYPES 1
| #define __PROTOTYPES 1
| /* end confdefs.h.  */
| #include <sys/types.h>
| #include <signal.h>
| 
| int
| main ()
| {
| return *(signal (0, 0)) (0) == 1;
|   ;
|   return 0;
| }
configure:4535: result: void
configure:4550: checking for select
configure:4606: arm-openwrt-linux-uclibcgnueabi-gcc -o conftest -O -pipe -march=armv7-a -mtune=cortex-a9 -funit-at-a-time -mfpu=neon -ftree-vectorize -mfloat-abi=softfp -fhonour-copts -I/home/igarashi/cortina/build_dir/target-arm_uClibc-0.9.32_eabi/rp-pppoe-3.10/src/libevent  -I/home/igarashi/cortina/staging_dir/target-arm_uClibc-0.9.32_eabi/usr/include -I/home/igarashi/cortina/staging_dir/target-arm_uClibc-0.9.32_eabi/include -I/home/igarashi/cortina/staging_dir/toolchain-arm_gcc-4.5.1+l_uClibc-0.9.32_eabi/usr/include -I/home/igarashi/cortina/staging_dir/toolchain-arm_gcc-4.5.1+l_uClibc-0.9.32_eabi/include  -L/home/igarashi/cortina/staging_dir/target-arm_uClibc-0.9.32_eabi/usr/lib -L/home/igarashi/cortina/staging_dir/target-arm_uClibc-0.9.32_eabi/lib -L/home/igarashi/cortina/staging_dir/toolchain-arm_gcc-4.5.1+l_uClibc-0.9.32_eabi/usr/lib -L/home/igarashi/cortina/staging_dir/toolchain-arm_gcc-4.5.1+l_uClibc-0.9.32_eabi/lib  conftest.c  >&5
configure:4612: $? = 0
configure:4630: result: yes
configure:4550: checking for socket
configure:4606: arm-openwrt-linux-uclibcgnueabi-gcc -o conftest -O -pipe -march=armv7-a -mtune=cortex-a9 -funit-at-a-time -mfpu=neon -ftree-vectorize -mfloat-abi=softfp -fhonour-copts -I/home/igarashi/cortina/build_dir/target-arm_uClibc-0.9.32_eabi/rp-pppoe-3.10/src/libevent  -I/home/igarashi/cortina/staging_dir/target-arm_uClibc-0.9.32_eabi/usr/include -I/home/igarashi/cortina/staging_dir/target-arm_uClibc-0.9.32_eabi/include -I/home/igarashi/cortina/staging_dir/toolchain-arm_gcc-4.5.1+l_uClibc-0.9.32_eabi/usr/include -I/home/igarashi/cortina/staging_dir/toolchain-arm_gcc-4.5.1+l_uClibc-0.9.32_eabi/include  -L/home/igarashi/cortina/staging_dir/target-arm_uClibc-0.9.32_eabi/usr/lib -L/home/igarashi/cortina/staging_dir/target-arm_uClibc-0.9.32_eabi/lib -L/home/igarashi/cortina/staging_dir/toolchain-arm_gcc-4.5.1+l_uClibc-0.9.32_eabi/usr/lib -L/home/igarashi/cortina/staging_dir/toolchain-arm_gcc-4.5.1+l_uClibc-0.9.32_eabi/lib  conftest.c  >&5
configure:4612: $? = 0
configure:4630: result: yes
configure:4550: checking for strerror
configure:4630: result: yes
configure:4550: checking for strtol
configure:4606: arm-openwrt-linux-uclibcgnueabi-gcc -o conftest -O -pipe -march=armv7-a -mtune=cortex-a9 -funit-at-a-time -mfpu=neon -ftree-vectorize -mfloat-abi=softfp -fhonour-copts -I/home/igarashi/cortina/build_dir/target-arm_uClibc-0.9.32_eabi/rp-pppoe-3.10/src/libevent  -I/home/igarashi/cortina/staging_dir/target-arm_uClibc-0.9.32_eabi/usr/include -I/home/igarashi/cortina/staging_dir/target-arm_uClibc-0.9.32_eabi/include -I/home/igarashi/cortina/staging_dir/toolchain-arm_gcc-4.5.1+l_uClibc-0.9.32_eabi/usr/include -I/home/igarashi/cortina/staging_dir/toolchain-arm_gcc-4.5.1+l_uClibc-0.9.32_eabi/include  -L/home/igarashi/cortina/staging_dir/target-arm_uClibc-0.9.32_eabi/usr/lib -L/home/igarashi/cortina/staging_dir/target-arm_uClibc-0.9.32_eabi/lib -L/home/igarashi/cortina/staging_dir/toolchain-arm_gcc-4.5.1+l_uClibc-0.9.32_eabi/usr/lib -L/home/igarashi/cortina/staging_dir/toolchain-arm_gcc-4.5.1+l_uClibc-0.9.32_eabi/lib  conftest.c  >&5
configure:4612: $? = 0
configure:4630: result: yes
configure:4684: checking for a BSD-compatible install
configure:4740: result: /usr/bin/install -c
configure:4752: checking for unsigned short
configure:4782: arm-openwrt-linux-uclibcgnueabi-gcc -c -O -pipe -march=armv7-a -mtune=cortex-a9 -funit-at-a-time -mfpu=neon -ftree-vectorize -mfloat-abi=softfp -fhonour-copts -I/home/igarashi/cortina/build_dir/target-arm_uClibc-0.9.32_eabi/rp-pppoe-3.10/src/libevent  -I/home/igarashi/cortina/staging_dir/target-arm_uClibc-0.9.32_eabi/usr/include -I/home/igarashi/cortina/staging_dir/target-arm_uClibc-0.9.32_eabi/include -I/home/igarashi/cortina/staging_dir/toolchain-arm_gcc-4.5.1+l_uClibc-0.9.32_eabi/usr/include -I/home/igarashi/cortina/staging_dir/toolchain-arm_gcc-4.5.1+l_uClibc-0.9.32_eabi/include  conftest.c >&5
configure:4788: $? = 0
configure:4803: result: yes
configure:4810: checking size of unsigned short
configure:5147: result: 2
configure:5157: checking for unsigned int
configure:5187: arm-openwrt-linux-uclibcgnueabi-gcc -c -O -pipe -march=armv7-a -mtune=cortex-a9 -funit-at-a-time -mfpu=neon -ftree-vectorize -mfloat-abi=softfp -fhonour-copts -I/home/igarashi/cortina/build_dir/target-arm_uClibc-0.9.32_eabi/rp-pppoe-3.10/src/libevent  -I/home/igarashi/cortina/staging_dir/target-arm_uClibc-0.9.32_eabi/usr/include -I/home/igarashi/cortina/staging_dir/target-arm_uClibc-0.9.32_eabi/include -I/home/igarashi/cortina/staging_dir/toolchain-arm_gcc-4.5.1+l_uClibc-0.9.32_eabi/usr/include -I/home/igarashi/cortina/staging_dir/toolchain-arm_gcc-4.5.1+l_uClibc-0.9.32_eabi/include  conftest.c >&5
configure:5193: $? = 0
configure:5208: result: yes
configure:5215: checking size of unsigned int
configure:5552: result: 4
configure:5562: checking for unsigned long
configure:5592: arm-openwrt-linux-uclibcgnueabi-gcc -c -O -pipe -march=armv7-a -mtune=cortex-a9 -funit-at-a-time -mfpu=neon -ftree-vectorize -mfloat-abi=softfp -fhonour-copts -I/home/igarashi/cortina/build_dir/target-arm_uClibc-0.9.32_eabi/rp-pppoe-3.10/src/libevent  -I/home/igarashi/cortina/staging_dir/target-arm_uClibc-0.9.32_eabi/usr/include -I/home/igarashi/cortina/staging_dir/target-arm_uClibc-0.9.32_eabi/include -I/home/igarashi/cortina/staging_dir/toolchain-arm_gcc-4.5.1+l_uClibc-0.9.32_eabi/usr/include -I/home/igarashi/cortina/staging_dir/toolchain-arm_gcc-4.5.1+l_uClibc-0.9.32_eabi/include  conftest.c >&5
configure:5598: $? = 0
configure:5613: result: yes
configure:5620: checking size of unsigned long
configure:5957: result: 4
configure:5970: checking for pppd
configure:6002: result: /usr/sbin/pppd
configure:6012: checking for echo
configure:6030: found /bin/echo
configure:6043: result: /bin/echo
configure:6054: checking for setsid
configure:6073: found /usr/bin/setsid
configure:6086: result: /usr/bin/setsid
configure:6097: checking for id
configure:6116: found /usr/bin/id
configure:6129: result: /usr/bin/id
configure:6138: checking for Linux 2.4.X kernel-mode PPPoE support
configure:6213: result: yes
configure:6263: WARNING: *** Oops.  I cannot figure out what version of pppd you have.
configure:6265: WARNING: *** All I got back was ''
configure:6267: WARNING: *** I will keep going, but it may not work.
configure:6272: checking packing order of bit fields
configure:6349: result: normal
configure:6518: creating ./config.status

## ---------------------- ##
## Running config.status. ##
## ---------------------- ##

This file was extended by config.status, which was
generated by GNU Autoconf 2.61.  Invocation command line was

  CONFIG_FILES    = 
  CONFIG_HEADERS  = 
  CONFIG_LINKS    = 
  CONFIG_COMMANDS = 
  $ ./config.status 

on igarashi-VirtualBox

config.status:626: creating Makefile
config.status:761: WARNING:  Makefile.in seems to ignore the --datarootdir setting
config.status:626: creating libevent/Makefile
config.status:626: creating ../scripts/pppoe-connect
config.status:626: creating ../scripts/pppoe-start
config.status:626: creating ../scripts/pppoe-stop
config.status:626: creating ../scripts/pppoe-init
config.status:626: creating ../scripts/pppoe-init-suse
config.status:626: creating ../scripts/pppoe-init-turbolinux
config.status:626: creating ../scripts/pppoe-setup
config.status:626: creating ../gui/Makefile
config.status:761: WARNING:  ../gui/Makefile.in seems to ignore the --datarootdir setting
config.status:626: creating ../gui/tkpppoe
config.status:626: creating config.h
configure:7549: result: On this platform, the following targets will be built:
configure:7551: result: pppoe pppoe-server pppoe-sniff pppoe-relay rp-pppoe.so
configure:7553: result: Type 'make' to compile the software.

## ---------------- ##
## Cache variables. ##
## ---------------- ##

ac_cv_c_bigendian=no
ac_cv_c_compiler_gnu=yes
ac_cv_c_const=yes
ac_cv_c_gettext_without_libintl=yes
ac_cv_c_littleendian=yes
ac_cv_c_long_double=no
ac_cv_conv_longlong_to_float=yes
ac_cv_debugging=yes
ac_cv_env_CC_set=set
ac_cv_env_CC_value=arm-openwrt-linux-uclibcgnueabi-gcc
ac_cv_env_CFLAGS_set=set
ac_cv_env_CFLAGS_value='-O -pipe -march=armv7-a -mtune=cortex-a9 -funit-at-a-time -mfpu=neon -ftree-vectorize -mfloat-abi=softfp -fhonour-copts -I/home/igarashi/cortina/build_dir/target-arm_uClibc-0.9.32_eabi/rp-pppoe-3.10/src/libevent '
ac_cv_env_CPPFLAGS_set=set
ac_cv_env_CPPFLAGS_value='-I/home/igarashi/cortina/staging_dir/target-arm_uClibc-0.9.32_eabi/usr/include -I/home/igarashi/cortina/staging_dir/target-arm_uClibc-0.9.32_eabi/include -I/home/igarashi/cortina/staging_dir/toolchain-arm_gcc-4.5.1+l_uClibc-0.9.32_eabi/usr/include -I/home/igarashi/cortina/staging_dir/toolchain-arm_gcc-4.5.1+l_uClibc-0.9.32_eabi/include '
ac_cv_env_CPP_set=
ac_cv_env_CPP_value=
ac_cv_env_LDFLAGS_set=set
ac_cv_env_LDFLAGS_value='-L/home/igarashi/cortina/staging_dir/target-arm_uClibc-0.9.32_eabi/usr/lib -L/home/igarashi/cortina/staging_dir/target-arm_uClibc-0.9.32_eabi/lib -L/home/igarashi/cortina/staging_dir/toolchain-arm_gcc-4.5.1+l_uClibc-0.9.32_eabi/usr/lib -L/home/igarashi/cortina/staging_dir/toolchain-arm_gcc-4.5.1+l_uClibc-0.9.32_eabi/lib '
ac_cv_env_LIBS_set=
ac_cv_env_LIBS_value=
ac_cv_env_build_alias_set=set
ac_cv_env_build_alias_value=i686-linux-gnu
ac_cv_env_host_alias_set=set
ac_cv_env_host_alias_value=arm-openwrt-linux
ac_cv_env_target_alias_set=set
ac_cv_env_target_alias_value=arm-openwrt-linux
ac_cv_file__dev_zero=yes
ac_cv_func___adjtimex=yes
ac_cv_func___va_copy=no
ac_cv_func__exit=yes
ac_cv_func_bcmp=yes
ac_cv_func_bcopy=yes
ac_cv_func_bzero=yes
ac_cv_func_cimag=yes
ac_cv_func_creal=yes
ac_cv_func_fchmod=yes
ac_cv_func_getaddrinfo=yes
ac_cv_func_getcwd=yes
ac_cv_func_getdomainname=yes
ac_cv_func_getpgrp_void=yes
ac_cv_func_getpwuid_r=yes
ac_cv_func_gettimeofday=yes
ac_cv_func_index=yes
ac_cv_func_lstat=yes
ac_cv_func_lstat_dereferences_slashed_symlink=yes
ac_cv_func_lstat_empty_string_bug=no
ac_cv_func_malloc_0_nonnull=yes
ac_cv_func_malloc_works=yes
ac_cv_func_memcmp_clean=yes
ac_cv_func_memcmp_working=yes
ac_cv_func_posix_getgrgid_r=yes
ac_cv_func_posix_getpwuid_r=yes
ac_cv_func_psignal=yes
ac_cv_func_pthread_key_delete=yes
ac_cv_func_realloc_0_nonnull=yes
ac_cv_func_realloc_works=yes
ac_cv_func_rename=yes
ac_cv_func_rindex=yes
ac_cv_func_select=yes
ac_cv_func_setgrent_void=yes
ac_cv_func_setlocale=yes
ac_cv_func_setpgrp_void=yes
ac_cv_func_setresuid=no
ac_cv_func_setvbuf_reversed=no
ac_cv_func_socket=yes
ac_cv_func_stat_empty_string_bug=no
ac_cv_func_stat_ignores_trailing_slash=no
ac_cv_func_strerror=yes
ac_cv_func_strftime=yes
ac_cv_func_strtol=yes
ac_cv_func_utimes=yes
ac_cv_func_va_copy=no
ac_cv_func_vsnprintf=yes
ac_cv_have_accrights_in_msghdr=no
ac_cv_have_broken_snprintf=no
ac_cv_have_control_in_msghdr=yes
ac_cv_have_decl_sys_siglist=no
ac_cv_have_openpty_ctty_bug=yes
ac_cv_have_space_d_name_in_struct_dirent=yes
ac_cv_header_asm_types_h=yes
ac_cv_header_fcntl_h=yes
ac_cv_header_getopt_h=yes
ac_cv_header_inttypes_h=yes
ac_cv_header_linux_if_ether_h=yes
ac_cv_header_linux_if_h=yes
ac_cv_header_linux_if_packet_h=yes
ac_cv_header_linux_if_pppox_h=yes
ac_cv_header_memory_h=yes
ac_cv_header_net_bpf_h=no
ac_cv_header_net_ethernet_h=yes
ac_cv_header_net_if_arp_h=yes
ac_cv_header_net_if_dl_h=no
ac_cv_header_net_if_ether_h=no
ac_cv_header_net_if_h=yes
ac_cv_header_net_if_types_h=no
ac_cv_header_netinet_if_ether_h=yes
ac_cv_header_netinet_sctp_h=no
ac_cv_header_netinet_sctp_uio_h=no
ac_cv_header_netpacket_packet_h=yes
ac_cv_header_stdc=yes
ac_cv_header_stdint_h=yes
ac_cv_header_stdlib_h=yes
ac_cv_header_string_h=yes
ac_cv_header_strings_h=yes
ac_cv_header_sys_cdefs_h=yes
ac_cv_header_sys_dlpi_h=no
ac_cv_header_sys_ioctl_h=yes
ac_cv_header_sys_param_h=yes
ac_cv_header_sys_socket_h=yes
ac_cv_header_sys_stat_h=yes
ac_cv_header_sys_time_h=yes
ac_cv_header_sys_types_h=yes
ac_cv_header_sys_uio_h=yes
ac_cv_header_sys_wait_h=yes
ac_cv_header_syslog_h=yes
ac_cv_header_time=yes
ac_cv_header_unistd_h=yes
ac_cv_int64_t=yes
ac_cv_lbl_unaligned_fail=no
ac_cv_licpath=no
ac_cv_linux_kernel_pppoe=yes
ac_cv_linux_vers=2
ac_cv_n_hdlc=no
ac_cv_objext=o
ac_cv_pack_bitfields_reversed=yes
ac_cv_path_ECHO=/bin/echo
ac_cv_path_EGREP='/bin/grep -E'
ac_cv_path_GREP=/bin/grep
ac_cv_path_ID=/usr/bin/id
ac_cv_path_LDCONFIG=
ac_cv_path_PPPD=/usr/sbin/pppd
ac_cv_path_SETSID=/usr/bin/setsid
ac_cv_path_install='/usr/bin/install -c'
ac_cv_pluginpath=/home/igarashi/cortina/staging_dir/target-arm_uClibc-0.9.32_eabi/usr/include/
ac_cv_prog_CC=arm-openwrt-linux-uclibcgnueabi-gcc
ac_cv_prog_CPP='arm-openwrt-linux-uclibcgnueabi-gcc -E'
ac_cv_prog_RANLIB=arm-openwrt-linux-uclibcgnueabi-ranlib
ac_cv_prog_cc_c89=
ac_cv_prog_cc_g=yes
ac_cv_regexec_segfault_emptystr=no
ac_cv_sctp=no
ac_cv_sizeof___int64=0
ac_cv_sizeof_char=1
ac_cv_sizeof_int16_t=2
ac_cv_sizeof_int32_t=4
ac_cv_sizeof_int64_t=8
ac_cv_sizeof_int=4
ac_cv_sizeof_long=4
ac_cv_sizeof_long_int=4
ac_cv_sizeof_long_long=8
ac_cv_sizeof_off_t=4
ac_cv_sizeof_short=2
ac_cv_sizeof_short_int=2
ac_cv_sizeof_size_t=4
ac_cv_sizeof_ssize_t=4
ac_cv_sizeof_u_int16_t=2
ac_cv_sizeof_u_int32_t=4
ac_cv_sizeof_u_int64_t=8
ac_cv_sizeof_uint16_t=2
ac_cv_sizeof_uint32_t=4
ac_cv_sizeof_uint64_t=8
ac_cv_sizeof_unsigned_int=4
ac_cv_sizeof_unsigned_long=4
ac_cv_sizeof_unsigned_long_long=8
ac_cv_sizeof_unsigned_short=2
ac_cv_sizeof_void_p=4
ac_cv_struct_sockaddr_ll=yes
ac_cv_struct_tm=time.h
ac_cv_sys_restartable_syscalls=yes
ac_cv_time_r_type=POSIX
ac_cv_type_pid_t=yes
ac_cv_type_signal=void
ac_cv_type_suseconds_t=yes
ac_cv_type_unsigned_int=yes
ac_cv_type_unsigned_long=yes
ac_cv_type_unsigned_short=yes
ac_cv_uchar=no
ac_cv_uint64_t=yes
ac_cv_uint=yes
ac_cv_ulong=yes
ac_cv_ushort=yes
ac_cv_va_copy=C99
ac_cv_va_val_copy=yes
as_cv_unaligned_access=yes
rpppoe_cv_pack_bitfields=

## ----------------- ##
## Output variables. ##
## ----------------- ##

CC='arm-openwrt-linux-uclibcgnueabi-gcc'
CFLAGS='-O -pipe -march=armv7-a -mtune=cortex-a9 -funit-at-a-time -mfpu=neon -ftree-vectorize -mfloat-abi=softfp -fhonour-copts -I/home/igarashi/cortina/build_dir/target-arm_uClibc-0.9.32_eabi/rp-pppoe-3.10/src/libevent  -Wall -Wstrict-prototypes'
CPP='arm-openwrt-linux-uclibcgnueabi-gcc -E'
CPPFLAGS='-I/home/igarashi/cortina/staging_dir/target-arm_uClibc-0.9.32_eabi/usr/include -I/home/igarashi/cortina/staging_dir/target-arm_uClibc-0.9.32_eabi/include -I/home/igarashi/cortina/staging_dir/toolchain-arm_gcc-4.5.1+l_uClibc-0.9.32_eabi/usr/include -I/home/igarashi/cortina/staging_dir/toolchain-arm_gcc-4.5.1+l_uClibc-0.9.32_eabi/include '
DEFS='-DHAVE_CONFIG_H'
ECHO='/bin/echo'
ECHO_C=''
ECHO_N='-n'
ECHO_T=''
EGREP='/bin/grep -E'
EXEEXT=''
GREP='/bin/grep'
ID='/usr/bin/id'
INSTALL_DATA='${INSTALL} -m 644'
INSTALL_PROGRAM='${INSTALL}'
INSTALL_SCRIPT='${INSTALL}'
LDFLAGS='-L/home/igarashi/cortina/staging_dir/target-arm_uClibc-0.9.32_eabi/usr/lib -L/home/igarashi/cortina/staging_dir/target-arm_uClibc-0.9.32_eabi/lib -L/home/igarashi/cortina/staging_dir/toolchain-arm_gcc-4.5.1+l_uClibc-0.9.32_eabi/usr/lib -L/home/igarashi/cortina/staging_dir/toolchain-arm_gcc-4.5.1+l_uClibc-0.9.32_eabi/lib '
LIBEVENT='../libevent'
LIBOBJS=''
LIBS=''
LIC_DEFINE=''
LIC_INCDIR=''
LIC_LIB=''
LIC_LIBDIR=''
LIC_MAKEFILE_INCLUDE=''
LINUX_KERNELMODE_PLUGIN='rp-pppoe.so'
LTLIBOBJS=''
OBJEXT='o'
PACKAGE_BUGREPORT=''
PACKAGE_NAME=''
PACKAGE_STRING=''
PACKAGE_TARNAME=''
PACKAGE_VERSION=''
PATH_SEPARATOR=':'
PPPD='/usr/sbin/pppd'
PPPD_H=''
PPPD_INCDIR='/home/igarashi/cortina/staging_dir/target-arm_uClibc-0.9.32_eabi/usr/include/'
PPPOE_RELAY='pppoe-relay'
PPPOE_SERVER_DEPS=''
RANLIB='arm-openwrt-linux-uclibcgnueabi-ranlib'
RDYNAMIC=''
SETSID='/usr/bin/setsid'
SHELL='/bin/bash'
TARGETS='pppoe pppoe-server pppoe-sniff pppoe-relay rp-pppoe.so'
WRAPPER='/usr/sbin/pppoe-wrapper'
ac_ct_CC=''
bindir='/usr/bin'
build_alias='i686-linux-gnu'
datadir='/usr/share'
datadir_evaluated='/usr/share'
datarootdir='${prefix}/share'
docdir='${datarootdir}/doc/${PACKAGE}'
dvidir='${docdir}'
exec_prefix='/usr'
host_alias='arm-openwrt-linux'
htmldir='${docdir}'
includedir='${prefix}/include'
infodir='/usr/info'
libdir='${exec_prefix}/lib'
libexecdir='/usr/lib'
localedir='${datarootdir}/locale'
localstatedir='/var'
mandir='/usr/man'
oldincludedir='/usr/include'
pdfdir='${docdir}'
prefix='/usr'
program_transform_name='s,x,x,'
psdir='${docdir}'
sbindir='/usr/sbin'
sharedstatedir='${prefix}/com'
sysconfdir='/etc'
target_alias='arm-openwrt-linux'

## ----------- ##
## confdefs.h. ##
## ----------- ##

#define PACKAGE_NAME ""
#define PACKAGE_TARNAME ""
#define PACKAGE_VERSION ""
#define PACKAGE_STRING ""
#define PACKAGE_BUGREPORT ""
#define STDC_HEADERS 1
#define HAVE_SYS_WAIT_H 1
#define HAVE_SYS_TYPES_H 1
#define HAVE_SYS_STAT_H 1
#define HAVE_STDLIB_H 1
#define HAVE_STRING_H 1
#define HAVE_MEMORY_H 1
#define HAVE_STRINGS_H 1
#define HAVE_INTTYPES_H 1
#define HAVE_STDINT_H 1
#define HAVE_UNISTD_H 1
#define HAVE_FCNTL_H 1
#define HAVE_SYS_IOCTL_H 1
#define HAVE_SYS_TIME_H 1
#define HAVE_SYSLOG_H 1
#define HAVE_UNISTD_H 1
#define HAVE_NET_IF_ARP_H 1
#define HAVE_NETINET_IF_ETHER_H 1
#define HAVE_GETOPT_H 1
#define HAVE_SYS_UIO_H 1
#define HAVE_SYS_PARAM_H 1
#define HAVE_FCNTL_H 1
#define HAVE_NETPACKET_PACKET_H 1
#define HAVE_NET_ETHERNET_H 1
#define HAVE_ASM_TYPES_H 1
#define HAVE_LINUX_IF_PACKET_H 1
#define HAVE_LINUX_IF_ETHER_H 1
#define HAVE_SYS_SOCKET_H 1
#define HAVE_SYS_CDEFS_H 1
#define HAVE_NET_IF_H 1
#define HAVE_NETINET_IF_ETHER_H 1
#define HAVE_LINUX_IF_H 1
#define HAVE_LINUX_IF_PPPOX_H 1
#define TIME_WITH_SYS_TIME 1
#define HAVE_STRUCT_SOCKADDR_LL 1
#define HAVE_LINUX_KERNEL_PPPOE 1
#define DEBUGGING_ENABLED 1
#define PROTOTYPES 1
#define __PROTOTYPES 1
#define RETSIGTYPE void
#define HAVE_SELECT 1
#define HAVE_SOCKET 1
#define HAVE_STRERROR 1
#define HAVE_STRTOL 1
#define SIZEOF_UNSIGNED_SHORT 2
#define SIZEOF_UNSIGNED_INT 4
#define SIZEOF_UNSIGNED_LONG 4

configure: exit 0
