This file contains any messages produced by compilers while
running configure, to aid debugging if configure makes a mistake.

It was created by FreeType configure 2.3.12, which was
generated by GNU Autoconf 2.63.  Invocation command line was

  $ ./configure --target=arm-openwrt-linux --host=arm-openwrt-linux --build=i686-linux-gnu --program-prefix= --program-suffix= --prefix=/usr --exec-prefix=/usr --bindir=/usr/bin --sbindir=/usr/sbin --libexecdir=/usr/lib --sysconfdir=/etc --datadir=/usr/share --localstatedir=/var --mandir=/usr/man --infodir=/usr/info --disable-nls --enable-shared --enable-static

## --------- ##
## Platform. ##
## --------- ##

hostname = igarashi-VirtualBox
uname -m = i686
uname -r = 2.6.38-16-generic
uname -s = Linux
uname -v = #67-Ubuntu SMP Thu Sep 6 18:00:43 UTC 2012

/usr/bin/uname -p = unknown
/bin/uname -X     = unknown

/bin/arch              = unknown
/usr/bin/arch -k       = unknown
/usr/convex/getsysinfo = unknown
/usr/bin/hostinfo      = unknown
/bin/machine           = unknown
/usr/bin/oslevel       = unknown
/bin/universe          = unknown

PATH: /home/igarashi/cortina/staging_dir/target-arm_uClibc-0.9.32_eabi/host/bin
PATH: /home/igarashi/cortina/staging_dir/toolchain-arm_gcc-4.5.1+l_uClibc-0.9.32_eabi/bin
PATH: /home/igarashi/cortina/staging_dir/host/bin
PATH: /home/igarashi/cortina/staging_dir/toolchain-arm_gcc-4.5.1+l_uClibc-0.9.32_eabi/bin
PATH: /home/igarashi/cortina/staging_dir/host/bin
PATH: /home/igarashi/cortina/staging_dir/toolchain-arm_gcc-4.5.1+l_uClibc-0.9.32_eabi/bin
PATH: /home/igarashi/cortina/staging_dir/host/bin
PATH: /usr/local/sbin
PATH: /usr/local/bin
PATH: /usr/sbin
PATH: /usr/bin
PATH: /sbin
PATH: /bin
PATH: /usr/games


## ----------- ##
## Core tests. ##
## ----------- ##

configure:1907: loading site script /home/igarashi/cortina/include/site/arm-openwrt-linux-uclibcgnueabi
| #!/bin/sh
| 
| . $TOPDIR/include/site/arm-linux
| . $TOPDIR/include/site/linux-uclibc
| 
configure:2072: checking build system type
configure:2090: result: i686-pc-linux-gnu
configure:2112: checking host system type
configure:2127: result: arm-openwrt-linux-gnu
configure:2161: checking for arm-openwrt-linux-gcc
configure:2188: result: arm-openwrt-linux-uclibcgnueabi-gcc
configure:2460: checking for C compiler version
configure:2468: arm-openwrt-linux-uclibcgnueabi-gcc --version >&5
arm-openwrt-linux-uclibcgnueabi-gcc (GCC) 4.5.2 20101126 (Linaro) [release 4.5-2010.12-0]
Copyright (C) 2010 Free Software Foundation, Inc.
This is free software; see the source for copying conditions.  There is NO
warranty; not even for MERCHANTABILITY or FITNESS FOR A PARTICULAR PURPOSE.

configure:2472: $? = 0
configure:2479: arm-openwrt-linux-uclibcgnueabi-gcc -v >&5
Using built-in specs.
COLLECT_GCC=arm-openwrt-linux-uclibcgnueabi-gcc
COLLECT_LTO_WRAPPER=/home/igarashi/cortina/staging_dir/toolchain-arm_gcc-4.5.1+l_uClibc-0.9.32_eabi/libexec/gcc/arm-openwrt-linux-uclibcgnueabi/4.5.2/lto-wrapper
Target: arm-openwrt-linux-uclibcgnueabi
Configured with: /home/igarashi/cortina/build_dir/toolchain-arm_gcc-4.5.1+l_uClibc-0.9.32_eabi/gcc-linaro-4.5-2010.12-0/configure --prefix=/home/igarashi/cortina/staging_dir/toolchain-arm_gcc-4.5.1+l_uClibc-0.9.32_eabi --build=i686-linux-gnu --host=i686-linux-gnu --target=arm-openwrt-linux-uclibcgnueabi --with-gnu-ld --enable-target-optspace --disable-libgomp --disable-libmudflap --disable-multilib --disable-nls --with-gmp=/home/igarashi/cortina/staging_dir/host --with-mpfr=/home/igarashi/cortina/staging_dir/host --disable-decimal-float --with-gmp=/home/igarashi/cortina/staging_dir/host --with-mpc=/home/igarashi/cortina/staging_dir/host --with-mpfr=/home/igarashi/cortina/staging_dir/host --disable-decimal-float --disable-libssp --disable-__cxa_atexit --enable-languages=c,c++ --enable-shared --enable-threads --with-slibdir=/home/igarashi/cortina/staging_dir/toolchain-arm_gcc-4.5.1+l_uClibc-0.9.32_eabi/lib --enable-lto --with-libelf=/home/igarashi/cortina/staging_dir/host --enable-tls
Thread model: posix
gcc version 4.5.2 20101126 (Linaro) [release 4.5-2010.12-0] (GCC) 
configure:2483: $? = 0
configure:2490: arm-openwrt-linux-uclibcgnueabi-gcc -V >&5
arm-openwrt-linux-uclibcgnueabi-gcc: '-V' option must have argument
configure:2494: $? = 1
configure:2517: checking for C compiler default output file name
configure:2539: arm-openwrt-linux-uclibcgnueabi-gcc -O -pipe -march=armv7-a -mtune=cortex-a9 -funit-at-a-time -mfpu=neon -ftree-vectorize -mfloat-abi=softfp -fhonour-copts -fpic  -I/home/igarashi/cortina/staging_dir/target-arm_uClibc-0.9.32_eabi/usr/include -I/home/igarashi/cortina/staging_dir/target-arm_uClibc-0.9.32_eabi/include -I/home/igarashi/cortina/staging_dir/toolchain-arm_gcc-4.5.1+l_uClibc-0.9.32_eabi/usr/include -I/home/igarashi/cortina/staging_dir/toolchain-arm_gcc-4.5.1+l_uClibc-0.9.32_eabi/include  -L/home/igarashi/cortina/staging_dir/target-arm_uClibc-0.9.32_eabi/usr/lib -L/home/igarashi/cortina/staging_dir/target-arm_uClibc-0.9.32_eabi/lib -L/home/igarashi/cortina/staging_dir/toolchain-arm_gcc-4.5.1+l_uClibc-0.9.32_eabi/usr/lib -L/home/igarashi/cortina/staging_dir/toolchain-arm_gcc-4.5.1+l_uClibc-0.9.32_eabi/lib  conftest.c  >&5
configure:2543: $? = 0
configure:2581: result: a.out
configure:2600: checking whether the C compiler works
configure:2633: result: yes
configure:2640: checking whether we are cross compiling
configure:2642: result: yes
configure:2645: checking for suffix of executables
configure:2652: arm-openwrt-linux-uclibcgnueabi-gcc -o conftest -O -pipe -march=armv7-a -mtune=cortex-a9 -funit-at-a-time -mfpu=neon -ftree-vectorize -mfloat-abi=softfp -fhonour-copts -fpic  -I/home/igarashi/cortina/staging_dir/target-arm_uClibc-0.9.32_eabi/usr/include -I/home/igarashi/cortina/staging_dir/target-arm_uClibc-0.9.32_eabi/include -I/home/igarashi/cortina/staging_dir/toolchain-arm_gcc-4.5.1+l_uClibc-0.9.32_eabi/usr/include -I/home/igarashi/cortina/staging_dir/toolchain-arm_gcc-4.5.1+l_uClibc-0.9.32_eabi/include  -L/home/igarashi/cortina/staging_dir/target-arm_uClibc-0.9.32_eabi/usr/lib -L/home/igarashi/cortina/staging_dir/target-arm_uClibc-0.9.32_eabi/lib -L/home/igarashi/cortina/staging_dir/toolchain-arm_gcc-4.5.1+l_uClibc-0.9.32_eabi/usr/lib -L/home/igarashi/cortina/staging_dir/toolchain-arm_gcc-4.5.1+l_uClibc-0.9.32_eabi/lib  conftest.c  >&5
configure:2656: $? = 0
configure:2682: result: 
configure:2688: checking for suffix of object files
configure:2714: arm-openwrt-linux-uclibcgnueabi-gcc -c -O -pipe -march=armv7-a -mtune=cortex-a9 -funit-at-a-time -mfpu=neon -ftree-vectorize -mfloat-abi=softfp -fhonour-copts -fpic  -I/home/igarashi/cortina/staging_dir/target-arm_uClibc-0.9.32_eabi/usr/include -I/home/igarashi/cortina/staging_dir/target-arm_uClibc-0.9.32_eabi/include -I/home/igarashi/cortina/staging_dir/toolchain-arm_gcc-4.5.1+l_uClibc-0.9.32_eabi/usr/include -I/home/igarashi/cortina/staging_dir/toolchain-arm_gcc-4.5.1+l_uClibc-0.9.32_eabi/include  conftest.c >&5
configure:2718: $? = 0
configure:2743: result: o
configure:2747: checking whether we are using the GNU C compiler
configure:2776: arm-openwrt-linux-uclibcgnueabi-gcc -c -O -pipe -march=armv7-a -mtune=cortex-a9 -funit-at-a-time -mfpu=neon -ftree-vectorize -mfloat-abi=softfp -fhonour-copts -fpic  -I/home/igarashi/cortina/staging_dir/target-arm_uClibc-0.9.32_eabi/usr/include -I/home/igarashi/cortina/staging_dir/target-arm_uClibc-0.9.32_eabi/include -I/home/igarashi/cortina/staging_dir/toolchain-arm_gcc-4.5.1+l_uClibc-0.9.32_eabi/usr/include -I/home/igarashi/cortina/staging_dir/toolchain-arm_gcc-4.5.1+l_uClibc-0.9.32_eabi/include  conftest.c >&5
configure:2783: $? = 0
configure:2800: result: yes
configure:2809: checking whether arm-openwrt-linux-uclibcgnueabi-gcc accepts -g
configure:2839: arm-openwrt-linux-uclibcgnueabi-gcc -c -g -I/home/igarashi/cortina/staging_dir/target-arm_uClibc-0.9.32_eabi/usr/include -I/home/igarashi/cortina/staging_dir/target-arm_uClibc-0.9.32_eabi/include -I/home/igarashi/cortina/staging_dir/toolchain-arm_gcc-4.5.1+l_uClibc-0.9.32_eabi/usr/include -I/home/igarashi/cortina/staging_dir/toolchain-arm_gcc-4.5.1+l_uClibc-0.9.32_eabi/include  conftest.c >&5
cc1: note: someone does not honour COPTS correctly, passed 0 times
configure:2846: $? = 0
configure: failed program was:
| /* confdefs.h.  */
| #define PACKAGE_NAME "FreeType"
| #define PACKAGE_TARNAME "freetype"
| #define PACKAGE_VERSION "2.3.12"
| #define PACKAGE_STRING "FreeType 2.3.12"
| #define PACKAGE_BUGREPORT "freetype@nongnu.org"
| /* end confdefs.h.  */
| 
| int
| main ()
| {
| 
|   ;
|   return 0;
| }
configure:2878: arm-openwrt-linux-uclibcgnueabi-gcc -c  -I/home/igarashi/cortina/staging_dir/target-arm_uClibc-0.9.32_eabi/usr/include -I/home/igarashi/cortina/staging_dir/target-arm_uClibc-0.9.32_eabi/include -I/home/igarashi/cortina/staging_dir/toolchain-arm_gcc-4.5.1+l_uClibc-0.9.32_eabi/usr/include -I/home/igarashi/cortina/staging_dir/toolchain-arm_gcc-4.5.1+l_uClibc-0.9.32_eabi/include  conftest.c >&5
cc1: note: someone does not honour COPTS correctly, passed 0 times
configure:2885: $? = 0
configure: failed program was:
| /* confdefs.h.  */
| #define PACKAGE_NAME "FreeType"
| #define PACKAGE_TARNAME "freetype"
| #define PACKAGE_VERSION "2.3.12"
| #define PACKAGE_STRING "FreeType 2.3.12"
| #define PACKAGE_BUGREPORT "freetype@nongnu.org"
| /* end confdefs.h.  */
| 
| int
| main ()
| {
| 
|   ;
|   return 0;
| }
configure:2918: arm-openwrt-linux-uclibcgnueabi-gcc -c -g -I/home/igarashi/cortina/staging_dir/target-arm_uClibc-0.9.32_eabi/usr/include -I/home/igarashi/cortina/staging_dir/target-arm_uClibc-0.9.32_eabi/include -I/home/igarashi/cortina/staging_dir/toolchain-arm_gcc-4.5.1+l_uClibc-0.9.32_eabi/usr/include -I/home/igarashi/cortina/staging_dir/toolchain-arm_gcc-4.5.1+l_uClibc-0.9.32_eabi/include  conftest.c >&5
cc1: note: someone does not honour COPTS correctly, passed 0 times
configure:2925: $? = 0
configure:2947: result: yes
configure:2964: checking for arm-openwrt-linux-uclibcgnueabi-gcc option to accept ISO C89
configure:3038: arm-openwrt-linux-uclibcgnueabi-gcc  -c -O -pipe -march=armv7-a -mtune=cortex-a9 -funit-at-a-time -mfpu=neon -ftree-vectorize -mfloat-abi=softfp -fhonour-copts -fpic  -I/home/igarashi/cortina/staging_dir/target-arm_uClibc-0.9.32_eabi/usr/include -I/home/igarashi/cortina/staging_dir/target-arm_uClibc-0.9.32_eabi/include -I/home/igarashi/cortina/staging_dir/toolchain-arm_gcc-4.5.1+l_uClibc-0.9.32_eabi/usr/include -I/home/igarashi/cortina/staging_dir/toolchain-arm_gcc-4.5.1+l_uClibc-0.9.32_eabi/include  conftest.c >&5
configure:3045: $? = 0
configure:3068: result: none needed
configure:3091: checking how to run the C preprocessor
configure:3131: arm-openwrt-linux-uclibcgnueabi-gcc -E -I/home/igarashi/cortina/staging_dir/target-arm_uClibc-0.9.32_eabi/usr/include -I/home/igarashi/cortina/staging_dir/target-arm_uClibc-0.9.32_eabi/include -I/home/igarashi/cortina/staging_dir/toolchain-arm_gcc-4.5.1+l_uClibc-0.9.32_eabi/usr/include -I/home/igarashi/cortina/staging_dir/toolchain-arm_gcc-4.5.1+l_uClibc-0.9.32_eabi/include  conftest.c
configure:3138: $? = 0
configure:3169: arm-openwrt-linux-uclibcgnueabi-gcc -E -I/home/igarashi/cortina/staging_dir/target-arm_uClibc-0.9.32_eabi/usr/include -I/home/igarashi/cortina/staging_dir/target-arm_uClibc-0.9.32_eabi/include -I/home/igarashi/cortina/staging_dir/toolchain-arm_gcc-4.5.1+l_uClibc-0.9.32_eabi/usr/include -I/home/igarashi/cortina/staging_dir/toolchain-arm_gcc-4.5.1+l_uClibc-0.9.32_eabi/include  conftest.c
conftest.c:8:28: fatal error: ac_nonexistent.h: No such file or directory
compilation terminated.
configure:3176: $? = 1
configure: failed program was:
| /* confdefs.h.  */
| #define PACKAGE_NAME "FreeType"
| #define PACKAGE_TARNAME "freetype"
| #define PACKAGE_VERSION "2.3.12"
| #define PACKAGE_STRING "FreeType 2.3.12"
| #define PACKAGE_BUGREPORT "freetype@nongnu.org"
| /* end confdefs.h.  */
| #include <ac_nonexistent.h>
configure:3209: result: arm-openwrt-linux-uclibcgnueabi-gcc -E
configure:3238: arm-openwrt-linux-uclibcgnueabi-gcc -E -I/home/igarashi/cortina/staging_dir/target-arm_uClibc-0.9.32_eabi/usr/include -I/home/igarashi/cortina/staging_dir/target-arm_uClibc-0.9.32_eabi/include -I/home/igarashi/cortina/staging_dir/toolchain-arm_gcc-4.5.1+l_uClibc-0.9.32_eabi/usr/include -I/home/igarashi/cortina/staging_dir/toolchain-arm_gcc-4.5.1+l_uClibc-0.9.32_eabi/include  conftest.c
configure:3245: $? = 0
configure:3276: arm-openwrt-linux-uclibcgnueabi-gcc -E -I/home/igarashi/cortina/staging_dir/target-arm_uClibc-0.9.32_eabi/usr/include -I/home/igarashi/cortina/staging_dir/target-arm_uClibc-0.9.32_eabi/include -I/home/igarashi/cortina/staging_dir/toolchain-arm_gcc-4.5.1+l_uClibc-0.9.32_eabi/usr/include -I/home/igarashi/cortina/staging_dir/toolchain-arm_gcc-4.5.1+l_uClibc-0.9.32_eabi/include  conftest.c
conftest.c:8:28: fatal error: ac_nonexistent.h: No such file or directory
compilation terminated.
configure:3283: $? = 1
configure: failed program was:
| /* confdefs.h.  */
| #define PACKAGE_NAME "FreeType"
| #define PACKAGE_TARNAME "freetype"
| #define PACKAGE_VERSION "2.3.12"
| #define PACKAGE_STRING "FreeType 2.3.12"
| #define PACKAGE_BUGREPORT "freetype@nongnu.org"
| /* end confdefs.h.  */
| #include <ac_nonexistent.h>
configure:3330: checking for i686-pc-linux-gnu-gcc
configure:3360: result: no
configure:3367: checking for gcc
configure:3383: found /usr/bin/gcc
configure:3394: result: gcc
configure:3404: checking for gcc
configure:3448: result: gcc
configure:3460: checking for suffix of native executables
configure:3476: result: 
configure:3514: checking for rm
configure:3530: found /bin/rm
configure:3541: result: rm -f
configure:3551: checking for rmdir
configure:3567: found /bin/rmdir
configure:3578: result: rmdir
configure:3606: checking for a BSD-compatible install
configure:3674: result: /usr/bin/install -c
configure:3697: checking for grep that handles long lines and -e
configure:3757: result: /bin/grep
configure:3762: checking for egrep
configure:3826: result: /bin/grep -E
configure:3831: checking for ANSI C header files
configure:3861: arm-openwrt-linux-uclibcgnueabi-gcc -c -O -pipe -march=armv7-a -mtune=cortex-a9 -funit-at-a-time -mfpu=neon -ftree-vectorize -mfloat-abi=softfp -fhonour-copts -fpic  -I/home/igarashi/cortina/staging_dir/target-arm_uClibc-0.9.32_eabi/usr/include -I/home/igarashi/cortina/staging_dir/target-arm_uClibc-0.9.32_eabi/include -I/home/igarashi/cortina/staging_dir/toolchain-arm_gcc-4.5.1+l_uClibc-0.9.32_eabi/usr/include -I/home/igarashi/cortina/staging_dir/toolchain-arm_gcc-4.5.1+l_uClibc-0.9.32_eabi/include  conftest.c >&5
configure:3868: $? = 0
configure:3999: result: yes
configure:4023: checking for sys/types.h
configure:4044: arm-openwrt-linux-uclibcgnueabi-gcc -c -O -pipe -march=armv7-a -mtune=cortex-a9 -funit-at-a-time -mfpu=neon -ftree-vectorize -mfloat-abi=softfp -fhonour-copts -fpic  -I/home/igarashi/cortina/staging_dir/target-arm_uClibc-0.9.32_eabi/usr/include -I/home/igarashi/cortina/staging_dir/target-arm_uClibc-0.9.32_eabi/include -I/home/igarashi/cortina/staging_dir/toolchain-arm_gcc-4.5.1+l_uClibc-0.9.32_eabi/usr/include -I/home/igarashi/cortina/staging_dir/toolchain-arm_gcc-4.5.1+l_uClibc-0.9.32_eabi/include  conftest.c >&5
configure:4051: $? = 0
configure:4068: result: yes
configure:4023: checking for sys/stat.h
configure:4044: arm-openwrt-linux-uclibcgnueabi-gcc -c -O -pipe -march=armv7-a -mtune=cortex-a9 -funit-at-a-time -mfpu=neon -ftree-vectorize -mfloat-abi=softfp -fhonour-copts -fpic  -I/home/igarashi/cortina/staging_dir/target-arm_uClibc-0.9.32_eabi/usr/include -I/home/igarashi/cortina/staging_dir/target-arm_uClibc-0.9.32_eabi/include -I/home/igarashi/cortina/staging_dir/toolchain-arm_gcc-4.5.1+l_uClibc-0.9.32_eabi/usr/include -I/home/igarashi/cortina/staging_dir/toolchain-arm_gcc-4.5.1+l_uClibc-0.9.32_eabi/include  conftest.c >&5
configure:4051: $? = 0
configure:4068: result: yes
configure:4023: checking for stdlib.h
configure:4044: arm-openwrt-linux-uclibcgnueabi-gcc -c -O -pipe -march=armv7-a -mtune=cortex-a9 -funit-at-a-time -mfpu=neon -ftree-vectorize -mfloat-abi=softfp -fhonour-copts -fpic  -I/home/igarashi/cortina/staging_dir/target-arm_uClibc-0.9.32_eabi/usr/include -I/home/igarashi/cortina/staging_dir/target-arm_uClibc-0.9.32_eabi/include -I/home/igarashi/cortina/staging_dir/toolchain-arm_gcc-4.5.1+l_uClibc-0.9.32_eabi/usr/include -I/home/igarashi/cortina/staging_dir/toolchain-arm_gcc-4.5.1+l_uClibc-0.9.32_eabi/include  conftest.c >&5
configure:4051: $? = 0
configure:4068: result: yes
configure:4023: checking for string.h
configure:4044: arm-openwrt-linux-uclibcgnueabi-gcc -c -O -pipe -march=armv7-a -mtune=cortex-a9 -funit-at-a-time -mfpu=neon -ftree-vectorize -mfloat-abi=softfp -fhonour-copts -fpic  -I/home/igarashi/cortina/staging_dir/target-arm_uClibc-0.9.32_eabi/usr/include -I/home/igarashi/cortina/staging_dir/target-arm_uClibc-0.9.32_eabi/include -I/home/igarashi/cortina/staging_dir/toolchain-arm_gcc-4.5.1+l_uClibc-0.9.32_eabi/usr/include -I/home/igarashi/cortina/staging_dir/toolchain-arm_gcc-4.5.1+l_uClibc-0.9.32_eabi/include  conftest.c >&5
configure:4051: $? = 0
configure:4068: result: yes
configure:4023: checking for memory.h
configure:4044: arm-openwrt-linux-uclibcgnueabi-gcc -c -O -pipe -march=armv7-a -mtune=cortex-a9 -funit-at-a-time -mfpu=neon -ftree-vectorize -mfloat-abi=softfp -fhonour-copts -fpic  -I/home/igarashi/cortina/staging_dir/target-arm_uClibc-0.9.32_eabi/usr/include -I/home/igarashi/cortina/staging_dir/target-arm_uClibc-0.9.32_eabi/include -I/home/igarashi/cortina/staging_dir/toolchain-arm_gcc-4.5.1+l_uClibc-0.9.32_eabi/usr/include -I/home/igarashi/cortina/staging_dir/toolchain-arm_gcc-4.5.1+l_uClibc-0.9.32_eabi/include  conftest.c >&5
configure:4051: $? = 0
configure:4068: result: yes
configure:4023: checking for strings.h
configure:4044: arm-openwrt-linux-uclibcgnueabi-gcc -c -O -pipe -march=armv7-a -mtune=cortex-a9 -funit-at-a-time -mfpu=neon -ftree-vectorize -mfloat-abi=softfp -fhonour-copts -fpic  -I/home/igarashi/cortina/staging_dir/target-arm_uClibc-0.9.32_eabi/usr/include -I/home/igarashi/cortina/staging_dir/target-arm_uClibc-0.9.32_eabi/include -I/home/igarashi/cortina/staging_dir/toolchain-arm_gcc-4.5.1+l_uClibc-0.9.32_eabi/usr/include -I/home/igarashi/cortina/staging_dir/toolchain-arm_gcc-4.5.1+l_uClibc-0.9.32_eabi/include  conftest.c >&5
configure:4051: $? = 0
configure:4068: result: yes
configure:4023: checking for inttypes.h
configure:4044: arm-openwrt-linux-uclibcgnueabi-gcc -c -O -pipe -march=armv7-a -mtune=cortex-a9 -funit-at-a-time -mfpu=neon -ftree-vectorize -mfloat-abi=softfp -fhonour-copts -fpic  -I/home/igarashi/cortina/staging_dir/target-arm_uClibc-0.9.32_eabi/usr/include -I/home/igarashi/cortina/staging_dir/target-arm_uClibc-0.9.32_eabi/include -I/home/igarashi/cortina/staging_dir/toolchain-arm_gcc-4.5.1+l_uClibc-0.9.32_eabi/usr/include -I/home/igarashi/cortina/staging_dir/toolchain-arm_gcc-4.5.1+l_uClibc-0.9.32_eabi/include  conftest.c >&5
configure:4051: $? = 0
configure:4068: result: yes
configure:4023: checking for stdint.h
configure:4044: arm-openwrt-linux-uclibcgnueabi-gcc -c -O -pipe -march=armv7-a -mtune=cortex-a9 -funit-at-a-time -mfpu=neon -ftree-vectorize -mfloat-abi=softfp -fhonour-copts -fpic  -I/home/igarashi/cortina/staging_dir/target-arm_uClibc-0.9.32_eabi/usr/include -I/home/igarashi/cortina/staging_dir/target-arm_uClibc-0.9.32_eabi/include -I/home/igarashi/cortina/staging_dir/toolchain-arm_gcc-4.5.1+l_uClibc-0.9.32_eabi/usr/include -I/home/igarashi/cortina/staging_dir/toolchain-arm_gcc-4.5.1+l_uClibc-0.9.32_eabi/include  conftest.c >&5
configure:4051: $? = 0
configure:4068: result: yes
configure:4023: checking for unistd.h
configure:4044: arm-openwrt-linux-uclibcgnueabi-gcc -c -O -pipe -march=armv7-a -mtune=cortex-a9 -funit-at-a-time -mfpu=neon -ftree-vectorize -mfloat-abi=softfp -fhonour-copts -fpic  -I/home/igarashi/cortina/staging_dir/target-arm_uClibc-0.9.32_eabi/usr/include -I/home/igarashi/cortina/staging_dir/target-arm_uClibc-0.9.32_eabi/include -I/home/igarashi/cortina/staging_dir/toolchain-arm_gcc-4.5.1+l_uClibc-0.9.32_eabi/usr/include -I/home/igarashi/cortina/staging_dir/toolchain-arm_gcc-4.5.1+l_uClibc-0.9.32_eabi/include  conftest.c >&5
configure:4051: $? = 0
configure:4068: result: yes
configure:4099: checking fcntl.h usability
configure:4116: arm-openwrt-linux-uclibcgnueabi-gcc -c -O -pipe -march=armv7-a -mtune=cortex-a9 -funit-at-a-time -mfpu=neon -ftree-vectorize -mfloat-abi=softfp -fhonour-copts -fpic  -I/home/igarashi/cortina/staging_dir/target-arm_uClibc-0.9.32_eabi/usr/include -I/home/igarashi/cortina/staging_dir/target-arm_uClibc-0.9.32_eabi/include -I/home/igarashi/cortina/staging_dir/toolchain-arm_gcc-4.5.1+l_uClibc-0.9.32_eabi/usr/include -I/home/igarashi/cortina/staging_dir/toolchain-arm_gcc-4.5.1+l_uClibc-0.9.32_eabi/include  conftest.c >&5
configure:4123: $? = 0
configure:4137: result: yes
configure:4141: checking fcntl.h presence
configure:4156: arm-openwrt-linux-uclibcgnueabi-gcc -E -I/home/igarashi/cortina/staging_dir/target-arm_uClibc-0.9.32_eabi/usr/include -I/home/igarashi/cortina/staging_dir/target-arm_uClibc-0.9.32_eabi/include -I/home/igarashi/cortina/staging_dir/toolchain-arm_gcc-4.5.1+l_uClibc-0.9.32_eabi/usr/include -I/home/igarashi/cortina/staging_dir/toolchain-arm_gcc-4.5.1+l_uClibc-0.9.32_eabi/include  conftest.c
configure:4163: $? = 0
configure:4177: result: yes
configure:4210: checking for fcntl.h
configure:4219: result: yes
configure:4088: checking for unistd.h
configure:4095: result: yes
configure:4238: checking for an ANSI C-conforming const
configure:4313: arm-openwrt-linux-uclibcgnueabi-gcc -c -O -pipe -march=armv7-a -mtune=cortex-a9 -funit-at-a-time -mfpu=neon -ftree-vectorize -mfloat-abi=softfp -fhonour-copts -fpic  -I/home/igarashi/cortina/staging_dir/target-arm_uClibc-0.9.32_eabi/usr/include -I/home/igarashi/cortina/staging_dir/target-arm_uClibc-0.9.32_eabi/include -I/home/igarashi/cortina/staging_dir/toolchain-arm_gcc-4.5.1+l_uClibc-0.9.32_eabi/usr/include -I/home/igarashi/cortina/staging_dir/toolchain-arm_gcc-4.5.1+l_uClibc-0.9.32_eabi/include  conftest.c >&5
configure:4320: $? = 0
configure:4335: result: yes
configure:4349: checking size of int
configure:4694: result: 4
configure:4708: checking size of long
configure:5053: result: 4
configure:5067: checking cpp computation of bit length in ftconfig.in works
configure:5118: result: yes
configure:5149: checking for stdlib.h
configure:5156: result: yes
configure:5149: checking for unistd.h
configure:5156: result: yes
configure:5299: checking for getpagesize
configure:5355: arm-openwrt-linux-uclibcgnueabi-gcc -o conftest -O -pipe -march=armv7-a -mtune=cortex-a9 -funit-at-a-time -mfpu=neon -ftree-vectorize -mfloat-abi=softfp -fhonour-copts -fpic  -I/home/igarashi/cortina/staging_dir/target-arm_uClibc-0.9.32_eabi/usr/include -I/home/igarashi/cortina/staging_dir/target-arm_uClibc-0.9.32_eabi/include -I/home/igarashi/cortina/staging_dir/toolchain-arm_gcc-4.5.1+l_uClibc-0.9.32_eabi/usr/include -I/home/igarashi/cortina/staging_dir/toolchain-arm_gcc-4.5.1+l_uClibc-0.9.32_eabi/include  -L/home/igarashi/cortina/staging_dir/target-arm_uClibc-0.9.32_eabi/usr/lib -L/home/igarashi/cortina/staging_dir/target-arm_uClibc-0.9.32_eabi/lib -L/home/igarashi/cortina/staging_dir/toolchain-arm_gcc-4.5.1+l_uClibc-0.9.32_eabi/usr/lib -L/home/igarashi/cortina/staging_dir/toolchain-arm_gcc-4.5.1+l_uClibc-0.9.32_eabi/lib  conftest.c  >&5
configure:5362: $? = 0
configure:5384: result: yes
configure:5396: checking for working mmap
configure:5574: result: no
configure:5729: checking for memcpy
configure:5785: arm-openwrt-linux-uclibcgnueabi-gcc -o conftest -O -pipe -march=armv7-a -mtune=cortex-a9 -funit-at-a-time -mfpu=neon -ftree-vectorize -mfloat-abi=softfp -fhonour-copts -fpic  -I/home/igarashi/cortina/staging_dir/target-arm_uClibc-0.9.32_eabi/usr/include -I/home/igarashi/cortina/staging_dir/target-arm_uClibc-0.9.32_eabi/include -I/home/igarashi/cortina/staging_dir/toolchain-arm_gcc-4.5.1+l_uClibc-0.9.32_eabi/usr/include -I/home/igarashi/cortina/staging_dir/toolchain-arm_gcc-4.5.1+l_uClibc-0.9.32_eabi/include  -L/home/igarashi/cortina/staging_dir/target-arm_uClibc-0.9.32_eabi/usr/lib -L/home/igarashi/cortina/staging_dir/target-arm_uClibc-0.9.32_eabi/lib -L/home/igarashi/cortina/staging_dir/toolchain-arm_gcc-4.5.1+l_uClibc-0.9.32_eabi/usr/lib -L/home/igarashi/cortina/staging_dir/toolchain-arm_gcc-4.5.1+l_uClibc-0.9.32_eabi/lib  conftest.c  >&5
conftest.c:48:6: warning: conflicting types for built-in function 'memcpy'
configure:5792: $? = 0
configure:5814: result: yes
configure:5729: checking for memmove
configure:5785: arm-openwrt-linux-uclibcgnueabi-gcc -o conftest -O -pipe -march=armv7-a -mtune=cortex-a9 -funit-at-a-time -mfpu=neon -ftree-vectorize -mfloat-abi=softfp -fhonour-copts -fpic  -I/home/igarashi/cortina/staging_dir/target-arm_uClibc-0.9.32_eabi/usr/include -I/home/igarashi/cortina/staging_dir/target-arm_uClibc-0.9.32_eabi/include -I/home/igarashi/cortina/staging_dir/toolchain-arm_gcc-4.5.1+l_uClibc-0.9.32_eabi/usr/include -I/home/igarashi/cortina/staging_dir/toolchain-arm_gcc-4.5.1+l_uClibc-0.9.32_eabi/include  -L/home/igarashi/cortina/staging_dir/target-arm_uClibc-0.9.32_eabi/usr/lib -L/home/igarashi/cortina/staging_dir/target-arm_uClibc-0.9.32_eabi/lib -L/home/igarashi/cortina/staging_dir/toolchain-arm_gcc-4.5.1+l_uClibc-0.9.32_eabi/usr/lib -L/home/igarashi/cortina/staging_dir/toolchain-arm_gcc-4.5.1+l_uClibc-0.9.32_eabi/lib  conftest.c  >&5
conftest.c:49:6: warning: conflicting types for built-in function 'memmove'
configure:5792: $? = 0
configure:5814: result: yes
configure:5838: checking for gzsetparams in -lz
configure:5873: arm-openwrt-linux-uclibcgnueabi-gcc -o conftest -O -pipe -march=armv7-a -mtune=cortex-a9 -funit-at-a-time -mfpu=neon -ftree-vectorize -mfloat-abi=softfp -fhonour-copts -fpic  -I/home/igarashi/cortina/staging_dir/target-arm_uClibc-0.9.32_eabi/usr/include -I/home/igarashi/cortina/staging_dir/target-arm_uClibc-0.9.32_eabi/include -I/home/igarashi/cortina/staging_dir/toolchain-arm_gcc-4.5.1+l_uClibc-0.9.32_eabi/usr/include -I/home/igarashi/cortina/staging_dir/toolchain-arm_gcc-4.5.1+l_uClibc-0.9.32_eabi/include  -L/home/igarashi/cortina/staging_dir/target-arm_uClibc-0.9.32_eabi/usr/lib -L/home/igarashi/cortina/staging_dir/target-arm_uClibc-0.9.32_eabi/lib -L/home/igarashi/cortina/staging_dir/toolchain-arm_gcc-4.5.1+l_uClibc-0.9.32_eabi/usr/lib -L/home/igarashi/cortina/staging_dir/toolchain-arm_gcc-4.5.1+l_uClibc-0.9.32_eabi/lib  conftest.c -lz   >&5
configure:5880: $? = 0
configure:5901: result: yes
configure:5914: checking zlib.h usability
configure:5931: arm-openwrt-linux-uclibcgnueabi-gcc -c -O -pipe -march=armv7-a -mtune=cortex-a9 -funit-at-a-time -mfpu=neon -ftree-vectorize -mfloat-abi=softfp -fhonour-copts -fpic  -I/home/igarashi/cortina/staging_dir/target-arm_uClibc-0.9.32_eabi/usr/include -I/home/igarashi/cortina/staging_dir/target-arm_uClibc-0.9.32_eabi/include -I/home/igarashi/cortina/staging_dir/toolchain-arm_gcc-4.5.1+l_uClibc-0.9.32_eabi/usr/include -I/home/igarashi/cortina/staging_dir/toolchain-arm_gcc-4.5.1+l_uClibc-0.9.32_eabi/include  conftest.c >&5
configure:5938: $? = 0
configure:5952: result: yes
configure:5956: checking zlib.h presence
configure:5971: arm-openwrt-linux-uclibcgnueabi-gcc -E -I/home/igarashi/cortina/staging_dir/target-arm_uClibc-0.9.32_eabi/usr/include -I/home/igarashi/cortina/staging_dir/target-arm_uClibc-0.9.32_eabi/include -I/home/igarashi/cortina/staging_dir/toolchain-arm_gcc-4.5.1+l_uClibc-0.9.32_eabi/usr/include -I/home/igarashi/cortina/staging_dir/toolchain-arm_gcc-4.5.1+l_uClibc-0.9.32_eabi/include  conftest.c
configure:5978: $? = 0
configure:5992: result: yes
configure:6025: checking for zlib.h
configure:6032: result: yes
configure:6887: checking for a sed that does not truncate output
configure:6953: result: /home/igarashi/cortina/staging_dir/host/bin/sed
configure:6971: checking for fgrep
configure:7035: result: /bin/grep -F
configure:7070: checking for ld used by arm-openwrt-linux-uclibcgnueabi-gcc
configure:7137: result: arm-openwrt-linux-uclibcgnueabi-ld
configure:7146: checking if the linker (arm-openwrt-linux-uclibcgnueabi-ld) is GNU ld
configure:7161: result: yes
configure:7173: checking for BSD- or MS-compatible name lister (nm)
configure:7222: result: arm-openwrt-linux-uclibcgnueabi-nm
configure:7340: checking the name lister (arm-openwrt-linux-uclibcgnueabi-nm) interface
configure:7347: arm-openwrt-linux-uclibcgnueabi-gcc -c -O -pipe -march=armv7-a -mtune=cortex-a9 -funit-at-a-time -mfpu=neon -ftree-vectorize -mfloat-abi=softfp -fhonour-copts -fpic  -DFT_CONFIG_OPTION_SYSTEM_ZLIB -I/home/igarashi/cortina/staging_dir/target-arm_uClibc-0.9.32_eabi/usr/include -I/home/igarashi/cortina/staging_dir/target-arm_uClibc-0.9.32_eabi/include -I/home/igarashi/cortina/staging_dir/toolchain-arm_gcc-4.5.1+l_uClibc-0.9.32_eabi/usr/include -I/home/igarashi/cortina/staging_dir/toolchain-arm_gcc-4.5.1+l_uClibc-0.9.32_eabi/include  conftest.c >&5
configure:7350: arm-openwrt-linux-uclibcgnueabi-nm "conftest.o"
configure:7353: output
00000000 B some_variable
configure:7360: result: BSD nm
configure:7363: checking whether ln -s works
configure:7367: result: yes
configure:7375: checking the maximum length of command line arguments
configure:7495: result: 805306365
configure:7512: checking whether the shell understands some XSI constructs
configure:7522: result: yes
configure:7526: checking whether the shell understands "+="
configure:7532: result: yes
configure:7567: checking for arm-openwrt-linux-uclibcgnueabi-ld option to reload object files
configure:7574: result: -r
configure:7603: checking for arm-openwrt-linux-objdump
configure:7630: result: arm-openwrt-linux-uclibcgnueabi-objdump
configure:7699: checking how to recognize dependent libraries
configure:7895: result: pass_all
configure:7915: checking for arm-openwrt-linux-ar
configure:7942: result: arm-openwrt-linux-uclibcgnueabi-ar
configure:8020: checking for arm-openwrt-linux-strip
configure:8047: result: arm-openwrt-linux-uclibcgnueabi-strip
configure:8119: checking for arm-openwrt-linux-ranlib
configure:8146: result: arm-openwrt-linux-uclibcgnueabi-ranlib
configure:8276: checking command to parse arm-openwrt-linux-uclibcgnueabi-nm output from arm-openwrt-linux-uclibcgnueabi-gcc object
configure:8394: arm-openwrt-linux-uclibcgnueabi-gcc -c -O -pipe -march=armv7-a -mtune=cortex-a9 -funit-at-a-time -mfpu=neon -ftree-vectorize -mfloat-abi=softfp -fhonour-copts -fpic  -DFT_CONFIG_OPTION_SYSTEM_ZLIB -I/home/igarashi/cortina/staging_dir/target-arm_uClibc-0.9.32_eabi/usr/include -I/home/igarashi/cortina/staging_dir/target-arm_uClibc-0.9.32_eabi/include -I/home/igarashi/cortina/staging_dir/toolchain-arm_gcc-4.5.1+l_uClibc-0.9.32_eabi/usr/include -I/home/igarashi/cortina/staging_dir/toolchain-arm_gcc-4.5.1+l_uClibc-0.9.32_eabi/include  conftest.c >&5
configure:8397: $? = 0
configure:8401: arm-openwrt-linux-uclibcgnueabi-nm conftest.o \| sed -n -e 's/^.*[	 ]\([ABCDGIRSTW][ABCDGIRSTW]*\)[	 ][	 ]*\([_A-Za-z][_A-Za-z0-9]*\)$/\1 \2 \2/p' \> conftest.nm
configure:8404: $? = 0
configure:8458: arm-openwrt-linux-uclibcgnueabi-gcc -o conftest -O -pipe -march=armv7-a -mtune=cortex-a9 -funit-at-a-time -mfpu=neon -ftree-vectorize -mfloat-abi=softfp -fhonour-copts -fpic  -DFT_CONFIG_OPTION_SYSTEM_ZLIB -I/home/igarashi/cortina/staging_dir/target-arm_uClibc-0.9.32_eabi/usr/include -I/home/igarashi/cortina/staging_dir/target-arm_uClibc-0.9.32_eabi/include -I/home/igarashi/cortina/staging_dir/toolchain-arm_gcc-4.5.1+l_uClibc-0.9.32_eabi/usr/include -I/home/igarashi/cortina/staging_dir/toolchain-arm_gcc-4.5.1+l_uClibc-0.9.32_eabi/include  -L/home/igarashi/cortina/staging_dir/target-arm_uClibc-0.9.32_eabi/usr/lib -L/home/igarashi/cortina/staging_dir/target-arm_uClibc-0.9.32_eabi/lib -L/home/igarashi/cortina/staging_dir/toolchain-arm_gcc-4.5.1+l_uClibc-0.9.32_eabi/usr/lib -L/home/igarashi/cortina/staging_dir/toolchain-arm_gcc-4.5.1+l_uClibc-0.9.32_eabi/lib  -lz conftest.c conftstm.o >&5
configure:8461: $? = 0
configure:8499: result: ok
configure:9364: checking for dlfcn.h
configure:9385: arm-openwrt-linux-uclibcgnueabi-gcc -c -O -pipe -march=armv7-a -mtune=cortex-a9 -funit-at-a-time -mfpu=neon -ftree-vectorize -mfloat-abi=softfp -fhonour-copts -fpic  -DFT_CONFIG_OPTION_SYSTEM_ZLIB -I/home/igarashi/cortina/staging_dir/target-arm_uClibc-0.9.32_eabi/usr/include -I/home/igarashi/cortina/staging_dir/target-arm_uClibc-0.9.32_eabi/include -I/home/igarashi/cortina/staging_dir/toolchain-arm_gcc-4.5.1+l_uClibc-0.9.32_eabi/usr/include -I/home/igarashi/cortina/staging_dir/toolchain-arm_gcc-4.5.1+l_uClibc-0.9.32_eabi/include  conftest.c >&5
configure:9392: $? = 0
configure:9409: result: yes
configure:9893: checking for objdir
configure:9908: result: .libs
configure:10200: checking if arm-openwrt-linux-uclibcgnueabi-gcc supports -fno-rtti -fno-exceptions
configure:10218: arm-openwrt-linux-uclibcgnueabi-gcc -c -O -pipe -march=armv7-a -mtune=cortex-a9 -funit-at-a-time -mfpu=neon -ftree-vectorize -mfloat-abi=softfp -fhonour-copts -fpic  -DFT_CONFIG_OPTION_SYSTEM_ZLIB -I/home/igarashi/cortina/staging_dir/target-arm_uClibc-0.9.32_eabi/usr/include -I/home/igarashi/cortina/staging_dir/target-arm_uClibc-0.9.32_eabi/include -I/home/igarashi/cortina/staging_dir/toolchain-arm_gcc-4.5.1+l_uClibc-0.9.32_eabi/usr/include -I/home/igarashi/cortina/staging_dir/toolchain-arm_gcc-4.5.1+l_uClibc-0.9.32_eabi/include  -fno-rtti -fno-exceptions conftest.c >&5
cc1: warning: command line option "-fno-rtti" is valid for C++/ObjC++ but not for C
configure:10222: $? = 0
configure:10235: result: no
configure:10255: checking for arm-openwrt-linux-uclibcgnueabi-gcc option to produce PIC
configure:10527: result: -fPIC -DPIC
configure:10539: checking if arm-openwrt-linux-uclibcgnueabi-gcc PIC flag -fPIC -DPIC works
configure:10557: arm-openwrt-linux-uclibcgnueabi-gcc -c -O -pipe -march=armv7-a -mtune=cortex-a9 -funit-at-a-time -mfpu=neon -ftree-vectorize -mfloat-abi=softfp -fhonour-copts -fpic  -DFT_CONFIG_OPTION_SYSTEM_ZLIB -I/home/igarashi/cortina/staging_dir/target-arm_uClibc-0.9.32_eabi/usr/include -I/home/igarashi/cortina/staging_dir/target-arm_uClibc-0.9.32_eabi/include -I/home/igarashi/cortina/staging_dir/toolchain-arm_gcc-4.5.1+l_uClibc-0.9.32_eabi/usr/include -I/home/igarashi/cortina/staging_dir/toolchain-arm_gcc-4.5.1+l_uClibc-0.9.32_eabi/include  -fPIC -DPIC -DPIC conftest.c >&5
configure:10561: $? = 0
configure:10574: result: yes
configure:10598: checking if arm-openwrt-linux-uclibcgnueabi-gcc static flag -static works
configure:10626: result: yes
configure:10641: checking if arm-openwrt-linux-uclibcgnueabi-gcc supports -c -o file.o
configure:10662: arm-openwrt-linux-uclibcgnueabi-gcc -c -O -pipe -march=armv7-a -mtune=cortex-a9 -funit-at-a-time -mfpu=neon -ftree-vectorize -mfloat-abi=softfp -fhonour-copts -fpic  -DFT_CONFIG_OPTION_SYSTEM_ZLIB -I/home/igarashi/cortina/staging_dir/target-arm_uClibc-0.9.32_eabi/usr/include -I/home/igarashi/cortina/staging_dir/target-arm_uClibc-0.9.32_eabi/include -I/home/igarashi/cortina/staging_dir/toolchain-arm_gcc-4.5.1+l_uClibc-0.9.32_eabi/usr/include -I/home/igarashi/cortina/staging_dir/toolchain-arm_gcc-4.5.1+l_uClibc-0.9.32_eabi/include  -o out/conftest2.o conftest.c >&5
configure:10666: $? = 0
configure:10688: result: yes
configure:10696: checking if arm-openwrt-linux-uclibcgnueabi-gcc supports -c -o file.o
configure:10743: result: yes
configure:10776: checking whether the arm-openwrt-linux-uclibcgnueabi-gcc linker (arm-openwrt-linux-uclibcgnueabi-ld) supports shared libraries
configure:11850: result: yes
configure:11887: checking whether -lc should be explicitly linked in
configure:11892: arm-openwrt-linux-uclibcgnueabi-gcc -c -O -pipe -march=armv7-a -mtune=cortex-a9 -funit-at-a-time -mfpu=neon -ftree-vectorize -mfloat-abi=softfp -fhonour-copts -fpic  -DFT_CONFIG_OPTION_SYSTEM_ZLIB -I/home/igarashi/cortina/staging_dir/target-arm_uClibc-0.9.32_eabi/usr/include -I/home/igarashi/cortina/staging_dir/target-arm_uClibc-0.9.32_eabi/include -I/home/igarashi/cortina/staging_dir/toolchain-arm_gcc-4.5.1+l_uClibc-0.9.32_eabi/usr/include -I/home/igarashi/cortina/staging_dir/toolchain-arm_gcc-4.5.1+l_uClibc-0.9.32_eabi/include  conftest.c >&5
configure:11895: $? = 0
configure:11910: arm-openwrt-linux-uclibcgnueabi-gcc -shared conftest.o  -v -Wl,-soname -Wl,conftest -o conftest 2\>\&1 \| /bin/grep  -lc  \>/dev/null 2\>\&1
configure:11913: $? = 0
configure:11925: result: no
configure:12089: checking dynamic linker characteristics
configure:12532: arm-openwrt-linux-uclibcgnueabi-gcc -o conftest -O -pipe -march=armv7-a -mtune=cortex-a9 -funit-at-a-time -mfpu=neon -ftree-vectorize -mfloat-abi=softfp -fhonour-copts -fpic  -DFT_CONFIG_OPTION_SYSTEM_ZLIB -I/home/igarashi/cortina/staging_dir/target-arm_uClibc-0.9.32_eabi/usr/include -I/home/igarashi/cortina/staging_dir/target-arm_uClibc-0.9.32_eabi/include -I/home/igarashi/cortina/staging_dir/toolchain-arm_gcc-4.5.1+l_uClibc-0.9.32_eabi/usr/include -I/home/igarashi/cortina/staging_dir/toolchain-arm_gcc-4.5.1+l_uClibc-0.9.32_eabi/include  -L/home/igarashi/cortina/staging_dir/target-arm_uClibc-0.9.32_eabi/usr/lib -L/home/igarashi/cortina/staging_dir/target-arm_uClibc-0.9.32_eabi/lib -L/home/igarashi/cortina/staging_dir/toolchain-arm_gcc-4.5.1+l_uClibc-0.9.32_eabi/usr/lib -L/home/igarashi/cortina/staging_dir/toolchain-arm_gcc-4.5.1+l_uClibc-0.9.32_eabi/lib  -lz -Wl,-rpath -Wl,/foo conftest.c  >&5
configure:12539: $? = 0
configure:12772: result: GNU/Linux ld.so
configure:12874: checking how to hardcode library paths into programs
configure:12899: result: immediate
configure:13732: checking whether stripping libraries is possible
configure:13737: result: yes
configure:13772: checking if libtool supports shared libraries
configure:13774: result: yes
configure:13777: checking whether to build shared libraries
configure:13798: result: yes
configure:13801: checking whether to build static libraries
configure:13805: result: yes
configure:13966: creating ./config.status

## ---------------------- ##
## Running config.status. ##
## ---------------------- ##

This file was extended by FreeType config.status 2.3.12, which was
generated by GNU Autoconf 2.63.  Invocation command line was

  CONFIG_FILES    = 
  CONFIG_HEADERS  = 
  CONFIG_LINKS    = 
  CONFIG_COMMANDS = 
  $ ./config.status 

on igarashi-VirtualBox

config.status:985: creating unix-cc.mk
config.status:985: creating unix-def.mk
config.status:985: creating freetype-config
config.status:985: creating freetype2.pc
config.status:985: creating ftconfig.h
config.status:1219: executing libtool commands
configure:16022: WARNING: unrecognized options: --disable-nls

## ---------------- ##
## Cache variables. ##
## ---------------- ##

ac_cv_build=i686-pc-linux-gnu
ac_cv_c_bigendian=no
ac_cv_c_compiler_gnu=yes
ac_cv_c_const=yes
ac_cv_c_gettext_without_libintl=yes
ac_cv_c_littleendian=yes
ac_cv_c_long_double=no
ac_cv_conv_longlong_to_float=yes
ac_cv_env_CC_set=set
ac_cv_env_CC_value=arm-openwrt-linux-uclibcgnueabi-gcc
ac_cv_env_CFLAGS_set=set
ac_cv_env_CFLAGS_value='-O -pipe -march=armv7-a -mtune=cortex-a9 -funit-at-a-time -mfpu=neon -ftree-vectorize -mfloat-abi=softfp -fhonour-copts -fpic '
ac_cv_env_CPPFLAGS_set=set
ac_cv_env_CPPFLAGS_value='-I/home/igarashi/cortina/staging_dir/target-arm_uClibc-0.9.32_eabi/usr/include -I/home/igarashi/cortina/staging_dir/target-arm_uClibc-0.9.32_eabi/include -I/home/igarashi/cortina/staging_dir/toolchain-arm_gcc-4.5.1+l_uClibc-0.9.32_eabi/usr/include -I/home/igarashi/cortina/staging_dir/toolchain-arm_gcc-4.5.1+l_uClibc-0.9.32_eabi/include '
ac_cv_env_CPP_set=
ac_cv_env_CPP_value=
ac_cv_env_LDFLAGS_set=set
ac_cv_env_LDFLAGS_value='-L/home/igarashi/cortina/staging_dir/target-arm_uClibc-0.9.32_eabi/usr/lib -L/home/igarashi/cortina/staging_dir/target-arm_uClibc-0.9.32_eabi/lib -L/home/igarashi/cortina/staging_dir/toolchain-arm_gcc-4.5.1+l_uClibc-0.9.32_eabi/usr/lib -L/home/igarashi/cortina/staging_dir/toolchain-arm_gcc-4.5.1+l_uClibc-0.9.32_eabi/lib '
ac_cv_env_LIBS_set=
ac_cv_env_LIBS_value=
ac_cv_env_build_alias_set=set
ac_cv_env_build_alias_value=i686-linux-gnu
ac_cv_env_host_alias_set=set
ac_cv_env_host_alias_value=arm-openwrt-linux
ac_cv_env_target_alias_set=set
ac_cv_env_target_alias_value=arm-openwrt-linux
ac_cv_file__dev_zero=yes
ac_cv_func___adjtimex=yes
ac_cv_func___va_copy=no
ac_cv_func__exit=yes
ac_cv_func_bcmp=yes
ac_cv_func_bcopy=yes
ac_cv_func_bzero=yes
ac_cv_func_cimag=yes
ac_cv_func_creal=yes
ac_cv_func_fchmod=yes
ac_cv_func_getaddrinfo=yes
ac_cv_func_getcwd=yes
ac_cv_func_getdomainname=yes
ac_cv_func_getpagesize=yes
ac_cv_func_getpgrp_void=yes
ac_cv_func_getpwuid_r=yes
ac_cv_func_gettimeofday=yes
ac_cv_func_index=yes
ac_cv_func_lstat=yes
ac_cv_func_lstat_dereferences_slashed_symlink=yes
ac_cv_func_lstat_empty_string_bug=no
ac_cv_func_malloc_0_nonnull=yes
ac_cv_func_malloc_works=yes
ac_cv_func_memcmp_clean=yes
ac_cv_func_memcmp_working=yes
ac_cv_func_memcpy=yes
ac_cv_func_memmove=yes
ac_cv_func_mmap_fixed_mapped=no
ac_cv_func_posix_getgrgid_r=yes
ac_cv_func_posix_getpwuid_r=yes
ac_cv_func_psignal=yes
ac_cv_func_pthread_key_delete=yes
ac_cv_func_realloc_0_nonnull=yes
ac_cv_func_realloc_works=yes
ac_cv_func_rename=yes
ac_cv_func_rindex=yes
ac_cv_func_setgrent_void=yes
ac_cv_func_setlocale=yes
ac_cv_func_setpgrp_void=yes
ac_cv_func_setresuid=no
ac_cv_func_setvbuf_reversed=no
ac_cv_func_stat_empty_string_bug=no
ac_cv_func_stat_ignores_trailing_slash=no
ac_cv_func_strerror=yes
ac_cv_func_strftime=yes
ac_cv_func_utimes=yes
ac_cv_func_va_copy=no
ac_cv_func_vsnprintf=yes
ac_cv_have_accrights_in_msghdr=no
ac_cv_have_broken_snprintf=no
ac_cv_have_control_in_msghdr=yes
ac_cv_have_decl_sys_siglist=no
ac_cv_have_openpty_ctty_bug=yes
ac_cv_have_space_d_name_in_struct_dirent=yes
ac_cv_header_dlfcn_h=yes
ac_cv_header_fcntl_h=yes
ac_cv_header_inttypes_h=yes
ac_cv_header_memory_h=yes
ac_cv_header_netinet_sctp_h=no
ac_cv_header_netinet_sctp_uio_h=no
ac_cv_header_stdc=yes
ac_cv_header_stdint_h=yes
ac_cv_header_stdlib_h=yes
ac_cv_header_string_h=yes
ac_cv_header_strings_h=yes
ac_cv_header_sys_stat_h=yes
ac_cv_header_sys_types_h=yes
ac_cv_header_unistd_h=yes
ac_cv_header_zlib_h=yes
ac_cv_host=arm-openwrt-linux-gnu
ac_cv_int64_t=yes
ac_cv_lbl_unaligned_fail=no
ac_cv_lib_z_gzsetparams=yes
ac_cv_linux_kernel_pppoe=yes
ac_cv_linux_vers=2
ac_cv_objext=o
ac_cv_pack_bitfields_reversed=yes
ac_cv_path_EGREP='/bin/grep -E'
ac_cv_path_FGREP='/bin/grep -F'
ac_cv_path_GREP=/bin/grep
ac_cv_path_LDCONFIG=
ac_cv_path_SED=/home/igarashi/cortina/staging_dir/host/bin/sed
ac_cv_path_install='/usr/bin/install -c'
ac_cv_prog_AR=arm-openwrt-linux-uclibcgnueabi-ar
ac_cv_prog_CC=arm-openwrt-linux-uclibcgnueabi-gcc
ac_cv_prog_CC_BUILD=gcc
ac_cv_prog_CPP='arm-openwrt-linux-uclibcgnueabi-gcc -E'
ac_cv_prog_OBJDUMP=arm-openwrt-linux-uclibcgnueabi-objdump
ac_cv_prog_RANLIB=arm-openwrt-linux-uclibcgnueabi-ranlib
ac_cv_prog_RMDIR=rmdir
ac_cv_prog_RMF='rm -f'
ac_cv_prog_STRIP=arm-openwrt-linux-uclibcgnueabi-strip
ac_cv_prog_cc_c89=
ac_cv_prog_cc_g=yes
ac_cv_regexec_segfault_emptystr=no
ac_cv_sctp=no
ac_cv_sizeof___int64=0
ac_cv_sizeof_char=1
ac_cv_sizeof_int16_t=2
ac_cv_sizeof_int32_t=4
ac_cv_sizeof_int64_t=8
ac_cv_sizeof_int=4
ac_cv_sizeof_long=4
ac_cv_sizeof_long_int=4
ac_cv_sizeof_long_long=8
ac_cv_sizeof_off_t=4
ac_cv_sizeof_short=2
ac_cv_sizeof_short_int=2
ac_cv_sizeof_size_t=4
ac_cv_sizeof_ssize_t=4
ac_cv_sizeof_u_int16_t=2
ac_cv_sizeof_u_int32_t=4
ac_cv_sizeof_u_int64_t=8
ac_cv_sizeof_uint16_t=2
ac_cv_sizeof_uint32_t=4
ac_cv_sizeof_uint64_t=8
ac_cv_sizeof_unsigned_int=4
ac_cv_sizeof_unsigned_long=4
ac_cv_sizeof_unsigned_long_long=8
ac_cv_sizeof_unsigned_short=2
ac_cv_sizeof_void_p=4
ac_cv_sys_restartable_syscalls=yes
ac_cv_time_r_type=POSIX
ac_cv_type_suseconds_t=yes
ac_cv_uchar=no
ac_cv_uint64_t=yes
ac_cv_uint=yes
ac_cv_ulong=yes
ac_cv_ushort=yes
ac_cv_va_copy=C99
ac_cv_va_val_copy=yes
as_cv_unaligned_access=yes
lt_cv_deplibs_check_method=pass_all
lt_cv_file_magic_cmd='$MAGIC_CMD'
lt_cv_file_magic_test_file=
lt_cv_ld_reload_flag=-r
lt_cv_nm_interface='BSD nm'
lt_cv_objdir=.libs
lt_cv_path_LD=arm-openwrt-linux-uclibcgnueabi-ld
lt_cv_path_NM=arm-openwrt-linux-uclibcgnueabi-nm
lt_cv_prog_compiler_c_o=yes
lt_cv_prog_compiler_pic_works=yes
lt_cv_prog_compiler_rtti_exceptions=no
lt_cv_prog_compiler_static_works=yes
lt_cv_prog_gnu_ld=yes
lt_cv_sys_global_symbol_pipe='sed -n -e '\''s/^.*[	 ]\([ABCDGIRSTW][ABCDGIRSTW]*\)[	 ][	 ]*\([_A-Za-z][_A-Za-z0-9]*\)$/\1 \2 \2/p'\'''
lt_cv_sys_global_symbol_to_c_name_address='sed -n -e '\''s/^: \([^ ]*\) $/  {\"\1\", (void *) 0},/p'\'' -e '\''s/^[ABCDGIRSTW]* \([^ ]*\) \([^ ]*\)$/  {"\2", (void *) \&\2},/p'\'''
lt_cv_sys_global_symbol_to_c_name_address_lib_prefix='sed -n -e '\''s/^: \([^ ]*\) $/  {\"\1\", (void *) 0},/p'\'' -e '\''s/^[ABCDGIRSTW]* \([^ ]*\) \(lib[^ ]*\)$/  {"\2", (void *) \&\2},/p'\'' -e '\''s/^[ABCDGIRSTW]* \([^ ]*\) \([^ ]*\)$/  {"lib\2", (void *) \&\2},/p'\'''
lt_cv_sys_global_symbol_to_cdecl='sed -n -e '\''s/^T .* \(.*\)$/extern int \1();/p'\'' -e '\''s/^[ABCDGIRSTW]* .* \(.*\)$/extern char \1;/p'\'''
lt_cv_sys_max_cmd_len=805306365

## ----------------- ##
## Output variables. ##
## ----------------- ##

AR='arm-openwrt-linux-uclibcgnueabi-ar'
AS='arm-openwrt-linux-uclibcgnueabi-gcc -c -O -pipe -march=armv7-a -mtune=cortex-a9 -funit-at-a-time -mfpu=neon -ftree-vectorize -mfloat-abi=softfp -fhonour-copts -fpic'
CC='arm-openwrt-linux-uclibcgnueabi-gcc'
CC_BUILD='gcc'
CFLAGS='-O -pipe -march=armv7-a -mtune=cortex-a9 -funit-at-a-time -mfpu=neon -ftree-vectorize -mfloat-abi=softfp -fhonour-copts -fpic  -DFT_CONFIG_OPTION_SYSTEM_ZLIB'
CPP='arm-openwrt-linux-uclibcgnueabi-gcc -E'
CPPFLAGS='-I/home/igarashi/cortina/staging_dir/target-arm_uClibc-0.9.32_eabi/usr/include -I/home/igarashi/cortina/staging_dir/target-arm_uClibc-0.9.32_eabi/include -I/home/igarashi/cortina/staging_dir/toolchain-arm_gcc-4.5.1+l_uClibc-0.9.32_eabi/usr/include -I/home/igarashi/cortina/staging_dir/toolchain-arm_gcc-4.5.1+l_uClibc-0.9.32_eabi/include '
DEFS='-DHAVE_CONFIG_H'
DLLTOOL='dlltool'
DSYMUTIL=''
DUMPBIN=''
ECHO_C=''
ECHO_N='-n'
ECHO_T=''
EGREP='/bin/grep -E'
EXEEXT=''
EXEEXT_BUILD=''
FGREP='/bin/grep -F'
FT2_EXTRA_LIBS=''
FTSYS_SRC='$(BASE_DIR)/ftsystem.c'
GREP='/bin/grep'
INSTALL_DATA='${INSTALL} -m 644'
INSTALL_PROGRAM='${INSTALL}'
INSTALL_SCRIPT='${INSTALL}'
LD='arm-openwrt-linux-uclibcgnueabi-ld'
LDFLAGS='-L/home/igarashi/cortina/staging_dir/target-arm_uClibc-0.9.32_eabi/usr/lib -L/home/igarashi/cortina/staging_dir/target-arm_uClibc-0.9.32_eabi/lib -L/home/igarashi/cortina/staging_dir/toolchain-arm_gcc-4.5.1+l_uClibc-0.9.32_eabi/usr/lib -L/home/igarashi/cortina/staging_dir/toolchain-arm_gcc-4.5.1+l_uClibc-0.9.32_eabi/lib  -lz'
LIBOBJS=''
LIBS=''
LIBTOOL='$(SHELL) $(top_builddir)/libtool'
LIBZ='-lz'
LIPO=''
LN_S='ln -s'
LTLIBOBJS=''
NM='arm-openwrt-linux-uclibcgnueabi-nm'
NMEDIT=''
OBJDUMP='arm-openwrt-linux-uclibcgnueabi-objdump'
OBJEXT='o'
OTOOL64=''
OTOOL=''
PACKAGE_BUGREPORT='freetype@nongnu.org'
PACKAGE_NAME='FreeType'
PACKAGE_STRING='FreeType 2.3.12'
PACKAGE_TARNAME='freetype'
PACKAGE_VERSION='2.3.12'
PATH_SEPARATOR=':'
RANLIB='arm-openwrt-linux-uclibcgnueabi-ranlib'
RMDIR='rmdir'
RMF='rm -f'
SED='/home/igarashi/cortina/staging_dir/host/bin/sed'
SHELL='/bin/bash'
STRIP='arm-openwrt-linux-uclibcgnueabi-strip'
SYSTEM_ZLIB='yes'
XX_ANSIFLAGS='-pedantic -ansi'
XX_CFLAGS='-Wall'
ac_ct_CC=''
ac_ct_DUMPBIN=''
bindir='/usr/bin'
build='i686-pc-linux-gnu'
build_alias='i686-linux-gnu'
build_cpu='i686'
build_libtool_libs=''
build_os='linux-gnu'
build_vendor='pc'
datadir='/usr/share'
datarootdir='${prefix}/share'
docdir='${datarootdir}/doc/${PACKAGE_TARNAME}'
dvidir='${docdir}'
exec_prefix='/usr'
ft_version='10.0.4'
ftmac_c=''
hardcode_libdir_flag_spec='${wl}-rpath ${wl}$libdir'
host='arm-openwrt-linux-gnu'
host_alias='arm-openwrt-linux'
host_cpu='arm'
host_os='linux-gnu'
host_vendor='openwrt'
htmldir='${docdir}'
includedir='${prefix}/include'
infodir='/usr/info'
libdir='${exec_prefix}/lib'
libexecdir='/usr/lib'
localedir='${datarootdir}/locale'
localstatedir='/var'
lt_ECHO='echo'
mandir='/usr/man'
oldincludedir='/usr/include'
pdfdir='${docdir}'
prefix='/usr'
program_transform_name='s,x,x,'
psdir='${docdir}'
sbindir='/usr/sbin'
sharedstatedir='${prefix}/com'
sysconfdir='/etc'
target_alias='arm-openwrt-linux'
version_info='10:0:4'
wl='-Wl,'

## ----------- ##
## confdefs.h. ##
## ----------- ##

#define PACKAGE_NAME "FreeType"
#define PACKAGE_TARNAME "freetype"
#define PACKAGE_VERSION "2.3.12"
#define PACKAGE_STRING "FreeType 2.3.12"
#define PACKAGE_BUGREPORT "freetype@nongnu.org"
#define STDC_HEADERS 1
#define HAVE_SYS_TYPES_H 1
#define HAVE_SYS_STAT_H 1
#define HAVE_STDLIB_H 1
#define HAVE_STRING_H 1
#define HAVE_MEMORY_H 1
#define HAVE_STRINGS_H 1
#define HAVE_INTTYPES_H 1
#define HAVE_STDINT_H 1
#define HAVE_UNISTD_H 1
#define HAVE_FCNTL_H 1
#define HAVE_UNISTD_H 1
#define SIZEOF_INT 4
#define SIZEOF_LONG 4
#define HAVE_STDLIB_H 1
#define HAVE_UNISTD_H 1
#define HAVE_GETPAGESIZE 1
#define HAVE_MEMCPY 1
#define HAVE_MEMMOVE 1
#define HAVE_DLFCN_H 1
#define LT_OBJDIR ".libs/"

configure: exit 0
