This file contains any messages produced by compilers while
running configure, to aid debugging if configure makes a mistake.

It was created by configure, which was
generated by GNU Autoconf 2.68.  Invocation command line was

  $ /home/igarashi/cortina/build_dir/target-arm_uClibc-0.9.32_eabi/binutils-2.20.1/opcodes/configure --cache-file=./config.cache --with-gnu-as --with-gnu-ld --with-sysroot=/home/igarashi/cortina/build_dir/target-arm_uClibc-0.9.32_eabi/binutils-2.20.1/ipkg-install --prefix=/usr --disable-multilib --disable-werror --disable-nls --program-transform-name=s,y,y, --disable-option-checking --build=i686-linux-gnu --host=arm-openwrt-linux-uclibcgnueabi --target=arm-openwrt-linux-uclibcgnueabi --srcdir=.././opcodes

## --------- ##
## Platform. ##
## --------- ##

hostname = igarashi-VirtualBox
uname -m = i686
uname -r = 2.6.38-16-generic
uname -s = Linux
uname -v = #67-Ubuntu SMP Thu Sep 6 18:00:43 UTC 2012

/usr/bin/uname -p = unknown
/bin/uname -X     = unknown

/bin/arch              = unknown
/usr/bin/arch -k       = unknown
/usr/convex/getsysinfo = unknown
/usr/bin/hostinfo      = unknown
/bin/machine           = unknown
/usr/bin/oslevel       = unknown
/bin/universe          = unknown

PATH: /home/igarashi/cortina/staging_dir/target-arm_uClibc-0.9.32_eabi/host/bin
PATH: /home/igarashi/cortina/staging_dir/toolchain-arm_gcc-4.5.1+l_uClibc-0.9.32_eabi/bin
PATH: /home/igarashi/cortina/staging_dir/host/bin
PATH: /home/igarashi/cortina/staging_dir/toolchain-arm_gcc-4.5.1+l_uClibc-0.9.32_eabi/bin
PATH: /home/igarashi/cortina/staging_dir/host/bin
PATH: /home/igarashi/cortina/staging_dir/toolchain-arm_gcc-4.5.1+l_uClibc-0.9.32_eabi/bin
PATH: /home/igarashi/cortina/staging_dir/host/bin
PATH: /usr/local/sbin
PATH: /usr/local/bin
PATH: /usr/sbin
PATH: /usr/bin
PATH: /sbin
PATH: /bin
PATH: /usr/games


## ----------- ##
## Core tests. ##
## ----------- ##

configure:2187: loading site script /home/igarashi/cortina/include/site/arm-openwrt-linux-uclibcgnueabi
| #!/bin/sh
| 
| . $TOPDIR/include/site/arm-linux
| . $TOPDIR/include/site/linux-uclibc
| 
configure:2210: creating cache ./config.cache
configure:2318: checking build system type
configure:2332: result: i686-pc-linux-gnu
configure:2352: checking host system type
configure:2365: result: arm-openwrt-linux-uclibcgnueabi
configure:2385: checking target system type
configure:2398: result: arm-openwrt-linux-uclibcgnueabi
configure:2432: checking for arm-openwrt-linux-uclibcgnueabi-gcc
configure:2459: result: arm-openwrt-linux-uclibcgnueabi-gcc
configure:2728: checking for C compiler version
configure:2737: arm-openwrt-linux-uclibcgnueabi-gcc --version >&5
arm-openwrt-linux-uclibcgnueabi-gcc (GCC) 4.5.2 20101126 (Linaro) [release 4.5-2010.12-0]
Copyright (C) 2010 Free Software Foundation, Inc.
This is free software; see the source for copying conditions.  There is NO
warranty; not even for MERCHANTABILITY or FITNESS FOR A PARTICULAR PURPOSE.

configure:2748: $? = 0
configure:2737: arm-openwrt-linux-uclibcgnueabi-gcc -v >&5
Using built-in specs.
COLLECT_GCC=arm-openwrt-linux-uclibcgnueabi-gcc
COLLECT_LTO_WRAPPER=/home/igarashi/cortina/staging_dir/toolchain-arm_gcc-4.5.1+l_uClibc-0.9.32_eabi/libexec/gcc/arm-openwrt-linux-uclibcgnueabi/4.5.2/lto-wrapper
Target: arm-openwrt-linux-uclibcgnueabi
Configured with: /home/igarashi/cortina/build_dir/toolchain-arm_gcc-4.5.1+l_uClibc-0.9.32_eabi/gcc-linaro-4.5-2010.12-0/configure --prefix=/home/igarashi/cortina/staging_dir/toolchain-arm_gcc-4.5.1+l_uClibc-0.9.32_eabi --build=i686-linux-gnu --host=i686-linux-gnu --target=arm-openwrt-linux-uclibcgnueabi --with-gnu-ld --enable-target-optspace --disable-libgomp --disable-libmudflap --disable-multilib --disable-nls --with-gmp=/home/igarashi/cortina/staging_dir/host --with-mpfr=/home/igarashi/cortina/staging_dir/host --disable-decimal-float --with-gmp=/home/igarashi/cortina/staging_dir/host --with-mpc=/home/igarashi/cortina/staging_dir/host --with-mpfr=/home/igarashi/cortina/staging_dir/host --disable-decimal-float --disable-libssp --disable-__cxa_atexit --enable-languages=c,c++ --enable-shared --enable-threads --with-slibdir=/home/igarashi/cortina/staging_dir/toolchain-arm_gcc-4.5.1+l_uClibc-0.9.32_eabi/lib --enable-lto --with-libelf=/home/igarashi/cortina/staging_dir/host --enable-tls
Thread model: posix
gcc version 4.5.2 20101126 (Linaro) [release 4.5-2010.12-0] (GCC) 
configure:2748: $? = 0
configure:2737: arm-openwrt-linux-uclibcgnueabi-gcc -V >&5
arm-openwrt-linux-uclibcgnueabi-gcc: '-V' option must have argument
configure:2748: $? = 1
configure:2737: arm-openwrt-linux-uclibcgnueabi-gcc -qversion >&5
arm-openwrt-linux-uclibcgnueabi-gcc: unrecognized option '-qversion'
arm-openwrt-linux-uclibcgnueabi-gcc: no input files
configure:2748: $? = 1
configure:2768: checking whether the C compiler works
configure:2790: arm-openwrt-linux-uclibcgnueabi-gcc -O -pipe -march=armv7-a -mtune=cortex-a9 -funit-at-a-time -mfpu=neon -ftree-vectorize -mfloat-abi=softfp -fhonour-copts -fpic    -L/home/igarashi/cortina/staging_dir/target-arm_uClibc-0.9.32_eabi/usr/lib -L/home/igarashi/cortina/staging_dir/target-arm_uClibc-0.9.32_eabi/lib -L/home/igarashi/cortina/staging_dir/toolchain-arm_gcc-4.5.1+l_uClibc-0.9.32_eabi/usr/lib -L/home/igarashi/cortina/staging_dir/toolchain-arm_gcc-4.5.1+l_uClibc-0.9.32_eabi/lib  conftest.c  >&5
configure:2794: $? = 0
configure:2842: result: yes
configure:2845: checking for C compiler default output file name
configure:2847: result: a.out
configure:2853: checking for suffix of executables
configure:2860: arm-openwrt-linux-uclibcgnueabi-gcc -o conftest -O -pipe -march=armv7-a -mtune=cortex-a9 -funit-at-a-time -mfpu=neon -ftree-vectorize -mfloat-abi=softfp -fhonour-copts -fpic    -L/home/igarashi/cortina/staging_dir/target-arm_uClibc-0.9.32_eabi/usr/lib -L/home/igarashi/cortina/staging_dir/target-arm_uClibc-0.9.32_eabi/lib -L/home/igarashi/cortina/staging_dir/toolchain-arm_gcc-4.5.1+l_uClibc-0.9.32_eabi/usr/lib -L/home/igarashi/cortina/staging_dir/toolchain-arm_gcc-4.5.1+l_uClibc-0.9.32_eabi/lib  conftest.c  >&5
configure:2864: $? = 0
configure:2886: result: 
configure:2908: checking whether we are cross compiling
configure:2946: result: yes
configure:2951: checking for suffix of object files
configure:2973: arm-openwrt-linux-uclibcgnueabi-gcc -c -O -pipe -march=armv7-a -mtune=cortex-a9 -funit-at-a-time -mfpu=neon -ftree-vectorize -mfloat-abi=softfp -fhonour-copts -fpic   conftest.c >&5
configure:2977: $? = 0
configure:2998: result: o
configure:3002: checking whether we are using the GNU C compiler
configure:3021: arm-openwrt-linux-uclibcgnueabi-gcc -c -O -pipe -march=armv7-a -mtune=cortex-a9 -funit-at-a-time -mfpu=neon -ftree-vectorize -mfloat-abi=softfp -fhonour-copts -fpic   conftest.c >&5
configure:3021: $? = 0
configure:3030: result: yes
configure:3039: checking whether arm-openwrt-linux-uclibcgnueabi-gcc accepts -g
configure:3059: arm-openwrt-linux-uclibcgnueabi-gcc -c -g  conftest.c >&5
cc1: note: someone does not honour COPTS correctly, passed 0 times
configure:3059: $? = 0
configure: failed program was:
| /* confdefs.h */
| #define PACKAGE_NAME ""
| #define PACKAGE_TARNAME ""
| #define PACKAGE_VERSION ""
| #define PACKAGE_STRING ""
| #define PACKAGE_BUGREPORT ""
| #define PACKAGE_URL ""
| /* end confdefs.h.  */
| 
| int
| main ()
| {
| 
|   ;
|   return 0;
| }
configure:3074: arm-openwrt-linux-uclibcgnueabi-gcc -c   conftest.c >&5
cc1: note: someone does not honour COPTS correctly, passed 0 times
configure:3074: $? = 0
configure: failed program was:
| /* confdefs.h */
| #define PACKAGE_NAME ""
| #define PACKAGE_TARNAME ""
| #define PACKAGE_VERSION ""
| #define PACKAGE_STRING ""
| #define PACKAGE_BUGREPORT ""
| #define PACKAGE_URL ""
| /* end confdefs.h.  */
| 
| int
| main ()
| {
| 
|   ;
|   return 0;
| }
configure:3090: arm-openwrt-linux-uclibcgnueabi-gcc -c -g  conftest.c >&5
cc1: note: someone does not honour COPTS correctly, passed 0 times
configure:3090: $? = 0
configure:3100: result: yes
configure:3117: checking for arm-openwrt-linux-uclibcgnueabi-gcc option to accept ISO C89
configure:3181: arm-openwrt-linux-uclibcgnueabi-gcc  -c -O -pipe -march=armv7-a -mtune=cortex-a9 -funit-at-a-time -mfpu=neon -ftree-vectorize -mfloat-abi=softfp -fhonour-copts -fpic   conftest.c >&5
configure:3181: $? = 0
configure:3194: result: none needed
configure:3215: checking for library containing strerror
configure:3246: arm-openwrt-linux-uclibcgnueabi-gcc -o conftest -O -pipe -march=armv7-a -mtune=cortex-a9 -funit-at-a-time -mfpu=neon -ftree-vectorize -mfloat-abi=softfp -fhonour-copts -fpic    -L/home/igarashi/cortina/staging_dir/target-arm_uClibc-0.9.32_eabi/usr/lib -L/home/igarashi/cortina/staging_dir/target-arm_uClibc-0.9.32_eabi/lib -L/home/igarashi/cortina/staging_dir/toolchain-arm_gcc-4.5.1+l_uClibc-0.9.32_eabi/usr/lib -L/home/igarashi/cortina/staging_dir/toolchain-arm_gcc-4.5.1+l_uClibc-0.9.32_eabi/lib  conftest.c  >&5
configure:3246: $? = 0
configure:3263: result: none required
configure:3293: checking for a BSD-compatible install
configure:3361: result: /usr/bin/install -c
configure:3372: checking whether build environment is sane
configure:3422: result: yes
configure:3471: checking for arm-openwrt-linux-uclibcgnueabi-strip
configure:3498: result: arm-openwrt-linux-uclibcgnueabi-strip
configure:3563: checking for a thread-safe mkdir -p
configure:3602: result: /bin/mkdir -p
configure:3615: checking for gawk
configure:3642: result: gawk
configure:3653: checking whether make sets $(MAKE)
configure:3675: result: yes
configure:3705: checking for style of include used by make
configure:3733: result: GNU
configure:3818: checking dependency style of arm-openwrt-linux-uclibcgnueabi-gcc
configure:3928: result: gcc3
configure:3953: checking for arm-openwrt-linux-uclibcgnueabi-gcc
configure:3980: result: arm-openwrt-linux-uclibcgnueabi-gcc
configure:4249: checking for C compiler version
configure:4258: arm-openwrt-linux-uclibcgnueabi-gcc --version >&5
arm-openwrt-linux-uclibcgnueabi-gcc (GCC) 4.5.2 20101126 (Linaro) [release 4.5-2010.12-0]
Copyright (C) 2010 Free Software Foundation, Inc.
This is free software; see the source for copying conditions.  There is NO
warranty; not even for MERCHANTABILITY or FITNESS FOR A PARTICULAR PURPOSE.

configure:4269: $? = 0
configure:4258: arm-openwrt-linux-uclibcgnueabi-gcc -v >&5
Using built-in specs.
COLLECT_GCC=arm-openwrt-linux-uclibcgnueabi-gcc
COLLECT_LTO_WRAPPER=/home/igarashi/cortina/staging_dir/toolchain-arm_gcc-4.5.1+l_uClibc-0.9.32_eabi/libexec/gcc/arm-openwrt-linux-uclibcgnueabi/4.5.2/lto-wrapper
Target: arm-openwrt-linux-uclibcgnueabi
Configured with: /home/igarashi/cortina/build_dir/toolchain-arm_gcc-4.5.1+l_uClibc-0.9.32_eabi/gcc-linaro-4.5-2010.12-0/configure --prefix=/home/igarashi/cortina/staging_dir/toolchain-arm_gcc-4.5.1+l_uClibc-0.9.32_eabi --build=i686-linux-gnu --host=i686-linux-gnu --target=arm-openwrt-linux-uclibcgnueabi --with-gnu-ld --enable-target-optspace --disable-libgomp --disable-libmudflap --disable-multilib --disable-nls --with-gmp=/home/igarashi/cortina/staging_dir/host --with-mpfr=/home/igarashi/cortina/staging_dir/host --disable-decimal-float --with-gmp=/home/igarashi/cortina/staging_dir/host --with-mpc=/home/igarashi/cortina/staging_dir/host --with-mpfr=/home/igarashi/cortina/staging_dir/host --disable-decimal-float --disable-libssp --disable-__cxa_atexit --enable-languages=c,c++ --enable-shared --enable-threads --with-slibdir=/home/igarashi/cortina/staging_dir/toolchain-arm_gcc-4.5.1+l_uClibc-0.9.32_eabi/lib --enable-lto --with-libelf=/home/igarashi/cortina/staging_dir/host --enable-tls
Thread model: posix
gcc version 4.5.2 20101126 (Linaro) [release 4.5-2010.12-0] (GCC) 
configure:4269: $? = 0
configure:4258: arm-openwrt-linux-uclibcgnueabi-gcc -V >&5
arm-openwrt-linux-uclibcgnueabi-gcc: '-V' option must have argument
configure:4269: $? = 1
configure:4258: arm-openwrt-linux-uclibcgnueabi-gcc -qversion >&5
arm-openwrt-linux-uclibcgnueabi-gcc: unrecognized option '-qversion'
arm-openwrt-linux-uclibcgnueabi-gcc: no input files
configure:4269: $? = 1
configure:4273: checking whether we are using the GNU C compiler
configure:4301: result: yes
configure:4310: checking whether arm-openwrt-linux-uclibcgnueabi-gcc accepts -g
configure:4371: result: yes
configure:4388: checking for arm-openwrt-linux-uclibcgnueabi-gcc option to accept ISO C89
configure:4465: result: none needed
configure:4490: checking how to run the C preprocessor
configure:4521: arm-openwrt-linux-uclibcgnueabi-gcc -E  conftest.c
configure:4521: $? = 0
configure:4535: arm-openwrt-linux-uclibcgnueabi-gcc -E  conftest.c
conftest.c:11:28: fatal error: ac_nonexistent.h: No such file or directory
compilation terminated.
configure:4535: $? = 1
configure: failed program was:
| /* confdefs.h */
| #define PACKAGE_NAME ""
| #define PACKAGE_TARNAME ""
| #define PACKAGE_VERSION ""
| #define PACKAGE_STRING ""
| #define PACKAGE_BUGREPORT ""
| #define PACKAGE_URL ""
| #define PACKAGE "opcodes"
| #define VERSION "2.20.1"
| /* end confdefs.h.  */
| #include <ac_nonexistent.h>
configure:4560: result: arm-openwrt-linux-uclibcgnueabi-gcc -E
configure:4580: arm-openwrt-linux-uclibcgnueabi-gcc -E  conftest.c
configure:4580: $? = 0
configure:4594: arm-openwrt-linux-uclibcgnueabi-gcc -E  conftest.c
conftest.c:11:28: fatal error: ac_nonexistent.h: No such file or directory
compilation terminated.
configure:4594: $? = 1
configure: failed program was:
| /* confdefs.h */
| #define PACKAGE_NAME ""
| #define PACKAGE_TARNAME ""
| #define PACKAGE_VERSION ""
| #define PACKAGE_STRING ""
| #define PACKAGE_BUGREPORT ""
| #define PACKAGE_URL ""
| #define PACKAGE "opcodes"
| #define VERSION "2.20.1"
| /* end confdefs.h.  */
| #include <ac_nonexistent.h>
configure:4623: checking for grep that handles long lines and -e
configure:4681: result: /bin/grep
configure:4686: checking for egrep
configure:4748: result: /bin/grep -E
configure:4753: checking for ANSI C header files
configure:4773: arm-openwrt-linux-uclibcgnueabi-gcc -c -O -pipe -march=armv7-a -mtune=cortex-a9 -funit-at-a-time -mfpu=neon -ftree-vectorize -mfloat-abi=softfp -fhonour-copts -fpic   conftest.c >&5
configure:4773: $? = 0
configure:4857: result: yes
configure:4870: checking for sys/types.h
configure:4870: arm-openwrt-linux-uclibcgnueabi-gcc -c -O -pipe -march=armv7-a -mtune=cortex-a9 -funit-at-a-time -mfpu=neon -ftree-vectorize -mfloat-abi=softfp -fhonour-copts -fpic   conftest.c >&5
configure:4870: $? = 0
configure:4870: result: yes
configure:4870: checking for sys/stat.h
configure:4870: arm-openwrt-linux-uclibcgnueabi-gcc -c -O -pipe -march=armv7-a -mtune=cortex-a9 -funit-at-a-time -mfpu=neon -ftree-vectorize -mfloat-abi=softfp -fhonour-copts -fpic   conftest.c >&5
configure:4870: $? = 0
configure:4870: result: yes
configure:4870: checking for stdlib.h
configure:4870: arm-openwrt-linux-uclibcgnueabi-gcc -c -O -pipe -march=armv7-a -mtune=cortex-a9 -funit-at-a-time -mfpu=neon -ftree-vectorize -mfloat-abi=softfp -fhonour-copts -fpic   conftest.c >&5
configure:4870: $? = 0
configure:4870: result: yes
configure:4870: checking for string.h
configure:4870: arm-openwrt-linux-uclibcgnueabi-gcc -c -O -pipe -march=armv7-a -mtune=cortex-a9 -funit-at-a-time -mfpu=neon -ftree-vectorize -mfloat-abi=softfp -fhonour-copts -fpic   conftest.c >&5
configure:4870: $? = 0
configure:4870: result: yes
configure:4870: checking for memory.h
configure:4870: arm-openwrt-linux-uclibcgnueabi-gcc -c -O -pipe -march=armv7-a -mtune=cortex-a9 -funit-at-a-time -mfpu=neon -ftree-vectorize -mfloat-abi=softfp -fhonour-copts -fpic   conftest.c >&5
configure:4870: $? = 0
configure:4870: result: yes
configure:4870: checking for strings.h
configure:4870: arm-openwrt-linux-uclibcgnueabi-gcc -c -O -pipe -march=armv7-a -mtune=cortex-a9 -funit-at-a-time -mfpu=neon -ftree-vectorize -mfloat-abi=softfp -fhonour-copts -fpic   conftest.c >&5
configure:4870: $? = 0
configure:4870: result: yes
configure:4870: checking for inttypes.h
configure:4870: arm-openwrt-linux-uclibcgnueabi-gcc -c -O -pipe -march=armv7-a -mtune=cortex-a9 -funit-at-a-time -mfpu=neon -ftree-vectorize -mfloat-abi=softfp -fhonour-copts -fpic   conftest.c >&5
configure:4870: $? = 0
configure:4870: result: yes
configure:4870: checking for stdint.h
configure:4870: arm-openwrt-linux-uclibcgnueabi-gcc -c -O -pipe -march=armv7-a -mtune=cortex-a9 -funit-at-a-time -mfpu=neon -ftree-vectorize -mfloat-abi=softfp -fhonour-copts -fpic   conftest.c >&5
configure:4870: $? = 0
configure:4870: result: yes
configure:4870: checking for unistd.h
configure:4870: arm-openwrt-linux-uclibcgnueabi-gcc -c -O -pipe -march=armv7-a -mtune=cortex-a9 -funit-at-a-time -mfpu=neon -ftree-vectorize -mfloat-abi=softfp -fhonour-copts -fpic   conftest.c >&5
configure:4870: $? = 0
configure:4870: result: yes
configure:4883: checking minix/config.h usability
configure:4883: arm-openwrt-linux-uclibcgnueabi-gcc -c -O -pipe -march=armv7-a -mtune=cortex-a9 -funit-at-a-time -mfpu=neon -ftree-vectorize -mfloat-abi=softfp -fhonour-copts -fpic   conftest.c >&5
conftest.c:54:26: fatal error: minix/config.h: No such file or directory
compilation terminated.
configure:4883: $? = 1
configure: failed program was:
| /* confdefs.h */
| #define PACKAGE_NAME ""
| #define PACKAGE_TARNAME ""
| #define PACKAGE_VERSION ""
| #define PACKAGE_STRING ""
| #define PACKAGE_BUGREPORT ""
| #define PACKAGE_URL ""
| #define PACKAGE "opcodes"
| #define VERSION "2.20.1"
| #define STDC_HEADERS 1
| #define HAVE_SYS_TYPES_H 1
| #define HAVE_SYS_STAT_H 1
| #define HAVE_STDLIB_H 1
| #define HAVE_STRING_H 1
| #define HAVE_MEMORY_H 1
| #define HAVE_STRINGS_H 1
| #define HAVE_INTTYPES_H 1
| #define HAVE_STDINT_H 1
| #define HAVE_UNISTD_H 1
| /* end confdefs.h.  */
| #include <stdio.h>
| #ifdef HAVE_SYS_TYPES_H
| # include <sys/types.h>
| #endif
| #ifdef HAVE_SYS_STAT_H
| # include <sys/stat.h>
| #endif
| #ifdef STDC_HEADERS
| # include <stdlib.h>
| # include <stddef.h>
| #else
| # ifdef HAVE_STDLIB_H
| #  include <stdlib.h>
| # endif
| #endif
| #ifdef HAVE_STRING_H
| # if !defined STDC_HEADERS && defined HAVE_MEMORY_H
| #  include <memory.h>
| # endif
| # include <string.h>
| #endif
| #ifdef HAVE_STRINGS_H
| # include <strings.h>
| #endif
| #ifdef HAVE_INTTYPES_H
| # include <inttypes.h>
| #endif
| #ifdef HAVE_STDINT_H
| # include <stdint.h>
| #endif
| #ifdef HAVE_UNISTD_H
| # include <unistd.h>
| #endif
| #include <minix/config.h>
configure:4883: result: no
configure:4883: checking minix/config.h presence
configure:4883: arm-openwrt-linux-uclibcgnueabi-gcc -E  conftest.c
conftest.c:21:26: fatal error: minix/config.h: No such file or directory
compilation terminated.
configure:4883: $? = 1
configure: failed program was:
| /* confdefs.h */
| #define PACKAGE_NAME ""
| #define PACKAGE_TARNAME ""
| #define PACKAGE_VERSION ""
| #define PACKAGE_STRING ""
| #define PACKAGE_BUGREPORT ""
| #define PACKAGE_URL ""
| #define PACKAGE "opcodes"
| #define VERSION "2.20.1"
| #define STDC_HEADERS 1
| #define HAVE_SYS_TYPES_H 1
| #define HAVE_SYS_STAT_H 1
| #define HAVE_STDLIB_H 1
| #define HAVE_STRING_H 1
| #define HAVE_MEMORY_H 1
| #define HAVE_STRINGS_H 1
| #define HAVE_INTTYPES_H 1
| #define HAVE_STDINT_H 1
| #define HAVE_UNISTD_H 1
| /* end confdefs.h.  */
| #include <minix/config.h>
configure:4883: result: no
configure:4883: checking for minix/config.h
configure:4883: result: no
configure:4904: checking whether it is safe to define __EXTENSIONS__
configure:4922: arm-openwrt-linux-uclibcgnueabi-gcc -c -O -pipe -march=armv7-a -mtune=cortex-a9 -funit-at-a-time -mfpu=neon -ftree-vectorize -mfloat-abi=softfp -fhonour-copts -fpic   conftest.c >&5
configure:4922: $? = 0
configure:4929: result: yes
configure:4949: checking for arm-openwrt-linux-uclibcgnueabi-ar
configure:4976: result: arm-openwrt-linux-uclibcgnueabi-ar
configure:5041: checking for arm-openwrt-linux-uclibcgnueabi-ranlib
configure:5068: result: arm-openwrt-linux-uclibcgnueabi-ranlib
configure:5209: checking how to print strings
configure:5236: result: printf
configure:5257: checking for a sed that does not truncate output
configure:5321: result: /home/igarashi/cortina/staging_dir/host/bin/sed
configure:5339: checking for fgrep
configure:5401: result: /bin/grep -F
configure:5436: checking for ld used by arm-openwrt-linux-uclibcgnueabi-gcc
configure:5503: result: arm-openwrt-linux-uclibcgnueabi-ld
configure:5510: checking if the linker (arm-openwrt-linux-uclibcgnueabi-ld) is GNU ld
configure:5525: result: yes
configure:5537: checking for BSD- or MS-compatible name lister (nm)
configure:5586: result: arm-openwrt-linux-uclibcgnueabi-nm
configure:5716: checking the name lister (arm-openwrt-linux-uclibcgnueabi-nm) interface
configure:5723: arm-openwrt-linux-uclibcgnueabi-gcc -c -O -pipe -march=armv7-a -mtune=cortex-a9 -funit-at-a-time -mfpu=neon -ftree-vectorize -mfloat-abi=softfp -fhonour-copts -fpic   conftest.c >&5
configure:5726: arm-openwrt-linux-uclibcgnueabi-nm "conftest.o"
configure:5729: output
00000000 B some_variable
configure:5736: result: BSD nm
configure:5739: checking whether ln -s works
configure:5743: result: yes
configure:5751: checking the maximum length of command line arguments
configure:5876: result: 805306365
configure:5893: checking whether the shell understands some XSI constructs
configure:5903: result: yes
configure:5907: checking whether the shell understands "+="
configure:5913: result: yes
configure:5948: checking how to convert i686-pc-linux-gnu file names to arm-openwrt-linux-uclibcgnueabi format
configure:5988: result: func_convert_file_noop
configure:5995: checking how to convert i686-pc-linux-gnu file names to toolchain format
configure:6015: result: func_convert_file_noop
configure:6022: checking for arm-openwrt-linux-uclibcgnueabi-ld option to reload object files
configure:6029: result: -r
configure:6063: checking for arm-openwrt-linux-uclibcgnueabi-objdump
configure:6090: result: arm-openwrt-linux-uclibcgnueabi-objdump
configure:6162: checking how to recognize dependent libraries
configure:6364: result: pass_all
configure:6409: checking for arm-openwrt-linux-uclibcgnueabi-dlltool
configure:6436: result: arm-openwrt-linux-uclibcgnueabi-dlltool
configure:6509: checking how to associate runtime and link libraries
configure:6536: result: printf %s\n
configure:6552: checking for arm-openwrt-linux-uclibcgnueabi-ar
configure:6579: result: arm-openwrt-linux-uclibcgnueabi-ar
configure:6660: checking for archiver @FILE support
configure:6677: arm-openwrt-linux-uclibcgnueabi-gcc -c -O -pipe -march=armv7-a -mtune=cortex-a9 -funit-at-a-time -mfpu=neon -ftree-vectorize -mfloat-abi=softfp -fhonour-copts -fpic   conftest.c >&5
configure:6677: $? = 0
configure:6680: arm-openwrt-linux-uclibcgnueabi-ar cru libconftest.a @conftest.lst >&5
configure:6683: $? = 0
configure:6688: arm-openwrt-linux-uclibcgnueabi-ar cru libconftest.a @conftest.lst >&5
arm-openwrt-linux-uclibcgnueabi-ar: conftest.o: No such file or directory
configure:6691: $? = 1
configure:6703: result: @
configure:6721: checking for arm-openwrt-linux-uclibcgnueabi-strip
configure:6748: result: arm-openwrt-linux-uclibcgnueabi-strip
configure:6820: checking for arm-openwrt-linux-uclibcgnueabi-ranlib
configure:6847: result: arm-openwrt-linux-uclibcgnueabi-ranlib
configure:6989: checking command to parse arm-openwrt-linux-uclibcgnueabi-nm output from arm-openwrt-linux-uclibcgnueabi-gcc object
configure:7108: arm-openwrt-linux-uclibcgnueabi-gcc -c -O -pipe -march=armv7-a -mtune=cortex-a9 -funit-at-a-time -mfpu=neon -ftree-vectorize -mfloat-abi=softfp -fhonour-copts -fpic   conftest.c >&5
configure:7111: $? = 0
configure:7115: arm-openwrt-linux-uclibcgnueabi-nm conftest.o \| sed -n -e 's/^.*[ ]\([ABCDGIRSTW][ABCDGIRSTW]*\)[ ][ ]*\([_A-Za-z][_A-Za-z0-9]*\)$/\1 \2 \2/p' | sed '/ __gnu_lto/d' \> conftest.nm
configure:7118: $? = 0
configure:7184: arm-openwrt-linux-uclibcgnueabi-gcc -o conftest -O -pipe -march=armv7-a -mtune=cortex-a9 -funit-at-a-time -mfpu=neon -ftree-vectorize -mfloat-abi=softfp -fhonour-copts -fpic    -L/home/igarashi/cortina/staging_dir/target-arm_uClibc-0.9.32_eabi/usr/lib -L/home/igarashi/cortina/staging_dir/target-arm_uClibc-0.9.32_eabi/lib -L/home/igarashi/cortina/staging_dir/toolchain-arm_gcc-4.5.1+l_uClibc-0.9.32_eabi/usr/lib -L/home/igarashi/cortina/staging_dir/toolchain-arm_gcc-4.5.1+l_uClibc-0.9.32_eabi/lib  conftest.c conftstm.o >&5
configure:7187: $? = 0
configure:7225: result: ok
configure:7262: checking for sysroot
configure:7292: result: /home/igarashi/cortina/build_dir/target-arm_uClibc-0.9.32_eabi/binutils-2.20.1/ipkg-install
configure:7495: checking for arm-openwrt-linux-uclibcgnueabi-mt
configure:7525: result: no
configure:7535: checking for mt
configure:7551: found /bin/mt
configure:7562: result: mt
configure:7574: WARNING: using cross tools not prefixed with host triplet
configure:7585: checking if mt is a manifest tool
configure:7591: mt '-?'
configure:7599: result: no
configure:8228: checking for dlfcn.h
configure:8228: arm-openwrt-linux-uclibcgnueabi-gcc -c -O -pipe -march=armv7-a -mtune=cortex-a9 -funit-at-a-time -mfpu=neon -ftree-vectorize -mfloat-abi=softfp -fhonour-copts -fpic   conftest.c >&5
configure:8228: $? = 0
configure:8228: result: yes
configure:8385: checking for objdir
configure:8400: result: .libs
configure:8667: checking if arm-openwrt-linux-uclibcgnueabi-gcc supports -fno-rtti -fno-exceptions
configure:8685: arm-openwrt-linux-uclibcgnueabi-gcc -c -O -pipe -march=armv7-a -mtune=cortex-a9 -funit-at-a-time -mfpu=neon -ftree-vectorize -mfloat-abi=softfp -fhonour-copts -fpic   -fno-rtti -fno-exceptions conftest.c >&5
cc1: warning: command line option "-fno-rtti" is valid for C++/ObjC++ but not for C
configure:8689: $? = 0
configure:8702: result: no
configure:9012: checking for arm-openwrt-linux-uclibcgnueabi-gcc option to produce PIC
configure:9019: result: -fPIC -DPIC
configure:9027: checking if arm-openwrt-linux-uclibcgnueabi-gcc PIC flag -fPIC -DPIC works
configure:9045: arm-openwrt-linux-uclibcgnueabi-gcc -c -O -pipe -march=armv7-a -mtune=cortex-a9 -funit-at-a-time -mfpu=neon -ftree-vectorize -mfloat-abi=softfp -fhonour-copts -fpic   -fPIC -DPIC -DPIC conftest.c >&5
configure:9049: $? = 0
configure:9062: result: yes
configure:9091: checking if arm-openwrt-linux-uclibcgnueabi-gcc static flag -static works
configure:9119: result: yes
configure:9134: checking if arm-openwrt-linux-uclibcgnueabi-gcc supports -c -o file.o
configure:9155: arm-openwrt-linux-uclibcgnueabi-gcc -c -O -pipe -march=armv7-a -mtune=cortex-a9 -funit-at-a-time -mfpu=neon -ftree-vectorize -mfloat-abi=softfp -fhonour-copts -fpic   -o out/conftest2.o conftest.c >&5
configure:9159: $? = 0
configure:9181: result: yes
configure:9189: checking if arm-openwrt-linux-uclibcgnueabi-gcc supports -c -o file.o
configure:9236: result: yes
configure:9269: checking whether the arm-openwrt-linux-uclibcgnueabi-gcc linker (arm-openwrt-linux-uclibcgnueabi-ld) supports shared libraries
configure:10427: result: yes
configure:10672: checking dynamic linker characteristics
configure:11186: arm-openwrt-linux-uclibcgnueabi-gcc -o conftest -O -pipe -march=armv7-a -mtune=cortex-a9 -funit-at-a-time -mfpu=neon -ftree-vectorize -mfloat-abi=softfp -fhonour-copts -fpic    -L/home/igarashi/cortina/staging_dir/target-arm_uClibc-0.9.32_eabi/usr/lib -L/home/igarashi/cortina/staging_dir/target-arm_uClibc-0.9.32_eabi/lib -L/home/igarashi/cortina/staging_dir/toolchain-arm_gcc-4.5.1+l_uClibc-0.9.32_eabi/usr/lib -L/home/igarashi/cortina/staging_dir/toolchain-arm_gcc-4.5.1+l_uClibc-0.9.32_eabi/lib  -Wl,-rpath -Wl,/foo conftest.c  >&5
configure:11186: $? = 0
configure:11408: result: GNU/Linux ld.so
configure:11515: checking how to hardcode library paths into programs
configure:11540: result: immediate
configure:12080: checking whether stripping libraries is possible
configure:12085: result: yes
configure:12120: checking if libtool supports shared libraries
configure:12122: result: yes
configure:12125: checking whether to build shared libraries
configure:12146: result: no
configure:12149: checking whether to build static libraries
configure:12153: result: yes
configure:12269: checking whether to enable maintainer-specific portions of Makefiles
configure:12278: result: no
configure:12306: checking whether to install libbfd
configure:12319: result: yes
configure:12365: checking whether NLS is requested
configure:12368: result: no
configure:12423: checking whether NLS is requested
configure:12432: result: no
configure:12473: checking for msgfmt
configure: trying /usr/bin/msgfmt...
0 translated messages.
configure:12505: result: /usr/bin/msgfmt
configure:12514: checking for gmsgfmt
configure:12545: result: /usr/bin/msgfmt
configure:12596: checking for xgettext
configure:12628: result: /usr/bin/xgettext
configure:12674: checking for msgmerge
configure: trying /usr/bin/msgmerge...
configure:12705: result: /usr/bin/msgmerge
configure:12738: checking for build system executable suffix
configure:12756: result: no
configure:12769: checking for string.h
configure:12769: result: yes
configure:12769: checking for strings.h
configure:12769: result: yes
configure:12769: checking for stdlib.h
configure:12769: result: yes
configure:12769: checking limits.h usability
configure:12769: arm-openwrt-linux-uclibcgnueabi-gcc -c -O -pipe -march=armv7-a -mtune=cortex-a9 -funit-at-a-time -mfpu=neon -ftree-vectorize -mfloat-abi=softfp -fhonour-copts -fpic   conftest.c >&5
configure:12769: $? = 0
configure:12769: result: yes
configure:12769: checking limits.h presence
configure:12769: arm-openwrt-linux-uclibcgnueabi-gcc -E  conftest.c
configure:12769: $? = 0
configure:12769: result: yes
configure:12769: checking for limits.h
configure:12769: result: yes
configure:12780: checking whether basename is declared
configure:12780: arm-openwrt-linux-uclibcgnueabi-gcc -c -O -pipe -march=armv7-a -mtune=cortex-a9 -funit-at-a-time -mfpu=neon -ftree-vectorize -mfloat-abi=softfp -fhonour-copts -fpic   conftest.c >&5
configure:12780: $? = 0
configure:12780: result: yes
configure:12790: checking whether stpcpy is declared
configure:12790: arm-openwrt-linux-uclibcgnueabi-gcc -c -O -pipe -march=armv7-a -mtune=cortex-a9 -funit-at-a-time -mfpu=neon -ftree-vectorize -mfloat-abi=softfp -fhonour-copts -fpic   conftest.c >&5
configure:12790: $? = 0
configure:12790: result: yes
configure:12832: checking linker --as-needed support
configure:12843: result: yes
configure:12934: checking for cos in -lm
configure:12959: arm-openwrt-linux-uclibcgnueabi-gcc -o conftest -O -pipe -march=armv7-a -mtune=cortex-a9 -funit-at-a-time -mfpu=neon -ftree-vectorize -mfloat-abi=softfp -fhonour-copts -fpic    -L/home/igarashi/cortina/staging_dir/target-arm_uClibc-0.9.32_eabi/usr/lib -L/home/igarashi/cortina/staging_dir/target-arm_uClibc-0.9.32_eabi/lib -L/home/igarashi/cortina/staging_dir/toolchain-arm_gcc-4.5.1+l_uClibc-0.9.32_eabi/usr/lib -L/home/igarashi/cortina/staging_dir/toolchain-arm_gcc-4.5.1+l_uClibc-0.9.32_eabi/lib  conftest.c -lm   >&5
conftest.c:41:6: warning: conflicting types for built-in function 'cos'
configure:12959: $? = 0
configure:12968: result: yes
configure:13289: updating cache ./config.cache
configure:13366: creating ./config.status

## ---------------------- ##
## Running config.status. ##
## ---------------------- ##

This file was extended by config.status, which was
generated by GNU Autoconf 2.68.  Invocation command line was

  CONFIG_FILES    = 
  CONFIG_HEADERS  = 
  CONFIG_LINKS    = 
  CONFIG_COMMANDS = 
  $ ./config.status 

on igarashi-VirtualBox

config.status:1157: creating Makefile
config.status:1157: creating po/Makefile.in
config.status:1157: creating config.h
config.status:1386: executing depfiles commands
config.status:1386: executing libtool commands
config.status:1386: executing po-directories commands

## ---------------- ##
## Cache variables. ##
## ---------------- ##

ac_cv_build=i686-pc-linux-gnu
ac_cv_c_bigendian=no
ac_cv_c_compiler_gnu=yes
ac_cv_c_gettext_without_libintl=yes
ac_cv_c_littleendian=yes
ac_cv_c_long_double=no
ac_cv_conv_longlong_to_float=yes
ac_cv_env_CC_set=set
ac_cv_env_CC_value=arm-openwrt-linux-uclibcgnueabi-gcc
ac_cv_env_CFLAGS_set=set
ac_cv_env_CFLAGS_value='-O -pipe -march=armv7-a -mtune=cortex-a9 -funit-at-a-time -mfpu=neon -ftree-vectorize -mfloat-abi=softfp -fhonour-copts -fpic '
ac_cv_env_CPPFLAGS_set=
ac_cv_env_CPPFLAGS_value=
ac_cv_env_CPP_set=
ac_cv_env_CPP_value=
ac_cv_env_LDFLAGS_set=set
ac_cv_env_LDFLAGS_value=' -L/home/igarashi/cortina/staging_dir/target-arm_uClibc-0.9.32_eabi/usr/lib -L/home/igarashi/cortina/staging_dir/target-arm_uClibc-0.9.32_eabi/lib -L/home/igarashi/cortina/staging_dir/toolchain-arm_gcc-4.5.1+l_uClibc-0.9.32_eabi/usr/lib -L/home/igarashi/cortina/staging_dir/toolchain-arm_gcc-4.5.1+l_uClibc-0.9.32_eabi/lib '
ac_cv_env_LIBS_set=
ac_cv_env_LIBS_value=
ac_cv_env_build_alias_set=set
ac_cv_env_build_alias_value=i686-linux-gnu
ac_cv_env_host_alias_set=set
ac_cv_env_host_alias_value=arm-openwrt-linux-uclibcgnueabi
ac_cv_env_target_alias_set=set
ac_cv_env_target_alias_value=arm-openwrt-linux-uclibcgnueabi
ac_cv_file__dev_zero=yes
ac_cv_func___adjtimex=yes
ac_cv_func___va_copy=no
ac_cv_func__exit=yes
ac_cv_func_bcmp=yes
ac_cv_func_bcopy=yes
ac_cv_func_bzero=yes
ac_cv_func_cimag=yes
ac_cv_func_creal=yes
ac_cv_func_fchmod=yes
ac_cv_func_getaddrinfo=yes
ac_cv_func_getcwd=yes
ac_cv_func_getdomainname=yes
ac_cv_func_getpgrp_void=yes
ac_cv_func_getpwuid_r=yes
ac_cv_func_gettimeofday=yes
ac_cv_func_index=yes
ac_cv_func_lstat=yes
ac_cv_func_lstat_dereferences_slashed_symlink=yes
ac_cv_func_lstat_empty_string_bug=no
ac_cv_func_malloc_0_nonnull=yes
ac_cv_func_malloc_works=yes
ac_cv_func_memcmp_clean=yes
ac_cv_func_memcmp_working=yes
ac_cv_func_posix_getgrgid_r=yes
ac_cv_func_posix_getpwuid_r=yes
ac_cv_func_psignal=yes
ac_cv_func_pthread_key_delete=yes
ac_cv_func_realloc_0_nonnull=yes
ac_cv_func_realloc_works=yes
ac_cv_func_rename=yes
ac_cv_func_rindex=yes
ac_cv_func_setgrent_void=yes
ac_cv_func_setlocale=yes
ac_cv_func_setpgrp_void=yes
ac_cv_func_setresuid=no
ac_cv_func_setvbuf_reversed=no
ac_cv_func_stat_empty_string_bug=no
ac_cv_func_stat_ignores_trailing_slash=no
ac_cv_func_strerror=yes
ac_cv_func_strftime=yes
ac_cv_func_utimes=yes
ac_cv_func_va_copy=no
ac_cv_func_vsnprintf=yes
ac_cv_have_accrights_in_msghdr=no
ac_cv_have_broken_snprintf=no
ac_cv_have_control_in_msghdr=yes
ac_cv_have_decl_basename=yes
ac_cv_have_decl_stpcpy=yes
ac_cv_have_decl_sys_siglist=no
ac_cv_have_openpty_ctty_bug=yes
ac_cv_have_space_d_name_in_struct_dirent=yes
ac_cv_header_dlfcn_h=yes
ac_cv_header_inttypes_h=yes
ac_cv_header_limits_h=yes
ac_cv_header_memory_h=yes
ac_cv_header_minix_config_h=no
ac_cv_header_netinet_sctp_h=no
ac_cv_header_netinet_sctp_uio_h=no
ac_cv_header_stdc=yes
ac_cv_header_stdint_h=yes
ac_cv_header_stdlib_h=yes
ac_cv_header_string_h=yes
ac_cv_header_strings_h=yes
ac_cv_header_sys_stat_h=yes
ac_cv_header_sys_types_h=yes
ac_cv_header_unistd_h=yes
ac_cv_host=arm-openwrt-linux-uclibcgnueabi
ac_cv_int64_t=yes
ac_cv_lbl_unaligned_fail=no
ac_cv_lib_m_cos=yes
ac_cv_linux_kernel_pppoe=yes
ac_cv_linux_vers=2
ac_cv_objext=o
ac_cv_pack_bitfields_reversed=yes
ac_cv_path_EGREP='/bin/grep -E'
ac_cv_path_FGREP='/bin/grep -F'
ac_cv_path_GMSGFMT=/usr/bin/msgfmt
ac_cv_path_GREP=/bin/grep
ac_cv_path_LDCONFIG=
ac_cv_path_MSGFMT=/usr/bin/msgfmt
ac_cv_path_MSGMERGE=/usr/bin/msgmerge
ac_cv_path_SED=/home/igarashi/cortina/staging_dir/host/bin/sed
ac_cv_path_XGETTEXT=/usr/bin/xgettext
ac_cv_path_install='/usr/bin/install -c'
ac_cv_path_mkdir=/bin/mkdir
ac_cv_prog_AR=arm-openwrt-linux-uclibcgnueabi-ar
ac_cv_prog_AWK=gawk
ac_cv_prog_CC=arm-openwrt-linux-uclibcgnueabi-gcc
ac_cv_prog_CPP='arm-openwrt-linux-uclibcgnueabi-gcc -E'
ac_cv_prog_DLLTOOL=arm-openwrt-linux-uclibcgnueabi-dlltool
ac_cv_prog_OBJDUMP=arm-openwrt-linux-uclibcgnueabi-objdump
ac_cv_prog_RANLIB=arm-openwrt-linux-uclibcgnueabi-ranlib
ac_cv_prog_STRIP=arm-openwrt-linux-uclibcgnueabi-strip
ac_cv_prog_ac_ct_MANIFEST_TOOL=mt
ac_cv_prog_cc_c89=
ac_cv_prog_cc_g=yes
ac_cv_prog_make_make_set=yes
ac_cv_regexec_segfault_emptystr=no
ac_cv_safe_to_define___extensions__=yes
ac_cv_sctp=no
ac_cv_search_strerror='none required'
ac_cv_sizeof___int64=0
ac_cv_sizeof_char=1
ac_cv_sizeof_int16_t=2
ac_cv_sizeof_int32_t=4
ac_cv_sizeof_int64_t=8
ac_cv_sizeof_int=4
ac_cv_sizeof_long=4
ac_cv_sizeof_long_int=4
ac_cv_sizeof_long_long=8
ac_cv_sizeof_off_t=4
ac_cv_sizeof_short=2
ac_cv_sizeof_short_int=2
ac_cv_sizeof_size_t=4
ac_cv_sizeof_ssize_t=4
ac_cv_sizeof_u_int16_t=2
ac_cv_sizeof_u_int32_t=4
ac_cv_sizeof_u_int64_t=8
ac_cv_sizeof_uint16_t=2
ac_cv_sizeof_uint32_t=4
ac_cv_sizeof_uint64_t=8
ac_cv_sizeof_unsigned_int=4
ac_cv_sizeof_unsigned_long=4
ac_cv_sizeof_unsigned_long_long=8
ac_cv_sizeof_unsigned_short=2
ac_cv_sizeof_void_p=4
ac_cv_sys_restartable_syscalls=yes
ac_cv_target=arm-openwrt-linux-uclibcgnueabi
ac_cv_time_r_type=POSIX
ac_cv_type_suseconds_t=yes
ac_cv_uchar=no
ac_cv_uint64_t=yes
ac_cv_uint=yes
ac_cv_ulong=yes
ac_cv_ushort=yes
ac_cv_va_copy=C99
ac_cv_va_val_copy=yes
am_cv_CC_dependencies_compiler_type=gcc3
as_cv_unaligned_access=yes
bfd_cv_build_exeext=no
bfd_cv_ld_as_needed=yes
lt_cv_ar_at_file=@
lt_cv_deplibs_check_method=pass_all
lt_cv_file_magic_cmd='$MAGIC_CMD'
lt_cv_file_magic_test_file=
lt_cv_ld_reload_flag=-r
lt_cv_nm_interface='BSD nm'
lt_cv_objdir=.libs
lt_cv_path_LD=arm-openwrt-linux-uclibcgnueabi-ld
lt_cv_path_NM=arm-openwrt-linux-uclibcgnueabi-nm
lt_cv_path_mainfest_tool=no
lt_cv_prog_compiler_c_o=yes
lt_cv_prog_compiler_pic='-fPIC -DPIC'
lt_cv_prog_compiler_pic_works=yes
lt_cv_prog_compiler_rtti_exceptions=no
lt_cv_prog_compiler_static_works=yes
lt_cv_prog_gnu_ld=yes
lt_cv_sharedlib_from_linklib_cmd='printf %s\n'
lt_cv_shlibpath_overrides_runpath=no
lt_cv_sys_global_symbol_pipe='sed -n -e '\''s/^.*[	 ]\([ABCDGIRSTW][ABCDGIRSTW]*\)[	 ][	 ]*\([_A-Za-z][_A-Za-z0-9]*\)$/\1 \2 \2/p'\'' | sed '\''/ __gnu_lto/d'\'''
lt_cv_sys_global_symbol_to_c_name_address='sed -n -e '\''s/^: \([^ ]*\)[ ]*$/  {\"\1\", (void *) 0},/p'\'' -e '\''s/^[ABCDGIRSTW]* \([^ ]*\) \([^ ]*\)$/  {"\2", (void *) \&\2},/p'\'''
lt_cv_sys_global_symbol_to_c_name_address_lib_prefix='sed -n -e '\''s/^: \([^ ]*\)[ ]*$/  {\"\1\", (void *) 0},/p'\'' -e '\''s/^[ABCDGIRSTW]* \([^ ]*\) \(lib[^ ]*\)$/  {"\2", (void *) \&\2},/p'\'' -e '\''s/^[ABCDGIRSTW]* \([^ ]*\) \([^ ]*\)$/  {"lib\2", (void *) \&\2},/p'\'''
lt_cv_sys_global_symbol_to_cdecl='sed -n -e '\''s/^T .* \(.*\)$/extern int \1();/p'\'' -e '\''s/^[ABCDGIRSTW]* .* \(.*\)$/extern char \1;/p'\'''
lt_cv_sys_max_cmd_len=805306365
lt_cv_to_host_file_cmd=func_convert_file_noop
lt_cv_to_tool_file_cmd=func_convert_file_noop

## ----------------- ##
## Output variables. ##
## ----------------- ##

ACLOCAL='${SHELL} /home/igarashi/cortina/build_dir/target-arm_uClibc-0.9.32_eabi/binutils-2.20.1/missing --run aclocal-1.11'
AMDEPBACKSLASH='\'
AMDEP_FALSE='#'
AMDEP_TRUE=''
AMTAR='${SHELL} /home/igarashi/cortina/build_dir/target-arm_uClibc-0.9.32_eabi/binutils-2.20.1/missing --run tar'
AR='arm-openwrt-linux-uclibcgnueabi-ar'
AUTOCONF='${SHELL} /home/igarashi/cortina/build_dir/target-arm_uClibc-0.9.32_eabi/binutils-2.20.1/missing --run autoconf'
AUTOHEADER='${SHELL} /home/igarashi/cortina/build_dir/target-arm_uClibc-0.9.32_eabi/binutils-2.20.1/missing --run autoheader'
AUTOMAKE='${SHELL} /home/igarashi/cortina/build_dir/target-arm_uClibc-0.9.32_eabi/binutils-2.20.1/missing --run automake-1.11'
AWK='gawk'
BFD_MACHINES=' arm-dis.lo'
BUILD_LIBS='-liberty '
BUILD_LIB_DEPS=' '
CATALOGS=''
CATOBJEXT=''
CC='arm-openwrt-linux-uclibcgnueabi-gcc'
CCDEPMODE='depmode=gcc3'
CC_FOR_BUILD='gcc'
CFLAGS='-O -pipe -march=armv7-a -mtune=cortex-a9 -funit-at-a-time -mfpu=neon -ftree-vectorize -mfloat-abi=softfp -fhonour-copts -fpic '
CGEN_MAINT_FALSE=''
CGEN_MAINT_TRUE='#'
CPP='arm-openwrt-linux-uclibcgnueabi-gcc -E'
CPPFLAGS=''
CYGPATH_W='echo'
DATADIRNAME=''
DEFS='-DHAVE_CONFIG_H'
DEPDIR='.deps'
DLLTOOL='arm-openwrt-linux-uclibcgnueabi-dlltool'
DSYMUTIL=''
DUMPBIN=''
ECHO_C=''
ECHO_N='-n'
ECHO_T=''
EGREP='/bin/grep -E'
EXEEXT=''
EXEEXT_FOR_BUILD=''
FGREP='/bin/grep -F'
GENCAT=''
GETTEXT_MACRO_VERSION='0.18'
GMSGFMT='/usr/bin/msgfmt'
GMSGFMT_015='/usr/bin/msgfmt'
GREP='/bin/grep'
HDEFINES=''
INCINTL=''
INSTALL_DATA='${INSTALL} -m 644'
INSTALL_LIBBFD_FALSE='#'
INSTALL_LIBBFD_TRUE=''
INSTALL_PROGRAM='${INSTALL}'
INSTALL_SCRIPT='${INSTALL}'
INSTALL_STRIP_PROGRAM='$(install_sh) -c -s'
INSTOBJEXT=''
LD='arm-openwrt-linux-uclibcgnueabi-ld'
LDFLAGS=' -L/home/igarashi/cortina/staging_dir/target-arm_uClibc-0.9.32_eabi/usr/lib -L/home/igarashi/cortina/staging_dir/target-arm_uClibc-0.9.32_eabi/lib -L/home/igarashi/cortina/staging_dir/toolchain-arm_gcc-4.5.1+l_uClibc-0.9.32_eabi/usr/lib -L/home/igarashi/cortina/staging_dir/toolchain-arm_gcc-4.5.1+l_uClibc-0.9.32_eabi/lib '
LIBINTL=''
LIBINTL_DEP=''
LIBM='-lm'
LIBOBJS=''
LIBS=''
LIBTOOL='$(SHELL) $(top_builddir)/libtool'
LIPO=''
LN_S='ln -s'
LTLIBOBJS=''
MAINT='#'
MAINTAINER_MODE_FALSE=''
MAINTAINER_MODE_TRUE='#'
MAKEINFO='/home/igarashi/cortina/build_dir/target-arm_uClibc-0.9.32_eabi/binutils-2.20.1/missing makeinfo'
MANIFEST_TOOL=':'
MKDIR_P='/bin/mkdir -p'
MSGFMT='/usr/bin/msgfmt'
MSGFMT_015='/usr/bin/msgfmt'
MSGMERGE='/usr/bin/msgmerge'
NM='arm-openwrt-linux-uclibcgnueabi-nm'
NMEDIT=''
NO_WERROR=''
OBJDUMP='arm-openwrt-linux-uclibcgnueabi-objdump'
OBJEXT='o'
OTOOL64=''
OTOOL=''
PACKAGE='opcodes'
PACKAGE_BUGREPORT=''
PACKAGE_NAME=''
PACKAGE_STRING=''
PACKAGE_TARNAME=''
PACKAGE_URL=''
PACKAGE_VERSION=''
PATH_SEPARATOR=':'
POSUB=''
RANLIB='arm-openwrt-linux-uclibcgnueabi-ranlib'
SED='/home/igarashi/cortina/staging_dir/host/bin/sed'
SET_MAKE=''
SHARED_DEPENDENCIES=''
SHARED_LDFLAGS=''
SHARED_LIBADD=''
SHELL='/bin/bash'
STRIP='arm-openwrt-linux-uclibcgnueabi-strip'
USE_NLS='no'
VERSION='2.20.1'
WARN_CFLAGS='-W -Wall -Wstrict-prototypes -Wmissing-prototypes'
XGETTEXT='/usr/bin/xgettext'
XGETTEXT_015='/usr/bin/xgettext'
XGETTEXT_EXTRA_OPTIONS=''
ac_ct_AR=''
ac_ct_CC=''
ac_ct_DUMPBIN=''
am__EXEEXT_FALSE=''
am__EXEEXT_TRUE='#'
am__fastdepCC_FALSE='#'
am__fastdepCC_TRUE=''
am__include='include'
am__isrc=''
am__leading_dot='.'
am__quote=''
am__tar='${AMTAR} chof - "$$tardir"'
am__untar='${AMTAR} xf -'
archdefs=' -DARCH_arm'
bfdincludedir='$(includedir)'
bfdlibdir='$(libdir)'
bindir='${exec_prefix}/bin'
build='i686-pc-linux-gnu'
build_alias='i686-linux-gnu'
build_cpu='i686'
build_os='linux-gnu'
build_vendor='pc'
cgendir='$(srcdir)/../cgen'
datadir='${datarootdir}'
datarootdir='${prefix}/share'
docdir='${datarootdir}/doc/${PACKAGE}'
dvidir='${docdir}'
exec_prefix='${prefix}'
host='arm-openwrt-linux-uclibcgnueabi'
host_alias='arm-openwrt-linux-uclibcgnueabi'
host_cpu='arm'
host_noncanonical='arm-openwrt-linux-uclibcgnueabi'
host_os='linux-uclibcgnueabi'
host_vendor='openwrt'
htmldir='${docdir}'
includedir='${prefix}/include'
infodir='${datarootdir}/info'
install_sh='${SHELL} /home/igarashi/cortina/build_dir/target-arm_uClibc-0.9.32_eabi/binutils-2.20.1/install-sh'
libdir='${exec_prefix}/lib'
libexecdir='${exec_prefix}/libexec'
localedir='${datarootdir}/locale'
localstatedir='${prefix}/var'
mandir='${datarootdir}/man'
mkdir_p='/bin/mkdir -p'
oldincludedir='/usr/include'
pdfdir='${docdir}'
prefix='/usr'
program_transform_name='s,y,y,'
psdir='${docdir}'
sbindir='${exec_prefix}/sbin'
sharedstatedir='${prefix}/com'
sysconfdir='${prefix}/etc'
target='arm-openwrt-linux-uclibcgnueabi'
target_alias='arm-openwrt-linux-uclibcgnueabi'
target_cpu='arm'
target_noncanonical='arm-openwrt-linux-uclibcgnueabi'
target_os='linux-uclibcgnueabi'
target_vendor='openwrt'

## ----------- ##
## confdefs.h. ##
## ----------- ##

/* confdefs.h */
#define PACKAGE_NAME ""
#define PACKAGE_TARNAME ""
#define PACKAGE_VERSION ""
#define PACKAGE_STRING ""
#define PACKAGE_BUGREPORT ""
#define PACKAGE_URL ""
#define PACKAGE "opcodes"
#define VERSION "2.20.1"
#define STDC_HEADERS 1
#define HAVE_SYS_TYPES_H 1
#define HAVE_SYS_STAT_H 1
#define HAVE_STDLIB_H 1
#define HAVE_STRING_H 1
#define HAVE_MEMORY_H 1
#define HAVE_STRINGS_H 1
#define HAVE_INTTYPES_H 1
#define HAVE_STDINT_H 1
#define HAVE_UNISTD_H 1
#define __EXTENSIONS__ 1
#define _ALL_SOURCE 1
#define _GNU_SOURCE 1
#define _POSIX_PTHREAD_SEMANTICS 1
#define _TANDEM_SOURCE 1
#define HAVE_DLFCN_H 1
#define LT_OBJDIR ".libs/"
#define HAVE_STRING_H 1
#define HAVE_STRINGS_H 1
#define HAVE_STDLIB_H 1
#define HAVE_LIMITS_H 1
#define HAVE_DECL_BASENAME 1
#define HAVE_DECL_STPCPY 1

configure: exit 0
