This file contains any messages produced by compilers while
running configure, to aid debugging if configure makes a mistake.

It was created by libasprintf configure 1.0, which was
generated by GNU Autoconf 2.68.  Invocation command line was

  $ ./configure --disable-option-checking --prefix=/usr --target=arm-openwrt-linux --host=arm-openwrt-linux --build=i686-linux-gnu --program-prefix= --program-suffix= --exec-prefix=/usr --bindir=/usr/bin --sbindir=/usr/sbin --libexecdir=/usr/lib --sysconfdir=/etc --datadir=/usr/share --localstatedir=/var --mandir=/usr/man --infodir=/usr/info --disable-nls --enable-shared --enable-static --disable-rpath --enable-nls --disable-java --disable-native-java --disable-openmp --with-included-gettext --without-libintl-prefix --without-libexpat-prefix --without-emacs build_alias=i686-linux-gnu host_alias=arm-openwrt-linux target_alias=arm-openwrt-linux CC=arm-openwrt-linux-uclibcgnueabi-gcc CFLAGS=-O -pipe -march=armv7-a -mtune=cortex-a9 -funit-at-a-time -mfpu=neon -ftree-vectorize -mfloat-abi=softfp -fhonour-copts -fpic  LDFLAGS=-L/home/igarashi/cortina/staging_dir/target-arm_uClibc-0.9.32_eabi/usr/lib -L/home/igarashi/cortina/staging_dir/target-arm_uClibc-0.9.32_eabi/lib -L/home/igarashi/cortina/staging_dir/toolchain-arm_gcc-4.5.1+l_uClibc-0.9.32_eabi/usr/lib -L/home/igarashi/cortina/staging_dir/toolchain-arm_gcc-4.5.1+l_uClibc-0.9.32_eabi/lib  CPPFLAGS=-I/home/igarashi/cortina/staging_dir/target-arm_uClibc-0.9.32_eabi/usr/include -I/home/igarashi/cortina/staging_dir/target-arm_uClibc-0.9.32_eabi/include -I/home/igarashi/cortina/staging_dir/toolchain-arm_gcc-4.5.1+l_uClibc-0.9.32_eabi/usr/include -I/home/igarashi/cortina/staging_dir/toolchain-arm_gcc-4.5.1+l_uClibc-0.9.32_eabi/include  CXX=arm-openwrt-linux-uclibcgnueabi-g++ CXXFLAGS=-O -pipe -march=armv7-a -mtune=cortex-a9 -funit-at-a-time -mfpu=neon -ftree-vectorize -mfloat-abi=softfp -fhonour-copts -fpic  --cache-file=/dev/null --srcdir=.

## --------- ##
## Platform. ##
## --------- ##

hostname = igarashi-VirtualBox
uname -m = i686
uname -r = 2.6.38-16-generic
uname -s = Linux
uname -v = #67-Ubuntu SMP Thu Sep 6 18:00:43 UTC 2012

/usr/bin/uname -p = unknown
/bin/uname -X     = unknown

/bin/arch              = unknown
/usr/bin/arch -k       = unknown
/usr/convex/getsysinfo = unknown
/usr/bin/hostinfo      = unknown
/bin/machine           = unknown
/usr/bin/oslevel       = unknown
/bin/universe          = unknown

PATH: /home/igarashi/cortina/staging_dir/target-arm_uClibc-0.9.32_eabi/host/bin
PATH: /home/igarashi/cortina/staging_dir/toolchain-arm_gcc-4.5.1+l_uClibc-0.9.32_eabi/bin
PATH: /home/igarashi/cortina/staging_dir/host/bin
PATH: /home/igarashi/cortina/staging_dir/toolchain-arm_gcc-4.5.1+l_uClibc-0.9.32_eabi/bin
PATH: /home/igarashi/cortina/staging_dir/host/bin
PATH: /home/igarashi/cortina/staging_dir/toolchain-arm_gcc-4.5.1+l_uClibc-0.9.32_eabi/bin
PATH: /home/igarashi/cortina/staging_dir/host/bin
PATH: /usr/local/sbin
PATH: /usr/local/bin
PATH: /usr/sbin
PATH: /usr/bin
PATH: /sbin
PATH: /bin
PATH: /usr/games


## ----------- ##
## Core tests. ##
## ----------- ##

configure:2524: loading site script /home/igarashi/cortina/include/site/arm-openwrt-linux-uclibcgnueabi
| #!/bin/sh
| 
| . $TOPDIR/include/site/arm-linux
| . $TOPDIR/include/site/linux-uclibc
| 
configure:2669: checking for a BSD-compatible install
configure:2737: result: /usr/bin/install -c
configure:2748: checking whether build environment is sane
configure:2798: result: yes
configure:2847: checking for arm-openwrt-linux-strip
configure:2874: result: arm-openwrt-linux-uclibcgnueabi-strip
configure:2939: checking for a thread-safe mkdir -p
configure:2978: result: /bin/mkdir -p
configure:2992: checking for gawk
configure:3008: found /usr/bin/gawk
configure:3019: result: gawk
configure:3030: checking whether make sets $(MAKE)
configure:3052: result: yes
configure:3155: checking for arm-openwrt-linux-gcc
configure:3182: result: arm-openwrt-linux-uclibcgnueabi-gcc
configure:3451: checking for C compiler version
configure:3460: arm-openwrt-linux-uclibcgnueabi-gcc --version >&5
arm-openwrt-linux-uclibcgnueabi-gcc (GCC) 4.5.2 20101126 (Linaro) [release 4.5-2010.12-0]
Copyright (C) 2010 Free Software Foundation, Inc.
This is free software; see the source for copying conditions.  There is NO
warranty; not even for MERCHANTABILITY or FITNESS FOR A PARTICULAR PURPOSE.

configure:3471: $? = 0
configure:3460: arm-openwrt-linux-uclibcgnueabi-gcc -v >&5
Using built-in specs.
COLLECT_GCC=arm-openwrt-linux-uclibcgnueabi-gcc
COLLECT_LTO_WRAPPER=/home/igarashi/cortina/staging_dir/toolchain-arm_gcc-4.5.1+l_uClibc-0.9.32_eabi/libexec/gcc/arm-openwrt-linux-uclibcgnueabi/4.5.2/lto-wrapper
Target: arm-openwrt-linux-uclibcgnueabi
Configured with: /home/igarashi/cortina/build_dir/toolchain-arm_gcc-4.5.1+l_uClibc-0.9.32_eabi/gcc-linaro-4.5-2010.12-0/configure --prefix=/home/igarashi/cortina/staging_dir/toolchain-arm_gcc-4.5.1+l_uClibc-0.9.32_eabi --build=i686-linux-gnu --host=i686-linux-gnu --target=arm-openwrt-linux-uclibcgnueabi --with-gnu-ld --enable-target-optspace --disable-libgomp --disable-libmudflap --disable-multilib --disable-nls --with-gmp=/home/igarashi/cortina/staging_dir/host --with-mpfr=/home/igarashi/cortina/staging_dir/host --disable-decimal-float --with-gmp=/home/igarashi/cortina/staging_dir/host --with-mpc=/home/igarashi/cortina/staging_dir/host --with-mpfr=/home/igarashi/cortina/staging_dir/host --disable-decimal-float --disable-libssp --disable-__cxa_atexit --enable-languages=c,c++ --enable-shared --enable-threads --with-slibdir=/home/igarashi/cortina/staging_dir/toolchain-arm_gcc-4.5.1+l_uClibc-0.9.32_eabi/lib --enable-lto --with-libelf=/home/igarashi/cortina/staging_dir/host --enable-tls
Thread model: posix
gcc version 4.5.2 20101126 (Linaro) [release 4.5-2010.12-0] (GCC) 
configure:3471: $? = 0
configure:3460: arm-openwrt-linux-uclibcgnueabi-gcc -V >&5
arm-openwrt-linux-uclibcgnueabi-gcc: '-V' option must have argument
configure:3471: $? = 1
configure:3460: arm-openwrt-linux-uclibcgnueabi-gcc -qversion >&5
arm-openwrt-linux-uclibcgnueabi-gcc: unrecognized option '-qversion'
arm-openwrt-linux-uclibcgnueabi-gcc: no input files
configure:3471: $? = 1
configure:3491: checking whether the C compiler works
configure:3513: arm-openwrt-linux-uclibcgnueabi-gcc -O -pipe -march=armv7-a -mtune=cortex-a9 -funit-at-a-time -mfpu=neon -ftree-vectorize -mfloat-abi=softfp -fhonour-copts -fpic  -I/home/igarashi/cortina/staging_dir/target-arm_uClibc-0.9.32_eabi/usr/include -I/home/igarashi/cortina/staging_dir/target-arm_uClibc-0.9.32_eabi/include -I/home/igarashi/cortina/staging_dir/toolchain-arm_gcc-4.5.1+l_uClibc-0.9.32_eabi/usr/include -I/home/igarashi/cortina/staging_dir/toolchain-arm_gcc-4.5.1+l_uClibc-0.9.32_eabi/include  -L/home/igarashi/cortina/staging_dir/target-arm_uClibc-0.9.32_eabi/usr/lib -L/home/igarashi/cortina/staging_dir/target-arm_uClibc-0.9.32_eabi/lib -L/home/igarashi/cortina/staging_dir/toolchain-arm_gcc-4.5.1+l_uClibc-0.9.32_eabi/usr/lib -L/home/igarashi/cortina/staging_dir/toolchain-arm_gcc-4.5.1+l_uClibc-0.9.32_eabi/lib  conftest.c  >&5
configure:3517: $? = 0
configure:3565: result: yes
configure:3568: checking for C compiler default output file name
configure:3570: result: a.out
configure:3576: checking for suffix of executables
configure:3583: arm-openwrt-linux-uclibcgnueabi-gcc -o conftest -O -pipe -march=armv7-a -mtune=cortex-a9 -funit-at-a-time -mfpu=neon -ftree-vectorize -mfloat-abi=softfp -fhonour-copts -fpic  -I/home/igarashi/cortina/staging_dir/target-arm_uClibc-0.9.32_eabi/usr/include -I/home/igarashi/cortina/staging_dir/target-arm_uClibc-0.9.32_eabi/include -I/home/igarashi/cortina/staging_dir/toolchain-arm_gcc-4.5.1+l_uClibc-0.9.32_eabi/usr/include -I/home/igarashi/cortina/staging_dir/toolchain-arm_gcc-4.5.1+l_uClibc-0.9.32_eabi/include  -L/home/igarashi/cortina/staging_dir/target-arm_uClibc-0.9.32_eabi/usr/lib -L/home/igarashi/cortina/staging_dir/target-arm_uClibc-0.9.32_eabi/lib -L/home/igarashi/cortina/staging_dir/toolchain-arm_gcc-4.5.1+l_uClibc-0.9.32_eabi/usr/lib -L/home/igarashi/cortina/staging_dir/toolchain-arm_gcc-4.5.1+l_uClibc-0.9.32_eabi/lib  conftest.c  >&5
configure:3587: $? = 0
configure:3609: result: 
configure:3631: checking whether we are cross compiling
configure:3669: result: yes
configure:3674: checking for suffix of object files
configure:3696: arm-openwrt-linux-uclibcgnueabi-gcc -c -O -pipe -march=armv7-a -mtune=cortex-a9 -funit-at-a-time -mfpu=neon -ftree-vectorize -mfloat-abi=softfp -fhonour-copts -fpic  -I/home/igarashi/cortina/staging_dir/target-arm_uClibc-0.9.32_eabi/usr/include -I/home/igarashi/cortina/staging_dir/target-arm_uClibc-0.9.32_eabi/include -I/home/igarashi/cortina/staging_dir/toolchain-arm_gcc-4.5.1+l_uClibc-0.9.32_eabi/usr/include -I/home/igarashi/cortina/staging_dir/toolchain-arm_gcc-4.5.1+l_uClibc-0.9.32_eabi/include  conftest.c >&5
configure:3700: $? = 0
configure:3721: result: o
configure:3725: checking whether we are using the GNU C compiler
configure:3744: arm-openwrt-linux-uclibcgnueabi-gcc -c -O -pipe -march=armv7-a -mtune=cortex-a9 -funit-at-a-time -mfpu=neon -ftree-vectorize -mfloat-abi=softfp -fhonour-copts -fpic  -I/home/igarashi/cortina/staging_dir/target-arm_uClibc-0.9.32_eabi/usr/include -I/home/igarashi/cortina/staging_dir/target-arm_uClibc-0.9.32_eabi/include -I/home/igarashi/cortina/staging_dir/toolchain-arm_gcc-4.5.1+l_uClibc-0.9.32_eabi/usr/include -I/home/igarashi/cortina/staging_dir/toolchain-arm_gcc-4.5.1+l_uClibc-0.9.32_eabi/include  conftest.c >&5
configure:3744: $? = 0
configure:3753: result: yes
configure:3762: checking whether arm-openwrt-linux-uclibcgnueabi-gcc accepts -g
configure:3782: arm-openwrt-linux-uclibcgnueabi-gcc -c -g -I/home/igarashi/cortina/staging_dir/target-arm_uClibc-0.9.32_eabi/usr/include -I/home/igarashi/cortina/staging_dir/target-arm_uClibc-0.9.32_eabi/include -I/home/igarashi/cortina/staging_dir/toolchain-arm_gcc-4.5.1+l_uClibc-0.9.32_eabi/usr/include -I/home/igarashi/cortina/staging_dir/toolchain-arm_gcc-4.5.1+l_uClibc-0.9.32_eabi/include  conftest.c >&5
cc1: note: someone does not honour COPTS correctly, passed 0 times
configure:3782: $? = 0
configure: failed program was:
| /* confdefs.h */
| #define PACKAGE_NAME "libasprintf"
| #define PACKAGE_TARNAME "libasprintf"
| #define PACKAGE_VERSION "1.0"
| #define PACKAGE_STRING "libasprintf 1.0"
| #define PACKAGE_BUGREPORT ""
| #define PACKAGE_URL ""
| #define PACKAGE "libasprintf"
| #define VERSION "1.0"
| /* end confdefs.h.  */
| 
| int
| main ()
| {
| 
|   ;
|   return 0;
| }
configure:3797: arm-openwrt-linux-uclibcgnueabi-gcc -c  -I/home/igarashi/cortina/staging_dir/target-arm_uClibc-0.9.32_eabi/usr/include -I/home/igarashi/cortina/staging_dir/target-arm_uClibc-0.9.32_eabi/include -I/home/igarashi/cortina/staging_dir/toolchain-arm_gcc-4.5.1+l_uClibc-0.9.32_eabi/usr/include -I/home/igarashi/cortina/staging_dir/toolchain-arm_gcc-4.5.1+l_uClibc-0.9.32_eabi/include  conftest.c >&5
cc1: note: someone does not honour COPTS correctly, passed 0 times
configure:3797: $? = 0
configure: failed program was:
| /* confdefs.h */
| #define PACKAGE_NAME "libasprintf"
| #define PACKAGE_TARNAME "libasprintf"
| #define PACKAGE_VERSION "1.0"
| #define PACKAGE_STRING "libasprintf 1.0"
| #define PACKAGE_BUGREPORT ""
| #define PACKAGE_URL ""
| #define PACKAGE "libasprintf"
| #define VERSION "1.0"
| /* end confdefs.h.  */
| 
| int
| main ()
| {
| 
|   ;
|   return 0;
| }
configure:3813: arm-openwrt-linux-uclibcgnueabi-gcc -c -g -I/home/igarashi/cortina/staging_dir/target-arm_uClibc-0.9.32_eabi/usr/include -I/home/igarashi/cortina/staging_dir/target-arm_uClibc-0.9.32_eabi/include -I/home/igarashi/cortina/staging_dir/toolchain-arm_gcc-4.5.1+l_uClibc-0.9.32_eabi/usr/include -I/home/igarashi/cortina/staging_dir/toolchain-arm_gcc-4.5.1+l_uClibc-0.9.32_eabi/include  conftest.c >&5
cc1: note: someone does not honour COPTS correctly, passed 0 times
configure:3813: $? = 0
configure:3823: result: yes
configure:3840: checking for arm-openwrt-linux-uclibcgnueabi-gcc option to accept ISO C89
configure:3904: arm-openwrt-linux-uclibcgnueabi-gcc  -c -O -pipe -march=armv7-a -mtune=cortex-a9 -funit-at-a-time -mfpu=neon -ftree-vectorize -mfloat-abi=softfp -fhonour-copts -fpic  -I/home/igarashi/cortina/staging_dir/target-arm_uClibc-0.9.32_eabi/usr/include -I/home/igarashi/cortina/staging_dir/target-arm_uClibc-0.9.32_eabi/include -I/home/igarashi/cortina/staging_dir/toolchain-arm_gcc-4.5.1+l_uClibc-0.9.32_eabi/usr/include -I/home/igarashi/cortina/staging_dir/toolchain-arm_gcc-4.5.1+l_uClibc-0.9.32_eabi/include  conftest.c >&5
configure:3904: $? = 0
configure:3917: result: none needed
configure:3948: checking for style of include used by make
configure:3976: result: GNU
configure:4001: checking dependency style of arm-openwrt-linux-uclibcgnueabi-gcc
configure:4111: result: gcc3
configure:4238: checking for C++ compiler version
configure:4247: arm-openwrt-linux-uclibcgnueabi-g++ --version >&5
arm-openwrt-linux-uclibcgnueabi-g++ (GCC) 4.5.2 20101126 (Linaro) [release 4.5-2010.12-0]
Copyright (C) 2010 Free Software Foundation, Inc.
This is free software; see the source for copying conditions.  There is NO
warranty; not even for MERCHANTABILITY or FITNESS FOR A PARTICULAR PURPOSE.

configure:4258: $? = 0
configure:4247: arm-openwrt-linux-uclibcgnueabi-g++ -v >&5
Using built-in specs.
COLLECT_GCC=arm-openwrt-linux-uclibcgnueabi-g++
COLLECT_LTO_WRAPPER=/home/igarashi/cortina/staging_dir/toolchain-arm_gcc-4.5.1+l_uClibc-0.9.32_eabi/libexec/gcc/arm-openwrt-linux-uclibcgnueabi/4.5.2/lto-wrapper
Target: arm-openwrt-linux-uclibcgnueabi
Configured with: /home/igarashi/cortina/build_dir/toolchain-arm_gcc-4.5.1+l_uClibc-0.9.32_eabi/gcc-linaro-4.5-2010.12-0/configure --prefix=/home/igarashi/cortina/staging_dir/toolchain-arm_gcc-4.5.1+l_uClibc-0.9.32_eabi --build=i686-linux-gnu --host=i686-linux-gnu --target=arm-openwrt-linux-uclibcgnueabi --with-gnu-ld --enable-target-optspace --disable-libgomp --disable-libmudflap --disable-multilib --disable-nls --with-gmp=/home/igarashi/cortina/staging_dir/host --with-mpfr=/home/igarashi/cortina/staging_dir/host --disable-decimal-float --with-gmp=/home/igarashi/cortina/staging_dir/host --with-mpc=/home/igarashi/cortina/staging_dir/host --with-mpfr=/home/igarashi/cortina/staging_dir/host --disable-decimal-float --disable-libssp --disable-__cxa_atexit --enable-languages=c,c++ --enable-shared --enable-threads --with-slibdir=/home/igarashi/cortina/staging_dir/toolchain-arm_gcc-4.5.1+l_uClibc-0.9.32_eabi/lib --enable-lto --with-libelf=/home/igarashi/cortina/staging_dir/host --enable-tls
Thread model: posix
gcc version 4.5.2 20101126 (Linaro) [release 4.5-2010.12-0] (GCC) 
configure:4258: $? = 0
configure:4247: arm-openwrt-linux-uclibcgnueabi-g++ -V >&5
arm-openwrt-linux-uclibcgnueabi-g++: '-V' option must have argument
configure:4258: $? = 1
configure:4247: arm-openwrt-linux-uclibcgnueabi-g++ -qversion >&5
arm-openwrt-linux-uclibcgnueabi-g++: unrecognized option '-qversion'
arm-openwrt-linux-uclibcgnueabi-g++: no input files
configure:4258: $? = 1
configure:4262: checking whether we are using the GNU C++ compiler
configure:4281: arm-openwrt-linux-uclibcgnueabi-g++ -c -O -pipe -march=armv7-a -mtune=cortex-a9 -funit-at-a-time -mfpu=neon -ftree-vectorize -mfloat-abi=softfp -fhonour-copts -fpic  -I/home/igarashi/cortina/staging_dir/target-arm_uClibc-0.9.32_eabi/usr/include -I/home/igarashi/cortina/staging_dir/target-arm_uClibc-0.9.32_eabi/include -I/home/igarashi/cortina/staging_dir/toolchain-arm_gcc-4.5.1+l_uClibc-0.9.32_eabi/usr/include -I/home/igarashi/cortina/staging_dir/toolchain-arm_gcc-4.5.1+l_uClibc-0.9.32_eabi/include  conftest.cpp >&5
configure:4281: $? = 0
configure:4290: result: yes
configure:4299: checking whether arm-openwrt-linux-uclibcgnueabi-g++ accepts -g
configure:4319: arm-openwrt-linux-uclibcgnueabi-g++ -c -g -I/home/igarashi/cortina/staging_dir/target-arm_uClibc-0.9.32_eabi/usr/include -I/home/igarashi/cortina/staging_dir/target-arm_uClibc-0.9.32_eabi/include -I/home/igarashi/cortina/staging_dir/toolchain-arm_gcc-4.5.1+l_uClibc-0.9.32_eabi/usr/include -I/home/igarashi/cortina/staging_dir/toolchain-arm_gcc-4.5.1+l_uClibc-0.9.32_eabi/include  conftest.cpp >&5
configure:4319: $? = 0
configure:4360: result: yes
configure:4385: checking dependency style of arm-openwrt-linux-uclibcgnueabi-g++
configure:4495: result: gcc3
configure:4516: checking build system type
configure:4530: result: i686-pc-linux-gnu
configure:4550: checking host system type
configure:4563: result: arm-openwrt-linux-gnu
configure:4590: checking for arm-openwrt-linux-ranlib
configure:4617: result: arm-openwrt-linux-uclibcgnueabi-ranlib
configure:4775: checking how to print strings
configure:4802: result: printf
configure:4823: checking for a sed that does not truncate output
configure:4887: result: /home/igarashi/cortina/staging_dir/host/bin/sed
configure:4905: checking for grep that handles long lines and -e
configure:4963: result: /bin/grep
configure:4968: checking for egrep
configure:5030: result: /bin/grep -E
configure:5035: checking for fgrep
configure:5097: result: /bin/grep -F
configure:5132: checking for ld used by arm-openwrt-linux-uclibcgnueabi-gcc
configure:5199: result: arm-openwrt-linux-uclibcgnueabi-ld
configure:5206: checking if the linker (arm-openwrt-linux-uclibcgnueabi-ld) is GNU ld
configure:5221: result: yes
configure:5233: checking for BSD- or MS-compatible name lister (nm)
configure:5282: result: arm-openwrt-linux-uclibcgnueabi-nm
configure:5412: checking the name lister (arm-openwrt-linux-uclibcgnueabi-nm) interface
configure:5419: arm-openwrt-linux-uclibcgnueabi-gcc -c -O -pipe -march=armv7-a -mtune=cortex-a9 -funit-at-a-time -mfpu=neon -ftree-vectorize -mfloat-abi=softfp -fhonour-copts -fpic  -I/home/igarashi/cortina/staging_dir/target-arm_uClibc-0.9.32_eabi/usr/include -I/home/igarashi/cortina/staging_dir/target-arm_uClibc-0.9.32_eabi/include -I/home/igarashi/cortina/staging_dir/toolchain-arm_gcc-4.5.1+l_uClibc-0.9.32_eabi/usr/include -I/home/igarashi/cortina/staging_dir/toolchain-arm_gcc-4.5.1+l_uClibc-0.9.32_eabi/include  conftest.c >&5
configure:5422: arm-openwrt-linux-uclibcgnueabi-nm "conftest.o"
configure:5425: output
00000000 B some_variable
configure:5432: result: BSD nm
configure:5435: checking whether ln -s works
configure:5439: result: yes
configure:5447: checking the maximum length of command line arguments
configure:5572: result: 805306365
configure:5589: checking whether the shell understands some XSI constructs
configure:5599: result: yes
configure:5603: checking whether the shell understands "+="
configure:5609: result: yes
configure:5644: checking how to convert i686-pc-linux-gnu file names to arm-openwrt-linux-gnu format
configure:5684: result: func_convert_file_noop
configure:5691: checking how to convert i686-pc-linux-gnu file names to toolchain format
configure:5711: result: func_convert_file_noop
configure:5718: checking for arm-openwrt-linux-uclibcgnueabi-ld option to reload object files
configure:5725: result: -r
configure:5759: checking for arm-openwrt-linux-objdump
configure:5786: result: arm-openwrt-linux-uclibcgnueabi-objdump
configure:5855: checking how to recognize dependent libraries
configure:6057: result: pass_all
configure:6102: checking for arm-openwrt-linux-dlltool
configure:6132: result: no
configure:6142: checking for dlltool
configure:6172: result: no
configure:6199: checking how to associate runtime and link libraries
configure:6226: result: printf %s\n
configure:6242: checking for arm-openwrt-linux-ar
configure:6269: result: arm-openwrt-linux-uclibcgnueabi-ar
configure:6350: checking for archiver @FILE support
configure:6367: arm-openwrt-linux-uclibcgnueabi-gcc -c -O -pipe -march=armv7-a -mtune=cortex-a9 -funit-at-a-time -mfpu=neon -ftree-vectorize -mfloat-abi=softfp -fhonour-copts -fpic  -I/home/igarashi/cortina/staging_dir/target-arm_uClibc-0.9.32_eabi/usr/include -I/home/igarashi/cortina/staging_dir/target-arm_uClibc-0.9.32_eabi/include -I/home/igarashi/cortina/staging_dir/toolchain-arm_gcc-4.5.1+l_uClibc-0.9.32_eabi/usr/include -I/home/igarashi/cortina/staging_dir/toolchain-arm_gcc-4.5.1+l_uClibc-0.9.32_eabi/include  conftest.c >&5
configure:6367: $? = 0
configure:6370: arm-openwrt-linux-uclibcgnueabi-ar cru libconftest.a @conftest.lst >&5
configure:6373: $? = 0
configure:6378: arm-openwrt-linux-uclibcgnueabi-ar cru libconftest.a @conftest.lst >&5
arm-openwrt-linux-uclibcgnueabi-ar: conftest.o: No such file or directory
configure:6381: $? = 1
configure:6393: result: @
configure:6411: checking for arm-openwrt-linux-strip
configure:6438: result: arm-openwrt-linux-uclibcgnueabi-strip
configure:6510: checking for arm-openwrt-linux-ranlib
configure:6537: result: arm-openwrt-linux-uclibcgnueabi-ranlib
configure:6679: checking command to parse arm-openwrt-linux-uclibcgnueabi-nm output from arm-openwrt-linux-uclibcgnueabi-gcc object
configure:6798: arm-openwrt-linux-uclibcgnueabi-gcc -c -O -pipe -march=armv7-a -mtune=cortex-a9 -funit-at-a-time -mfpu=neon -ftree-vectorize -mfloat-abi=softfp -fhonour-copts -fpic  -I/home/igarashi/cortina/staging_dir/target-arm_uClibc-0.9.32_eabi/usr/include -I/home/igarashi/cortina/staging_dir/target-arm_uClibc-0.9.32_eabi/include -I/home/igarashi/cortina/staging_dir/toolchain-arm_gcc-4.5.1+l_uClibc-0.9.32_eabi/usr/include -I/home/igarashi/cortina/staging_dir/toolchain-arm_gcc-4.5.1+l_uClibc-0.9.32_eabi/include  conftest.c >&5
configure:6801: $? = 0
configure:6805: arm-openwrt-linux-uclibcgnueabi-nm conftest.o \| sed -n -e 's/^.*[ ]\([ABCDGIRSTW][ABCDGIRSTW]*\)[ ][ ]*\([_A-Za-z][_A-Za-z0-9]*\)$/\1 \2 \2/p' | sed '/ __gnu_lto/d' \> conftest.nm
configure:6808: $? = 0
configure:6874: arm-openwrt-linux-uclibcgnueabi-gcc -o conftest -O -pipe -march=armv7-a -mtune=cortex-a9 -funit-at-a-time -mfpu=neon -ftree-vectorize -mfloat-abi=softfp -fhonour-copts -fpic  -I/home/igarashi/cortina/staging_dir/target-arm_uClibc-0.9.32_eabi/usr/include -I/home/igarashi/cortina/staging_dir/target-arm_uClibc-0.9.32_eabi/include -I/home/igarashi/cortina/staging_dir/toolchain-arm_gcc-4.5.1+l_uClibc-0.9.32_eabi/usr/include -I/home/igarashi/cortina/staging_dir/toolchain-arm_gcc-4.5.1+l_uClibc-0.9.32_eabi/include  -L/home/igarashi/cortina/staging_dir/target-arm_uClibc-0.9.32_eabi/usr/lib -L/home/igarashi/cortina/staging_dir/target-arm_uClibc-0.9.32_eabi/lib -L/home/igarashi/cortina/staging_dir/toolchain-arm_gcc-4.5.1+l_uClibc-0.9.32_eabi/usr/lib -L/home/igarashi/cortina/staging_dir/toolchain-arm_gcc-4.5.1+l_uClibc-0.9.32_eabi/lib  conftest.c conftstm.o >&5
configure:6877: $? = 0
configure:6915: result: ok
configure:6952: checking for sysroot
configure:6982: result: no
configure:7185: checking for arm-openwrt-linux-mt
configure:7215: result: no
configure:7225: checking for mt
configure:7241: found /bin/mt
configure:7252: result: mt
configure:7264: WARNING: using cross tools not prefixed with host triplet
configure:7275: checking if mt is a manifest tool
configure:7281: mt '-?'
configure:7289: result: no
configure:7921: checking how to run the C preprocessor
configure:7952: arm-openwrt-linux-uclibcgnueabi-gcc -E -I/home/igarashi/cortina/staging_dir/target-arm_uClibc-0.9.32_eabi/usr/include -I/home/igarashi/cortina/staging_dir/target-arm_uClibc-0.9.32_eabi/include -I/home/igarashi/cortina/staging_dir/toolchain-arm_gcc-4.5.1+l_uClibc-0.9.32_eabi/usr/include -I/home/igarashi/cortina/staging_dir/toolchain-arm_gcc-4.5.1+l_uClibc-0.9.32_eabi/include  conftest.c
configure:7952: $? = 0
configure:7966: arm-openwrt-linux-uclibcgnueabi-gcc -E -I/home/igarashi/cortina/staging_dir/target-arm_uClibc-0.9.32_eabi/usr/include -I/home/igarashi/cortina/staging_dir/target-arm_uClibc-0.9.32_eabi/include -I/home/igarashi/cortina/staging_dir/toolchain-arm_gcc-4.5.1+l_uClibc-0.9.32_eabi/usr/include -I/home/igarashi/cortina/staging_dir/toolchain-arm_gcc-4.5.1+l_uClibc-0.9.32_eabi/include  conftest.c
conftest.c:11:28: fatal error: ac_nonexistent.h: No such file or directory
compilation terminated.
configure:7966: $? = 1
configure: failed program was:
| /* confdefs.h */
| #define PACKAGE_NAME "libasprintf"
| #define PACKAGE_TARNAME "libasprintf"
| #define PACKAGE_VERSION "1.0"
| #define PACKAGE_STRING "libasprintf 1.0"
| #define PACKAGE_BUGREPORT ""
| #define PACKAGE_URL ""
| #define PACKAGE "libasprintf"
| #define VERSION "1.0"
| /* end confdefs.h.  */
| #include <ac_nonexistent.h>
configure:7991: result: arm-openwrt-linux-uclibcgnueabi-gcc -E
configure:8011: arm-openwrt-linux-uclibcgnueabi-gcc -E -I/home/igarashi/cortina/staging_dir/target-arm_uClibc-0.9.32_eabi/usr/include -I/home/igarashi/cortina/staging_dir/target-arm_uClibc-0.9.32_eabi/include -I/home/igarashi/cortina/staging_dir/toolchain-arm_gcc-4.5.1+l_uClibc-0.9.32_eabi/usr/include -I/home/igarashi/cortina/staging_dir/toolchain-arm_gcc-4.5.1+l_uClibc-0.9.32_eabi/include  conftest.c
configure:8011: $? = 0
configure:8025: arm-openwrt-linux-uclibcgnueabi-gcc -E -I/home/igarashi/cortina/staging_dir/target-arm_uClibc-0.9.32_eabi/usr/include -I/home/igarashi/cortina/staging_dir/target-arm_uClibc-0.9.32_eabi/include -I/home/igarashi/cortina/staging_dir/toolchain-arm_gcc-4.5.1+l_uClibc-0.9.32_eabi/usr/include -I/home/igarashi/cortina/staging_dir/toolchain-arm_gcc-4.5.1+l_uClibc-0.9.32_eabi/include  conftest.c
conftest.c:11:28: fatal error: ac_nonexistent.h: No such file or directory
compilation terminated.
configure:8025: $? = 1
configure: failed program was:
| /* confdefs.h */
| #define PACKAGE_NAME "libasprintf"
| #define PACKAGE_TARNAME "libasprintf"
| #define PACKAGE_VERSION "1.0"
| #define PACKAGE_STRING "libasprintf 1.0"
| #define PACKAGE_BUGREPORT ""
| #define PACKAGE_URL ""
| #define PACKAGE "libasprintf"
| #define VERSION "1.0"
| /* end confdefs.h.  */
| #include <ac_nonexistent.h>
configure:8054: checking for ANSI C header files
configure:8074: arm-openwrt-linux-uclibcgnueabi-gcc -c -O -pipe -march=armv7-a -mtune=cortex-a9 -funit-at-a-time -mfpu=neon -ftree-vectorize -mfloat-abi=softfp -fhonour-copts -fpic  -I/home/igarashi/cortina/staging_dir/target-arm_uClibc-0.9.32_eabi/usr/include -I/home/igarashi/cortina/staging_dir/target-arm_uClibc-0.9.32_eabi/include -I/home/igarashi/cortina/staging_dir/toolchain-arm_gcc-4.5.1+l_uClibc-0.9.32_eabi/usr/include -I/home/igarashi/cortina/staging_dir/toolchain-arm_gcc-4.5.1+l_uClibc-0.9.32_eabi/include  conftest.c >&5
configure:8074: $? = 0
configure:8158: result: yes
configure:8171: checking for sys/types.h
configure:8171: arm-openwrt-linux-uclibcgnueabi-gcc -c -O -pipe -march=armv7-a -mtune=cortex-a9 -funit-at-a-time -mfpu=neon -ftree-vectorize -mfloat-abi=softfp -fhonour-copts -fpic  -I/home/igarashi/cortina/staging_dir/target-arm_uClibc-0.9.32_eabi/usr/include -I/home/igarashi/cortina/staging_dir/target-arm_uClibc-0.9.32_eabi/include -I/home/igarashi/cortina/staging_dir/toolchain-arm_gcc-4.5.1+l_uClibc-0.9.32_eabi/usr/include -I/home/igarashi/cortina/staging_dir/toolchain-arm_gcc-4.5.1+l_uClibc-0.9.32_eabi/include  conftest.c >&5
configure:8171: $? = 0
configure:8171: result: yes
configure:8171: checking for sys/stat.h
configure:8171: arm-openwrt-linux-uclibcgnueabi-gcc -c -O -pipe -march=armv7-a -mtune=cortex-a9 -funit-at-a-time -mfpu=neon -ftree-vectorize -mfloat-abi=softfp -fhonour-copts -fpic  -I/home/igarashi/cortina/staging_dir/target-arm_uClibc-0.9.32_eabi/usr/include -I/home/igarashi/cortina/staging_dir/target-arm_uClibc-0.9.32_eabi/include -I/home/igarashi/cortina/staging_dir/toolchain-arm_gcc-4.5.1+l_uClibc-0.9.32_eabi/usr/include -I/home/igarashi/cortina/staging_dir/toolchain-arm_gcc-4.5.1+l_uClibc-0.9.32_eabi/include  conftest.c >&5
configure:8171: $? = 0
configure:8171: result: yes
configure:8171: checking for stdlib.h
configure:8171: arm-openwrt-linux-uclibcgnueabi-gcc -c -O -pipe -march=armv7-a -mtune=cortex-a9 -funit-at-a-time -mfpu=neon -ftree-vectorize -mfloat-abi=softfp -fhonour-copts -fpic  -I/home/igarashi/cortina/staging_dir/target-arm_uClibc-0.9.32_eabi/usr/include -I/home/igarashi/cortina/staging_dir/target-arm_uClibc-0.9.32_eabi/include -I/home/igarashi/cortina/staging_dir/toolchain-arm_gcc-4.5.1+l_uClibc-0.9.32_eabi/usr/include -I/home/igarashi/cortina/staging_dir/toolchain-arm_gcc-4.5.1+l_uClibc-0.9.32_eabi/include  conftest.c >&5
configure:8171: $? = 0
configure:8171: result: yes
configure:8171: checking for string.h
configure:8171: arm-openwrt-linux-uclibcgnueabi-gcc -c -O -pipe -march=armv7-a -mtune=cortex-a9 -funit-at-a-time -mfpu=neon -ftree-vectorize -mfloat-abi=softfp -fhonour-copts -fpic  -I/home/igarashi/cortina/staging_dir/target-arm_uClibc-0.9.32_eabi/usr/include -I/home/igarashi/cortina/staging_dir/target-arm_uClibc-0.9.32_eabi/include -I/home/igarashi/cortina/staging_dir/toolchain-arm_gcc-4.5.1+l_uClibc-0.9.32_eabi/usr/include -I/home/igarashi/cortina/staging_dir/toolchain-arm_gcc-4.5.1+l_uClibc-0.9.32_eabi/include  conftest.c >&5
configure:8171: $? = 0
configure:8171: result: yes
configure:8171: checking for memory.h
configure:8171: arm-openwrt-linux-uclibcgnueabi-gcc -c -O -pipe -march=armv7-a -mtune=cortex-a9 -funit-at-a-time -mfpu=neon -ftree-vectorize -mfloat-abi=softfp -fhonour-copts -fpic  -I/home/igarashi/cortina/staging_dir/target-arm_uClibc-0.9.32_eabi/usr/include -I/home/igarashi/cortina/staging_dir/target-arm_uClibc-0.9.32_eabi/include -I/home/igarashi/cortina/staging_dir/toolchain-arm_gcc-4.5.1+l_uClibc-0.9.32_eabi/usr/include -I/home/igarashi/cortina/staging_dir/toolchain-arm_gcc-4.5.1+l_uClibc-0.9.32_eabi/include  conftest.c >&5
configure:8171: $? = 0
configure:8171: result: yes
configure:8171: checking for strings.h
configure:8171: arm-openwrt-linux-uclibcgnueabi-gcc -c -O -pipe -march=armv7-a -mtune=cortex-a9 -funit-at-a-time -mfpu=neon -ftree-vectorize -mfloat-abi=softfp -fhonour-copts -fpic  -I/home/igarashi/cortina/staging_dir/target-arm_uClibc-0.9.32_eabi/usr/include -I/home/igarashi/cortina/staging_dir/target-arm_uClibc-0.9.32_eabi/include -I/home/igarashi/cortina/staging_dir/toolchain-arm_gcc-4.5.1+l_uClibc-0.9.32_eabi/usr/include -I/home/igarashi/cortina/staging_dir/toolchain-arm_gcc-4.5.1+l_uClibc-0.9.32_eabi/include  conftest.c >&5
configure:8171: $? = 0
configure:8171: result: yes
configure:8171: checking for inttypes.h
configure:8171: arm-openwrt-linux-uclibcgnueabi-gcc -c -O -pipe -march=armv7-a -mtune=cortex-a9 -funit-at-a-time -mfpu=neon -ftree-vectorize -mfloat-abi=softfp -fhonour-copts -fpic  -I/home/igarashi/cortina/staging_dir/target-arm_uClibc-0.9.32_eabi/usr/include -I/home/igarashi/cortina/staging_dir/target-arm_uClibc-0.9.32_eabi/include -I/home/igarashi/cortina/staging_dir/toolchain-arm_gcc-4.5.1+l_uClibc-0.9.32_eabi/usr/include -I/home/igarashi/cortina/staging_dir/toolchain-arm_gcc-4.5.1+l_uClibc-0.9.32_eabi/include  conftest.c >&5
configure:8171: $? = 0
configure:8171: result: yes
configure:8171: checking for stdint.h
configure:8171: arm-openwrt-linux-uclibcgnueabi-gcc -c -O -pipe -march=armv7-a -mtune=cortex-a9 -funit-at-a-time -mfpu=neon -ftree-vectorize -mfloat-abi=softfp -fhonour-copts -fpic  -I/home/igarashi/cortina/staging_dir/target-arm_uClibc-0.9.32_eabi/usr/include -I/home/igarashi/cortina/staging_dir/target-arm_uClibc-0.9.32_eabi/include -I/home/igarashi/cortina/staging_dir/toolchain-arm_gcc-4.5.1+l_uClibc-0.9.32_eabi/usr/include -I/home/igarashi/cortina/staging_dir/toolchain-arm_gcc-4.5.1+l_uClibc-0.9.32_eabi/include  conftest.c >&5
configure:8171: $? = 0
configure:8171: result: yes
configure:8171: checking for unistd.h
configure:8171: arm-openwrt-linux-uclibcgnueabi-gcc -c -O -pipe -march=armv7-a -mtune=cortex-a9 -funit-at-a-time -mfpu=neon -ftree-vectorize -mfloat-abi=softfp -fhonour-copts -fpic  -I/home/igarashi/cortina/staging_dir/target-arm_uClibc-0.9.32_eabi/usr/include -I/home/igarashi/cortina/staging_dir/target-arm_uClibc-0.9.32_eabi/include -I/home/igarashi/cortina/staging_dir/toolchain-arm_gcc-4.5.1+l_uClibc-0.9.32_eabi/usr/include -I/home/igarashi/cortina/staging_dir/toolchain-arm_gcc-4.5.1+l_uClibc-0.9.32_eabi/include  conftest.c >&5
configure:8171: $? = 0
configure:8171: result: yes
configure:8185: checking for dlfcn.h
configure:8185: arm-openwrt-linux-uclibcgnueabi-gcc -c -O -pipe -march=armv7-a -mtune=cortex-a9 -funit-at-a-time -mfpu=neon -ftree-vectorize -mfloat-abi=softfp -fhonour-copts -fpic  -I/home/igarashi/cortina/staging_dir/target-arm_uClibc-0.9.32_eabi/usr/include -I/home/igarashi/cortina/staging_dir/target-arm_uClibc-0.9.32_eabi/include -I/home/igarashi/cortina/staging_dir/toolchain-arm_gcc-4.5.1+l_uClibc-0.9.32_eabi/usr/include -I/home/igarashi/cortina/staging_dir/toolchain-arm_gcc-4.5.1+l_uClibc-0.9.32_eabi/include  conftest.c >&5
configure:8185: $? = 0
configure:8185: result: yes
configure:8681: checking for objdir
configure:8696: result: .libs
configure:8963: checking if arm-openwrt-linux-uclibcgnueabi-gcc supports -fno-rtti -fno-exceptions
configure:8981: arm-openwrt-linux-uclibcgnueabi-gcc -c -O -pipe -march=armv7-a -mtune=cortex-a9 -funit-at-a-time -mfpu=neon -ftree-vectorize -mfloat-abi=softfp -fhonour-copts -fpic  -I/home/igarashi/cortina/staging_dir/target-arm_uClibc-0.9.32_eabi/usr/include -I/home/igarashi/cortina/staging_dir/target-arm_uClibc-0.9.32_eabi/include -I/home/igarashi/cortina/staging_dir/toolchain-arm_gcc-4.5.1+l_uClibc-0.9.32_eabi/usr/include -I/home/igarashi/cortina/staging_dir/toolchain-arm_gcc-4.5.1+l_uClibc-0.9.32_eabi/include  -fno-rtti -fno-exceptions conftest.c >&5
cc1: warning: command line option "-fno-rtti" is valid for C++/ObjC++ but not for C
configure:8985: $? = 0
configure:8998: result: no
configure:9308: checking for arm-openwrt-linux-uclibcgnueabi-gcc option to produce PIC
configure:9315: result: -fPIC -DPIC
configure:9323: checking if arm-openwrt-linux-uclibcgnueabi-gcc PIC flag -fPIC -DPIC works
configure:9341: arm-openwrt-linux-uclibcgnueabi-gcc -c -O -pipe -march=armv7-a -mtune=cortex-a9 -funit-at-a-time -mfpu=neon -ftree-vectorize -mfloat-abi=softfp -fhonour-copts -fpic  -I/home/igarashi/cortina/staging_dir/target-arm_uClibc-0.9.32_eabi/usr/include -I/home/igarashi/cortina/staging_dir/target-arm_uClibc-0.9.32_eabi/include -I/home/igarashi/cortina/staging_dir/toolchain-arm_gcc-4.5.1+l_uClibc-0.9.32_eabi/usr/include -I/home/igarashi/cortina/staging_dir/toolchain-arm_gcc-4.5.1+l_uClibc-0.9.32_eabi/include  -fPIC -DPIC -DPIC conftest.c >&5
configure:9345: $? = 0
configure:9358: result: yes
configure:9387: checking if arm-openwrt-linux-uclibcgnueabi-gcc static flag -static works
configure:9415: result: yes
configure:9430: checking if arm-openwrt-linux-uclibcgnueabi-gcc supports -c -o file.o
configure:9451: arm-openwrt-linux-uclibcgnueabi-gcc -c -O -pipe -march=armv7-a -mtune=cortex-a9 -funit-at-a-time -mfpu=neon -ftree-vectorize -mfloat-abi=softfp -fhonour-copts -fpic  -I/home/igarashi/cortina/staging_dir/target-arm_uClibc-0.9.32_eabi/usr/include -I/home/igarashi/cortina/staging_dir/target-arm_uClibc-0.9.32_eabi/include -I/home/igarashi/cortina/staging_dir/toolchain-arm_gcc-4.5.1+l_uClibc-0.9.32_eabi/usr/include -I/home/igarashi/cortina/staging_dir/toolchain-arm_gcc-4.5.1+l_uClibc-0.9.32_eabi/include  -o out/conftest2.o conftest.c >&5
configure:9455: $? = 0
configure:9477: result: yes
configure:9485: checking if arm-openwrt-linux-uclibcgnueabi-gcc supports -c -o file.o
configure:9532: result: yes
configure:9565: checking whether the arm-openwrt-linux-uclibcgnueabi-gcc linker (arm-openwrt-linux-uclibcgnueabi-ld) supports shared libraries
configure:10723: result: yes
configure:10760: checking whether -lc should be explicitly linked in
configure:10768: arm-openwrt-linux-uclibcgnueabi-gcc -c -O -pipe -march=armv7-a -mtune=cortex-a9 -funit-at-a-time -mfpu=neon -ftree-vectorize -mfloat-abi=softfp -fhonour-copts -fpic  -I/home/igarashi/cortina/staging_dir/target-arm_uClibc-0.9.32_eabi/usr/include -I/home/igarashi/cortina/staging_dir/target-arm_uClibc-0.9.32_eabi/include -I/home/igarashi/cortina/staging_dir/toolchain-arm_gcc-4.5.1+l_uClibc-0.9.32_eabi/usr/include -I/home/igarashi/cortina/staging_dir/toolchain-arm_gcc-4.5.1+l_uClibc-0.9.32_eabi/include  conftest.c >&5
configure:10771: $? = 0
configure:10786: arm-openwrt-linux-uclibcgnueabi-gcc -shared  -fPIC -DPIC conftest.o  -v -Wl,-soname -Wl,conftest -o conftest 2\>\&1 \| /bin/grep  -lc  \>/dev/null 2\>\&1
configure:10789: $? = 0
configure:10803: result: no
configure:10968: checking dynamic linker characteristics
configure:11482: arm-openwrt-linux-uclibcgnueabi-gcc -o conftest -O -pipe -march=armv7-a -mtune=cortex-a9 -funit-at-a-time -mfpu=neon -ftree-vectorize -mfloat-abi=softfp -fhonour-copts -fpic  -I/home/igarashi/cortina/staging_dir/target-arm_uClibc-0.9.32_eabi/usr/include -I/home/igarashi/cortina/staging_dir/target-arm_uClibc-0.9.32_eabi/include -I/home/igarashi/cortina/staging_dir/toolchain-arm_gcc-4.5.1+l_uClibc-0.9.32_eabi/usr/include -I/home/igarashi/cortina/staging_dir/toolchain-arm_gcc-4.5.1+l_uClibc-0.9.32_eabi/include  -L/home/igarashi/cortina/staging_dir/target-arm_uClibc-0.9.32_eabi/usr/lib -L/home/igarashi/cortina/staging_dir/target-arm_uClibc-0.9.32_eabi/lib -L/home/igarashi/cortina/staging_dir/toolchain-arm_gcc-4.5.1+l_uClibc-0.9.32_eabi/usr/lib -L/home/igarashi/cortina/staging_dir/toolchain-arm_gcc-4.5.1+l_uClibc-0.9.32_eabi/lib  -Wl,-rpath -Wl,/foo conftest.c  >&5
configure:11482: $? = 0
configure:11704: result: GNU/Linux ld.so
configure:11811: checking how to hardcode library paths into programs
configure:11836: result: immediate
configure:12376: checking whether stripping libraries is possible
configure:12381: result: yes
configure:12416: checking if libtool supports shared libraries
configure:12418: result: yes
configure:12421: checking whether to build shared libraries
configure:12442: result: yes
configure:12445: checking whether to build static libraries
configure:12449: result: yes
configure:12472: checking how to run the C++ preprocessor
configure:12499: arm-openwrt-linux-uclibcgnueabi-g++ -E -I/home/igarashi/cortina/staging_dir/target-arm_uClibc-0.9.32_eabi/usr/include -I/home/igarashi/cortina/staging_dir/target-arm_uClibc-0.9.32_eabi/include -I/home/igarashi/cortina/staging_dir/toolchain-arm_gcc-4.5.1+l_uClibc-0.9.32_eabi/usr/include -I/home/igarashi/cortina/staging_dir/toolchain-arm_gcc-4.5.1+l_uClibc-0.9.32_eabi/include  conftest.cpp
configure:12499: $? = 0
configure:12513: arm-openwrt-linux-uclibcgnueabi-g++ -E -I/home/igarashi/cortina/staging_dir/target-arm_uClibc-0.9.32_eabi/usr/include -I/home/igarashi/cortina/staging_dir/target-arm_uClibc-0.9.32_eabi/include -I/home/igarashi/cortina/staging_dir/toolchain-arm_gcc-4.5.1+l_uClibc-0.9.32_eabi/usr/include -I/home/igarashi/cortina/staging_dir/toolchain-arm_gcc-4.5.1+l_uClibc-0.9.32_eabi/include  conftest.cpp
conftest.cpp:23:28: fatal error: ac_nonexistent.h: No such file or directory
compilation terminated.
configure:12513: $? = 1
configure: failed program was:
| /* confdefs.h */
| #define PACKAGE_NAME "libasprintf"
| #define PACKAGE_TARNAME "libasprintf"
| #define PACKAGE_VERSION "1.0"
| #define PACKAGE_STRING "libasprintf 1.0"
| #define PACKAGE_BUGREPORT ""
| #define PACKAGE_URL ""
| #define PACKAGE "libasprintf"
| #define VERSION "1.0"
| #define STDC_HEADERS 1
| #define HAVE_SYS_TYPES_H 1
| #define HAVE_SYS_STAT_H 1
| #define HAVE_STDLIB_H 1
| #define HAVE_STRING_H 1
| #define HAVE_MEMORY_H 1
| #define HAVE_STRINGS_H 1
| #define HAVE_INTTYPES_H 1
| #define HAVE_STDINT_H 1
| #define HAVE_UNISTD_H 1
| #define HAVE_DLFCN_H 1
| #define LT_OBJDIR ".libs/"
| /* end confdefs.h.  */
| #include <ac_nonexistent.h>
configure:12538: result: arm-openwrt-linux-uclibcgnueabi-g++ -E
configure:12558: arm-openwrt-linux-uclibcgnueabi-g++ -E -I/home/igarashi/cortina/staging_dir/target-arm_uClibc-0.9.32_eabi/usr/include -I/home/igarashi/cortina/staging_dir/target-arm_uClibc-0.9.32_eabi/include -I/home/igarashi/cortina/staging_dir/toolchain-arm_gcc-4.5.1+l_uClibc-0.9.32_eabi/usr/include -I/home/igarashi/cortina/staging_dir/toolchain-arm_gcc-4.5.1+l_uClibc-0.9.32_eabi/include  conftest.cpp
configure:12558: $? = 0
configure:12572: arm-openwrt-linux-uclibcgnueabi-g++ -E -I/home/igarashi/cortina/staging_dir/target-arm_uClibc-0.9.32_eabi/usr/include -I/home/igarashi/cortina/staging_dir/target-arm_uClibc-0.9.32_eabi/include -I/home/igarashi/cortina/staging_dir/toolchain-arm_gcc-4.5.1+l_uClibc-0.9.32_eabi/usr/include -I/home/igarashi/cortina/staging_dir/toolchain-arm_gcc-4.5.1+l_uClibc-0.9.32_eabi/include  conftest.cpp
conftest.cpp:23:28: fatal error: ac_nonexistent.h: No such file or directory
compilation terminated.
configure:12572: $? = 1
configure: failed program was:
| /* confdefs.h */
| #define PACKAGE_NAME "libasprintf"
| #define PACKAGE_TARNAME "libasprintf"
| #define PACKAGE_VERSION "1.0"
| #define PACKAGE_STRING "libasprintf 1.0"
| #define PACKAGE_BUGREPORT ""
| #define PACKAGE_URL ""
| #define PACKAGE "libasprintf"
| #define VERSION "1.0"
| #define STDC_HEADERS 1
| #define HAVE_SYS_TYPES_H 1
| #define HAVE_SYS_STAT_H 1
| #define HAVE_STDLIB_H 1
| #define HAVE_STRING_H 1
| #define HAVE_MEMORY_H 1
| #define HAVE_STRINGS_H 1
| #define HAVE_INTTYPES_H 1
| #define HAVE_STDINT_H 1
| #define HAVE_UNISTD_H 1
| #define HAVE_DLFCN_H 1
| #define LT_OBJDIR ".libs/"
| /* end confdefs.h.  */
| #include <ac_nonexistent.h>
configure:12742: checking for ld used by arm-openwrt-linux-uclibcgnueabi-g++
configure:12809: result: arm-openwrt-linux-uclibcgnueabi-ld
configure:12816: checking if the linker (arm-openwrt-linux-uclibcgnueabi-ld) is GNU ld
configure:12831: result: yes
configure:12886: checking whether the arm-openwrt-linux-uclibcgnueabi-g++ linker (arm-openwrt-linux-uclibcgnueabi-ld) supports shared libraries
configure:13890: result: yes
configure:13925: arm-openwrt-linux-uclibcgnueabi-g++ -c -O -pipe -march=armv7-a -mtune=cortex-a9 -funit-at-a-time -mfpu=neon -ftree-vectorize -mfloat-abi=softfp -fhonour-copts -fpic  -I/home/igarashi/cortina/staging_dir/target-arm_uClibc-0.9.32_eabi/usr/include -I/home/igarashi/cortina/staging_dir/target-arm_uClibc-0.9.32_eabi/include -I/home/igarashi/cortina/staging_dir/toolchain-arm_gcc-4.5.1+l_uClibc-0.9.32_eabi/usr/include -I/home/igarashi/cortina/staging_dir/toolchain-arm_gcc-4.5.1+l_uClibc-0.9.32_eabi/include  conftest.cpp >&5
configure:13928: $? = 0
configure:14448: checking for arm-openwrt-linux-uclibcgnueabi-g++ option to produce PIC
configure:14455: result: -fPIC -DPIC
configure:14463: checking if arm-openwrt-linux-uclibcgnueabi-g++ PIC flag -fPIC -DPIC works
configure:14481: arm-openwrt-linux-uclibcgnueabi-g++ -c -O -pipe -march=armv7-a -mtune=cortex-a9 -funit-at-a-time -mfpu=neon -ftree-vectorize -mfloat-abi=softfp -fhonour-copts -fpic  -I/home/igarashi/cortina/staging_dir/target-arm_uClibc-0.9.32_eabi/usr/include -I/home/igarashi/cortina/staging_dir/target-arm_uClibc-0.9.32_eabi/include -I/home/igarashi/cortina/staging_dir/toolchain-arm_gcc-4.5.1+l_uClibc-0.9.32_eabi/usr/include -I/home/igarashi/cortina/staging_dir/toolchain-arm_gcc-4.5.1+l_uClibc-0.9.32_eabi/include  -fPIC -DPIC -DPIC conftest.cpp >&5
configure:14485: $? = 0
configure:14498: result: yes
configure:14521: checking if arm-openwrt-linux-uclibcgnueabi-g++ static flag -static works
configure:14549: result: yes
configure:14561: checking if arm-openwrt-linux-uclibcgnueabi-g++ supports -c -o file.o
configure:14582: arm-openwrt-linux-uclibcgnueabi-g++ -c -O -pipe -march=armv7-a -mtune=cortex-a9 -funit-at-a-time -mfpu=neon -ftree-vectorize -mfloat-abi=softfp -fhonour-copts -fpic  -I/home/igarashi/cortina/staging_dir/target-arm_uClibc-0.9.32_eabi/usr/include -I/home/igarashi/cortina/staging_dir/target-arm_uClibc-0.9.32_eabi/include -I/home/igarashi/cortina/staging_dir/toolchain-arm_gcc-4.5.1+l_uClibc-0.9.32_eabi/usr/include -I/home/igarashi/cortina/staging_dir/toolchain-arm_gcc-4.5.1+l_uClibc-0.9.32_eabi/include  -o out/conftest2.o conftest.cpp >&5
configure:14586: $? = 0
configure:14608: result: yes
configure:14613: checking if arm-openwrt-linux-uclibcgnueabi-g++ supports -c -o file.o
configure:14660: result: yes
configure:14690: checking whether the arm-openwrt-linux-uclibcgnueabi-g++ linker (arm-openwrt-linux-uclibcgnueabi-ld) supports shared libraries
configure:14724: result: yes
configure:14867: checking dynamic linker characteristics
configure:15537: result: GNU/Linux ld.so
configure:15590: checking how to hardcode library paths into programs
configure:15615: result: immediate
configure:15684: checking for inline
configure:15700: arm-openwrt-linux-uclibcgnueabi-gcc -c -O -pipe -march=armv7-a -mtune=cortex-a9 -funit-at-a-time -mfpu=neon -ftree-vectorize -mfloat-abi=softfp -fhonour-copts -fpic  -I/home/igarashi/cortina/staging_dir/target-arm_uClibc-0.9.32_eabi/usr/include -I/home/igarashi/cortina/staging_dir/target-arm_uClibc-0.9.32_eabi/include -I/home/igarashi/cortina/staging_dir/toolchain-arm_gcc-4.5.1+l_uClibc-0.9.32_eabi/usr/include -I/home/igarashi/cortina/staging_dir/toolchain-arm_gcc-4.5.1+l_uClibc-0.9.32_eabi/include  conftest.c >&5
configure:15700: $? = 0
configure:15708: result: inline
configure:15726: checking for size_t
configure:15726: arm-openwrt-linux-uclibcgnueabi-gcc -c -O -pipe -march=armv7-a -mtune=cortex-a9 -funit-at-a-time -mfpu=neon -ftree-vectorize -mfloat-abi=softfp -fhonour-copts -fpic  -I/home/igarashi/cortina/staging_dir/target-arm_uClibc-0.9.32_eabi/usr/include -I/home/igarashi/cortina/staging_dir/target-arm_uClibc-0.9.32_eabi/include -I/home/igarashi/cortina/staging_dir/toolchain-arm_gcc-4.5.1+l_uClibc-0.9.32_eabi/usr/include -I/home/igarashi/cortina/staging_dir/toolchain-arm_gcc-4.5.1+l_uClibc-0.9.32_eabi/include  conftest.c >&5
configure:15726: $? = 0
configure:15726: arm-openwrt-linux-uclibcgnueabi-gcc -c -O -pipe -march=armv7-a -mtune=cortex-a9 -funit-at-a-time -mfpu=neon -ftree-vectorize -mfloat-abi=softfp -fhonour-copts -fpic  -I/home/igarashi/cortina/staging_dir/target-arm_uClibc-0.9.32_eabi/usr/include -I/home/igarashi/cortina/staging_dir/target-arm_uClibc-0.9.32_eabi/include -I/home/igarashi/cortina/staging_dir/toolchain-arm_gcc-4.5.1+l_uClibc-0.9.32_eabi/usr/include -I/home/igarashi/cortina/staging_dir/toolchain-arm_gcc-4.5.1+l_uClibc-0.9.32_eabi/include  conftest.c >&5
conftest.c: In function 'main':
conftest.c:59:21: error: expected expression before ')' token
configure:15726: $? = 1
configure: failed program was:
| /* confdefs.h */
| #define PACKAGE_NAME "libasprintf"
| #define PACKAGE_TARNAME "libasprintf"
| #define PACKAGE_VERSION "1.0"
| #define PACKAGE_STRING "libasprintf 1.0"
| #define PACKAGE_BUGREPORT ""
| #define PACKAGE_URL ""
| #define PACKAGE "libasprintf"
| #define VERSION "1.0"
| #define STDC_HEADERS 1
| #define HAVE_SYS_TYPES_H 1
| #define HAVE_SYS_STAT_H 1
| #define HAVE_STDLIB_H 1
| #define HAVE_STRING_H 1
| #define HAVE_MEMORY_H 1
| #define HAVE_STRINGS_H 1
| #define HAVE_INTTYPES_H 1
| #define HAVE_STDINT_H 1
| #define HAVE_UNISTD_H 1
| #define HAVE_DLFCN_H 1
| #define LT_OBJDIR ".libs/"
| /* end confdefs.h.  */
| #include <stdio.h>
| #ifdef HAVE_SYS_TYPES_H
| # include <sys/types.h>
| #endif
| #ifdef HAVE_SYS_STAT_H
| # include <sys/stat.h>
| #endif
| #ifdef STDC_HEADERS
| # include <stdlib.h>
| # include <stddef.h>
| #else
| # ifdef HAVE_STDLIB_H
| #  include <stdlib.h>
| # endif
| #endif
| #ifdef HAVE_STRING_H
| # if !defined STDC_HEADERS && defined HAVE_MEMORY_H
| #  include <memory.h>
| # endif
| # include <string.h>
| #endif
| #ifdef HAVE_STRINGS_H
| # include <strings.h>
| #endif
| #ifdef HAVE_INTTYPES_H
| # include <inttypes.h>
| #endif
| #ifdef HAVE_STDINT_H
| # include <stdint.h>
| #endif
| #ifdef HAVE_UNISTD_H
| # include <unistd.h>
| #endif
| int
| main ()
| {
| if (sizeof ((size_t)))
| 	    return 0;
|   ;
|   return 0;
| }
configure:15726: result: yes
configure:15738: checking for long long int
configure:15775: arm-openwrt-linux-uclibcgnueabi-gcc -o conftest -O -pipe -march=armv7-a -mtune=cortex-a9 -funit-at-a-time -mfpu=neon -ftree-vectorize -mfloat-abi=softfp -fhonour-copts -fpic  -I/home/igarashi/cortina/staging_dir/target-arm_uClibc-0.9.32_eabi/usr/include -I/home/igarashi/cortina/staging_dir/target-arm_uClibc-0.9.32_eabi/include -I/home/igarashi/cortina/staging_dir/toolchain-arm_gcc-4.5.1+l_uClibc-0.9.32_eabi/usr/include -I/home/igarashi/cortina/staging_dir/toolchain-arm_gcc-4.5.1+l_uClibc-0.9.32_eabi/include  -L/home/igarashi/cortina/staging_dir/target-arm_uClibc-0.9.32_eabi/usr/lib -L/home/igarashi/cortina/staging_dir/target-arm_uClibc-0.9.32_eabi/lib -L/home/igarashi/cortina/staging_dir/toolchain-arm_gcc-4.5.1+l_uClibc-0.9.32_eabi/usr/lib -L/home/igarashi/cortina/staging_dir/toolchain-arm_gcc-4.5.1+l_uClibc-0.9.32_eabi/lib  conftest.c  >&5
configure:15775: $? = 0
configure:15820: result: yes
configure:15829: checking for wchar_t
configure:15846: arm-openwrt-linux-uclibcgnueabi-gcc -c -O -pipe -march=armv7-a -mtune=cortex-a9 -funit-at-a-time -mfpu=neon -ftree-vectorize -mfloat-abi=softfp -fhonour-copts -fpic  -I/home/igarashi/cortina/staging_dir/target-arm_uClibc-0.9.32_eabi/usr/include -I/home/igarashi/cortina/staging_dir/target-arm_uClibc-0.9.32_eabi/include -I/home/igarashi/cortina/staging_dir/toolchain-arm_gcc-4.5.1+l_uClibc-0.9.32_eabi/usr/include -I/home/igarashi/cortina/staging_dir/toolchain-arm_gcc-4.5.1+l_uClibc-0.9.32_eabi/include  conftest.c >&5
configure:15846: $? = 0
configure:15853: result: yes
configure:15862: checking for wint_t
configure:15887: arm-openwrt-linux-uclibcgnueabi-gcc -c -O -pipe -march=armv7-a -mtune=cortex-a9 -funit-at-a-time -mfpu=neon -ftree-vectorize -mfloat-abi=softfp -fhonour-copts -fpic  -I/home/igarashi/cortina/staging_dir/target-arm_uClibc-0.9.32_eabi/usr/include -I/home/igarashi/cortina/staging_dir/target-arm_uClibc-0.9.32_eabi/include -I/home/igarashi/cortina/staging_dir/toolchain-arm_gcc-4.5.1+l_uClibc-0.9.32_eabi/usr/include -I/home/igarashi/cortina/staging_dir/toolchain-arm_gcc-4.5.1+l_uClibc-0.9.32_eabi/include  conftest.c >&5
configure:15887: $? = 0
configure:15894: result: yes
configure:15902: checking for ptrdiff_t
configure:15902: arm-openwrt-linux-uclibcgnueabi-gcc -c -O -pipe -march=armv7-a -mtune=cortex-a9 -funit-at-a-time -mfpu=neon -ftree-vectorize -mfloat-abi=softfp -fhonour-copts -fpic  -I/home/igarashi/cortina/staging_dir/target-arm_uClibc-0.9.32_eabi/usr/include -I/home/igarashi/cortina/staging_dir/target-arm_uClibc-0.9.32_eabi/include -I/home/igarashi/cortina/staging_dir/toolchain-arm_gcc-4.5.1+l_uClibc-0.9.32_eabi/usr/include -I/home/igarashi/cortina/staging_dir/toolchain-arm_gcc-4.5.1+l_uClibc-0.9.32_eabi/include  conftest.c >&5
configure:15902: $? = 0
configure:15902: arm-openwrt-linux-uclibcgnueabi-gcc -c -O -pipe -march=armv7-a -mtune=cortex-a9 -funit-at-a-time -mfpu=neon -ftree-vectorize -mfloat-abi=softfp -fhonour-copts -fpic  -I/home/igarashi/cortina/staging_dir/target-arm_uClibc-0.9.32_eabi/usr/include -I/home/igarashi/cortina/staging_dir/target-arm_uClibc-0.9.32_eabi/include -I/home/igarashi/cortina/staging_dir/toolchain-arm_gcc-4.5.1+l_uClibc-0.9.32_eabi/usr/include -I/home/igarashi/cortina/staging_dir/toolchain-arm_gcc-4.5.1+l_uClibc-0.9.32_eabi/include  conftest.c >&5
conftest.c: In function 'main':
conftest.c:62:24: error: expected expression before ')' token
configure:15902: $? = 1
configure: failed program was:
| /* confdefs.h */
| #define PACKAGE_NAME "libasprintf"
| #define PACKAGE_TARNAME "libasprintf"
| #define PACKAGE_VERSION "1.0"
| #define PACKAGE_STRING "libasprintf 1.0"
| #define PACKAGE_BUGREPORT ""
| #define PACKAGE_URL ""
| #define PACKAGE "libasprintf"
| #define VERSION "1.0"
| #define STDC_HEADERS 1
| #define HAVE_SYS_TYPES_H 1
| #define HAVE_SYS_STAT_H 1
| #define HAVE_STDLIB_H 1
| #define HAVE_STRING_H 1
| #define HAVE_MEMORY_H 1
| #define HAVE_STRINGS_H 1
| #define HAVE_INTTYPES_H 1
| #define HAVE_STDINT_H 1
| #define HAVE_UNISTD_H 1
| #define HAVE_DLFCN_H 1
| #define LT_OBJDIR ".libs/"
| #define HAVE_LONG_LONG_INT 1
| #define HAVE_WCHAR_T 1
| #define HAVE_WINT_T 1
| /* end confdefs.h.  */
| #include <stdio.h>
| #ifdef HAVE_SYS_TYPES_H
| # include <sys/types.h>
| #endif
| #ifdef HAVE_SYS_STAT_H
| # include <sys/stat.h>
| #endif
| #ifdef STDC_HEADERS
| # include <stdlib.h>
| # include <stddef.h>
| #else
| # ifdef HAVE_STDLIB_H
| #  include <stdlib.h>
| # endif
| #endif
| #ifdef HAVE_STRING_H
| # if !defined STDC_HEADERS && defined HAVE_MEMORY_H
| #  include <memory.h>
| # endif
| # include <string.h>
| #endif
| #ifdef HAVE_STRINGS_H
| # include <strings.h>
| #endif
| #ifdef HAVE_INTTYPES_H
| # include <inttypes.h>
| #endif
| #ifdef HAVE_STDINT_H
| # include <stdint.h>
| #endif
| #ifdef HAVE_UNISTD_H
| # include <unistd.h>
| #endif
| int
| main ()
| {
| if (sizeof ((ptrdiff_t)))
| 	    return 0;
|   ;
|   return 0;
| }
configure:15902: result: yes
configure:15913: checking for inttypes.h
configure:15930: arm-openwrt-linux-uclibcgnueabi-gcc -c -O -pipe -march=armv7-a -mtune=cortex-a9 -funit-at-a-time -mfpu=neon -ftree-vectorize -mfloat-abi=softfp -fhonour-copts -fpic  -I/home/igarashi/cortina/staging_dir/target-arm_uClibc-0.9.32_eabi/usr/include -I/home/igarashi/cortina/staging_dir/target-arm_uClibc-0.9.32_eabi/include -I/home/igarashi/cortina/staging_dir/toolchain-arm_gcc-4.5.1+l_uClibc-0.9.32_eabi/usr/include -I/home/igarashi/cortina/staging_dir/toolchain-arm_gcc-4.5.1+l_uClibc-0.9.32_eabi/include  conftest.c >&5
configure:15930: $? = 0
configure:15937: result: yes
configure:15948: checking for stdint.h
configure:15965: arm-openwrt-linux-uclibcgnueabi-gcc -c -O -pipe -march=armv7-a -mtune=cortex-a9 -funit-at-a-time -mfpu=neon -ftree-vectorize -mfloat-abi=softfp -fhonour-copts -fpic  -I/home/igarashi/cortina/staging_dir/target-arm_uClibc-0.9.32_eabi/usr/include -I/home/igarashi/cortina/staging_dir/target-arm_uClibc-0.9.32_eabi/include -I/home/igarashi/cortina/staging_dir/toolchain-arm_gcc-4.5.1+l_uClibc-0.9.32_eabi/usr/include -I/home/igarashi/cortina/staging_dir/toolchain-arm_gcc-4.5.1+l_uClibc-0.9.32_eabi/include  conftest.c >&5
configure:15965: $? = 0
configure:15972: result: yes
configure:15985: checking for intmax_t
configure:16011: arm-openwrt-linux-uclibcgnueabi-gcc -c -O -pipe -march=armv7-a -mtune=cortex-a9 -funit-at-a-time -mfpu=neon -ftree-vectorize -mfloat-abi=softfp -fhonour-copts -fpic  -I/home/igarashi/cortina/staging_dir/target-arm_uClibc-0.9.32_eabi/usr/include -I/home/igarashi/cortina/staging_dir/target-arm_uClibc-0.9.32_eabi/include -I/home/igarashi/cortina/staging_dir/toolchain-arm_gcc-4.5.1+l_uClibc-0.9.32_eabi/usr/include -I/home/igarashi/cortina/staging_dir/toolchain-arm_gcc-4.5.1+l_uClibc-0.9.32_eabi/include  conftest.c >&5
configure:16011: $? = 0
configure:16018: result: yes
configure:16029: checking for stdint.h
configure:16029: result: yes
configure:16039: checking for SIZE_MAX
configure:16110: result: yes
configure:16126: checking for stdint.h
configure:16126: result: yes
configure:16148: checking for working alloca.h
configure:16165: arm-openwrt-linux-uclibcgnueabi-gcc -o conftest -O -pipe -march=armv7-a -mtune=cortex-a9 -funit-at-a-time -mfpu=neon -ftree-vectorize -mfloat-abi=softfp -fhonour-copts -fpic  -I/home/igarashi/cortina/staging_dir/target-arm_uClibc-0.9.32_eabi/usr/include -I/home/igarashi/cortina/staging_dir/target-arm_uClibc-0.9.32_eabi/include -I/home/igarashi/cortina/staging_dir/toolchain-arm_gcc-4.5.1+l_uClibc-0.9.32_eabi/usr/include -I/home/igarashi/cortina/staging_dir/toolchain-arm_gcc-4.5.1+l_uClibc-0.9.32_eabi/include  -L/home/igarashi/cortina/staging_dir/target-arm_uClibc-0.9.32_eabi/usr/lib -L/home/igarashi/cortina/staging_dir/target-arm_uClibc-0.9.32_eabi/lib -L/home/igarashi/cortina/staging_dir/toolchain-arm_gcc-4.5.1+l_uClibc-0.9.32_eabi/usr/lib -L/home/igarashi/cortina/staging_dir/toolchain-arm_gcc-4.5.1+l_uClibc-0.9.32_eabi/lib  conftest.c  >&5
configure:16165: $? = 0
configure:16173: result: yes
configure:16181: checking for alloca
configure:16218: arm-openwrt-linux-uclibcgnueabi-gcc -o conftest -O -pipe -march=armv7-a -mtune=cortex-a9 -funit-at-a-time -mfpu=neon -ftree-vectorize -mfloat-abi=softfp -fhonour-copts -fpic  -I/home/igarashi/cortina/staging_dir/target-arm_uClibc-0.9.32_eabi/usr/include -I/home/igarashi/cortina/staging_dir/target-arm_uClibc-0.9.32_eabi/include -I/home/igarashi/cortina/staging_dir/toolchain-arm_gcc-4.5.1+l_uClibc-0.9.32_eabi/usr/include -I/home/igarashi/cortina/staging_dir/toolchain-arm_gcc-4.5.1+l_uClibc-0.9.32_eabi/include  -L/home/igarashi/cortina/staging_dir/target-arm_uClibc-0.9.32_eabi/usr/lib -L/home/igarashi/cortina/staging_dir/target-arm_uClibc-0.9.32_eabi/lib -L/home/igarashi/cortina/staging_dir/toolchain-arm_gcc-4.5.1+l_uClibc-0.9.32_eabi/usr/lib -L/home/igarashi/cortina/staging_dir/toolchain-arm_gcc-4.5.1+l_uClibc-0.9.32_eabi/lib  conftest.c  >&5
configure:16218: $? = 0
configure:16226: result: yes
configure:16346: checking for stdlib.h
configure:16346: result: yes
configure:16346: checking for string.h
configure:16346: result: yes
configure:16346: checking errno.h usability
configure:16346: arm-openwrt-linux-uclibcgnueabi-gcc -c -O -pipe -march=armv7-a -mtune=cortex-a9 -funit-at-a-time -mfpu=neon -ftree-vectorize -mfloat-abi=softfp -fhonour-copts -fpic  -I/home/igarashi/cortina/staging_dir/target-arm_uClibc-0.9.32_eabi/usr/include -I/home/igarashi/cortina/staging_dir/target-arm_uClibc-0.9.32_eabi/include -I/home/igarashi/cortina/staging_dir/toolchain-arm_gcc-4.5.1+l_uClibc-0.9.32_eabi/usr/include -I/home/igarashi/cortina/staging_dir/toolchain-arm_gcc-4.5.1+l_uClibc-0.9.32_eabi/include  conftest.c >&5
configure:16346: $? = 0
configure:16346: result: yes
configure:16346: checking errno.h presence
configure:16346: arm-openwrt-linux-uclibcgnueabi-gcc -E -I/home/igarashi/cortina/staging_dir/target-arm_uClibc-0.9.32_eabi/usr/include -I/home/igarashi/cortina/staging_dir/target-arm_uClibc-0.9.32_eabi/include -I/home/igarashi/cortina/staging_dir/toolchain-arm_gcc-4.5.1+l_uClibc-0.9.32_eabi/usr/include -I/home/igarashi/cortina/staging_dir/toolchain-arm_gcc-4.5.1+l_uClibc-0.9.32_eabi/include  conftest.c
configure:16346: $? = 0
configure:16346: result: yes
configure:16346: checking for errno.h
configure:16346: result: yes
configure:16367: checking whether the preprocessor supports include_next
configure:16405: arm-openwrt-linux-uclibcgnueabi-gcc -c -O -pipe -march=armv7-a -mtune=cortex-a9 -funit-at-a-time -mfpu=neon -ftree-vectorize -mfloat-abi=softfp -fhonour-copts -fpic  -I/home/igarashi/cortina/staging_dir/target-arm_uClibc-0.9.32_eabi/usr/include -I/home/igarashi/cortina/staging_dir/target-arm_uClibc-0.9.32_eabi/include -I/home/igarashi/cortina/staging_dir/toolchain-arm_gcc-4.5.1+l_uClibc-0.9.32_eabi/usr/include -I/home/igarashi/cortina/staging_dir/toolchain-arm_gcc-4.5.1+l_uClibc-0.9.32_eabi/include  -Iconftestd1b -Iconftestd2 conftest.c >&5
configure:16405: $? = 0
configure:16426: result: yes
configure:16455: checking for complete errno.h
configure:16507: result: yes
configure:16894: checking for snprintf
configure:16894: arm-openwrt-linux-uclibcgnueabi-gcc -o conftest -O -pipe -march=armv7-a -mtune=cortex-a9 -funit-at-a-time -mfpu=neon -ftree-vectorize -mfloat-abi=softfp -fhonour-copts -fpic  -I/home/igarashi/cortina/staging_dir/target-arm_uClibc-0.9.32_eabi/usr/include -I/home/igarashi/cortina/staging_dir/target-arm_uClibc-0.9.32_eabi/include -I/home/igarashi/cortina/staging_dir/toolchain-arm_gcc-4.5.1+l_uClibc-0.9.32_eabi/usr/include -I/home/igarashi/cortina/staging_dir/toolchain-arm_gcc-4.5.1+l_uClibc-0.9.32_eabi/include  -L/home/igarashi/cortina/staging_dir/target-arm_uClibc-0.9.32_eabi/usr/lib -L/home/igarashi/cortina/staging_dir/target-arm_uClibc-0.9.32_eabi/lib -L/home/igarashi/cortina/staging_dir/toolchain-arm_gcc-4.5.1+l_uClibc-0.9.32_eabi/usr/lib -L/home/igarashi/cortina/staging_dir/toolchain-arm_gcc-4.5.1+l_uClibc-0.9.32_eabi/lib  conftest.c  >&5
conftest.c:59:6: warning: conflicting types for built-in function 'snprintf'
configure:16894: $? = 0
configure:16894: result: yes
configure:16894: checking for vasprintf
configure:16894: arm-openwrt-linux-uclibcgnueabi-gcc -o conftest -O -pipe -march=armv7-a -mtune=cortex-a9 -funit-at-a-time -mfpu=neon -ftree-vectorize -mfloat-abi=softfp -fhonour-copts -fpic  -I/home/igarashi/cortina/staging_dir/target-arm_uClibc-0.9.32_eabi/usr/include -I/home/igarashi/cortina/staging_dir/target-arm_uClibc-0.9.32_eabi/include -I/home/igarashi/cortina/staging_dir/toolchain-arm_gcc-4.5.1+l_uClibc-0.9.32_eabi/usr/include -I/home/igarashi/cortina/staging_dir/toolchain-arm_gcc-4.5.1+l_uClibc-0.9.32_eabi/include  -L/home/igarashi/cortina/staging_dir/target-arm_uClibc-0.9.32_eabi/usr/lib -L/home/igarashi/cortina/staging_dir/target-arm_uClibc-0.9.32_eabi/lib -L/home/igarashi/cortina/staging_dir/toolchain-arm_gcc-4.5.1+l_uClibc-0.9.32_eabi/usr/lib -L/home/igarashi/cortina/staging_dir/toolchain-arm_gcc-4.5.1+l_uClibc-0.9.32_eabi/lib  conftest.c  >&5
configure:16894: $? = 0
configure:16894: result: yes
configure:16894: checking for strnlen
configure:16894: arm-openwrt-linux-uclibcgnueabi-gcc -o conftest -O -pipe -march=armv7-a -mtune=cortex-a9 -funit-at-a-time -mfpu=neon -ftree-vectorize -mfloat-abi=softfp -fhonour-copts -fpic  -I/home/igarashi/cortina/staging_dir/target-arm_uClibc-0.9.32_eabi/usr/include -I/home/igarashi/cortina/staging_dir/target-arm_uClibc-0.9.32_eabi/include -I/home/igarashi/cortina/staging_dir/toolchain-arm_gcc-4.5.1+l_uClibc-0.9.32_eabi/usr/include -I/home/igarashi/cortina/staging_dir/toolchain-arm_gcc-4.5.1+l_uClibc-0.9.32_eabi/include  -L/home/igarashi/cortina/staging_dir/target-arm_uClibc-0.9.32_eabi/usr/lib -L/home/igarashi/cortina/staging_dir/target-arm_uClibc-0.9.32_eabi/lib -L/home/igarashi/cortina/staging_dir/toolchain-arm_gcc-4.5.1+l_uClibc-0.9.32_eabi/usr/lib -L/home/igarashi/cortina/staging_dir/toolchain-arm_gcc-4.5.1+l_uClibc-0.9.32_eabi/lib  conftest.c  >&5
configure:16894: $? = 0
configure:16894: result: yes
configure:16894: checking for wcslen
configure:16894: arm-openwrt-linux-uclibcgnueabi-gcc -o conftest -O -pipe -march=armv7-a -mtune=cortex-a9 -funit-at-a-time -mfpu=neon -ftree-vectorize -mfloat-abi=softfp -fhonour-copts -fpic  -I/home/igarashi/cortina/staging_dir/target-arm_uClibc-0.9.32_eabi/usr/include -I/home/igarashi/cortina/staging_dir/target-arm_uClibc-0.9.32_eabi/include -I/home/igarashi/cortina/staging_dir/toolchain-arm_gcc-4.5.1+l_uClibc-0.9.32_eabi/usr/include -I/home/igarashi/cortina/staging_dir/toolchain-arm_gcc-4.5.1+l_uClibc-0.9.32_eabi/include  -L/home/igarashi/cortina/staging_dir/target-arm_uClibc-0.9.32_eabi/usr/lib -L/home/igarashi/cortina/staging_dir/target-arm_uClibc-0.9.32_eabi/lib -L/home/igarashi/cortina/staging_dir/toolchain-arm_gcc-4.5.1+l_uClibc-0.9.32_eabi/usr/lib -L/home/igarashi/cortina/staging_dir/toolchain-arm_gcc-4.5.1+l_uClibc-0.9.32_eabi/lib  conftest.c  >&5
configure:16894: $? = 0
configure:16894: result: yes
configure:16894: checking for wcsnlen
configure:16894: arm-openwrt-linux-uclibcgnueabi-gcc -o conftest -O -pipe -march=armv7-a -mtune=cortex-a9 -funit-at-a-time -mfpu=neon -ftree-vectorize -mfloat-abi=softfp -fhonour-copts -fpic  -I/home/igarashi/cortina/staging_dir/target-arm_uClibc-0.9.32_eabi/usr/include -I/home/igarashi/cortina/staging_dir/target-arm_uClibc-0.9.32_eabi/include -I/home/igarashi/cortina/staging_dir/toolchain-arm_gcc-4.5.1+l_uClibc-0.9.32_eabi/usr/include -I/home/igarashi/cortina/staging_dir/toolchain-arm_gcc-4.5.1+l_uClibc-0.9.32_eabi/include  -L/home/igarashi/cortina/staging_dir/target-arm_uClibc-0.9.32_eabi/usr/lib -L/home/igarashi/cortina/staging_dir/target-arm_uClibc-0.9.32_eabi/lib -L/home/igarashi/cortina/staging_dir/toolchain-arm_gcc-4.5.1+l_uClibc-0.9.32_eabi/usr/lib -L/home/igarashi/cortina/staging_dir/toolchain-arm_gcc-4.5.1+l_uClibc-0.9.32_eabi/lib  conftest.c  >&5
configure:16894: $? = 0
configure:16894: result: yes
configure:16894: checking for mbrtowc
configure:16894: arm-openwrt-linux-uclibcgnueabi-gcc -o conftest -O -pipe -march=armv7-a -mtune=cortex-a9 -funit-at-a-time -mfpu=neon -ftree-vectorize -mfloat-abi=softfp -fhonour-copts -fpic  -I/home/igarashi/cortina/staging_dir/target-arm_uClibc-0.9.32_eabi/usr/include -I/home/igarashi/cortina/staging_dir/target-arm_uClibc-0.9.32_eabi/include -I/home/igarashi/cortina/staging_dir/toolchain-arm_gcc-4.5.1+l_uClibc-0.9.32_eabi/usr/include -I/home/igarashi/cortina/staging_dir/toolchain-arm_gcc-4.5.1+l_uClibc-0.9.32_eabi/include  -L/home/igarashi/cortina/staging_dir/target-arm_uClibc-0.9.32_eabi/usr/lib -L/home/igarashi/cortina/staging_dir/target-arm_uClibc-0.9.32_eabi/lib -L/home/igarashi/cortina/staging_dir/toolchain-arm_gcc-4.5.1+l_uClibc-0.9.32_eabi/usr/lib -L/home/igarashi/cortina/staging_dir/toolchain-arm_gcc-4.5.1+l_uClibc-0.9.32_eabi/lib  conftest.c  >&5
configure:16894: $? = 0
configure:16894: result: yes
configure:16894: checking for wcrtomb
configure:16894: arm-openwrt-linux-uclibcgnueabi-gcc -o conftest -O -pipe -march=armv7-a -mtune=cortex-a9 -funit-at-a-time -mfpu=neon -ftree-vectorize -mfloat-abi=softfp -fhonour-copts -fpic  -I/home/igarashi/cortina/staging_dir/target-arm_uClibc-0.9.32_eabi/usr/include -I/home/igarashi/cortina/staging_dir/target-arm_uClibc-0.9.32_eabi/include -I/home/igarashi/cortina/staging_dir/toolchain-arm_gcc-4.5.1+l_uClibc-0.9.32_eabi/usr/include -I/home/igarashi/cortina/staging_dir/toolchain-arm_gcc-4.5.1+l_uClibc-0.9.32_eabi/include  -L/home/igarashi/cortina/staging_dir/target-arm_uClibc-0.9.32_eabi/usr/lib -L/home/igarashi/cortina/staging_dir/target-arm_uClibc-0.9.32_eabi/lib -L/home/igarashi/cortina/staging_dir/toolchain-arm_gcc-4.5.1+l_uClibc-0.9.32_eabi/usr/lib -L/home/igarashi/cortina/staging_dir/toolchain-arm_gcc-4.5.1+l_uClibc-0.9.32_eabi/lib  conftest.c  >&5
configure:16894: $? = 0
configure:16894: result: yes
configure:16903: checking whether _snprintf is declared
configure:16903: arm-openwrt-linux-uclibcgnueabi-gcc -c -O -pipe -march=armv7-a -mtune=cortex-a9 -funit-at-a-time -mfpu=neon -ftree-vectorize -mfloat-abi=softfp -fhonour-copts -fpic  -I/home/igarashi/cortina/staging_dir/target-arm_uClibc-0.9.32_eabi/usr/include -I/home/igarashi/cortina/staging_dir/target-arm_uClibc-0.9.32_eabi/include -I/home/igarashi/cortina/staging_dir/toolchain-arm_gcc-4.5.1+l_uClibc-0.9.32_eabi/usr/include -I/home/igarashi/cortina/staging_dir/toolchain-arm_gcc-4.5.1+l_uClibc-0.9.32_eabi/include  conftest.c >&5
conftest.c: In function 'main':
conftest.c:52:10: error: '_snprintf' undeclared (first use in this function)
conftest.c:52:10: note: each undeclared identifier is reported only once for each function it appears in
configure:16903: $? = 1
configure: failed program was:
| /* confdefs.h */
| #define PACKAGE_NAME "libasprintf"
| #define PACKAGE_TARNAME "libasprintf"
| #define PACKAGE_VERSION "1.0"
| #define PACKAGE_STRING "libasprintf 1.0"
| #define PACKAGE_BUGREPORT ""
| #define PACKAGE_URL ""
| #define PACKAGE "libasprintf"
| #define VERSION "1.0"
| #define STDC_HEADERS 1
| #define HAVE_SYS_TYPES_H 1
| #define HAVE_SYS_STAT_H 1
| #define HAVE_STDLIB_H 1
| #define HAVE_STRING_H 1
| #define HAVE_MEMORY_H 1
| #define HAVE_STRINGS_H 1
| #define HAVE_INTTYPES_H 1
| #define HAVE_STDINT_H 1
| #define HAVE_UNISTD_H 1
| #define HAVE_DLFCN_H 1
| #define LT_OBJDIR ".libs/"
| #define HAVE_LONG_LONG_INT 1
| #define HAVE_WCHAR_T 1
| #define HAVE_WINT_T 1
| #define HAVE_INTTYPES_H_WITH_UINTMAX 1
| #define HAVE_STDINT_H_WITH_UINTMAX 1
| #define HAVE_INTMAX_T 1
| #define HAVE_STDINT_H 1
| #define HAVE_STDINT_H 1
| #define HAVE_ALLOCA_H 1
| #define HAVE_ALLOCA 1
| #define HAVE_STDLIB_H 1
| #define HAVE_STRING_H 1
| #define HAVE_ERRNO_H 1
| #define HAVE_SNPRINTF 1
| #define HAVE_VASPRINTF 1
| #define HAVE_STRNLEN 1
| #define HAVE_WCSLEN 1
| #define HAVE_WCSNLEN 1
| #define HAVE_MBRTOWC 1
| #define HAVE_WCRTOMB 1
| /* end confdefs.h.  */
| #include <stdio.h>
| 
| int
| main ()
| {
| #ifndef _snprintf
| #ifdef __cplusplus
|   (void) _snprintf;
| #else
|   (void) _snprintf;
| #endif
| #endif
| 
|   ;
|   return 0;
| }
configure:16903: result: no
configure:16917: checking whether printf() supports POSIX/XSI format strings
configure:16969: result: guessing yes
configure:16983: checking for dvips
configure:17014: result: /home/igarashi/cortina/build_dir/target-arm_uClibc-0.9.32_eabi/gettext-0.18.1.1/build-aux/missing dvips
configure:17024: checking for texi2pdf
configure:17055: result: /home/igarashi/cortina/build_dir/target-arm_uClibc-0.9.32_eabi/gettext-0.18.1.1/build-aux/missing texi2pdf
configure:17065: checking for perl
configure:17083: found /usr/bin/perl
configure:17096: result: /usr/bin/perl
configure:17278: creating ./config.status

## ---------------------- ##
## Running config.status. ##
## ---------------------- ##

This file was extended by libasprintf config.status 1.0, which was
generated by GNU Autoconf 2.68.  Invocation command line was

  CONFIG_FILES    = 
  CONFIG_HEADERS  = 
  CONFIG_LINKS    = 
  CONFIG_COMMANDS = 
  $ ./config.status 

on igarashi-VirtualBox

config.status:1208: creating Makefile
config.status:1208: creating config.h
config.status:1437: executing depfiles commands
config.status:1437: executing libtool commands

## ---------------- ##
## Cache variables. ##
## ---------------- ##

ac_cv_build=i686-pc-linux-gnu
ac_cv_c_bigendian=no
ac_cv_c_compiler_gnu=yes
ac_cv_c_gettext_without_libintl=yes
ac_cv_c_inline=inline
ac_cv_c_littleendian=yes
ac_cv_c_long_double=no
ac_cv_conv_longlong_to_float=yes
ac_cv_cxx_compiler_gnu=yes
ac_cv_env_CCC_set=
ac_cv_env_CCC_value=
ac_cv_env_CC_set=set
ac_cv_env_CC_value=arm-openwrt-linux-uclibcgnueabi-gcc
ac_cv_env_CFLAGS_set=set
ac_cv_env_CFLAGS_value='-O -pipe -march=armv7-a -mtune=cortex-a9 -funit-at-a-time -mfpu=neon -ftree-vectorize -mfloat-abi=softfp -fhonour-copts -fpic '
ac_cv_env_CPPFLAGS_set=set
ac_cv_env_CPPFLAGS_value='-I/home/igarashi/cortina/staging_dir/target-arm_uClibc-0.9.32_eabi/usr/include -I/home/igarashi/cortina/staging_dir/target-arm_uClibc-0.9.32_eabi/include -I/home/igarashi/cortina/staging_dir/toolchain-arm_gcc-4.5.1+l_uClibc-0.9.32_eabi/usr/include -I/home/igarashi/cortina/staging_dir/toolchain-arm_gcc-4.5.1+l_uClibc-0.9.32_eabi/include '
ac_cv_env_CPP_set=
ac_cv_env_CPP_value=
ac_cv_env_CXXCPP_set=
ac_cv_env_CXXCPP_value=
ac_cv_env_CXXFLAGS_set=set
ac_cv_env_CXXFLAGS_value='-O -pipe -march=armv7-a -mtune=cortex-a9 -funit-at-a-time -mfpu=neon -ftree-vectorize -mfloat-abi=softfp -fhonour-copts -fpic '
ac_cv_env_CXX_set=set
ac_cv_env_CXX_value=arm-openwrt-linux-uclibcgnueabi-g++
ac_cv_env_LDFLAGS_set=set
ac_cv_env_LDFLAGS_value='-L/home/igarashi/cortina/staging_dir/target-arm_uClibc-0.9.32_eabi/usr/lib -L/home/igarashi/cortina/staging_dir/target-arm_uClibc-0.9.32_eabi/lib -L/home/igarashi/cortina/staging_dir/toolchain-arm_gcc-4.5.1+l_uClibc-0.9.32_eabi/usr/lib -L/home/igarashi/cortina/staging_dir/toolchain-arm_gcc-4.5.1+l_uClibc-0.9.32_eabi/lib '
ac_cv_env_LIBS_set=
ac_cv_env_LIBS_value=
ac_cv_env_build_alias_set=set
ac_cv_env_build_alias_value=i686-linux-gnu
ac_cv_env_host_alias_set=set
ac_cv_env_host_alias_value=arm-openwrt-linux
ac_cv_env_target_alias_set=set
ac_cv_env_target_alias_value=arm-openwrt-linux
ac_cv_file__dev_zero=yes
ac_cv_func___adjtimex=yes
ac_cv_func___va_copy=no
ac_cv_func__exit=yes
ac_cv_func_alloca_works=yes
ac_cv_func_bcmp=yes
ac_cv_func_bcopy=yes
ac_cv_func_bzero=yes
ac_cv_func_cimag=yes
ac_cv_func_creal=yes
ac_cv_func_fchmod=yes
ac_cv_func_getaddrinfo=yes
ac_cv_func_getcwd=yes
ac_cv_func_getdomainname=yes
ac_cv_func_getpgrp_void=yes
ac_cv_func_getpwuid_r=yes
ac_cv_func_gettimeofday=yes
ac_cv_func_index=yes
ac_cv_func_lstat=yes
ac_cv_func_lstat_dereferences_slashed_symlink=yes
ac_cv_func_lstat_empty_string_bug=no
ac_cv_func_malloc_0_nonnull=yes
ac_cv_func_malloc_works=yes
ac_cv_func_mbrtowc=yes
ac_cv_func_memcmp_clean=yes
ac_cv_func_memcmp_working=yes
ac_cv_func_posix_getgrgid_r=yes
ac_cv_func_posix_getpwuid_r=yes
ac_cv_func_psignal=yes
ac_cv_func_pthread_key_delete=yes
ac_cv_func_realloc_0_nonnull=yes
ac_cv_func_realloc_works=yes
ac_cv_func_rename=yes
ac_cv_func_rindex=yes
ac_cv_func_setgrent_void=yes
ac_cv_func_setlocale=yes
ac_cv_func_setpgrp_void=yes
ac_cv_func_setresuid=no
ac_cv_func_setvbuf_reversed=no
ac_cv_func_snprintf=yes
ac_cv_func_stat_empty_string_bug=no
ac_cv_func_stat_ignores_trailing_slash=no
ac_cv_func_strerror=yes
ac_cv_func_strftime=yes
ac_cv_func_strnlen=yes
ac_cv_func_utimes=yes
ac_cv_func_va_copy=no
ac_cv_func_vasprintf=yes
ac_cv_func_vsnprintf=yes
ac_cv_func_wcrtomb=yes
ac_cv_func_wcslen=yes
ac_cv_func_wcsnlen=yes
ac_cv_have_accrights_in_msghdr=no
ac_cv_have_broken_snprintf=no
ac_cv_have_control_in_msghdr=yes
ac_cv_have_decl__snprintf=no
ac_cv_have_decl_sys_siglist=no
ac_cv_have_openpty_ctty_bug=yes
ac_cv_have_space_d_name_in_struct_dirent=yes
ac_cv_header_dlfcn_h=yes
ac_cv_header_errno_h=yes
ac_cv_header_inttypes_h=yes
ac_cv_header_memory_h=yes
ac_cv_header_netinet_sctp_h=no
ac_cv_header_netinet_sctp_uio_h=no
ac_cv_header_stdc=yes
ac_cv_header_stdint_h=yes
ac_cv_header_stdlib_h=yes
ac_cv_header_string_h=yes
ac_cv_header_strings_h=yes
ac_cv_header_sys_stat_h=yes
ac_cv_header_sys_types_h=yes
ac_cv_header_unistd_h=yes
ac_cv_host=arm-openwrt-linux-gnu
ac_cv_int64_t=yes
ac_cv_lbl_unaligned_fail=no
ac_cv_linux_kernel_pppoe=yes
ac_cv_linux_vers=2
ac_cv_objext=o
ac_cv_pack_bitfields_reversed=yes
ac_cv_path_DVIPS='/home/igarashi/cortina/build_dir/target-arm_uClibc-0.9.32_eabi/gettext-0.18.1.1/build-aux/missing dvips'
ac_cv_path_EGREP='/bin/grep -E'
ac_cv_path_FGREP='/bin/grep -F'
ac_cv_path_GREP=/bin/grep
ac_cv_path_LDCONFIG=
ac_cv_path_PERL=/usr/bin/perl
ac_cv_path_SED=/home/igarashi/cortina/staging_dir/host/bin/sed
ac_cv_path_TEXI2PDF='/home/igarashi/cortina/build_dir/target-arm_uClibc-0.9.32_eabi/gettext-0.18.1.1/build-aux/missing texi2pdf'
ac_cv_path_install='/usr/bin/install -c'
ac_cv_path_mkdir=/bin/mkdir
ac_cv_prog_AR=arm-openwrt-linux-uclibcgnueabi-ar
ac_cv_prog_AWK=gawk
ac_cv_prog_CC=arm-openwrt-linux-uclibcgnueabi-gcc
ac_cv_prog_CPP='arm-openwrt-linux-uclibcgnueabi-gcc -E'
ac_cv_prog_CXXCPP='arm-openwrt-linux-uclibcgnueabi-g++ -E'
ac_cv_prog_OBJDUMP=arm-openwrt-linux-uclibcgnueabi-objdump
ac_cv_prog_RANLIB=arm-openwrt-linux-uclibcgnueabi-ranlib
ac_cv_prog_STRIP=arm-openwrt-linux-uclibcgnueabi-strip
ac_cv_prog_ac_ct_MANIFEST_TOOL=mt
ac_cv_prog_cc_c89=
ac_cv_prog_cc_g=yes
ac_cv_prog_cxx_g=yes
ac_cv_prog_make_make_set=yes
ac_cv_regexec_segfault_emptystr=no
ac_cv_sctp=no
ac_cv_sizeof___int64=0
ac_cv_sizeof_char=1
ac_cv_sizeof_int16_t=2
ac_cv_sizeof_int32_t=4
ac_cv_sizeof_int64_t=8
ac_cv_sizeof_int=4
ac_cv_sizeof_long=4
ac_cv_sizeof_long_int=4
ac_cv_sizeof_long_long=8
ac_cv_sizeof_off_t=4
ac_cv_sizeof_short=2
ac_cv_sizeof_short_int=2
ac_cv_sizeof_size_t=4
ac_cv_sizeof_ssize_t=4
ac_cv_sizeof_u_int16_t=2
ac_cv_sizeof_u_int32_t=4
ac_cv_sizeof_u_int64_t=8
ac_cv_sizeof_uint16_t=2
ac_cv_sizeof_uint32_t=4
ac_cv_sizeof_uint64_t=8
ac_cv_sizeof_unsigned_int=4
ac_cv_sizeof_unsigned_long=4
ac_cv_sizeof_unsigned_long_long=8
ac_cv_sizeof_unsigned_short=2
ac_cv_sizeof_void_p=4
ac_cv_sys_restartable_syscalls=yes
ac_cv_time_r_type=POSIX
ac_cv_type_long_long_int=yes
ac_cv_type_ptrdiff_t=yes
ac_cv_type_size_t=yes
ac_cv_type_suseconds_t=yes
ac_cv_uchar=no
ac_cv_uint64_t=yes
ac_cv_uint=yes
ac_cv_ulong=yes
ac_cv_ushort=yes
ac_cv_va_copy=C99
ac_cv_va_val_copy=yes
ac_cv_working_alloca_h=yes
am_cv_CC_dependencies_compiler_type=gcc3
am_cv_CXX_dependencies_compiler_type=gcc3
as_cv_unaligned_access=yes
gl_cv_have_include_next=yes
gl_cv_header_errno_h_complete=yes
gl_cv_header_inttypes_h=yes
gl_cv_header_stdint_h=yes
gl_cv_size_max=yes
gt_cv_c_intmax_t=yes
gt_cv_c_wchar_t=yes
gt_cv_c_wint_t=yes
gt_cv_func_printf_posix='guessing yes'
lt_cv_ar_at_file=@
lt_cv_archive_cmds_need_lc=no
lt_cv_deplibs_check_method=pass_all
lt_cv_file_magic_cmd='$MAGIC_CMD'
lt_cv_file_magic_test_file=
lt_cv_ld_reload_flag=-r
lt_cv_nm_interface='BSD nm'
lt_cv_objdir=.libs
lt_cv_path_LD=arm-openwrt-linux-uclibcgnueabi-ld
lt_cv_path_LDCXX=arm-openwrt-linux-uclibcgnueabi-ld
lt_cv_path_NM=arm-openwrt-linux-uclibcgnueabi-nm
lt_cv_path_mainfest_tool=no
lt_cv_prog_compiler_c_o=yes
lt_cv_prog_compiler_c_o_CXX=yes
lt_cv_prog_compiler_pic='-fPIC -DPIC'
lt_cv_prog_compiler_pic_CXX='-fPIC -DPIC'
lt_cv_prog_compiler_pic_works=yes
lt_cv_prog_compiler_pic_works_CXX=yes
lt_cv_prog_compiler_rtti_exceptions=no
lt_cv_prog_compiler_static_works=yes
lt_cv_prog_compiler_static_works_CXX=yes
lt_cv_prog_gnu_ld=yes
lt_cv_prog_gnu_ldcxx=yes
lt_cv_sharedlib_from_linklib_cmd='printf %s\n'
lt_cv_shlibpath_overrides_runpath=no
lt_cv_sys_global_symbol_pipe='sed -n -e '\''s/^.*[	 ]\([ABCDGIRSTW][ABCDGIRSTW]*\)[	 ][	 ]*\([_A-Za-z][_A-Za-z0-9]*\)$/\1 \2 \2/p'\'' | sed '\''/ __gnu_lto/d'\'''
lt_cv_sys_global_symbol_to_c_name_address='sed -n -e '\''s/^: \([^ ]*\)[ ]*$/  {\"\1\", (void *) 0},/p'\'' -e '\''s/^[ABCDGIRSTW]* \([^ ]*\) \([^ ]*\)$/  {"\2", (void *) \&\2},/p'\'''
lt_cv_sys_global_symbol_to_c_name_address_lib_prefix='sed -n -e '\''s/^: \([^ ]*\)[ ]*$/  {\"\1\", (void *) 0},/p'\'' -e '\''s/^[ABCDGIRSTW]* \([^ ]*\) \(lib[^ ]*\)$/  {"\2", (void *) \&\2},/p'\'' -e '\''s/^[ABCDGIRSTW]* \([^ ]*\) \([^ ]*\)$/  {"lib\2", (void *) \&\2},/p'\'''
lt_cv_sys_global_symbol_to_cdecl='sed -n -e '\''s/^T .* \(.*\)$/extern int \1();/p'\'' -e '\''s/^[ABCDGIRSTW]* .* \(.*\)$/extern char \1;/p'\'''
lt_cv_sys_max_cmd_len=805306365
lt_cv_to_host_file_cmd=func_convert_file_noop
lt_cv_to_tool_file_cmd=func_convert_file_noop

## ----------------- ##
## Output variables. ##
## ----------------- ##

ACLOCAL='${SHELL} /home/igarashi/cortina/build_dir/target-arm_uClibc-0.9.32_eabi/gettext-0.18.1.1/build-aux/missing --run aclocal-1.11'
ALLOCA=''
ALLOCA_H='alloca.h'
AMDEPBACKSLASH='\'
AMDEP_FALSE='#'
AMDEP_TRUE=''
AMTAR='${SHELL} /home/igarashi/cortina/build_dir/target-arm_uClibc-0.9.32_eabi/gettext-0.18.1.1/build-aux/missing --run tar'
AM_BACKSLASH='\'
AM_DEFAULT_VERBOSITY='1'
AR='arm-openwrt-linux-uclibcgnueabi-ar'
AS='arm-openwrt-linux-uclibcgnueabi-gcc -c -O -pipe -march=armv7-a -mtune=cortex-a9 -funit-at-a-time -mfpu=neon -ftree-vectorize -mfloat-abi=softfp -fhonour-copts -fpic'
AUTOCONF='${SHELL} /home/igarashi/cortina/build_dir/target-arm_uClibc-0.9.32_eabi/gettext-0.18.1.1/build-aux/missing --run autoconf'
AUTOHEADER='${SHELL} /home/igarashi/cortina/build_dir/target-arm_uClibc-0.9.32_eabi/gettext-0.18.1.1/build-aux/missing --run autoheader'
AUTOMAKE='${SHELL} /home/igarashi/cortina/build_dir/target-arm_uClibc-0.9.32_eabi/gettext-0.18.1.1/build-aux/missing --run automake-1.11'
AWK='gawk'
CC='arm-openwrt-linux-uclibcgnueabi-gcc'
CCDEPMODE='depmode=gcc3'
CFLAGS='-O -pipe -march=armv7-a -mtune=cortex-a9 -funit-at-a-time -mfpu=neon -ftree-vectorize -mfloat-abi=softfp -fhonour-copts -fpic '
CPP='arm-openwrt-linux-uclibcgnueabi-gcc -E'
CPPFLAGS='-I/home/igarashi/cortina/staging_dir/target-arm_uClibc-0.9.32_eabi/usr/include -I/home/igarashi/cortina/staging_dir/target-arm_uClibc-0.9.32_eabi/include -I/home/igarashi/cortina/staging_dir/toolchain-arm_gcc-4.5.1+l_uClibc-0.9.32_eabi/usr/include -I/home/igarashi/cortina/staging_dir/toolchain-arm_gcc-4.5.1+l_uClibc-0.9.32_eabi/include '
CXX='arm-openwrt-linux-uclibcgnueabi-g++'
CXXCPP='arm-openwrt-linux-uclibcgnueabi-g++ -E'
CXXDEPMODE='depmode=gcc3'
CXXFLAGS='-O -pipe -march=armv7-a -mtune=cortex-a9 -funit-at-a-time -mfpu=neon -ftree-vectorize -mfloat-abi=softfp -fhonour-copts -fpic '
CYGPATH_W='echo'
DEFS='-DHAVE_CONFIG_H'
DEPDIR='.deps'
DLLTOOL='false'
DSYMUTIL=''
DUMPBIN=''
DVIPS='/home/igarashi/cortina/build_dir/target-arm_uClibc-0.9.32_eabi/gettext-0.18.1.1/build-aux/missing dvips'
ECHO_C=''
ECHO_N='-n'
ECHO_T=''
EGREP='/bin/grep -E'
EMULTIHOP_HIDDEN=''
EMULTIHOP_VALUE=''
ENOLINK_HIDDEN=''
ENOLINK_VALUE=''
EOVERFLOW_HIDDEN=''
EOVERFLOW_VALUE=''
ERRNO_H=''
EXEEXT=''
FGREP='/bin/grep -F'
GL_COND_LIBTOOL_FALSE='#'
GL_COND_LIBTOOL_TRUE=''
GREP='/bin/grep'
INCLUDE_NEXT='include_next'
INCLUDE_NEXT_AS_FIRST_DIRECTIVE='include_next'
INSTALL_DATA='${INSTALL} -m 644'
INSTALL_PROGRAM='${INSTALL}'
INSTALL_SCRIPT='${INSTALL}'
INSTALL_STRIP_PROGRAM='$(install_sh) -c -s'
LD='arm-openwrt-linux-uclibcgnueabi-ld'
LDFLAGS='-L/home/igarashi/cortina/staging_dir/target-arm_uClibc-0.9.32_eabi/usr/lib -L/home/igarashi/cortina/staging_dir/target-arm_uClibc-0.9.32_eabi/lib -L/home/igarashi/cortina/staging_dir/toolchain-arm_gcc-4.5.1+l_uClibc-0.9.32_eabi/usr/lib -L/home/igarashi/cortina/staging_dir/toolchain-arm_gcc-4.5.1+l_uClibc-0.9.32_eabi/lib '
LIBOBJS=''
LIBS=''
LIBTOOL='$(SHELL) $(top_builddir)/libtool'
LIPO=''
LN_S='ln -s'
LTALLOCA=''
LTLIBOBJS=''
LTNOUNDEF=''
MAKEINFO='${SHELL} /home/igarashi/cortina/build_dir/target-arm_uClibc-0.9.32_eabi/gettext-0.18.1.1/build-aux/missing --run makeinfo'
MANIFEST_TOOL=':'
MKDIR_P='/bin/mkdir -p'
NEXT_AS_FIRST_DIRECTIVE_ERRNO_H=''
NEXT_ERRNO_H=''
NM='arm-openwrt-linux-uclibcgnueabi-nm'
NMEDIT=''
OBJDUMP='arm-openwrt-linux-uclibcgnueabi-objdump'
OBJEXT='o'
OTOOL64=''
OTOOL=''
PACKAGE='libasprintf'
PACKAGE_BUGREPORT=''
PACKAGE_NAME='libasprintf'
PACKAGE_STRING='libasprintf 1.0'
PACKAGE_TARNAME='libasprintf'
PACKAGE_URL=''
PACKAGE_VERSION='1.0'
PATH_SEPARATOR=':'
PERL='/usr/bin/perl'
PRAGMA_SYSTEM_HEADER='#pragma GCC system_header'
RANLIB='arm-openwrt-linux-uclibcgnueabi-ranlib'
SED='/home/igarashi/cortina/staging_dir/host/bin/sed'
SET_MAKE=''
SHELL='/bin/bash'
STRIP='arm-openwrt-linux-uclibcgnueabi-strip'
TEXI2PDF='/home/igarashi/cortina/build_dir/target-arm_uClibc-0.9.32_eabi/gettext-0.18.1.1/build-aux/missing texi2pdf'
VERSION='1.0'
ac_ct_AR=''
ac_ct_CC=''
ac_ct_CXX=''
ac_ct_DUMPBIN=''
am__EXEEXT_FALSE=''
am__EXEEXT_TRUE='#'
am__fastdepCC_FALSE='#'
am__fastdepCC_TRUE=''
am__fastdepCXX_FALSE='#'
am__fastdepCXX_TRUE=''
am__include='include'
am__isrc=''
am__leading_dot='.'
am__quote=''
am__tar='${AMTAR} chof - "$$tardir"'
am__untar='${AMTAR} xf -'
bindir='/usr/bin'
build='i686-pc-linux-gnu'
build_alias='i686-linux-gnu'
build_cpu='i686'
build_os='linux-gnu'
build_vendor='pc'
datadir='/usr/share'
datarootdir='${prefix}/share'
docdir='${datarootdir}/doc/${PACKAGE_TARNAME}'
dvidir='${docdir}'
exec_prefix='/usr'
gl_LIBOBJS=''
gl_LTLIBOBJS=''
gltests_LIBOBJS=''
gltests_LTLIBOBJS=''
gltests_WITNESS='IN_LIBASPRINTF_GNULIB_TESTS'
host='arm-openwrt-linux-gnu'
host_alias='arm-openwrt-linux'
host_cpu='arm'
host_os='linux-gnu'
host_vendor='openwrt'
htmldir='${docdir}'
includedir='${prefix}/include'
infodir='/usr/info'
install_sh='${SHELL} /home/igarashi/cortina/build_dir/target-arm_uClibc-0.9.32_eabi/gettext-0.18.1.1/build-aux/install-sh'
libdir='${exec_prefix}/lib'
libexecdir='/usr/lib'
localedir='${datarootdir}/locale'
localstatedir='/var'
mandir='/usr/man'
mkdir_p='/bin/mkdir -p'
oldincludedir='/usr/include'
pdfdir='${docdir}'
prefix='/usr'
program_transform_name='s&$$&&;s&^&&'
psdir='${docdir}'
sbindir='/usr/sbin'
sharedstatedir='${prefix}/com'
sysconfdir='/etc'
target_alias='arm-openwrt-linux'

## ----------- ##
## confdefs.h. ##
## ----------- ##

/* confdefs.h */
#define PACKAGE_NAME "libasprintf"
#define PACKAGE_TARNAME "libasprintf"
#define PACKAGE_VERSION "1.0"
#define PACKAGE_STRING "libasprintf 1.0"
#define PACKAGE_BUGREPORT ""
#define PACKAGE_URL ""
#define PACKAGE "libasprintf"
#define VERSION "1.0"
#define STDC_HEADERS 1
#define HAVE_SYS_TYPES_H 1
#define HAVE_SYS_STAT_H 1
#define HAVE_STDLIB_H 1
#define HAVE_STRING_H 1
#define HAVE_MEMORY_H 1
#define HAVE_STRINGS_H 1
#define HAVE_INTTYPES_H 1
#define HAVE_STDINT_H 1
#define HAVE_UNISTD_H 1
#define HAVE_DLFCN_H 1
#define LT_OBJDIR ".libs/"
#define HAVE_LONG_LONG_INT 1
#define HAVE_WCHAR_T 1
#define HAVE_WINT_T 1
#define HAVE_INTTYPES_H_WITH_UINTMAX 1
#define HAVE_STDINT_H_WITH_UINTMAX 1
#define HAVE_INTMAX_T 1
#define HAVE_STDINT_H 1
#define HAVE_STDINT_H 1
#define HAVE_ALLOCA_H 1
#define HAVE_ALLOCA 1
#define HAVE_STDLIB_H 1
#define HAVE_STRING_H 1
#define HAVE_ERRNO_H 1
#define HAVE_SNPRINTF 1
#define HAVE_VASPRINTF 1
#define HAVE_STRNLEN 1
#define HAVE_WCSLEN 1
#define HAVE_WCSNLEN 1
#define HAVE_MBRTOWC 1
#define HAVE_WCRTOMB 1
#define HAVE_DECL__SNPRINTF 0
#define HAVE_POSIX_PRINTF 1

configure: exit 0
