This file contains any messages produced by compilers while
running configure, to aid debugging if configure makes a mistake.

It was created by configure, which was
generated by GNU Autoconf 2.68.  Invocation command line was

  $ ./configure --disable-option-checking --prefix=/usr --target=arm-openwrt-linux --host=arm-openwrt-linux --build=i686-linux-gnu --program-prefix= --program-suffix= --exec-prefix=/usr --bindir=/usr/bin --sbindir=/usr/sbin --libexecdir=/usr/lib --sysconfdir=/etc --datadir=/usr/share --localstatedir=/var --mandir=/usr/man --infodir=/usr/info --disable-nls --enable-shared --enable-static --disable-rpath --enable-nls --disable-java --disable-native-java --disable-openmp --with-included-gettext --without-libintl-prefix --without-libexpat-prefix --without-emacs build_alias=i686-linux-gnu host_alias=arm-openwrt-linux target_alias=arm-openwrt-linux CC=arm-openwrt-linux-uclibcgnueabi-gcc CFLAGS=-O -pipe -march=armv7-a -mtune=cortex-a9 -funit-at-a-time -mfpu=neon -ftree-vectorize -mfloat-abi=softfp -fhonour-copts -fpic  LDFLAGS=-L/home/igarashi/cortina/staging_dir/target-arm_uClibc-0.9.32_eabi/usr/lib -L/home/igarashi/cortina/staging_dir/target-arm_uClibc-0.9.32_eabi/lib -L/home/igarashi/cortina/staging_dir/toolchain-arm_gcc-4.5.1+l_uClibc-0.9.32_eabi/usr/lib -L/home/igarashi/cortina/staging_dir/toolchain-arm_gcc-4.5.1+l_uClibc-0.9.32_eabi/lib  CPPFLAGS=-I/home/igarashi/cortina/staging_dir/target-arm_uClibc-0.9.32_eabi/usr/include -I/home/igarashi/cortina/staging_dir/target-arm_uClibc-0.9.32_eabi/include -I/home/igarashi/cortina/staging_dir/toolchain-arm_gcc-4.5.1+l_uClibc-0.9.32_eabi/usr/include -I/home/igarashi/cortina/staging_dir/toolchain-arm_gcc-4.5.1+l_uClibc-0.9.32_eabi/include  CXX=arm-openwrt-linux-uclibcgnueabi-g++ CXXFLAGS=-O -pipe -march=armv7-a -mtune=cortex-a9 -funit-at-a-time -mfpu=neon -ftree-vectorize -mfloat-abi=softfp -fhonour-copts -fpic  --cache-file=/dev/null --srcdir=.

## --------- ##
## Platform. ##
## --------- ##

hostname = igarashi-VirtualBox
uname -m = i686
uname -r = 2.6.38-16-generic
uname -s = Linux
uname -v = #67-Ubuntu SMP Thu Sep 6 18:00:43 UTC 2012

/usr/bin/uname -p = unknown
/bin/uname -X     = unknown

/bin/arch              = unknown
/usr/bin/arch -k       = unknown
/usr/convex/getsysinfo = unknown
/usr/bin/hostinfo      = unknown
/bin/machine           = unknown
/usr/bin/oslevel       = unknown
/bin/universe          = unknown

PATH: /home/igarashi/cortina/staging_dir/target-arm_uClibc-0.9.32_eabi/host/bin
PATH: /home/igarashi/cortina/staging_dir/toolchain-arm_gcc-4.5.1+l_uClibc-0.9.32_eabi/bin
PATH: /home/igarashi/cortina/staging_dir/host/bin
PATH: /home/igarashi/cortina/staging_dir/toolchain-arm_gcc-4.5.1+l_uClibc-0.9.32_eabi/bin
PATH: /home/igarashi/cortina/staging_dir/host/bin
PATH: /home/igarashi/cortina/staging_dir/toolchain-arm_gcc-4.5.1+l_uClibc-0.9.32_eabi/bin
PATH: /home/igarashi/cortina/staging_dir/host/bin
PATH: /usr/local/sbin
PATH: /usr/local/bin
PATH: /usr/sbin
PATH: /usr/bin
PATH: /sbin
PATH: /bin
PATH: /usr/games


## ----------- ##
## Core tests. ##
## ----------- ##

configure:1600: loading site script /home/igarashi/cortina/include/site/arm-openwrt-linux-uclibcgnueabi
| #!/bin/sh
| 
| . $TOPDIR/include/site/arm-linux
| . $TOPDIR/include/site/linux-uclibc
| 
configure:1749: checking for a BSD-compatible install
configure:1817: result: /usr/bin/install -c
configure:1828: checking whether build environment is sane
configure:1878: result: yes
configure:1927: checking for arm-openwrt-linux-strip
configure:1954: result: arm-openwrt-linux-uclibcgnueabi-strip
configure:2019: checking for a thread-safe mkdir -p
configure:2058: result: /bin/mkdir -p
configure:2071: checking for gawk
configure:2087: found /usr/bin/gawk
configure:2098: result: gawk
configure:2109: checking whether make sets $(MAKE)
configure:2131: result: yes
configure:2237: checking whether NLS is requested
configure:2246: result: yes
configure:2287: checking for msgfmt
configure: trying /usr/bin/msgfmt...
0 translated messages.
configure:2319: result: /usr/bin/msgfmt
configure:2328: checking for gmsgfmt
configure:2359: result: /usr/bin/msgfmt
configure:2410: checking for xgettext
configure: trying /usr/bin/xgettext...
/usr/bin/xgettext: warning: file `/dev/null' extension `' is unknown; will try C
configure:2442: result: /usr/bin/xgettext
configure:2488: checking for msgmerge
configure: trying /usr/bin/msgmerge...
configure:2519: result: /usr/bin/msgmerge
configure:2698: creating ./config.status

## ---------------------- ##
## Running config.status. ##
## ---------------------- ##

This file was extended by gettext-examples config.status, which was
generated by GNU Autoconf 2.68.  Invocation command line was

  CONFIG_FILES    = 
  CONFIG_HEADERS  = 
  CONFIG_LINKS    = 
  CONFIG_COMMANDS = 
  $ ./config.status 

on igarashi-VirtualBox

config.status:782: creating Makefile
config.status:782: creating installpaths
config.status:782: creating po/Makefile
config.status:954: executing po-directories commands

## ---------------- ##
## Cache variables. ##
## ---------------- ##

ac_cv_c_bigendian=no
ac_cv_c_gettext_without_libintl=yes
ac_cv_c_littleendian=yes
ac_cv_c_long_double=no
ac_cv_conv_longlong_to_float=yes
ac_cv_env_build_alias_set=set
ac_cv_env_build_alias_value=i686-linux-gnu
ac_cv_env_host_alias_set=set
ac_cv_env_host_alias_value=arm-openwrt-linux
ac_cv_env_target_alias_set=set
ac_cv_env_target_alias_value=arm-openwrt-linux
ac_cv_file__dev_zero=yes
ac_cv_func___adjtimex=yes
ac_cv_func___va_copy=no
ac_cv_func__exit=yes
ac_cv_func_bcmp=yes
ac_cv_func_bcopy=yes
ac_cv_func_bzero=yes
ac_cv_func_cimag=yes
ac_cv_func_creal=yes
ac_cv_func_fchmod=yes
ac_cv_func_getaddrinfo=yes
ac_cv_func_getcwd=yes
ac_cv_func_getdomainname=yes
ac_cv_func_getpgrp_void=yes
ac_cv_func_getpwuid_r=yes
ac_cv_func_gettimeofday=yes
ac_cv_func_index=yes
ac_cv_func_lstat=yes
ac_cv_func_lstat_dereferences_slashed_symlink=yes
ac_cv_func_lstat_empty_string_bug=no
ac_cv_func_malloc_0_nonnull=yes
ac_cv_func_malloc_works=yes
ac_cv_func_memcmp_clean=yes
ac_cv_func_memcmp_working=yes
ac_cv_func_posix_getgrgid_r=yes
ac_cv_func_posix_getpwuid_r=yes
ac_cv_func_psignal=yes
ac_cv_func_pthread_key_delete=yes
ac_cv_func_realloc_0_nonnull=yes
ac_cv_func_realloc_works=yes
ac_cv_func_rename=yes
ac_cv_func_rindex=yes
ac_cv_func_setgrent_void=yes
ac_cv_func_setlocale=yes
ac_cv_func_setpgrp_void=yes
ac_cv_func_setresuid=no
ac_cv_func_setvbuf_reversed=no
ac_cv_func_stat_empty_string_bug=no
ac_cv_func_stat_ignores_trailing_slash=no
ac_cv_func_strerror=yes
ac_cv_func_strftime=yes
ac_cv_func_utimes=yes
ac_cv_func_va_copy=no
ac_cv_func_vsnprintf=yes
ac_cv_have_accrights_in_msghdr=no
ac_cv_have_broken_snprintf=no
ac_cv_have_control_in_msghdr=yes
ac_cv_have_decl_sys_siglist=no
ac_cv_have_openpty_ctty_bug=yes
ac_cv_have_space_d_name_in_struct_dirent=yes
ac_cv_header_netinet_sctp_h=no
ac_cv_header_netinet_sctp_uio_h=no
ac_cv_int64_t=yes
ac_cv_lbl_unaligned_fail=no
ac_cv_linux_kernel_pppoe=yes
ac_cv_linux_vers=2
ac_cv_pack_bitfields_reversed=yes
ac_cv_path_GMSGFMT=/usr/bin/msgfmt
ac_cv_path_LDCONFIG=
ac_cv_path_MSGFMT=/usr/bin/msgfmt
ac_cv_path_MSGMERGE=/usr/bin/msgmerge
ac_cv_path_XGETTEXT=/usr/bin/xgettext
ac_cv_path_install='/usr/bin/install -c'
ac_cv_path_mkdir=/bin/mkdir
ac_cv_prog_AWK=gawk
ac_cv_prog_STRIP=arm-openwrt-linux-uclibcgnueabi-strip
ac_cv_prog_make_make_set=yes
ac_cv_regexec_segfault_emptystr=no
ac_cv_sctp=no
ac_cv_sizeof___int64=0
ac_cv_sizeof_char=1
ac_cv_sizeof_int16_t=2
ac_cv_sizeof_int32_t=4
ac_cv_sizeof_int64_t=8
ac_cv_sizeof_int=4
ac_cv_sizeof_long=4
ac_cv_sizeof_long_int=4
ac_cv_sizeof_long_long=8
ac_cv_sizeof_off_t=4
ac_cv_sizeof_short=2
ac_cv_sizeof_short_int=2
ac_cv_sizeof_size_t=4
ac_cv_sizeof_ssize_t=4
ac_cv_sizeof_u_int16_t=2
ac_cv_sizeof_u_int32_t=4
ac_cv_sizeof_u_int64_t=8
ac_cv_sizeof_uint16_t=2
ac_cv_sizeof_uint32_t=4
ac_cv_sizeof_uint64_t=8
ac_cv_sizeof_unsigned_int=4
ac_cv_sizeof_unsigned_long=4
ac_cv_sizeof_unsigned_long_long=8
ac_cv_sizeof_unsigned_short=2
ac_cv_sizeof_void_p=4
ac_cv_sys_restartable_syscalls=yes
ac_cv_time_r_type=POSIX
ac_cv_type_suseconds_t=yes
ac_cv_uchar=no
ac_cv_uint64_t=yes
ac_cv_uint=yes
ac_cv_ulong=yes
ac_cv_ushort=yes
ac_cv_va_copy=C99
ac_cv_va_val_copy=yes
as_cv_unaligned_access=yes

## ----------------- ##
## Output variables. ##
## ----------------- ##

ACLOCAL='${SHELL} /home/igarashi/cortina/build_dir/target-arm_uClibc-0.9.32_eabi/gettext-0.18.1.1/build-aux/missing --run aclocal-1.11'
AMTAR='${SHELL} /home/igarashi/cortina/build_dir/target-arm_uClibc-0.9.32_eabi/gettext-0.18.1.1/build-aux/missing --run tar'
AM_BACKSLASH='\'
AM_DEFAULT_VERBOSITY='1'
AUTOCONF='${SHELL} /home/igarashi/cortina/build_dir/target-arm_uClibc-0.9.32_eabi/gettext-0.18.1.1/build-aux/missing --run autoconf'
AUTOHEADER='${SHELL} /home/igarashi/cortina/build_dir/target-arm_uClibc-0.9.32_eabi/gettext-0.18.1.1/build-aux/missing --run autoheader'
AUTOMAKE='${SHELL} /home/igarashi/cortina/build_dir/target-arm_uClibc-0.9.32_eabi/gettext-0.18.1.1/build-aux/missing --run automake-1.11'
AWK='gawk'
CYGPATH_W='echo'
DEFS='-DPACKAGE_NAME=\"\" -DPACKAGE_TARNAME=\"\" -DPACKAGE_VERSION=\"\" -DPACKAGE_STRING=\"\" -DPACKAGE_BUGREPORT=\"\" -DPACKAGE_URL=\"\" -DPACKAGE=\"gettext-examples\" -DVERSION=\"0.18.1\"'
ECHO_C=''
ECHO_N='-n'
ECHO_T=''
GETTEXT_MACRO_VERSION='0.18'
GMSGFMT='/usr/bin/msgfmt'
GMSGFMT_015='/usr/bin/msgfmt'
INSTALL_DATA='${INSTALL} -m 644'
INSTALL_PROGRAM='${INSTALL}'
INSTALL_SCRIPT='${INSTALL}'
INSTALL_STRIP_PROGRAM='$(install_sh) -c -s'
LIBOBJS=''
LIBS=''
LTLIBOBJS=''
MAKEINFO='${SHELL} /home/igarashi/cortina/build_dir/target-arm_uClibc-0.9.32_eabi/gettext-0.18.1.1/build-aux/missing --run makeinfo'
MKDIR_P='/bin/mkdir -p'
MSGFMT='/usr/bin/msgfmt'
MSGFMT_015='/usr/bin/msgfmt'
MSGMERGE='/usr/bin/msgmerge'
PACKAGE='gettext-examples'
PACKAGE_BUGREPORT=''
PACKAGE_NAME=''
PACKAGE_STRING=''
PACKAGE_TARNAME=''
PACKAGE_URL=''
PACKAGE_VERSION=''
PATH_SEPARATOR=':'
SET_MAKE=''
SHELL='/bin/bash'
STRIP='arm-openwrt-linux-uclibcgnueabi-strip'
USE_NLS='yes'
VERSION='0.18.1'
XGETTEXT='/usr/bin/xgettext'
XGETTEXT_015='/usr/bin/xgettext'
XGETTEXT_EXTRA_OPTIONS=''
aclocaldir='${datadir}/aclocal'
am__isrc=''
am__leading_dot='.'
am__tar='${AMTAR} chof - "$$tardir"'
am__untar='${AMTAR} xf -'
bindir='/usr/bin'
build_alias='i686-linux-gnu'
datadir='/usr/share'
datarootdir='${prefix}/share'
docdir='${datarootdir}/doc/gettext'
dvidir='${docdir}'
exec_prefix='/usr'
host_alias='arm-openwrt-linux'
htmldir='${docdir}'
includedir='${prefix}/include'
infodir='/usr/info'
install_sh='${SHELL} /home/igarashi/cortina/build_dir/target-arm_uClibc-0.9.32_eabi/gettext-0.18.1.1/build-aux/install-sh'
libdir='${exec_prefix}/lib'
libexecdir='/usr/lib'
localedir='${datarootdir}/locale'
localstatedir='/var'
mandir='/usr/man'
mkdir_p='/bin/mkdir -p'
oldincludedir='/usr/include'
pdfdir='${docdir}'
prefix='/usr'
program_transform_name='s&$$&&;s&^&&'
psdir='${docdir}'
sbindir='/usr/sbin'
sharedstatedir='${prefix}/com'
sysconfdir='/etc'
target_alias='arm-openwrt-linux'

## ----------- ##
## confdefs.h. ##
## ----------- ##

/* confdefs.h */
#define PACKAGE_NAME ""
#define PACKAGE_TARNAME ""
#define PACKAGE_VERSION ""
#define PACKAGE_STRING ""
#define PACKAGE_BUGREPORT ""
#define PACKAGE_URL ""
#define PACKAGE "gettext-examples"
#define VERSION "0.18.1"

configure: exit 0
