This file contains any messages produced by compilers while
running configure, to aid debugging if configure makes a mistake.

It was created by configure, which was
generated by GNU Autoconf 2.68.  Invocation command line was

  $ /home/igarashi/cortina/build_dir/target-arm_uClibc-0.9.32_eabi/binutils-2.20.1/gprof/configure --cache-file=./config.cache --with-gnu-as --with-gnu-ld --with-sysroot=/home/igarashi/cortina/build_dir/target-arm_uClibc-0.9.32_eabi/binutils-2.20.1/ipkg-install --prefix=/usr --disable-multilib --disable-werror --disable-nls --program-transform-name=s,y,y, --disable-option-checking --build=i686-linux-gnu --host=arm-openwrt-linux-uclibcgnueabi --target=arm-openwrt-linux-uclibcgnueabi --srcdir=.././gprof

## --------- ##
## Platform. ##
## --------- ##

hostname = igarashi-VirtualBox
uname -m = i686
uname -r = 2.6.38-16-generic
uname -s = Linux
uname -v = #67-Ubuntu SMP Thu Sep 6 18:00:43 UTC 2012

/usr/bin/uname -p = unknown
/bin/uname -X     = unknown

/bin/arch              = unknown
/usr/bin/arch -k       = unknown
/usr/convex/getsysinfo = unknown
/usr/bin/hostinfo      = unknown
/bin/machine           = unknown
/usr/bin/oslevel       = unknown
/bin/universe          = unknown

PATH: /home/igarashi/cortina/staging_dir/target-arm_uClibc-0.9.32_eabi/host/bin
PATH: /home/igarashi/cortina/staging_dir/toolchain-arm_gcc-4.5.1+l_uClibc-0.9.32_eabi/bin
PATH: /home/igarashi/cortina/staging_dir/host/bin
PATH: /home/igarashi/cortina/staging_dir/toolchain-arm_gcc-4.5.1+l_uClibc-0.9.32_eabi/bin
PATH: /home/igarashi/cortina/staging_dir/host/bin
PATH: /home/igarashi/cortina/staging_dir/toolchain-arm_gcc-4.5.1+l_uClibc-0.9.32_eabi/bin
PATH: /home/igarashi/cortina/staging_dir/host/bin
PATH: /usr/local/sbin
PATH: /usr/local/bin
PATH: /usr/sbin
PATH: /usr/bin
PATH: /sbin
PATH: /bin
PATH: /usr/games


## ----------- ##
## Core tests. ##
## ----------- ##

configure:2119: loading site script /home/igarashi/cortina/include/site/arm-openwrt-linux-uclibcgnueabi
| #!/bin/sh
| 
| . $TOPDIR/include/site/arm-linux
| . $TOPDIR/include/site/linux-uclibc
| 
configure:2142: creating cache ./config.cache
configure:2250: checking build system type
configure:2264: result: i686-pc-linux-gnu
configure:2284: checking host system type
configure:2297: result: arm-openwrt-linux-uclibcgnueabi
configure:2317: checking target system type
configure:2330: result: arm-openwrt-linux-uclibcgnueabi
configure:2364: checking for arm-openwrt-linux-uclibcgnueabi-gcc
configure:2391: result: arm-openwrt-linux-uclibcgnueabi-gcc
configure:2660: checking for C compiler version
configure:2669: arm-openwrt-linux-uclibcgnueabi-gcc --version >&5
arm-openwrt-linux-uclibcgnueabi-gcc (GCC) 4.5.2 20101126 (Linaro) [release 4.5-2010.12-0]
Copyright (C) 2010 Free Software Foundation, Inc.
This is free software; see the source for copying conditions.  There is NO
warranty; not even for MERCHANTABILITY or FITNESS FOR A PARTICULAR PURPOSE.

configure:2680: $? = 0
configure:2669: arm-openwrt-linux-uclibcgnueabi-gcc -v >&5
Using built-in specs.
COLLECT_GCC=arm-openwrt-linux-uclibcgnueabi-gcc
COLLECT_LTO_WRAPPER=/home/igarashi/cortina/staging_dir/toolchain-arm_gcc-4.5.1+l_uClibc-0.9.32_eabi/libexec/gcc/arm-openwrt-linux-uclibcgnueabi/4.5.2/lto-wrapper
Target: arm-openwrt-linux-uclibcgnueabi
Configured with: /home/igarashi/cortina/build_dir/toolchain-arm_gcc-4.5.1+l_uClibc-0.9.32_eabi/gcc-linaro-4.5-2010.12-0/configure --prefix=/home/igarashi/cortina/staging_dir/toolchain-arm_gcc-4.5.1+l_uClibc-0.9.32_eabi --build=i686-linux-gnu --host=i686-linux-gnu --target=arm-openwrt-linux-uclibcgnueabi --with-gnu-ld --enable-target-optspace --disable-libgomp --disable-libmudflap --disable-multilib --disable-nls --with-gmp=/home/igarashi/cortina/staging_dir/host --with-mpfr=/home/igarashi/cortina/staging_dir/host --disable-decimal-float --with-gmp=/home/igarashi/cortina/staging_dir/host --with-mpc=/home/igarashi/cortina/staging_dir/host --with-mpfr=/home/igarashi/cortina/staging_dir/host --disable-decimal-float --disable-libssp --disable-__cxa_atexit --enable-languages=c,c++ --enable-shared --enable-threads --with-slibdir=/home/igarashi/cortina/staging_dir/toolchain-arm_gcc-4.5.1+l_uClibc-0.9.32_eabi/lib --enable-lto --with-libelf=/home/igarashi/cortina/staging_dir/host --enable-tls
Thread model: posix
gcc version 4.5.2 20101126 (Linaro) [release 4.5-2010.12-0] (GCC) 
configure:2680: $? = 0
configure:2669: arm-openwrt-linux-uclibcgnueabi-gcc -V >&5
arm-openwrt-linux-uclibcgnueabi-gcc: '-V' option must have argument
configure:2680: $? = 1
configure:2669: arm-openwrt-linux-uclibcgnueabi-gcc -qversion >&5
arm-openwrt-linux-uclibcgnueabi-gcc: unrecognized option '-qversion'
arm-openwrt-linux-uclibcgnueabi-gcc: no input files
configure:2680: $? = 1
configure:2700: checking whether the C compiler works
configure:2722: arm-openwrt-linux-uclibcgnueabi-gcc -O -pipe -march=armv7-a -mtune=cortex-a9 -funit-at-a-time -mfpu=neon -ftree-vectorize -mfloat-abi=softfp -fhonour-copts -fpic    -L/home/igarashi/cortina/staging_dir/target-arm_uClibc-0.9.32_eabi/usr/lib -L/home/igarashi/cortina/staging_dir/target-arm_uClibc-0.9.32_eabi/lib -L/home/igarashi/cortina/staging_dir/toolchain-arm_gcc-4.5.1+l_uClibc-0.9.32_eabi/usr/lib -L/home/igarashi/cortina/staging_dir/toolchain-arm_gcc-4.5.1+l_uClibc-0.9.32_eabi/lib  conftest.c  >&5
configure:2726: $? = 0
configure:2774: result: yes
configure:2777: checking for C compiler default output file name
configure:2779: result: a.out
configure:2785: checking for suffix of executables
configure:2792: arm-openwrt-linux-uclibcgnueabi-gcc -o conftest -O -pipe -march=armv7-a -mtune=cortex-a9 -funit-at-a-time -mfpu=neon -ftree-vectorize -mfloat-abi=softfp -fhonour-copts -fpic    -L/home/igarashi/cortina/staging_dir/target-arm_uClibc-0.9.32_eabi/usr/lib -L/home/igarashi/cortina/staging_dir/target-arm_uClibc-0.9.32_eabi/lib -L/home/igarashi/cortina/staging_dir/toolchain-arm_gcc-4.5.1+l_uClibc-0.9.32_eabi/usr/lib -L/home/igarashi/cortina/staging_dir/toolchain-arm_gcc-4.5.1+l_uClibc-0.9.32_eabi/lib  conftest.c  >&5
configure:2796: $? = 0
configure:2818: result: 
configure:2840: checking whether we are cross compiling
configure:2878: result: yes
configure:2883: checking for suffix of object files
configure:2905: arm-openwrt-linux-uclibcgnueabi-gcc -c -O -pipe -march=armv7-a -mtune=cortex-a9 -funit-at-a-time -mfpu=neon -ftree-vectorize -mfloat-abi=softfp -fhonour-copts -fpic   conftest.c >&5
configure:2909: $? = 0
configure:2930: result: o
configure:2934: checking whether we are using the GNU C compiler
configure:2953: arm-openwrt-linux-uclibcgnueabi-gcc -c -O -pipe -march=armv7-a -mtune=cortex-a9 -funit-at-a-time -mfpu=neon -ftree-vectorize -mfloat-abi=softfp -fhonour-copts -fpic   conftest.c >&5
configure:2953: $? = 0
configure:2962: result: yes
configure:2971: checking whether arm-openwrt-linux-uclibcgnueabi-gcc accepts -g
configure:2991: arm-openwrt-linux-uclibcgnueabi-gcc -c -g  conftest.c >&5
cc1: note: someone does not honour COPTS correctly, passed 0 times
configure:2991: $? = 0
configure: failed program was:
| /* confdefs.h */
| #define PACKAGE_NAME ""
| #define PACKAGE_TARNAME ""
| #define PACKAGE_VERSION ""
| #define PACKAGE_STRING ""
| #define PACKAGE_BUGREPORT ""
| #define PACKAGE_URL ""
| /* end confdefs.h.  */
| 
| int
| main ()
| {
| 
|   ;
|   return 0;
| }
configure:3006: arm-openwrt-linux-uclibcgnueabi-gcc -c   conftest.c >&5
cc1: note: someone does not honour COPTS correctly, passed 0 times
configure:3006: $? = 0
configure: failed program was:
| /* confdefs.h */
| #define PACKAGE_NAME ""
| #define PACKAGE_TARNAME ""
| #define PACKAGE_VERSION ""
| #define PACKAGE_STRING ""
| #define PACKAGE_BUGREPORT ""
| #define PACKAGE_URL ""
| /* end confdefs.h.  */
| 
| int
| main ()
| {
| 
|   ;
|   return 0;
| }
configure:3022: arm-openwrt-linux-uclibcgnueabi-gcc -c -g  conftest.c >&5
cc1: note: someone does not honour COPTS correctly, passed 0 times
configure:3022: $? = 0
configure:3032: result: yes
configure:3049: checking for arm-openwrt-linux-uclibcgnueabi-gcc option to accept ISO C89
configure:3113: arm-openwrt-linux-uclibcgnueabi-gcc  -c -O -pipe -march=armv7-a -mtune=cortex-a9 -funit-at-a-time -mfpu=neon -ftree-vectorize -mfloat-abi=softfp -fhonour-copts -fpic   conftest.c >&5
configure:3113: $? = 0
configure:3126: result: none needed
configure:3147: checking for library containing strerror
configure:3178: arm-openwrt-linux-uclibcgnueabi-gcc -o conftest -O -pipe -march=armv7-a -mtune=cortex-a9 -funit-at-a-time -mfpu=neon -ftree-vectorize -mfloat-abi=softfp -fhonour-copts -fpic    -L/home/igarashi/cortina/staging_dir/target-arm_uClibc-0.9.32_eabi/usr/lib -L/home/igarashi/cortina/staging_dir/target-arm_uClibc-0.9.32_eabi/lib -L/home/igarashi/cortina/staging_dir/toolchain-arm_gcc-4.5.1+l_uClibc-0.9.32_eabi/usr/lib -L/home/igarashi/cortina/staging_dir/toolchain-arm_gcc-4.5.1+l_uClibc-0.9.32_eabi/lib  conftest.c  >&5
configure:3178: $? = 0
configure:3195: result: none required
configure:3221: checking for a BSD-compatible install
configure:3289: result: /usr/bin/install -c
configure:3300: checking whether build environment is sane
configure:3350: result: yes
configure:3399: checking for arm-openwrt-linux-uclibcgnueabi-strip
configure:3426: result: arm-openwrt-linux-uclibcgnueabi-strip
configure:3491: checking for a thread-safe mkdir -p
configure:3530: result: /bin/mkdir -p
configure:3543: checking for gawk
configure:3570: result: gawk
configure:3581: checking whether make sets $(MAKE)
configure:3603: result: yes
configure:3633: checking for style of include used by make
configure:3661: result: GNU
configure:3746: checking dependency style of arm-openwrt-linux-uclibcgnueabi-gcc
configure:3856: result: gcc3
configure:3884: checking for arm-openwrt-linux-uclibcgnueabi-gcc
configure:3911: result: arm-openwrt-linux-uclibcgnueabi-gcc
configure:4180: checking for C compiler version
configure:4189: arm-openwrt-linux-uclibcgnueabi-gcc --version >&5
arm-openwrt-linux-uclibcgnueabi-gcc (GCC) 4.5.2 20101126 (Linaro) [release 4.5-2010.12-0]
Copyright (C) 2010 Free Software Foundation, Inc.
This is free software; see the source for copying conditions.  There is NO
warranty; not even for MERCHANTABILITY or FITNESS FOR A PARTICULAR PURPOSE.

configure:4200: $? = 0
configure:4189: arm-openwrt-linux-uclibcgnueabi-gcc -v >&5
Using built-in specs.
COLLECT_GCC=arm-openwrt-linux-uclibcgnueabi-gcc
COLLECT_LTO_WRAPPER=/home/igarashi/cortina/staging_dir/toolchain-arm_gcc-4.5.1+l_uClibc-0.9.32_eabi/libexec/gcc/arm-openwrt-linux-uclibcgnueabi/4.5.2/lto-wrapper
Target: arm-openwrt-linux-uclibcgnueabi
Configured with: /home/igarashi/cortina/build_dir/toolchain-arm_gcc-4.5.1+l_uClibc-0.9.32_eabi/gcc-linaro-4.5-2010.12-0/configure --prefix=/home/igarashi/cortina/staging_dir/toolchain-arm_gcc-4.5.1+l_uClibc-0.9.32_eabi --build=i686-linux-gnu --host=i686-linux-gnu --target=arm-openwrt-linux-uclibcgnueabi --with-gnu-ld --enable-target-optspace --disable-libgomp --disable-libmudflap --disable-multilib --disable-nls --with-gmp=/home/igarashi/cortina/staging_dir/host --with-mpfr=/home/igarashi/cortina/staging_dir/host --disable-decimal-float --with-gmp=/home/igarashi/cortina/staging_dir/host --with-mpc=/home/igarashi/cortina/staging_dir/host --with-mpfr=/home/igarashi/cortina/staging_dir/host --disable-decimal-float --disable-libssp --disable-__cxa_atexit --enable-languages=c,c++ --enable-shared --enable-threads --with-slibdir=/home/igarashi/cortina/staging_dir/toolchain-arm_gcc-4.5.1+l_uClibc-0.9.32_eabi/lib --enable-lto --with-libelf=/home/igarashi/cortina/staging_dir/host --enable-tls
Thread model: posix
gcc version 4.5.2 20101126 (Linaro) [release 4.5-2010.12-0] (GCC) 
configure:4200: $? = 0
configure:4189: arm-openwrt-linux-uclibcgnueabi-gcc -V >&5
arm-openwrt-linux-uclibcgnueabi-gcc: '-V' option must have argument
configure:4200: $? = 1
configure:4189: arm-openwrt-linux-uclibcgnueabi-gcc -qversion >&5
arm-openwrt-linux-uclibcgnueabi-gcc: unrecognized option '-qversion'
arm-openwrt-linux-uclibcgnueabi-gcc: no input files
configure:4200: $? = 1
configure:4204: checking whether we are using the GNU C compiler
configure:4232: result: yes
configure:4241: checking whether arm-openwrt-linux-uclibcgnueabi-gcc accepts -g
configure:4302: result: yes
configure:4319: checking for arm-openwrt-linux-uclibcgnueabi-gcc option to accept ISO C89
configure:4396: result: none needed
configure:4421: checking how to run the C preprocessor
configure:4452: arm-openwrt-linux-uclibcgnueabi-gcc -E  conftest.c
configure:4452: $? = 0
configure:4466: arm-openwrt-linux-uclibcgnueabi-gcc -E  conftest.c
conftest.c:11:28: fatal error: ac_nonexistent.h: No such file or directory
compilation terminated.
configure:4466: $? = 1
configure: failed program was:
| /* confdefs.h */
| #define PACKAGE_NAME ""
| #define PACKAGE_TARNAME ""
| #define PACKAGE_VERSION ""
| #define PACKAGE_STRING ""
| #define PACKAGE_BUGREPORT ""
| #define PACKAGE_URL ""
| #define PACKAGE "gprof"
| #define VERSION "2.20.1"
| /* end confdefs.h.  */
| #include <ac_nonexistent.h>
configure:4491: result: arm-openwrt-linux-uclibcgnueabi-gcc -E
configure:4511: arm-openwrt-linux-uclibcgnueabi-gcc -E  conftest.c
configure:4511: $? = 0
configure:4525: arm-openwrt-linux-uclibcgnueabi-gcc -E  conftest.c
conftest.c:11:28: fatal error: ac_nonexistent.h: No such file or directory
compilation terminated.
configure:4525: $? = 1
configure: failed program was:
| /* confdefs.h */
| #define PACKAGE_NAME ""
| #define PACKAGE_TARNAME ""
| #define PACKAGE_VERSION ""
| #define PACKAGE_STRING ""
| #define PACKAGE_BUGREPORT ""
| #define PACKAGE_URL ""
| #define PACKAGE "gprof"
| #define VERSION "2.20.1"
| /* end confdefs.h.  */
| #include <ac_nonexistent.h>
configure:4554: checking for grep that handles long lines and -e
configure:4612: result: /bin/grep
configure:4617: checking for egrep
configure:4679: result: /bin/grep -E
configure:4684: checking for ANSI C header files
configure:4704: arm-openwrt-linux-uclibcgnueabi-gcc -c -O -pipe -march=armv7-a -mtune=cortex-a9 -funit-at-a-time -mfpu=neon -ftree-vectorize -mfloat-abi=softfp -fhonour-copts -fpic   conftest.c >&5
configure:4704: $? = 0
configure:4788: result: yes
configure:4801: checking for sys/types.h
configure:4801: arm-openwrt-linux-uclibcgnueabi-gcc -c -O -pipe -march=armv7-a -mtune=cortex-a9 -funit-at-a-time -mfpu=neon -ftree-vectorize -mfloat-abi=softfp -fhonour-copts -fpic   conftest.c >&5
configure:4801: $? = 0
configure:4801: result: yes
configure:4801: checking for sys/stat.h
configure:4801: arm-openwrt-linux-uclibcgnueabi-gcc -c -O -pipe -march=armv7-a -mtune=cortex-a9 -funit-at-a-time -mfpu=neon -ftree-vectorize -mfloat-abi=softfp -fhonour-copts -fpic   conftest.c >&5
configure:4801: $? = 0
configure:4801: result: yes
configure:4801: checking for stdlib.h
configure:4801: arm-openwrt-linux-uclibcgnueabi-gcc -c -O -pipe -march=armv7-a -mtune=cortex-a9 -funit-at-a-time -mfpu=neon -ftree-vectorize -mfloat-abi=softfp -fhonour-copts -fpic   conftest.c >&5
configure:4801: $? = 0
configure:4801: result: yes
configure:4801: checking for string.h
configure:4801: arm-openwrt-linux-uclibcgnueabi-gcc -c -O -pipe -march=armv7-a -mtune=cortex-a9 -funit-at-a-time -mfpu=neon -ftree-vectorize -mfloat-abi=softfp -fhonour-copts -fpic   conftest.c >&5
configure:4801: $? = 0
configure:4801: result: yes
configure:4801: checking for memory.h
configure:4801: arm-openwrt-linux-uclibcgnueabi-gcc -c -O -pipe -march=armv7-a -mtune=cortex-a9 -funit-at-a-time -mfpu=neon -ftree-vectorize -mfloat-abi=softfp -fhonour-copts -fpic   conftest.c >&5
configure:4801: $? = 0
configure:4801: result: yes
configure:4801: checking for strings.h
configure:4801: arm-openwrt-linux-uclibcgnueabi-gcc -c -O -pipe -march=armv7-a -mtune=cortex-a9 -funit-at-a-time -mfpu=neon -ftree-vectorize -mfloat-abi=softfp -fhonour-copts -fpic   conftest.c >&5
configure:4801: $? = 0
configure:4801: result: yes
configure:4801: checking for inttypes.h
configure:4801: arm-openwrt-linux-uclibcgnueabi-gcc -c -O -pipe -march=armv7-a -mtune=cortex-a9 -funit-at-a-time -mfpu=neon -ftree-vectorize -mfloat-abi=softfp -fhonour-copts -fpic   conftest.c >&5
configure:4801: $? = 0
configure:4801: result: yes
configure:4801: checking for stdint.h
configure:4801: arm-openwrt-linux-uclibcgnueabi-gcc -c -O -pipe -march=armv7-a -mtune=cortex-a9 -funit-at-a-time -mfpu=neon -ftree-vectorize -mfloat-abi=softfp -fhonour-copts -fpic   conftest.c >&5
configure:4801: $? = 0
configure:4801: result: yes
configure:4801: checking for unistd.h
configure:4801: arm-openwrt-linux-uclibcgnueabi-gcc -c -O -pipe -march=armv7-a -mtune=cortex-a9 -funit-at-a-time -mfpu=neon -ftree-vectorize -mfloat-abi=softfp -fhonour-copts -fpic   conftest.c >&5
configure:4801: $? = 0
configure:4801: result: yes
configure:4814: checking minix/config.h usability
configure:4814: arm-openwrt-linux-uclibcgnueabi-gcc -c -O -pipe -march=armv7-a -mtune=cortex-a9 -funit-at-a-time -mfpu=neon -ftree-vectorize -mfloat-abi=softfp -fhonour-copts -fpic   conftest.c >&5
conftest.c:54:26: fatal error: minix/config.h: No such file or directory
compilation terminated.
configure:4814: $? = 1
configure: failed program was:
| /* confdefs.h */
| #define PACKAGE_NAME ""
| #define PACKAGE_TARNAME ""
| #define PACKAGE_VERSION ""
| #define PACKAGE_STRING ""
| #define PACKAGE_BUGREPORT ""
| #define PACKAGE_URL ""
| #define PACKAGE "gprof"
| #define VERSION "2.20.1"
| #define STDC_HEADERS 1
| #define HAVE_SYS_TYPES_H 1
| #define HAVE_SYS_STAT_H 1
| #define HAVE_STDLIB_H 1
| #define HAVE_STRING_H 1
| #define HAVE_MEMORY_H 1
| #define HAVE_STRINGS_H 1
| #define HAVE_INTTYPES_H 1
| #define HAVE_STDINT_H 1
| #define HAVE_UNISTD_H 1
| /* end confdefs.h.  */
| #include <stdio.h>
| #ifdef HAVE_SYS_TYPES_H
| # include <sys/types.h>
| #endif
| #ifdef HAVE_SYS_STAT_H
| # include <sys/stat.h>
| #endif
| #ifdef STDC_HEADERS
| # include <stdlib.h>
| # include <stddef.h>
| #else
| # ifdef HAVE_STDLIB_H
| #  include <stdlib.h>
| # endif
| #endif
| #ifdef HAVE_STRING_H
| # if !defined STDC_HEADERS && defined HAVE_MEMORY_H
| #  include <memory.h>
| # endif
| # include <string.h>
| #endif
| #ifdef HAVE_STRINGS_H
| # include <strings.h>
| #endif
| #ifdef HAVE_INTTYPES_H
| # include <inttypes.h>
| #endif
| #ifdef HAVE_STDINT_H
| # include <stdint.h>
| #endif
| #ifdef HAVE_UNISTD_H
| # include <unistd.h>
| #endif
| #include <minix/config.h>
configure:4814: result: no
configure:4814: checking minix/config.h presence
configure:4814: arm-openwrt-linux-uclibcgnueabi-gcc -E  conftest.c
conftest.c:21:26: fatal error: minix/config.h: No such file or directory
compilation terminated.
configure:4814: $? = 1
configure: failed program was:
| /* confdefs.h */
| #define PACKAGE_NAME ""
| #define PACKAGE_TARNAME ""
| #define PACKAGE_VERSION ""
| #define PACKAGE_STRING ""
| #define PACKAGE_BUGREPORT ""
| #define PACKAGE_URL ""
| #define PACKAGE "gprof"
| #define VERSION "2.20.1"
| #define STDC_HEADERS 1
| #define HAVE_SYS_TYPES_H 1
| #define HAVE_SYS_STAT_H 1
| #define HAVE_STDLIB_H 1
| #define HAVE_STRING_H 1
| #define HAVE_MEMORY_H 1
| #define HAVE_STRINGS_H 1
| #define HAVE_INTTYPES_H 1
| #define HAVE_STDINT_H 1
| #define HAVE_UNISTD_H 1
| /* end confdefs.h.  */
| #include <minix/config.h>
configure:4814: result: no
configure:4814: checking for minix/config.h
configure:4814: result: no
configure:4835: checking whether it is safe to define __EXTENSIONS__
configure:4853: arm-openwrt-linux-uclibcgnueabi-gcc -c -O -pipe -march=armv7-a -mtune=cortex-a9 -funit-at-a-time -mfpu=neon -ftree-vectorize -mfloat-abi=softfp -fhonour-copts -fpic   conftest.c >&5
configure:4853: $? = 0
configure:4860: result: yes
configure:4883: checking for special C compiler options needed for large files
configure:4928: result: no
configure:4934: checking for _FILE_OFFSET_BITS value needed for large files
configure:4959: arm-openwrt-linux-uclibcgnueabi-gcc -c -O -pipe -march=armv7-a -mtune=cortex-a9 -funit-at-a-time -mfpu=neon -ftree-vectorize -mfloat-abi=softfp -fhonour-copts -fpic   conftest.c >&5
conftest.c:32:3: warning: left shift count >= width of type
conftest.c:32:3: warning: left shift count >= width of type
conftest.c:33:10: warning: left shift count >= width of type
conftest.c:33:10: warning: left shift count >= width of type
conftest.c:32:7: error: size of array 'off_t_is_large' is negative
conftest.c:34:9: warning: variably modified 'off_t_is_large' at file scope
configure:4959: $? = 1
configure: failed program was:
| /* confdefs.h */
| #define PACKAGE_NAME ""
| #define PACKAGE_TARNAME ""
| #define PACKAGE_VERSION ""
| #define PACKAGE_STRING ""
| #define PACKAGE_BUGREPORT ""
| #define PACKAGE_URL ""
| #define PACKAGE "gprof"
| #define VERSION "2.20.1"
| #define STDC_HEADERS 1
| #define HAVE_SYS_TYPES_H 1
| #define HAVE_SYS_STAT_H 1
| #define HAVE_STDLIB_H 1
| #define HAVE_STRING_H 1
| #define HAVE_MEMORY_H 1
| #define HAVE_STRINGS_H 1
| #define HAVE_INTTYPES_H 1
| #define HAVE_STDINT_H 1
| #define HAVE_UNISTD_H 1
| #define __EXTENSIONS__ 1
| #define _ALL_SOURCE 1
| #define _GNU_SOURCE 1
| #define _POSIX_PTHREAD_SEMANTICS 1
| #define _TANDEM_SOURCE 1
| /* end confdefs.h.  */
| #include <sys/types.h>
|  /* Check that off_t can represent 2**63 - 1 correctly.
|     We can't simply define LARGE_OFF_T to be 9223372036854775807,
|     since some C++ compilers masquerading as C compilers
|     incorrectly reject 9223372036854775807.  */
| #define LARGE_OFF_T (((off_t) 1 << 62) - 1 + ((off_t) 1 << 62))
|   int off_t_is_large[(LARGE_OFF_T % 2147483629 == 721
| 		       && LARGE_OFF_T % 2147483647 == 1)
| 		      ? 1 : -1];
| int
| main ()
| {
| 
|   ;
|   return 0;
| }
configure:4983: arm-openwrt-linux-uclibcgnueabi-gcc -c -O -pipe -march=armv7-a -mtune=cortex-a9 -funit-at-a-time -mfpu=neon -ftree-vectorize -mfloat-abi=softfp -fhonour-copts -fpic   conftest.c >&5
configure:4983: $? = 0
configure:4991: result: 64
configure:5122: checking how to print strings
configure:5149: result: printf
configure:5170: checking for a sed that does not truncate output
configure:5234: result: /home/igarashi/cortina/staging_dir/host/bin/sed
configure:5252: checking for fgrep
configure:5314: result: /bin/grep -F
configure:5349: checking for ld used by arm-openwrt-linux-uclibcgnueabi-gcc
configure:5416: result: arm-openwrt-linux-uclibcgnueabi-ld
configure:5423: checking if the linker (arm-openwrt-linux-uclibcgnueabi-ld) is GNU ld
configure:5438: result: yes
configure:5450: checking for BSD- or MS-compatible name lister (nm)
configure:5499: result: arm-openwrt-linux-uclibcgnueabi-nm
configure:5629: checking the name lister (arm-openwrt-linux-uclibcgnueabi-nm) interface
configure:5636: arm-openwrt-linux-uclibcgnueabi-gcc -c -O -pipe -march=armv7-a -mtune=cortex-a9 -funit-at-a-time -mfpu=neon -ftree-vectorize -mfloat-abi=softfp -fhonour-copts -fpic   conftest.c >&5
configure:5639: arm-openwrt-linux-uclibcgnueabi-nm "conftest.o"
configure:5642: output
00000000 B some_variable
configure:5649: result: BSD nm
configure:5652: checking whether ln -s works
configure:5656: result: yes
configure:5664: checking the maximum length of command line arguments
configure:5789: result: 805306365
configure:5806: checking whether the shell understands some XSI constructs
configure:5816: result: yes
configure:5820: checking whether the shell understands "+="
configure:5826: result: yes
configure:5861: checking how to convert i686-pc-linux-gnu file names to arm-openwrt-linux-uclibcgnueabi format
configure:5901: result: func_convert_file_noop
configure:5908: checking how to convert i686-pc-linux-gnu file names to toolchain format
configure:5928: result: func_convert_file_noop
configure:5935: checking for arm-openwrt-linux-uclibcgnueabi-ld option to reload object files
configure:5942: result: -r
configure:5976: checking for arm-openwrt-linux-uclibcgnueabi-objdump
configure:6003: result: arm-openwrt-linux-uclibcgnueabi-objdump
configure:6075: checking how to recognize dependent libraries
configure:6277: result: pass_all
configure:6322: checking for arm-openwrt-linux-uclibcgnueabi-dlltool
configure:6349: result: arm-openwrt-linux-uclibcgnueabi-dlltool
configure:6422: checking how to associate runtime and link libraries
configure:6449: result: printf %s\n
configure:6465: checking for arm-openwrt-linux-uclibcgnueabi-ar
configure:6492: result: arm-openwrt-linux-uclibcgnueabi-ar
configure:6573: checking for archiver @FILE support
configure:6590: arm-openwrt-linux-uclibcgnueabi-gcc -c -O -pipe -march=armv7-a -mtune=cortex-a9 -funit-at-a-time -mfpu=neon -ftree-vectorize -mfloat-abi=softfp -fhonour-copts -fpic   conftest.c >&5
configure:6590: $? = 0
configure:6593: arm-openwrt-linux-uclibcgnueabi-ar cru libconftest.a @conftest.lst >&5
configure:6596: $? = 0
configure:6601: arm-openwrt-linux-uclibcgnueabi-ar cru libconftest.a @conftest.lst >&5
arm-openwrt-linux-uclibcgnueabi-ar: conftest.o: No such file or directory
configure:6604: $? = 1
configure:6616: result: @
configure:6634: checking for arm-openwrt-linux-uclibcgnueabi-strip
configure:6661: result: arm-openwrt-linux-uclibcgnueabi-strip
configure:6733: checking for arm-openwrt-linux-uclibcgnueabi-ranlib
configure:6760: result: arm-openwrt-linux-uclibcgnueabi-ranlib
configure:6902: checking command to parse arm-openwrt-linux-uclibcgnueabi-nm output from arm-openwrt-linux-uclibcgnueabi-gcc object
configure:7021: arm-openwrt-linux-uclibcgnueabi-gcc -c -O -pipe -march=armv7-a -mtune=cortex-a9 -funit-at-a-time -mfpu=neon -ftree-vectorize -mfloat-abi=softfp -fhonour-copts -fpic   conftest.c >&5
configure:7024: $? = 0
configure:7028: arm-openwrt-linux-uclibcgnueabi-nm conftest.o \| sed -n -e 's/^.*[ ]\([ABCDGIRSTW][ABCDGIRSTW]*\)[ ][ ]*\([_A-Za-z][_A-Za-z0-9]*\)$/\1 \2 \2/p' | sed '/ __gnu_lto/d' \> conftest.nm
configure:7031: $? = 0
configure:7097: arm-openwrt-linux-uclibcgnueabi-gcc -o conftest -O -pipe -march=armv7-a -mtune=cortex-a9 -funit-at-a-time -mfpu=neon -ftree-vectorize -mfloat-abi=softfp -fhonour-copts -fpic    -L/home/igarashi/cortina/staging_dir/target-arm_uClibc-0.9.32_eabi/usr/lib -L/home/igarashi/cortina/staging_dir/target-arm_uClibc-0.9.32_eabi/lib -L/home/igarashi/cortina/staging_dir/toolchain-arm_gcc-4.5.1+l_uClibc-0.9.32_eabi/usr/lib -L/home/igarashi/cortina/staging_dir/toolchain-arm_gcc-4.5.1+l_uClibc-0.9.32_eabi/lib  conftest.c conftstm.o >&5
configure:7100: $? = 0
configure:7138: result: ok
configure:7175: checking for sysroot
configure:7205: result: /home/igarashi/cortina/build_dir/target-arm_uClibc-0.9.32_eabi/binutils-2.20.1/ipkg-install
configure:7408: checking for arm-openwrt-linux-uclibcgnueabi-mt
configure:7438: result: no
configure:7448: checking for mt
configure:7464: found /bin/mt
configure:7475: result: mt
configure:7487: WARNING: using cross tools not prefixed with host triplet
configure:7498: checking if mt is a manifest tool
configure:7504: mt '-?'
configure:7512: result: no
configure:8141: checking for dlfcn.h
configure:8141: arm-openwrt-linux-uclibcgnueabi-gcc -c -O -pipe -march=armv7-a -mtune=cortex-a9 -funit-at-a-time -mfpu=neon -ftree-vectorize -mfloat-abi=softfp -fhonour-copts -fpic   conftest.c >&5
configure:8141: $? = 0
configure:8141: result: yes
configure:8328: checking for objdir
configure:8343: result: .libs
configure:8610: checking if arm-openwrt-linux-uclibcgnueabi-gcc supports -fno-rtti -fno-exceptions
configure:8628: arm-openwrt-linux-uclibcgnueabi-gcc -c -O -pipe -march=armv7-a -mtune=cortex-a9 -funit-at-a-time -mfpu=neon -ftree-vectorize -mfloat-abi=softfp -fhonour-copts -fpic   -fno-rtti -fno-exceptions conftest.c >&5
cc1: warning: command line option "-fno-rtti" is valid for C++/ObjC++ but not for C
configure:8632: $? = 0
configure:8645: result: no
configure:8955: checking for arm-openwrt-linux-uclibcgnueabi-gcc option to produce PIC
configure:8962: result: -fPIC -DPIC
configure:8970: checking if arm-openwrt-linux-uclibcgnueabi-gcc PIC flag -fPIC -DPIC works
configure:8988: arm-openwrt-linux-uclibcgnueabi-gcc -c -O -pipe -march=armv7-a -mtune=cortex-a9 -funit-at-a-time -mfpu=neon -ftree-vectorize -mfloat-abi=softfp -fhonour-copts -fpic   -fPIC -DPIC -DPIC conftest.c >&5
configure:8992: $? = 0
configure:9005: result: yes
configure:9034: checking if arm-openwrt-linux-uclibcgnueabi-gcc static flag -static works
configure:9062: result: yes
configure:9077: checking if arm-openwrt-linux-uclibcgnueabi-gcc supports -c -o file.o
configure:9098: arm-openwrt-linux-uclibcgnueabi-gcc -c -O -pipe -march=armv7-a -mtune=cortex-a9 -funit-at-a-time -mfpu=neon -ftree-vectorize -mfloat-abi=softfp -fhonour-copts -fpic   -o out/conftest2.o conftest.c >&5
configure:9102: $? = 0
configure:9124: result: yes
configure:9132: checking if arm-openwrt-linux-uclibcgnueabi-gcc supports -c -o file.o
configure:9179: result: yes
configure:9212: checking whether the arm-openwrt-linux-uclibcgnueabi-gcc linker (arm-openwrt-linux-uclibcgnueabi-ld) supports shared libraries
configure:10370: result: yes
configure:10407: checking whether -lc should be explicitly linked in
configure:10415: arm-openwrt-linux-uclibcgnueabi-gcc -c -O -pipe -march=armv7-a -mtune=cortex-a9 -funit-at-a-time -mfpu=neon -ftree-vectorize -mfloat-abi=softfp -fhonour-copts -fpic   conftest.c >&5
configure:10418: $? = 0
configure:10433: arm-openwrt-linux-uclibcgnueabi-gcc -shared  -fPIC -DPIC conftest.o  -v -Wl,-soname -Wl,conftest -o conftest 2\>\&1 \| /bin/grep  -lc  \>/dev/null 2\>\&1
configure:10436: $? = 0
configure:10450: result: no
configure:10615: checking dynamic linker characteristics
configure:11129: arm-openwrt-linux-uclibcgnueabi-gcc -o conftest -O -pipe -march=armv7-a -mtune=cortex-a9 -funit-at-a-time -mfpu=neon -ftree-vectorize -mfloat-abi=softfp -fhonour-copts -fpic    -L/home/igarashi/cortina/staging_dir/target-arm_uClibc-0.9.32_eabi/usr/lib -L/home/igarashi/cortina/staging_dir/target-arm_uClibc-0.9.32_eabi/lib -L/home/igarashi/cortina/staging_dir/toolchain-arm_gcc-4.5.1+l_uClibc-0.9.32_eabi/usr/lib -L/home/igarashi/cortina/staging_dir/toolchain-arm_gcc-4.5.1+l_uClibc-0.9.32_eabi/lib  -Wl,-rpath -Wl,/foo conftest.c  >&5
configure:11129: $? = 0
configure:11351: result: GNU/Linux ld.so
configure:11458: checking how to hardcode library paths into programs
configure:11483: result: immediate
configure:12023: checking whether stripping libraries is possible
configure:12028: result: yes
configure:12063: checking if libtool supports shared libraries
configure:12065: result: yes
configure:12068: checking whether to build shared libraries
configure:12089: result: yes
configure:12092: checking whether to build static libraries
configure:12096: result: yes
configure:12134: checking for setmode
configure:12134: arm-openwrt-linux-uclibcgnueabi-gcc -o conftest -O -pipe -march=armv7-a -mtune=cortex-a9 -funit-at-a-time -mfpu=neon -ftree-vectorize -mfloat-abi=softfp -fhonour-copts -fpic    -L/home/igarashi/cortina/staging_dir/target-arm_uClibc-0.9.32_eabi/usr/lib -L/home/igarashi/cortina/staging_dir/target-arm_uClibc-0.9.32_eabi/lib -L/home/igarashi/cortina/staging_dir/toolchain-arm_gcc-4.5.1+l_uClibc-0.9.32_eabi/usr/lib -L/home/igarashi/cortina/staging_dir/toolchain-arm_gcc-4.5.1+l_uClibc-0.9.32_eabi/lib  conftest.c  >&5
/tmp/ccoKgTWe.o: In function `main':
conftest.c:(.text+0x4): undefined reference to `setmode'
collect2: ld returned 1 exit status
configure:12134: $? = 1
configure: failed program was:
| /* confdefs.h */
| #define PACKAGE_NAME ""
| #define PACKAGE_TARNAME ""
| #define PACKAGE_VERSION ""
| #define PACKAGE_STRING ""
| #define PACKAGE_BUGREPORT ""
| #define PACKAGE_URL ""
| #define PACKAGE "gprof"
| #define VERSION "2.20.1"
| #define STDC_HEADERS 1
| #define HAVE_SYS_TYPES_H 1
| #define HAVE_SYS_STAT_H 1
| #define HAVE_STDLIB_H 1
| #define HAVE_STRING_H 1
| #define HAVE_MEMORY_H 1
| #define HAVE_STRINGS_H 1
| #define HAVE_INTTYPES_H 1
| #define HAVE_STDINT_H 1
| #define HAVE_UNISTD_H 1
| #define __EXTENSIONS__ 1
| #define _ALL_SOURCE 1
| #define _GNU_SOURCE 1
| #define _POSIX_PTHREAD_SEMANTICS 1
| #define _TANDEM_SOURCE 1
| #define _FILE_OFFSET_BITS 64
| #define HAVE_DLFCN_H 1
| #define LT_OBJDIR ".libs/"
| /* end confdefs.h.  */
| /* Define setmode to an innocuous variant, in case <limits.h> declares setmode.
|    For example, HP-UX 11i <limits.h> declares gettimeofday.  */
| #define setmode innocuous_setmode
| 
| /* System header to define __stub macros and hopefully few prototypes,
|     which can conflict with char setmode (); below.
|     Prefer <limits.h> to <assert.h> if __STDC__ is defined, since
|     <limits.h> exists even on freestanding compilers.  */
| 
| #ifdef __STDC__
| # include <limits.h>
| #else
| # include <assert.h>
| #endif
| 
| #undef setmode
| 
| /* Override any GCC internal prototype to avoid an error.
|    Use char because int might match the return type of a GCC
|    builtin and then its argument prototype would still apply.  */
| #ifdef __cplusplus
| extern "C"
| #endif
| char setmode ();
| /* The GNU C library defines this for functions which it implements
|     to always fail with ENOSYS.  Some functions are actually named
|     something starting with __ and the normal name is an alias.  */
| #if defined __stub_setmode || defined __stub___setmode
| choke me
| #endif
| 
| int
| main ()
| {
| return setmode ();
|   ;
|   return 0;
| }
configure:12134: result: no
configure:12158: checking whether NLS is requested
configure:12161: result: no
configure:12216: checking whether NLS is requested
configure:12225: result: no
configure:12266: checking for msgfmt
configure: trying /usr/bin/msgfmt...
0 translated messages.
configure:12298: result: /usr/bin/msgfmt
configure:12307: checking for gmsgfmt
configure:12338: result: /usr/bin/msgfmt
configure:12389: checking for xgettext
configure:12421: result: /usr/bin/xgettext
configure:12467: checking for msgmerge
configure: trying /usr/bin/msgmerge...
configure:12498: result: /usr/bin/msgmerge
configure:12517: checking whether to enable maintainer-specific portions of Makefiles
configure:12526: result: no
configure:12551: checking sys/gmon_out.h usability
configure:12551: arm-openwrt-linux-uclibcgnueabi-gcc -c -O -pipe -march=armv7-a -mtune=cortex-a9 -funit-at-a-time -mfpu=neon -ftree-vectorize -mfloat-abi=softfp -fhonour-copts -fpic   conftest.c >&5
conftest.c:62:26: fatal error: sys/gmon_out.h: No such file or directory
compilation terminated.
configure:12551: $? = 1
configure: failed program was:
| /* confdefs.h */
| #define PACKAGE_NAME ""
| #define PACKAGE_TARNAME ""
| #define PACKAGE_VERSION ""
| #define PACKAGE_STRING ""
| #define PACKAGE_BUGREPORT ""
| #define PACKAGE_URL ""
| #define PACKAGE "gprof"
| #define VERSION "2.20.1"
| #define STDC_HEADERS 1
| #define HAVE_SYS_TYPES_H 1
| #define HAVE_SYS_STAT_H 1
| #define HAVE_STDLIB_H 1
| #define HAVE_STRING_H 1
| #define HAVE_MEMORY_H 1
| #define HAVE_STRINGS_H 1
| #define HAVE_INTTYPES_H 1
| #define HAVE_STDINT_H 1
| #define HAVE_UNISTD_H 1
| #define __EXTENSIONS__ 1
| #define _ALL_SOURCE 1
| #define _GNU_SOURCE 1
| #define _POSIX_PTHREAD_SEMANTICS 1
| #define _TANDEM_SOURCE 1
| #define _FILE_OFFSET_BITS 64
| #define HAVE_DLFCN_H 1
| #define LT_OBJDIR ".libs/"
| /* end confdefs.h.  */
| #include <stdio.h>
| #ifdef HAVE_SYS_TYPES_H
| # include <sys/types.h>
| #endif
| #ifdef HAVE_SYS_STAT_H
| # include <sys/stat.h>
| #endif
| #ifdef STDC_HEADERS
| # include <stdlib.h>
| # include <stddef.h>
| #else
| # ifdef HAVE_STDLIB_H
| #  include <stdlib.h>
| # endif
| #endif
| #ifdef HAVE_STRING_H
| # if !defined STDC_HEADERS && defined HAVE_MEMORY_H
| #  include <memory.h>
| # endif
| # include <string.h>
| #endif
| #ifdef HAVE_STRINGS_H
| # include <strings.h>
| #endif
| #ifdef HAVE_INTTYPES_H
| # include <inttypes.h>
| #endif
| #ifdef HAVE_STDINT_H
| # include <stdint.h>
| #endif
| #ifdef HAVE_UNISTD_H
| # include <unistd.h>
| #endif
| #include <sys/gmon_out.h>
configure:12551: result: no
configure:12551: checking sys/gmon_out.h presence
configure:12551: arm-openwrt-linux-uclibcgnueabi-gcc -E  conftest.c
conftest.c:29:26: fatal error: sys/gmon_out.h: No such file or directory
compilation terminated.
configure:12551: $? = 1
configure: failed program was:
| /* confdefs.h */
| #define PACKAGE_NAME ""
| #define PACKAGE_TARNAME ""
| #define PACKAGE_VERSION ""
| #define PACKAGE_STRING ""
| #define PACKAGE_BUGREPORT ""
| #define PACKAGE_URL ""
| #define PACKAGE "gprof"
| #define VERSION "2.20.1"
| #define STDC_HEADERS 1
| #define HAVE_SYS_TYPES_H 1
| #define HAVE_SYS_STAT_H 1
| #define HAVE_STDLIB_H 1
| #define HAVE_STRING_H 1
| #define HAVE_MEMORY_H 1
| #define HAVE_STRINGS_H 1
| #define HAVE_INTTYPES_H 1
| #define HAVE_STDINT_H 1
| #define HAVE_UNISTD_H 1
| #define __EXTENSIONS__ 1
| #define _ALL_SOURCE 1
| #define _GNU_SOURCE 1
| #define _POSIX_PTHREAD_SEMANTICS 1
| #define _TANDEM_SOURCE 1
| #define _FILE_OFFSET_BITS 64
| #define HAVE_DLFCN_H 1
| #define LT_OBJDIR ".libs/"
| /* end confdefs.h.  */
| #include <sys/gmon_out.h>
configure:12551: result: no
configure:12551: checking for sys/gmon_out.h
configure:12551: result: no
configure:12562: checking for a known getopt prototype in unistd.h
configure:12578: arm-openwrt-linux-uclibcgnueabi-gcc -c -O -pipe -march=armv7-a -mtune=cortex-a9 -funit-at-a-time -mfpu=neon -ftree-vectorize -mfloat-abi=softfp -fhonour-copts -fpic   conftest.c >&5
configure:12578: $? = 0
configure:12586: result: yes
configure:12595: checking for library containing fabs
configure:12626: arm-openwrt-linux-uclibcgnueabi-gcc -o conftest -O -pipe -march=armv7-a -mtune=cortex-a9 -funit-at-a-time -mfpu=neon -ftree-vectorize -mfloat-abi=softfp -fhonour-copts -fpic    -L/home/igarashi/cortina/staging_dir/target-arm_uClibc-0.9.32_eabi/usr/lib -L/home/igarashi/cortina/staging_dir/target-arm_uClibc-0.9.32_eabi/lib -L/home/igarashi/cortina/staging_dir/toolchain-arm_gcc-4.5.1+l_uClibc-0.9.32_eabi/usr/lib -L/home/igarashi/cortina/staging_dir/toolchain-arm_gcc-4.5.1+l_uClibc-0.9.32_eabi/lib  conftest.c  >&5
conftest.c:37:6: warning: conflicting types for built-in function 'fabs'
/tmp/ccPoMwnw.o: In function `main':
conftest.c:(.text+0x4): undefined reference to `fabs'
collect2: ld returned 1 exit status
configure:12626: $? = 1
configure: failed program was:
| /* confdefs.h */
| #define PACKAGE_NAME ""
| #define PACKAGE_TARNAME ""
| #define PACKAGE_VERSION ""
| #define PACKAGE_STRING ""
| #define PACKAGE_BUGREPORT ""
| #define PACKAGE_URL ""
| #define PACKAGE "gprof"
| #define VERSION "2.20.1"
| #define STDC_HEADERS 1
| #define HAVE_SYS_TYPES_H 1
| #define HAVE_SYS_STAT_H 1
| #define HAVE_STDLIB_H 1
| #define HAVE_STRING_H 1
| #define HAVE_MEMORY_H 1
| #define HAVE_STRINGS_H 1
| #define HAVE_INTTYPES_H 1
| #define HAVE_STDINT_H 1
| #define HAVE_UNISTD_H 1
| #define __EXTENSIONS__ 1
| #define _ALL_SOURCE 1
| #define _GNU_SOURCE 1
| #define _POSIX_PTHREAD_SEMANTICS 1
| #define _TANDEM_SOURCE 1
| #define _FILE_OFFSET_BITS 64
| #define HAVE_DLFCN_H 1
| #define LT_OBJDIR ".libs/"
| #define HAVE_DECL_GETOPT 1
| /* end confdefs.h.  */
| 
| /* Override any GCC internal prototype to avoid an error.
|    Use char because int might match the return type of a GCC
|    builtin and then its argument prototype would still apply.  */
| #ifdef __cplusplus
| extern "C"
| #endif
| char fabs ();
| int
| main ()
| {
| return fabs ();
|   ;
|   return 0;
| }
configure:12626: arm-openwrt-linux-uclibcgnueabi-gcc -o conftest -O -pipe -march=armv7-a -mtune=cortex-a9 -funit-at-a-time -mfpu=neon -ftree-vectorize -mfloat-abi=softfp -fhonour-copts -fpic    -L/home/igarashi/cortina/staging_dir/target-arm_uClibc-0.9.32_eabi/usr/lib -L/home/igarashi/cortina/staging_dir/target-arm_uClibc-0.9.32_eabi/lib -L/home/igarashi/cortina/staging_dir/toolchain-arm_gcc-4.5.1+l_uClibc-0.9.32_eabi/usr/lib -L/home/igarashi/cortina/staging_dir/toolchain-arm_gcc-4.5.1+l_uClibc-0.9.32_eabi/lib  conftest.c -lm   >&5
conftest.c:37:6: warning: conflicting types for built-in function 'fabs'
configure:12626: $? = 0
configure:12643: result: -lm
configure:12786: updating cache ./config.cache
configure:12859: creating ./config.status

## ---------------------- ##
## Running config.status. ##
## ---------------------- ##

This file was extended by config.status, which was
generated by GNU Autoconf 2.68.  Invocation command line was

  CONFIG_FILES    = 
  CONFIG_HEADERS  = 
  CONFIG_LINKS    = 
  CONFIG_COMMANDS = 
  $ ./config.status 

on igarashi-VirtualBox

config.status:1135: creating Makefile
config.status:1135: creating po/Makefile.in
config.status:1135: creating gconfig.h
config.status:1364: executing depfiles commands
config.status:1364: executing libtool commands
config.status:1364: executing po-directories commands

## ---------------- ##
## Cache variables. ##
## ---------------- ##

ac_cv_build=i686-pc-linux-gnu
ac_cv_c_bigendian=no
ac_cv_c_compiler_gnu=yes
ac_cv_c_gettext_without_libintl=yes
ac_cv_c_littleendian=yes
ac_cv_c_long_double=no
ac_cv_conv_longlong_to_float=yes
ac_cv_env_CC_set=set
ac_cv_env_CC_value=arm-openwrt-linux-uclibcgnueabi-gcc
ac_cv_env_CFLAGS_set=set
ac_cv_env_CFLAGS_value='-O -pipe -march=armv7-a -mtune=cortex-a9 -funit-at-a-time -mfpu=neon -ftree-vectorize -mfloat-abi=softfp -fhonour-copts -fpic '
ac_cv_env_CPPFLAGS_set=
ac_cv_env_CPPFLAGS_value=
ac_cv_env_CPP_set=
ac_cv_env_CPP_value=
ac_cv_env_LDFLAGS_set=set
ac_cv_env_LDFLAGS_value=' -L/home/igarashi/cortina/staging_dir/target-arm_uClibc-0.9.32_eabi/usr/lib -L/home/igarashi/cortina/staging_dir/target-arm_uClibc-0.9.32_eabi/lib -L/home/igarashi/cortina/staging_dir/toolchain-arm_gcc-4.5.1+l_uClibc-0.9.32_eabi/usr/lib -L/home/igarashi/cortina/staging_dir/toolchain-arm_gcc-4.5.1+l_uClibc-0.9.32_eabi/lib '
ac_cv_env_LIBS_set=
ac_cv_env_LIBS_value=
ac_cv_env_build_alias_set=set
ac_cv_env_build_alias_value=i686-linux-gnu
ac_cv_env_host_alias_set=set
ac_cv_env_host_alias_value=arm-openwrt-linux-uclibcgnueabi
ac_cv_env_target_alias_set=set
ac_cv_env_target_alias_value=arm-openwrt-linux-uclibcgnueabi
ac_cv_file__dev_zero=yes
ac_cv_func___adjtimex=yes
ac_cv_func___va_copy=no
ac_cv_func__exit=yes
ac_cv_func_bcmp=yes
ac_cv_func_bcopy=yes
ac_cv_func_bzero=yes
ac_cv_func_cimag=yes
ac_cv_func_creal=yes
ac_cv_func_fchmod=yes
ac_cv_func_getaddrinfo=yes
ac_cv_func_getcwd=yes
ac_cv_func_getdomainname=yes
ac_cv_func_getpgrp_void=yes
ac_cv_func_getpwuid_r=yes
ac_cv_func_gettimeofday=yes
ac_cv_func_index=yes
ac_cv_func_lstat=yes
ac_cv_func_lstat_dereferences_slashed_symlink=yes
ac_cv_func_lstat_empty_string_bug=no
ac_cv_func_malloc_0_nonnull=yes
ac_cv_func_malloc_works=yes
ac_cv_func_memcmp_clean=yes
ac_cv_func_memcmp_working=yes
ac_cv_func_posix_getgrgid_r=yes
ac_cv_func_posix_getpwuid_r=yes
ac_cv_func_psignal=yes
ac_cv_func_pthread_key_delete=yes
ac_cv_func_realloc_0_nonnull=yes
ac_cv_func_realloc_works=yes
ac_cv_func_rename=yes
ac_cv_func_rindex=yes
ac_cv_func_setgrent_void=yes
ac_cv_func_setlocale=yes
ac_cv_func_setmode=no
ac_cv_func_setpgrp_void=yes
ac_cv_func_setresuid=no
ac_cv_func_setvbuf_reversed=no
ac_cv_func_stat_empty_string_bug=no
ac_cv_func_stat_ignores_trailing_slash=no
ac_cv_func_strerror=yes
ac_cv_func_strftime=yes
ac_cv_func_utimes=yes
ac_cv_func_va_copy=no
ac_cv_func_vsnprintf=yes
ac_cv_have_accrights_in_msghdr=no
ac_cv_have_broken_snprintf=no
ac_cv_have_control_in_msghdr=yes
ac_cv_have_decl_sys_siglist=no
ac_cv_have_openpty_ctty_bug=yes
ac_cv_have_space_d_name_in_struct_dirent=yes
ac_cv_header_dlfcn_h=yes
ac_cv_header_inttypes_h=yes
ac_cv_header_memory_h=yes
ac_cv_header_minix_config_h=no
ac_cv_header_netinet_sctp_h=no
ac_cv_header_netinet_sctp_uio_h=no
ac_cv_header_stdc=yes
ac_cv_header_stdint_h=yes
ac_cv_header_stdlib_h=yes
ac_cv_header_string_h=yes
ac_cv_header_strings_h=yes
ac_cv_header_sys_gmon_out_h=no
ac_cv_header_sys_stat_h=yes
ac_cv_header_sys_types_h=yes
ac_cv_header_unistd_h=yes
ac_cv_host=arm-openwrt-linux-uclibcgnueabi
ac_cv_int64_t=yes
ac_cv_lbl_unaligned_fail=no
ac_cv_linux_kernel_pppoe=yes
ac_cv_linux_vers=2
ac_cv_objext=o
ac_cv_pack_bitfields_reversed=yes
ac_cv_path_EGREP='/bin/grep -E'
ac_cv_path_FGREP='/bin/grep -F'
ac_cv_path_GMSGFMT=/usr/bin/msgfmt
ac_cv_path_GREP=/bin/grep
ac_cv_path_LDCONFIG=
ac_cv_path_MSGFMT=/usr/bin/msgfmt
ac_cv_path_MSGMERGE=/usr/bin/msgmerge
ac_cv_path_SED=/home/igarashi/cortina/staging_dir/host/bin/sed
ac_cv_path_XGETTEXT=/usr/bin/xgettext
ac_cv_path_install='/usr/bin/install -c'
ac_cv_path_mkdir=/bin/mkdir
ac_cv_prog_AR=arm-openwrt-linux-uclibcgnueabi-ar
ac_cv_prog_AWK=gawk
ac_cv_prog_CC=arm-openwrt-linux-uclibcgnueabi-gcc
ac_cv_prog_CPP='arm-openwrt-linux-uclibcgnueabi-gcc -E'
ac_cv_prog_DLLTOOL=arm-openwrt-linux-uclibcgnueabi-dlltool
ac_cv_prog_OBJDUMP=arm-openwrt-linux-uclibcgnueabi-objdump
ac_cv_prog_RANLIB=arm-openwrt-linux-uclibcgnueabi-ranlib
ac_cv_prog_STRIP=arm-openwrt-linux-uclibcgnueabi-strip
ac_cv_prog_ac_ct_MANIFEST_TOOL=mt
ac_cv_prog_cc_c89=
ac_cv_prog_cc_g=yes
ac_cv_prog_make_make_set=yes
ac_cv_regexec_segfault_emptystr=no
ac_cv_safe_to_define___extensions__=yes
ac_cv_sctp=no
ac_cv_search_fabs=-lm
ac_cv_search_strerror='none required'
ac_cv_sizeof___int64=0
ac_cv_sizeof_char=1
ac_cv_sizeof_int16_t=2
ac_cv_sizeof_int32_t=4
ac_cv_sizeof_int64_t=8
ac_cv_sizeof_int=4
ac_cv_sizeof_long=4
ac_cv_sizeof_long_int=4
ac_cv_sizeof_long_long=8
ac_cv_sizeof_off_t=4
ac_cv_sizeof_short=2
ac_cv_sizeof_short_int=2
ac_cv_sizeof_size_t=4
ac_cv_sizeof_ssize_t=4
ac_cv_sizeof_u_int16_t=2
ac_cv_sizeof_u_int32_t=4
ac_cv_sizeof_u_int64_t=8
ac_cv_sizeof_uint16_t=2
ac_cv_sizeof_uint32_t=4
ac_cv_sizeof_uint64_t=8
ac_cv_sizeof_unsigned_int=4
ac_cv_sizeof_unsigned_long=4
ac_cv_sizeof_unsigned_long_long=8
ac_cv_sizeof_unsigned_short=2
ac_cv_sizeof_void_p=4
ac_cv_sys_file_offset_bits=64
ac_cv_sys_largefile_CC=no
ac_cv_sys_restartable_syscalls=yes
ac_cv_target=arm-openwrt-linux-uclibcgnueabi
ac_cv_time_r_type=POSIX
ac_cv_type_suseconds_t=yes
ac_cv_uchar=no
ac_cv_uint64_t=yes
ac_cv_uint=yes
ac_cv_ulong=yes
ac_cv_ushort=yes
ac_cv_va_copy=C99
ac_cv_va_val_copy=yes
am_cv_CC_dependencies_compiler_type=gcc3
as_cv_unaligned_access=yes
gprof_cv_decl_getopt_unistd_h=yes
lt_cv_ar_at_file=@
lt_cv_archive_cmds_need_lc=no
lt_cv_deplibs_check_method=pass_all
lt_cv_file_magic_cmd='$MAGIC_CMD'
lt_cv_file_magic_test_file=
lt_cv_ld_reload_flag=-r
lt_cv_nm_interface='BSD nm'
lt_cv_objdir=.libs
lt_cv_path_LD=arm-openwrt-linux-uclibcgnueabi-ld
lt_cv_path_NM=arm-openwrt-linux-uclibcgnueabi-nm
lt_cv_path_mainfest_tool=no
lt_cv_prog_compiler_c_o=yes
lt_cv_prog_compiler_pic='-fPIC -DPIC'
lt_cv_prog_compiler_pic_works=yes
lt_cv_prog_compiler_rtti_exceptions=no
lt_cv_prog_compiler_static_works=yes
lt_cv_prog_gnu_ld=yes
lt_cv_sharedlib_from_linklib_cmd='printf %s\n'
lt_cv_shlibpath_overrides_runpath=no
lt_cv_sys_global_symbol_pipe='sed -n -e '\''s/^.*[	 ]\([ABCDGIRSTW][ABCDGIRSTW]*\)[	 ][	 ]*\([_A-Za-z][_A-Za-z0-9]*\)$/\1 \2 \2/p'\'' | sed '\''/ __gnu_lto/d'\'''
lt_cv_sys_global_symbol_to_c_name_address='sed -n -e '\''s/^: \([^ ]*\)[ ]*$/  {\"\1\", (void *) 0},/p'\'' -e '\''s/^[ABCDGIRSTW]* \([^ ]*\) \([^ ]*\)$/  {"\2", (void *) \&\2},/p'\'''
lt_cv_sys_global_symbol_to_c_name_address_lib_prefix='sed -n -e '\''s/^: \([^ ]*\)[ ]*$/  {\"\1\", (void *) 0},/p'\'' -e '\''s/^[ABCDGIRSTW]* \([^ ]*\) \(lib[^ ]*\)$/  {"\2", (void *) \&\2},/p'\'' -e '\''s/^[ABCDGIRSTW]* \([^ ]*\) \([^ ]*\)$/  {"lib\2", (void *) \&\2},/p'\'''
lt_cv_sys_global_symbol_to_cdecl='sed -n -e '\''s/^T .* \(.*\)$/extern int \1();/p'\'' -e '\''s/^[ABCDGIRSTW]* .* \(.*\)$/extern char \1;/p'\'''
lt_cv_sys_max_cmd_len=805306365
lt_cv_to_host_file_cmd=func_convert_file_noop
lt_cv_to_tool_file_cmd=func_convert_file_noop

## ----------------- ##
## Output variables. ##
## ----------------- ##

ACLOCAL='${SHELL} /home/igarashi/cortina/build_dir/target-arm_uClibc-0.9.32_eabi/binutils-2.20.1/missing --run aclocal-1.11'
AMDEPBACKSLASH='\'
AMDEP_FALSE='#'
AMDEP_TRUE=''
AMTAR='${SHELL} /home/igarashi/cortina/build_dir/target-arm_uClibc-0.9.32_eabi/binutils-2.20.1/missing --run tar'
AR='arm-openwrt-linux-uclibcgnueabi-ar'
AUTOCONF='${SHELL} /home/igarashi/cortina/build_dir/target-arm_uClibc-0.9.32_eabi/binutils-2.20.1/missing --run autoconf'
AUTOHEADER='${SHELL} /home/igarashi/cortina/build_dir/target-arm_uClibc-0.9.32_eabi/binutils-2.20.1/missing --run autoheader'
AUTOMAKE='${SHELL} /home/igarashi/cortina/build_dir/target-arm_uClibc-0.9.32_eabi/binutils-2.20.1/missing --run automake-1.11'
AWK='gawk'
CATALOGS=''
CATOBJEXT=''
CC='arm-openwrt-linux-uclibcgnueabi-gcc'
CCDEPMODE='depmode=gcc3'
CFLAGS='-O -pipe -march=armv7-a -mtune=cortex-a9 -funit-at-a-time -mfpu=neon -ftree-vectorize -mfloat-abi=softfp -fhonour-copts -fpic '
CPP='arm-openwrt-linux-uclibcgnueabi-gcc -E'
CPPFLAGS=''
CYGPATH_W='echo'
DATADIRNAME=''
DEFS='-DHAVE_CONFIG_H'
DEPDIR='.deps'
DLLTOOL='arm-openwrt-linux-uclibcgnueabi-dlltool'
DSYMUTIL=''
DUMPBIN=''
ECHO_C=''
ECHO_N='-n'
ECHO_T=''
EGREP='/bin/grep -E'
EXEEXT=''
FGREP='/bin/grep -F'
GENCAT=''
GENINSRC_NEVER_FALSE=''
GENINSRC_NEVER_TRUE='#'
GETTEXT_MACRO_VERSION='0.18'
GMSGFMT='/usr/bin/msgfmt'
GMSGFMT_015='/usr/bin/msgfmt'
GREP='/bin/grep'
INCINTL=''
INSTALL_DATA='${INSTALL} -m 644'
INSTALL_PROGRAM='${INSTALL}'
INSTALL_SCRIPT='${INSTALL}'
INSTALL_STRIP_PROGRAM='$(install_sh) -c -s'
INSTOBJEXT=''
LD='arm-openwrt-linux-uclibcgnueabi-ld'
LDFLAGS=' -L/home/igarashi/cortina/staging_dir/target-arm_uClibc-0.9.32_eabi/usr/lib -L/home/igarashi/cortina/staging_dir/target-arm_uClibc-0.9.32_eabi/lib -L/home/igarashi/cortina/staging_dir/toolchain-arm_gcc-4.5.1+l_uClibc-0.9.32_eabi/usr/lib -L/home/igarashi/cortina/staging_dir/toolchain-arm_gcc-4.5.1+l_uClibc-0.9.32_eabi/lib '
LIBINTL=''
LIBINTL_DEP=''
LIBOBJS=''
LIBS='-lm '
LIBTOOL='$(SHELL) $(top_builddir)/libtool'
LIPO=''
LN_S='ln -s'
LTLIBOBJS=''
MAINT='#'
MAINTAINER_MODE_FALSE=''
MAINTAINER_MODE_TRUE='#'
MAKEINFO='/home/igarashi/cortina/build_dir/target-arm_uClibc-0.9.32_eabi/binutils-2.20.1/missing makeinfo'
MANIFEST_TOOL=':'
MKDIR_P='/bin/mkdir -p'
MSGFMT='/usr/bin/msgfmt'
MSGFMT_015='/usr/bin/msgfmt'
MSGMERGE='/usr/bin/msgmerge'
NM='arm-openwrt-linux-uclibcgnueabi-nm'
NMEDIT=''
NO_WERROR=''
OBJDUMP='arm-openwrt-linux-uclibcgnueabi-objdump'
OBJEXT='o'
OTOOL64=''
OTOOL=''
PACKAGE='gprof'
PACKAGE_BUGREPORT=''
PACKAGE_NAME=''
PACKAGE_STRING=''
PACKAGE_TARNAME=''
PACKAGE_URL=''
PACKAGE_VERSION=''
PATH_SEPARATOR=':'
POSUB=''
RANLIB='arm-openwrt-linux-uclibcgnueabi-ranlib'
SED='/home/igarashi/cortina/staging_dir/host/bin/sed'
SET_MAKE=''
SHELL='/bin/bash'
STRIP='arm-openwrt-linux-uclibcgnueabi-strip'
USE_NLS='no'
VERSION='2.20.1'
WARN_CFLAGS='-W -Wall -Wstrict-prototypes -Wmissing-prototypes'
XGETTEXT='/usr/bin/xgettext'
XGETTEXT_015='/usr/bin/xgettext'
XGETTEXT_EXTRA_OPTIONS=''
ac_ct_AR=''
ac_ct_CC=''
ac_ct_DUMPBIN=''
am__EXEEXT_FALSE=''
am__EXEEXT_TRUE='#'
am__fastdepCC_FALSE='#'
am__fastdepCC_TRUE=''
am__include='include'
am__isrc=''
am__leading_dot='.'
am__quote=''
am__tar='${AMTAR} chof - "$$tardir"'
am__untar='${AMTAR} xf -'
bindir='${exec_prefix}/bin'
build='i686-pc-linux-gnu'
build_alias='i686-linux-gnu'
build_cpu='i686'
build_os='linux-gnu'
build_vendor='pc'
datadir='${datarootdir}'
datarootdir='${prefix}/share'
docdir='${datarootdir}/doc/${PACKAGE}'
dvidir='${docdir}'
exec_prefix='${prefix}'
host='arm-openwrt-linux-uclibcgnueabi'
host_alias='arm-openwrt-linux-uclibcgnueabi'
host_cpu='arm'
host_os='linux-uclibcgnueabi'
host_vendor='openwrt'
htmldir='${docdir}'
includedir='${prefix}/include'
infodir='${datarootdir}/info'
install_sh='${SHELL} /home/igarashi/cortina/build_dir/target-arm_uClibc-0.9.32_eabi/binutils-2.20.1/install-sh'
libdir='${exec_prefix}/lib'
libexecdir='${exec_prefix}/libexec'
localedir='${datarootdir}/locale'
localstatedir='${prefix}/var'
mandir='${datarootdir}/man'
mkdir_p='/bin/mkdir -p'
oldincludedir='/usr/include'
pdfdir='${docdir}'
prefix='/usr'
program_transform_name='s,y,y,'
psdir='${docdir}'
sbindir='${exec_prefix}/sbin'
sharedstatedir='${prefix}/com'
sysconfdir='${prefix}/etc'
target='arm-openwrt-linux-uclibcgnueabi'
target_alias='arm-openwrt-linux-uclibcgnueabi'
target_cpu='arm'
target_os='linux-uclibcgnueabi'
target_vendor='openwrt'

## ----------- ##
## confdefs.h. ##
## ----------- ##

/* confdefs.h */
#define PACKAGE_NAME ""
#define PACKAGE_TARNAME ""
#define PACKAGE_VERSION ""
#define PACKAGE_STRING ""
#define PACKAGE_BUGREPORT ""
#define PACKAGE_URL ""
#define PACKAGE "gprof"
#define VERSION "2.20.1"
#define STDC_HEADERS 1
#define HAVE_SYS_TYPES_H 1
#define HAVE_SYS_STAT_H 1
#define HAVE_STDLIB_H 1
#define HAVE_STRING_H 1
#define HAVE_MEMORY_H 1
#define HAVE_STRINGS_H 1
#define HAVE_INTTYPES_H 1
#define HAVE_STDINT_H 1
#define HAVE_UNISTD_H 1
#define __EXTENSIONS__ 1
#define _ALL_SOURCE 1
#define _GNU_SOURCE 1
#define _POSIX_PTHREAD_SEMANTICS 1
#define _TANDEM_SOURCE 1
#define _FILE_OFFSET_BITS 64
#define HAVE_DLFCN_H 1
#define LT_OBJDIR ".libs/"
#define HAVE_DECL_GETOPT 1

configure: exit 0
